<?xml version="1.0" encoding="utf-8"?>
<TestRun id="6d6dde7d-7abf-4236-ab15-7633e8fdbc17" name="runneradmin@runnervm747y6 2025-09-27 02:15:58" runUser="runnervm747y6\runneradmin" xmlns="http://microsoft.com/schemas/VisualStudio/TeamTest/2010">
  <Times creation="2025-09-27T02:15:58.0953635+00:00" queuing="2025-09-27T02:15:58.0953636+00:00" start="2025-09-27T02:15:57.4504586+00:00" finish="2025-09-27T02:15:58.1020237+00:00" />
  <TestSettings name="default" id="c963d5e1-7219-4577-ba90-456342d13de6">
    <Deployment runDeploymentRoot="runneradmin_runnervm747y6_2025-09-27_02_15_58" />
  </TestSettings>
  <Results>
    <UnitTestResult executionId="85d098a1-6427-4a35-83e5-725e87dfbc46" testId="64e35d23-06cc-16c7-c657-ae70d402cc1e" testName="TestDisposeAsync" computerName="runnervm747y6" duration="00:00:00.0014142" startTime="2025-09-27T02:15:57.9509378+00:00" endTime="2025-09-27T02:15:57.9524286+00:00" testType="13cdc9d9-ddb5-4fa4-a97d-d965ccfc6d4b" outcome="Passed" testListId="8c84fa94-04c1-424b-9868-57a2d4851a1d" relativeResultsDirectory="85d098a1-6427-4a35-83e5-725e87dfbc46" />
    <UnitTestResult executionId="cfcb222c-2310-41ee-9cd1-50fd2be41e6f" testId="3de73b21-a659-ca93-7362-3fd9fdbb1cf8" testName="TestDispose" computerName="runnervm747y6" duration="00:00:00.0027678" startTime="2025-09-27T02:15:57.9480356+00:00" endTime="2025-09-27T02:15:57.9508992+00:00" testType="13cdc9d9-ddb5-4fa4-a97d-d965ccfc6d4b" outcome="Passed" testListId="8c84fa94-04c1-424b-9868-57a2d4851a1d" relativeResultsDirectory="cfcb222c-2310-41ee-9cd1-50fd2be41e6f" />
    <UnitTestResult executionId="7076ec53-bf5a-4cc8-85bc-71628facddb8" testId="6e3a9c0c-f5fc-f0fc-6bff-afd6dd9ffc81" testName="TestExtension" computerName="runnervm747y6" duration="00:00:00.0010123" startTime="2025-09-27T02:15:57.9457071+00:00" endTime="2025-09-27T02:15:57.9477999+00:00" testType="13cdc9d9-ddb5-4fa4-a97d-d965ccfc6d4b" outcome="Passed" testListId="8c84fa94-04c1-424b-9868-57a2d4851a1d" relativeResultsDirectory="7076ec53-bf5a-4cc8-85bc-71628facddb8" />
    <UnitTestResult executionId="ff45f1c2-d7fe-411b-8d3e-2f8b3bf92389" testId="a9948244-f6d1-6650-e390-e99310afde60" testName="TestRead" computerName="runnervm747y6" duration="00:00:00.0091109" startTime="2025-09-27T02:15:57.9169903+00:00" endTime="2025-09-27T02:15:57.9418226+00:00" testType="13cdc9d9-ddb5-4fa4-a97d-d965ccfc6d4b" outcome="Passed" testListId="8c84fa94-04c1-424b-9868-57a2d4851a1d" relativeResultsDirectory="ff45f1c2-d7fe-411b-8d3e-2f8b3bf92389" />
    <UnitTestResult executionId="b207a8b8-2093-4551-8358-6bb235c564f7" testId="5f53b647-14d5-eb82-d13c-372a2ae89515" testName="TestExtension" computerName="runnervm747y6" duration="00:00:00.0009290" startTime="2025-09-27T02:15:57.9612796+00:00" endTime="2025-09-27T02:15:57.9631548+00:00" testType="13cdc9d9-ddb5-4fa4-a97d-d965ccfc6d4b" outcome="Passed" testListId="8c84fa94-04c1-424b-9868-57a2d4851a1d" relativeResultsDirectory="b207a8b8-2093-4551-8358-6bb235c564f7" />
    <UnitTestResult executionId="54826227-bfd8-4c3b-9e95-6495bcb95ca1" testId="1a9c7ce4-c669-ed74-3766-c75d2eba36dd" testName="TestRead" computerName="runnervm747y6" duration="00:00:00.0068363" startTime="2025-09-27T02:15:57.9524539+00:00" endTime="2025-09-27T02:15:57.9612360+00:00" testType="13cdc9d9-ddb5-4fa4-a97d-d965ccfc6d4b" outcome="Passed" testListId="8c84fa94-04c1-424b-9868-57a2d4851a1d" relativeResultsDirectory="54826227-bfd8-4c3b-9e95-6495bcb95ca1" />
  </Results>
  <TestDefinitions>
    <UnitTest name="TestRead" storage="d:\a\dotnet-monorepo\dotnet-monorepo\src\artifacts\bin\caching.tests\release_win-x64\caching.tests.dll" id="a9948244-f6d1-6650-e390-e99310afde60">
      <Execution id="ff45f1c2-d7fe-411b-8d3e-2f8b3bf92389" />
      <TestMethod codeBase="D:\a\dotnet-monorepo\dotnet-monorepo\src\artifacts\bin\Caching.Tests\release_win-x64\Caching.Tests.dll" adapterTypeName="executor://mstestadapter/v2" className="Caching.Tests.MemoryFileCacheTests" name="TestRead" />
    </UnitTest>
    <UnitTest name="TestDispose" storage="d:\a\dotnet-monorepo\dotnet-monorepo\src\artifacts\bin\caching.tests\release_win-x64\caching.tests.dll" id="3de73b21-a659-ca93-7362-3fd9fdbb1cf8">
      <Execution id="cfcb222c-2310-41ee-9cd1-50fd2be41e6f" />
      <TestMethod codeBase="D:\a\dotnet-monorepo\dotnet-monorepo\src\artifacts\bin\Caching.Tests\release_win-x64\Caching.Tests.dll" adapterTypeName="executor://mstestadapter/v2" className="Caching.Tests.TempFileCacheTests" name="TestDispose" />
    </UnitTest>
    <UnitTest name="TestDisposeAsync" storage="d:\a\dotnet-monorepo\dotnet-monorepo\src\artifacts\bin\caching.tests\release_win-x64\caching.tests.dll" id="64e35d23-06cc-16c7-c657-ae70d402cc1e">
      <Execution id="85d098a1-6427-4a35-83e5-725e87dfbc46" />
      <TestMethod codeBase="D:\a\dotnet-monorepo\dotnet-monorepo\src\artifacts\bin\Caching.Tests\release_win-x64\Caching.Tests.dll" adapterTypeName="executor://mstestadapter/v2" className="Caching.Tests.TempFileCacheTests" name="TestDisposeAsync" />
    </UnitTest>
    <UnitTest name="TestExtension" storage="d:\a\dotnet-monorepo\dotnet-monorepo\src\artifacts\bin\caching.tests\release_win-x64\caching.tests.dll" id="6e3a9c0c-f5fc-f0fc-6bff-afd6dd9ffc81">
      <Execution id="7076ec53-bf5a-4cc8-85bc-71628facddb8" />
      <TestMethod codeBase="D:\a\dotnet-monorepo\dotnet-monorepo\src\artifacts\bin\Caching.Tests\release_win-x64\Caching.Tests.dll" adapterTypeName="executor://mstestadapter/v2" className="Caching.Tests.MemoryFileCacheTests" name="TestExtension" />
    </UnitTest>
    <UnitTest name="TestExtension" storage="d:\a\dotnet-monorepo\dotnet-monorepo\src\artifacts\bin\caching.tests\release_win-x64\caching.tests.dll" id="5f53b647-14d5-eb82-d13c-372a2ae89515">
      <Execution id="b207a8b8-2093-4551-8358-6bb235c564f7" />
      <TestMethod codeBase="D:\a\dotnet-monorepo\dotnet-monorepo\src\artifacts\bin\Caching.Tests\release_win-x64\Caching.Tests.dll" adapterTypeName="executor://mstestadapter/v2" className="Caching.Tests.TempFileCacheTests" name="TestExtension" />
    </UnitTest>
    <UnitTest name="TestRead" storage="d:\a\dotnet-monorepo\dotnet-monorepo\src\artifacts\bin\caching.tests\release_win-x64\caching.tests.dll" id="1a9c7ce4-c669-ed74-3766-c75d2eba36dd">
      <Execution id="54826227-bfd8-4c3b-9e95-6495bcb95ca1" />
      <TestMethod codeBase="D:\a\dotnet-monorepo\dotnet-monorepo\src\artifacts\bin\Caching.Tests\release_win-x64\Caching.Tests.dll" adapterTypeName="executor://mstestadapter/v2" className="Caching.Tests.TempFileCacheTests" name="TestRead" />
    </UnitTest>
  </TestDefinitions>
  <TestEntries>
    <TestEntry testId="64e35d23-06cc-16c7-c657-ae70d402cc1e" executionId="85d098a1-6427-4a35-83e5-725e87dfbc46" testListId="8c84fa94-04c1-424b-9868-57a2d4851a1d" />
    <TestEntry testId="3de73b21-a659-ca93-7362-3fd9fdbb1cf8" executionId="cfcb222c-2310-41ee-9cd1-50fd2be41e6f" testListId="8c84fa94-04c1-424b-9868-57a2d4851a1d" />
    <TestEntry testId="6e3a9c0c-f5fc-f0fc-6bff-afd6dd9ffc81" executionId="7076ec53-bf5a-4cc8-85bc-71628facddb8" testListId="8c84fa94-04c1-424b-9868-57a2d4851a1d" />
    <TestEntry testId="a9948244-f6d1-6650-e390-e99310afde60" executionId="ff45f1c2-d7fe-411b-8d3e-2f8b3bf92389" testListId="8c84fa94-04c1-424b-9868-57a2d4851a1d" />
    <TestEntry testId="5f53b647-14d5-eb82-d13c-372a2ae89515" executionId="b207a8b8-2093-4551-8358-6bb235c564f7" testListId="8c84fa94-04c1-424b-9868-57a2d4851a1d" />
    <TestEntry testId="1a9c7ce4-c669-ed74-3766-c75d2eba36dd" executionId="54826227-bfd8-4c3b-9e95-6495bcb95ca1" testListId="8c84fa94-04c1-424b-9868-57a2d4851a1d" />
  </TestEntries>
  <TestLists>
    <TestList name="Results Not in a List" id="8c84fa94-04c1-424b-9868-57a2d4851a1d" />
    <TestList name="All Loaded Results" id="19431567-8539-422a-85d7-44ee4e166bda" />
  </TestLists>
  <ResultSummary outcome="Completed">
    <Counters total="6" executed="6" passed="6" failed="0" error="0" timeout="0" aborted="0" inconclusive="0" passedButRunAborted="0" notRunnable="0" notExecuted="0" disconnected="0" warning="0" completed="0" inProgress="0" pending="0" />
  </ResultSummary>
</TestRun>