<?xml version="1.0" encoding="utf-8"?>
<TestRun id="8e1497ee-ec75-4b64-b819-6d198d50a25a" name="@sjc20-bb714-be9a9e78-8985-4d11-aa46-7f7cc3435662-86C6214C293B 2025-09-27 02:15:19" xmlns="http://microsoft.com/schemas/VisualStudio/TeamTest/2010">
  <Times creation="2025-09-27T02:15:19.3115100+00:00" queuing="2025-09-27T02:15:19.3115100+00:00" start="2025-09-27T02:15:18.7636320+00:00" finish="2025-09-27T02:15:19.3146100+00:00" />
  <TestSettings name="default" id="a06ddeed-2584-40d7-b7e3-3882dd20a88c">
    <Deployment runDeploymentRoot="_sjc20-bb714-be9a9e78-8985-4d11-aa46-7f7cc3435662-86C6214C293B_2025-09-27_02_15_19" />
  </TestSettings>
  <Results>
    <UnitTestResult executionId="ffff1e6c-592c-4823-afee-e0634a484406" testId="3de73b21-a659-ca93-7362-3fd9fdbb1cf8" testName="TestDispose" computerName="sjc20-bb714-be9a9e78-8985-4d11-aa46-7f7cc3435662-86C6214C293B" duration="00:00:00.0014084" startTime="2025-09-27T02:15:19.2319200+00:00" endTime="2025-09-27T02:15:19.2334280+00:00" testType="13cdc9d9-ddb5-4fa4-a97d-d965ccfc6d4b" outcome="Passed" testListId="8c84fa94-04c1-424b-9868-57a2d4851a1d" relativeResultsDirectory="ffff1e6c-592c-4823-afee-e0634a484406" />
    <UnitTestResult executionId="ad36209e-5cf9-4d33-ad25-fc6b1d89d28c" testId="a9948244-f6d1-6650-e390-e99310afde60" testName="TestRead" computerName="sjc20-bb714-be9a9e78-8985-4d11-aa46-7f7cc3435662-86C6214C293B" duration="00:00:00.0072389" startTime="2025-09-27T02:15:19.2078380+00:00" endTime="2025-09-27T02:15:19.2275520+00:00" testType="13cdc9d9-ddb5-4fa4-a97d-d965ccfc6d4b" outcome="Passed" testListId="8c84fa94-04c1-424b-9868-57a2d4851a1d" relativeResultsDirectory="ad36209e-5cf9-4d33-ad25-fc6b1d89d28c" />
    <UnitTestResult executionId="08f714f3-9102-4945-a61d-460cd14ca32e" testId="64e35d23-06cc-16c7-c657-ae70d402cc1e" testName="TestDisposeAsync" computerName="sjc20-bb714-be9a9e78-8985-4d11-aa46-7f7cc3435662-86C6214C293B" duration="00:00:00.0006040" startTime="2025-09-27T02:15:19.2334550+00:00" endTime="2025-09-27T02:15:19.2341390+00:00" testType="13cdc9d9-ddb5-4fa4-a97d-d965ccfc6d4b" outcome="Passed" testListId="8c84fa94-04c1-424b-9868-57a2d4851a1d" relativeResultsDirectory="08f714f3-9102-4945-a61d-460cd14ca32e" />
    <UnitTestResult executionId="8aea4bb8-65f7-48bd-94c6-96998ff0b20d" testId="5f53b647-14d5-eb82-d13c-372a2ae89515" testName="TestExtension" computerName="sjc20-bb714-be9a9e78-8985-4d11-aa46-7f7cc3435662-86C6214C293B" duration="00:00:00.0001849" startTime="2025-09-27T02:15:19.2431350+00:00" endTime="2025-09-27T02:15:19.2437650+00:00" testType="13cdc9d9-ddb5-4fa4-a97d-d965ccfc6d4b" outcome="Passed" testListId="8c84fa94-04c1-424b-9868-57a2d4851a1d" relativeResultsDirectory="8aea4bb8-65f7-48bd-94c6-96998ff0b20d" />
    <UnitTestResult executionId="0ebe21ba-f1e8-47f0-a932-787ef184a8b5" testId="1a9c7ce4-c669-ed74-3766-c75d2eba36dd" testName="TestRead" computerName="sjc20-bb714-be9a9e78-8985-4d11-aa46-7f7cc3435662-86C6214C293B" duration="00:00:00.0078594" startTime="2025-09-27T02:15:19.2341560+00:00" endTime="2025-09-27T02:15:19.2430770+00:00" testType="13cdc9d9-ddb5-4fa4-a97d-d965ccfc6d4b" outcome="Passed" testListId="8c84fa94-04c1-424b-9868-57a2d4851a1d" relativeResultsDirectory="0ebe21ba-f1e8-47f0-a932-787ef184a8b5" />
    <UnitTestResult executionId="1a53359b-abdf-4f47-972e-8578020b8e4a" testId="6e3a9c0c-f5fc-f0fc-6bff-afd6dd9ffc81" testName="TestExtension" computerName="sjc20-bb714-be9a9e78-8985-4d11-aa46-7f7cc3435662-86C6214C293B" duration="00:00:00.0006955" startTime="2025-09-27T02:15:19.2303150+00:00" endTime="2025-09-27T02:15:19.2317470+00:00" testType="13cdc9d9-ddb5-4fa4-a97d-d965ccfc6d4b" outcome="Passed" testListId="8c84fa94-04c1-424b-9868-57a2d4851a1d" relativeResultsDirectory="1a53359b-abdf-4f47-972e-8578020b8e4a" />
  </Results>
  <TestDefinitions>
    <UnitTest name="TestRead" storage="/users/runner/work/dotnet-monorepo/dotnet-monorepo/src/artifacts/bin/caching.tests/release_osx-arm64/caching.tests.dll" id="a9948244-f6d1-6650-e390-e99310afde60">
      <Execution id="ad36209e-5cf9-4d33-ad25-fc6b1d89d28c" />
      <TestMethod codeBase="/Users/runner/work/dotnet-monorepo/dotnet-monorepo/src/artifacts/bin/Caching.Tests/release_osx-arm64/Caching.Tests.dll" adapterTypeName="executor://mstestadapter/v2" className="Caching.Tests.MemoryFileCacheTests" name="TestRead" />
    </UnitTest>
    <UnitTest name="TestDispose" storage="/users/runner/work/dotnet-monorepo/dotnet-monorepo/src/artifacts/bin/caching.tests/release_osx-arm64/caching.tests.dll" id="3de73b21-a659-ca93-7362-3fd9fdbb1cf8">
      <Execution id="ffff1e6c-592c-4823-afee-e0634a484406" />
      <TestMethod codeBase="/Users/runner/work/dotnet-monorepo/dotnet-monorepo/src/artifacts/bin/Caching.Tests/release_osx-arm64/Caching.Tests.dll" adapterTypeName="executor://mstestadapter/v2" className="Caching.Tests.TempFileCacheTests" name="TestDispose" />
    </UnitTest>
    <UnitTest name="TestDisposeAsync" storage="/users/runner/work/dotnet-monorepo/dotnet-monorepo/src/artifacts/bin/caching.tests/release_osx-arm64/caching.tests.dll" id="64e35d23-06cc-16c7-c657-ae70d402cc1e">
      <Execution id="08f714f3-9102-4945-a61d-460cd14ca32e" />
      <TestMethod codeBase="/Users/runner/work/dotnet-monorepo/dotnet-monorepo/src/artifacts/bin/Caching.Tests/release_osx-arm64/Caching.Tests.dll" adapterTypeName="executor://mstestadapter/v2" className="Caching.Tests.TempFileCacheTests" name="TestDisposeAsync" />
    </UnitTest>
    <UnitTest name="TestExtension" storage="/users/runner/work/dotnet-monorepo/dotnet-monorepo/src/artifacts/bin/caching.tests/release_osx-arm64/caching.tests.dll" id="6e3a9c0c-f5fc-f0fc-6bff-afd6dd9ffc81">
      <Execution id="1a53359b-abdf-4f47-972e-8578020b8e4a" />
      <TestMethod codeBase="/Users/runner/work/dotnet-monorepo/dotnet-monorepo/src/artifacts/bin/Caching.Tests/release_osx-arm64/Caching.Tests.dll" adapterTypeName="executor://mstestadapter/v2" className="Caching.Tests.MemoryFileCacheTests" name="TestExtension" />
    </UnitTest>
    <UnitTest name="TestExtension" storage="/users/runner/work/dotnet-monorepo/dotnet-monorepo/src/artifacts/bin/caching.tests/release_osx-arm64/caching.tests.dll" id="5f53b647-14d5-eb82-d13c-372a2ae89515">
      <Execution id="8aea4bb8-65f7-48bd-94c6-96998ff0b20d" />
      <TestMethod codeBase="/Users/runner/work/dotnet-monorepo/dotnet-monorepo/src/artifacts/bin/Caching.Tests/release_osx-arm64/Caching.Tests.dll" adapterTypeName="executor://mstestadapter/v2" className="Caching.Tests.TempFileCacheTests" name="TestExtension" />
    </UnitTest>
    <UnitTest name="TestRead" storage="/users/runner/work/dotnet-monorepo/dotnet-monorepo/src/artifacts/bin/caching.tests/release_osx-arm64/caching.tests.dll" id="1a9c7ce4-c669-ed74-3766-c75d2eba36dd">
      <Execution id="0ebe21ba-f1e8-47f0-a932-787ef184a8b5" />
      <TestMethod codeBase="/Users/runner/work/dotnet-monorepo/dotnet-monorepo/src/artifacts/bin/Caching.Tests/release_osx-arm64/Caching.Tests.dll" adapterTypeName="executor://mstestadapter/v2" className="Caching.Tests.TempFileCacheTests" name="TestRead" />
    </UnitTest>
  </TestDefinitions>
  <TestEntries>
    <TestEntry testId="3de73b21-a659-ca93-7362-3fd9fdbb1cf8" executionId="ffff1e6c-592c-4823-afee-e0634a484406" testListId="8c84fa94-04c1-424b-9868-57a2d4851a1d" />
    <TestEntry testId="a9948244-f6d1-6650-e390-e99310afde60" executionId="ad36209e-5cf9-4d33-ad25-fc6b1d89d28c" testListId="8c84fa94-04c1-424b-9868-57a2d4851a1d" />
    <TestEntry testId="64e35d23-06cc-16c7-c657-ae70d402cc1e" executionId="08f714f3-9102-4945-a61d-460cd14ca32e" testListId="8c84fa94-04c1-424b-9868-57a2d4851a1d" />
    <TestEntry testId="5f53b647-14d5-eb82-d13c-372a2ae89515" executionId="8aea4bb8-65f7-48bd-94c6-96998ff0b20d" testListId="8c84fa94-04c1-424b-9868-57a2d4851a1d" />
    <TestEntry testId="1a9c7ce4-c669-ed74-3766-c75d2eba36dd" executionId="0ebe21ba-f1e8-47f0-a932-787ef184a8b5" testListId="8c84fa94-04c1-424b-9868-57a2d4851a1d" />
    <TestEntry testId="6e3a9c0c-f5fc-f0fc-6bff-afd6dd9ffc81" executionId="1a53359b-abdf-4f47-972e-8578020b8e4a" testListId="8c84fa94-04c1-424b-9868-57a2d4851a1d" />
  </TestEntries>
  <TestLists>
    <TestList name="Results Not in a List" id="8c84fa94-04c1-424b-9868-57a2d4851a1d" />
    <TestList name="All Loaded Results" id="19431567-8539-422a-85d7-44ee4e166bda" />
  </TestLists>
  <ResultSummary outcome="Completed">
    <Counters total="6" executed="6" passed="6" failed="0" error="0" timeout="0" aborted="0" inconclusive="0" passedButRunAborted="0" notRunnable="0" notExecuted="0" disconnected="0" warning="0" completed="0" inProgress="0" pending="0" />
  </ResultSummary>
</TestRun>