<?xml version="1.0" encoding="utf-8"?>
<TestRun id="76ed1a8a-3b5f-4de8-9f74-2c40cf70f16b" name="@runnervm3ublj 2025-09-27 02:14:44" xmlns="http://microsoft.com/schemas/VisualStudio/TeamTest/2010">
  <Times creation="2025-09-27T02:14:44.1428305+00:00" queuing="2025-09-27T02:14:44.1428306+00:00" start="2025-09-27T02:14:43.5101681+00:00" finish="2025-09-27T02:14:44.1482334+00:00" />
  <TestSettings name="default" id="73817434-257f-462d-95b9-6c08f30f3a45">
    <Deployment runDeploymentRoot="_runnervm3ublj_2025-09-27_02_14_44" />
  </TestSettings>
  <Results>
    <UnitTestResult executionId="4c5f1bd8-abd5-4e0e-a4cd-7e7d9ec01ea1" testId="e5b195f2-fca3-ab27-6959-025ab91128f9" testName="TestReadWriteRowsAsync" computerName="runnervm3ublj" duration="00:00:00.0144672" startTime="2025-09-27T02:14:43.9941069+00:00" endTime="2025-09-27T02:14:44.0091902+00:00" testType="13cdc9d9-ddb5-4fa4-a97d-d965ccfc6d4b" outcome="Passed" testListId="8c84fa94-04c1-424b-9868-57a2d4851a1d" relativeResultsDirectory="4c5f1bd8-abd5-4e0e-a4cd-7e7d9ec01ea1" />
    <UnitTestResult executionId="39d18a7d-f678-4481-8377-591dd5e185e8" testId="db3773bc-a4f0-9793-530b-e1362c98c7c2" testName="TestReadWriteRows" computerName="runnervm3ublj" duration="00:00:00.0455118" startTime="2025-09-27T02:14:43.9295517+00:00" endTime="2025-09-27T02:14:43.9900833+00:00" testType="13cdc9d9-ddb5-4fa4-a97d-d965ccfc6d4b" outcome="Passed" testListId="8c84fa94-04c1-424b-9868-57a2d4851a1d" relativeResultsDirectory="39d18a7d-f678-4481-8377-591dd5e185e8" />
    <UnitTestResult executionId="b92c8ab7-3b81-4885-bcf0-ed21b71b1364" testId="49ca3465-d7ea-bd3a-eaaa-ff431814ad0b" testName="TestReadWriteNullAsync" computerName="runnervm3ublj" duration="00:00:00.0099355" startTime="2025-09-27T02:14:44.0153999+00:00" endTime="2025-09-27T02:14:44.0265978+00:00" testType="13cdc9d9-ddb5-4fa4-a97d-d965ccfc6d4b" outcome="Passed" testListId="8c84fa94-04c1-424b-9868-57a2d4851a1d" relativeResultsDirectory="b92c8ab7-3b81-4885-bcf0-ed21b71b1364" />
    <UnitTestResult executionId="82f3e9b5-9b65-4ce6-810d-20aa26f17534" testId="a3e5d47c-7029-9bc2-f5af-40bf0ad91a54" testName="TestReadWriteNull" computerName="runnervm3ublj" duration="00:00:00.0058528" startTime="2025-09-27T02:14:44.0094479+00:00" endTime="2025-09-27T02:14:44.0153660+00:00" testType="13cdc9d9-ddb5-4fa4-a97d-d965ccfc6d4b" outcome="Passed" testListId="8c84fa94-04c1-424b-9868-57a2d4851a1d" relativeResultsDirectory="82f3e9b5-9b65-4ce6-810d-20aa26f17534" />
  </Results>
  <TestDefinitions>
    <UnitTest name="TestReadWriteNull" storage="/home/runner/work/dotnet-monorepo/dotnet-monorepo/src/artifacts/bin/databases.tests/release_linux-x64/databases.tests.dll" id="a3e5d47c-7029-9bc2-f5af-40bf0ad91a54">
      <Execution id="82f3e9b5-9b65-4ce6-810d-20aa26f17534" />
      <TestMethod codeBase="/home/runner/work/dotnet-monorepo/dotnet-monorepo/src/artifacts/bin/Databases.Tests/release_linux-x64/Databases.Tests.dll" adapterTypeName="executor://mstestadapter/v2" className="Databases.Tests.SqliteTests" name="TestReadWriteNull" />
    </UnitTest>
    <UnitTest name="TestReadWriteNullAsync" storage="/home/runner/work/dotnet-monorepo/dotnet-monorepo/src/artifacts/bin/databases.tests/release_linux-x64/databases.tests.dll" id="49ca3465-d7ea-bd3a-eaaa-ff431814ad0b">
      <Execution id="b92c8ab7-3b81-4885-bcf0-ed21b71b1364" />
      <TestMethod codeBase="/home/runner/work/dotnet-monorepo/dotnet-monorepo/src/artifacts/bin/Databases.Tests/release_linux-x64/Databases.Tests.dll" adapterTypeName="executor://mstestadapter/v2" className="Databases.Tests.SqliteTests" name="TestReadWriteNullAsync" />
    </UnitTest>
    <UnitTest name="TestReadWriteRows" storage="/home/runner/work/dotnet-monorepo/dotnet-monorepo/src/artifacts/bin/databases.tests/release_linux-x64/databases.tests.dll" id="db3773bc-a4f0-9793-530b-e1362c98c7c2">
      <Execution id="39d18a7d-f678-4481-8377-591dd5e185e8" />
      <TestMethod codeBase="/home/runner/work/dotnet-monorepo/dotnet-monorepo/src/artifacts/bin/Databases.Tests/release_linux-x64/Databases.Tests.dll" adapterTypeName="executor://mstestadapter/v2" className="Databases.Tests.SqliteTests" name="TestReadWriteRows" />
    </UnitTest>
    <UnitTest name="TestReadWriteRowsAsync" storage="/home/runner/work/dotnet-monorepo/dotnet-monorepo/src/artifacts/bin/databases.tests/release_linux-x64/databases.tests.dll" id="e5b195f2-fca3-ab27-6959-025ab91128f9">
      <Execution id="4c5f1bd8-abd5-4e0e-a4cd-7e7d9ec01ea1" />
      <TestMethod codeBase="/home/runner/work/dotnet-monorepo/dotnet-monorepo/src/artifacts/bin/Databases.Tests/release_linux-x64/Databases.Tests.dll" adapterTypeName="executor://mstestadapter/v2" className="Databases.Tests.SqliteTests" name="TestReadWriteRowsAsync" />
    </UnitTest>
  </TestDefinitions>
  <TestEntries>
    <TestEntry testId="e5b195f2-fca3-ab27-6959-025ab91128f9" executionId="4c5f1bd8-abd5-4e0e-a4cd-7e7d9ec01ea1" testListId="8c84fa94-04c1-424b-9868-57a2d4851a1d" />
    <TestEntry testId="db3773bc-a4f0-9793-530b-e1362c98c7c2" executionId="39d18a7d-f678-4481-8377-591dd5e185e8" testListId="8c84fa94-04c1-424b-9868-57a2d4851a1d" />
    <TestEntry testId="49ca3465-d7ea-bd3a-eaaa-ff431814ad0b" executionId="b92c8ab7-3b81-4885-bcf0-ed21b71b1364" testListId="8c84fa94-04c1-424b-9868-57a2d4851a1d" />
    <TestEntry testId="a3e5d47c-7029-9bc2-f5af-40bf0ad91a54" executionId="82f3e9b5-9b65-4ce6-810d-20aa26f17534" testListId="8c84fa94-04c1-424b-9868-57a2d4851a1d" />
  </TestEntries>
  <TestLists>
    <TestList name="Results Not in a List" id="8c84fa94-04c1-424b-9868-57a2d4851a1d" />
    <TestList name="All Loaded Results" id="19431567-8539-422a-85d7-44ee4e166bda" />
  </TestLists>
  <ResultSummary outcome="Completed">
    <Counters total="4" executed="4" passed="4" failed="0" error="0" timeout="0" aborted="0" inconclusive="0" passedButRunAborted="0" notRunnable="0" notExecuted="0" disconnected="0" warning="0" completed="0" inProgress="0" pending="0" />
  </ResultSummary>
</TestRun>