<?xml version="1.0" encoding="utf-8"?>
<TestRun id="f5528a35-d620-4d83-8a76-ee33633b0eb5" name="runneradmin@runnervm747y6 2025-09-27 02:16:16" runUser="runnervm747y6\runneradmin" xmlns="http://microsoft.com/schemas/VisualStudio/TeamTest/2010">
  <Times creation="2025-09-27T02:16:16.0945345+00:00" queuing="2025-09-27T02:16:16.0945346+00:00" start="2025-09-27T02:16:15.1651048+00:00" finish="2025-09-27T02:16:16.0997644+00:00" />
  <TestSettings name="default" id="97bcc00e-1509-48c3-9157-846638f96e27">
    <Deployment runDeploymentRoot="runneradmin_runnervm747y6_2025-09-27_02_16_16" />
  </TestSettings>
  <Results>
    <UnitTestResult executionId="f5e6f8d8-6afa-407f-8ac7-3df0879c0fa4" testId="a3e5d47c-7029-9bc2-f5af-40bf0ad91a54" testName="TestReadWriteNull" computerName="runnervm747y6" duration="00:00:00.0548945" startTime="2025-09-27T02:16:15.8685658+00:00" endTime="2025-09-27T02:16:15.9235646+00:00" testType="13cdc9d9-ddb5-4fa4-a97d-d965ccfc6d4b" outcome="Passed" testListId="8c84fa94-04c1-424b-9868-57a2d4851a1d" relativeResultsDirectory="f5e6f8d8-6afa-407f-8ac7-3df0879c0fa4" />
    <UnitTestResult executionId="847bf801-1cad-4aab-aa28-1788cd472369" testId="db3773bc-a4f0-9793-530b-e1362c98c7c2" testName="TestReadWriteRows" computerName="runnervm747y6" duration="00:00:00.1336604" startTime="2025-09-27T02:16:15.6341005+00:00" endTime="2025-09-27T02:16:15.7834261+00:00" testType="13cdc9d9-ddb5-4fa4-a97d-d965ccfc6d4b" outcome="Passed" testListId="8c84fa94-04c1-424b-9868-57a2d4851a1d" relativeResultsDirectory="847bf801-1cad-4aab-aa28-1788cd472369" />
    <UnitTestResult executionId="6a82026e-882c-40d6-ac9e-3f3eb2fc6752" testId="e5b195f2-fca3-ab27-6959-025ab91128f9" testName="TestReadWriteRowsAsync" computerName="runnervm747y6" duration="00:00:00.0802007" startTime="2025-09-27T02:16:15.7874934+00:00" endTime="2025-09-27T02:16:15.8682792+00:00" testType="13cdc9d9-ddb5-4fa4-a97d-d965ccfc6d4b" outcome="Passed" testListId="8c84fa94-04c1-424b-9868-57a2d4851a1d" relativeResultsDirectory="6a82026e-882c-40d6-ac9e-3f3eb2fc6752" />
    <UnitTestResult executionId="80aa789b-40b0-4a24-8785-5330a537644f" testId="49ca3465-d7ea-bd3a-eaaa-ff431814ad0b" testName="TestReadWriteNullAsync" computerName="runnervm747y6" duration="00:00:00.0524942" startTime="2025-09-27T02:16:15.9236018+00:00" endTime="2025-09-27T02:16:15.9774789+00:00" testType="13cdc9d9-ddb5-4fa4-a97d-d965ccfc6d4b" outcome="Passed" testListId="8c84fa94-04c1-424b-9868-57a2d4851a1d" relativeResultsDirectory="80aa789b-40b0-4a24-8785-5330a537644f" />
  </Results>
  <TestDefinitions>
    <UnitTest name="TestReadWriteNull" storage="d:\a\dotnet-monorepo\dotnet-monorepo\src\artifacts\bin\databases.tests\release_win-x64\databases.tests.dll" id="a3e5d47c-7029-9bc2-f5af-40bf0ad91a54">
      <Execution id="f5e6f8d8-6afa-407f-8ac7-3df0879c0fa4" />
      <TestMethod codeBase="D:\a\dotnet-monorepo\dotnet-monorepo\src\artifacts\bin\Databases.Tests\release_win-x64\Databases.Tests.dll" adapterTypeName="executor://mstestadapter/v2" className="Databases.Tests.SqliteTests" name="TestReadWriteNull" />
    </UnitTest>
    <UnitTest name="TestReadWriteNullAsync" storage="d:\a\dotnet-monorepo\dotnet-monorepo\src\artifacts\bin\databases.tests\release_win-x64\databases.tests.dll" id="49ca3465-d7ea-bd3a-eaaa-ff431814ad0b">
      <Execution id="80aa789b-40b0-4a24-8785-5330a537644f" />
      <TestMethod codeBase="D:\a\dotnet-monorepo\dotnet-monorepo\src\artifacts\bin\Databases.Tests\release_win-x64\Databases.Tests.dll" adapterTypeName="executor://mstestadapter/v2" className="Databases.Tests.SqliteTests" name="TestReadWriteNullAsync" />
    </UnitTest>
    <UnitTest name="TestReadWriteRows" storage="d:\a\dotnet-monorepo\dotnet-monorepo\src\artifacts\bin\databases.tests\release_win-x64\databases.tests.dll" id="db3773bc-a4f0-9793-530b-e1362c98c7c2">
      <Execution id="847bf801-1cad-4aab-aa28-1788cd472369" />
      <TestMethod codeBase="D:\a\dotnet-monorepo\dotnet-monorepo\src\artifacts\bin\Databases.Tests\release_win-x64\Databases.Tests.dll" adapterTypeName="executor://mstestadapter/v2" className="Databases.Tests.SqliteTests" name="TestReadWriteRows" />
    </UnitTest>
    <UnitTest name="TestReadWriteRowsAsync" storage="d:\a\dotnet-monorepo\dotnet-monorepo\src\artifacts\bin\databases.tests\release_win-x64\databases.tests.dll" id="e5b195f2-fca3-ab27-6959-025ab91128f9">
      <Execution id="6a82026e-882c-40d6-ac9e-3f3eb2fc6752" />
      <TestMethod codeBase="D:\a\dotnet-monorepo\dotnet-monorepo\src\artifacts\bin\Databases.Tests\release_win-x64\Databases.Tests.dll" adapterTypeName="executor://mstestadapter/v2" className="Databases.Tests.SqliteTests" name="TestReadWriteRowsAsync" />
    </UnitTest>
  </TestDefinitions>
  <TestEntries>
    <TestEntry testId="a3e5d47c-7029-9bc2-f5af-40bf0ad91a54" executionId="f5e6f8d8-6afa-407f-8ac7-3df0879c0fa4" testListId="8c84fa94-04c1-424b-9868-57a2d4851a1d" />
    <TestEntry testId="db3773bc-a4f0-9793-530b-e1362c98c7c2" executionId="847bf801-1cad-4aab-aa28-1788cd472369" testListId="8c84fa94-04c1-424b-9868-57a2d4851a1d" />
    <TestEntry testId="e5b195f2-fca3-ab27-6959-025ab91128f9" executionId="6a82026e-882c-40d6-ac9e-3f3eb2fc6752" testListId="8c84fa94-04c1-424b-9868-57a2d4851a1d" />
    <TestEntry testId="49ca3465-d7ea-bd3a-eaaa-ff431814ad0b" executionId="80aa789b-40b0-4a24-8785-5330a537644f" testListId="8c84fa94-04c1-424b-9868-57a2d4851a1d" />
  </TestEntries>
  <TestLists>
    <TestList name="Results Not in a List" id="8c84fa94-04c1-424b-9868-57a2d4851a1d" />
    <TestList name="All Loaded Results" id="19431567-8539-422a-85d7-44ee4e166bda" />
  </TestLists>
  <ResultSummary outcome="Completed">
    <Counters total="4" executed="4" passed="4" failed="0" error="0" timeout="0" aborted="0" inconclusive="0" passedButRunAborted="0" notRunnable="0" notExecuted="0" disconnected="0" warning="0" completed="0" inProgress="0" pending="0" />
  </ResultSummary>
</TestRun>