<?xml version="1.0" encoding="utf-8"?>
<TestRun id="703c945a-3323-4fe8-9ec7-4b4163ad30d2" name="@sjc20-bb714-be9a9e78-8985-4d11-aa46-7f7cc3435662-86C6214C293B 2025-09-27 02:15:05" xmlns="http://microsoft.com/schemas/VisualStudio/TeamTest/2010">
  <Times creation="2025-09-27T02:15:05.7783680+00:00" queuing="2025-09-27T02:15:05.7783680+00:00" start="2025-09-27T02:15:05.2280550+00:00" finish="2025-09-27T02:15:05.8067320+00:00" />
  <TestSettings name="default" id="46dd04e9-3de4-4caa-9bbb-1b1da8d8322a">
    <Deployment runDeploymentRoot="_sjc20-bb714-be9a9e78-8985-4d11-aa46-7f7cc3435662-86C6214C293B_2025-09-27_02_15_05" />
  </TestSettings>
  <Results>
    <UnitTestResult executionId="527ac06f-5d74-4ae2-8e77-b95e91aa4fb0" testId="dfff1bb5-cf96-7b7e-3f4f-13e2e3d017dd" testName="TestAddIdentifier (Epub3)" computerName="sjc20-bb714-be9a9e78-8985-4d11-aa46-7f7cc3435662-86C6214C293B" duration="00:00:00.0003157" startTime="2025-09-27T02:15:05.7514970+00:00" endTime="2025-09-27T02:15:05.7518640+00:00" testType="13cdc9d9-ddb5-4fa4-a97d-d965ccfc6d4b" outcome="Passed" testListId="8c84fa94-04c1-424b-9868-57a2d4851a1d" relativeResultsDirectory="527ac06f-5d74-4ae2-8e77-b95e91aa4fb0" />
    <UnitTestResult executionId="46e87eb1-2f26-48c8-b3fb-8d65d20c5822" testId="78e4846a-98ff-e3e6-be1b-f68ce6653ef7" testName="TestAddCreator (Epub2,[&quot;aut&quot;],&quot;epub2_one_role.opf&quot;)" computerName="sjc20-bb714-be9a9e78-8985-4d11-aa46-7f7cc3435662-86C6214C293B" duration="00:00:00.0000600" startTime="2025-09-27T02:15:05.7544920+00:00" endTime="2025-09-27T02:15:05.7545780+00:00" testType="13cdc9d9-ddb5-4fa4-a97d-d965ccfc6d4b" outcome="Passed" testListId="8c84fa94-04c1-424b-9868-57a2d4851a1d" relativeResultsDirectory="46e87eb1-2f26-48c8-b3fb-8d65d20c5822" />
    <UnitTestResult executionId="1f961eea-5073-4133-8514-abe159ab4824" testId="59a57370-8637-253e-de19-a484c9442cbd" testName="TestAddItemToSpine (Epub3,null,&quot;epub3_noproperties.opf&quot;)" computerName="sjc20-bb714-be9a9e78-8985-4d11-aa46-7f7cc3435662-86C6214C293B" duration="00:00:00.0000405" startTime="2025-09-27T02:15:05.7650350+00:00" endTime="2025-09-27T02:15:05.7651350+00:00" testType="13cdc9d9-ddb5-4fa4-a97d-d965ccfc6d4b" outcome="Passed" testListId="8c84fa94-04c1-424b-9868-57a2d4851a1d" relativeResultsDirectory="1f961eea-5073-4133-8514-abe159ab4824" />
    <UnitTestResult executionId="1c7e266d-b863-4b0a-a960-b419868a0d78" testId="b3961dcc-7a38-2113-9639-b9147b073687" testName="TestAddTitle (Epub2)" computerName="sjc20-bb714-be9a9e78-8985-4d11-aa46-7f7cc3435662-86C6214C293B" duration="00:00:00.0000813" startTime="2025-09-27T02:15:05.7523160+00:00" endTime="2025-09-27T02:15:05.7524210+00:00" testType="13cdc9d9-ddb5-4fa4-a97d-d965ccfc6d4b" outcome="Passed" testListId="8c84fa94-04c1-424b-9868-57a2d4851a1d" relativeResultsDirectory="1c7e266d-b863-4b0a-a960-b419868a0d78" />
    <UnitTestResult executionId="04f2ff2d-5b23-40ce-a699-d4a2078adfc8" testId="8a1e305d-837e-e2ab-0677-efc86659bf91" testName="TestGetContainerXmlDocument (Epub3)" computerName="sjc20-bb714-be9a9e78-8985-4d11-aa46-7f7cc3435662-86C6214C293B" duration="00:00:00.0002180" startTime="2025-09-27T02:15:05.7734730+00:00" endTime="2025-09-27T02:15:05.7737290+00:00" testType="13cdc9d9-ddb5-4fa4-a97d-d965ccfc6d4b" outcome="Passed" testListId="8c84fa94-04c1-424b-9868-57a2d4851a1d" relativeResultsDirectory="04f2ff2d-5b23-40ce-a699-d4a2078adfc8" />
    <UnitTestResult executionId="40160552-2bae-49a3-a37f-e9673ec35ed9" testId="3f3cfbdc-7778-44fe-127e-9e051a2f1aa2" testName="TestAddNavItem (Epub2)" computerName="sjc20-bb714-be9a9e78-8985-4d11-aa46-7f7cc3435662-86C6214C293B" duration="00:00:00.0004885" startTime="2025-09-27T02:15:05.7691400+00:00" endTime="2025-09-27T02:15:05.7696640+00:00" testType="13cdc9d9-ddb5-4fa4-a97d-d965ccfc6d4b" outcome="Passed" testListId="8c84fa94-04c1-424b-9868-57a2d4851a1d" relativeResultsDirectory="40160552-2bae-49a3-a37f-e9673ec35ed9" />
    <UnitTestResult executionId="c8e7595f-6df5-455a-801e-e188540e25bc" testId="924b8454-c381-318c-99e1-35856fc01e42" testName="TestAddItemToSpine (Epub2,&quot;page-spread-left&quot;,&quot;epub2_properties.opf&quot;)" computerName="sjc20-bb714-be9a9e78-8985-4d11-aa46-7f7cc3435662-86C6214C293B" duration="00:00:00.0003151" startTime="2025-09-27T02:15:05.7646250+00:00" endTime="2025-09-27T02:15:05.7650030+00:00" testType="13cdc9d9-ddb5-4fa4-a97d-d965ccfc6d4b" outcome="Passed" testListId="8c84fa94-04c1-424b-9868-57a2d4851a1d" relativeResultsDirectory="c8e7595f-6df5-455a-801e-e188540e25bc" />
    <UnitTestResult executionId="b7ca09ae-1350-4f54-8db3-19f8fc77e730" testId="c721fbc4-4b7f-c0df-d55e-177b347e9a92" testName="TestAddCreator (Epub3,[&quot;aut&quot;],&quot;epub3_one_role.opf&quot;)" computerName="sjc20-bb714-be9a9e78-8985-4d11-aa46-7f7cc3435662-86C6214C293B" duration="00:00:00.0000558" startTime="2025-09-27T02:15:05.7543940+00:00" endTime="2025-09-27T02:15:05.7544800+00:00" testType="13cdc9d9-ddb5-4fa4-a97d-d965ccfc6d4b" outcome="Passed" testListId="8c84fa94-04c1-424b-9868-57a2d4851a1d" relativeResultsDirectory="b7ca09ae-1350-4f54-8db3-19f8fc77e730" />
    <UnitTestResult executionId="222ffa98-d782-4f55-90a2-027a59a267f9" testId="8c9e771c-c83f-550a-cb50-0b2a7179104c" testName="TestAddItemToSpine (Epub3,&quot;page-spread-left&quot;,&quot;epub3_properties.opf&quot;)" computerName="sjc20-bb714-be9a9e78-8985-4d11-aa46-7f7cc3435662-86C6214C293B" duration="00:00:00.0004084" startTime="2025-09-27T02:15:05.7640700+00:00" endTime="2025-09-27T02:15:05.7645940+00:00" testType="13cdc9d9-ddb5-4fa4-a97d-d965ccfc6d4b" outcome="Passed" testListId="8c84fa94-04c1-424b-9868-57a2d4851a1d" relativeResultsDirectory="222ffa98-d782-4f55-90a2-027a59a267f9" />
    <UnitTestResult executionId="a49f8746-ca14-4b5a-8cf4-7019b2320f08" testId="e4cbb751-c512-8650-1a17-2e8ac57a05f2" testName="TestAddModified (Epub3)" computerName="sjc20-bb714-be9a9e78-8985-4d11-aa46-7f7cc3435662-86C6214C293B" duration="00:00:00.0005075" startTime="2025-09-27T02:15:05.7631190+00:00" endTime="2025-09-27T02:15:05.7637170+00:00" testType="13cdc9d9-ddb5-4fa4-a97d-d965ccfc6d4b" outcome="Passed" testListId="8c84fa94-04c1-424b-9868-57a2d4851a1d" relativeResultsDirectory="a49f8746-ca14-4b5a-8cf4-7019b2320f08" />
    <UnitTestResult executionId="d77a4ba8-f501-4d05-abb7-0634ee4fab6c" testId="3f9f394b-3398-3cc3-37cc-56417e5a89b6" testName="TestAddCreator (Epub3,[&quot;aut&quot;,&quot;ill&quot;],&quot;epub3_two_roles.opf&quot;)" computerName="sjc20-bb714-be9a9e78-8985-4d11-aa46-7f7cc3435662-86C6214C293B" duration="00:00:00.0000290" startTime="2025-09-27T02:15:05.7545900+00:00" endTime="2025-09-27T02:15:05.7546450+00:00" testType="13cdc9d9-ddb5-4fa4-a97d-d965ccfc6d4b" outcome="Passed" testListId="8c84fa94-04c1-424b-9868-57a2d4851a1d" relativeResultsDirectory="d77a4ba8-f501-4d05-abb7-0634ee4fab6c" />
    <UnitTestResult executionId="0607a9ab-c3c8-4aaf-b34f-b7da37392389" testId="b00da7e2-1034-9a94-bdb6-4d0dec2ca4dd" testName="TestAddLeftToRight (Epub3,&quot;epub3_ltr.opf&quot;)" computerName="sjc20-bb714-be9a9e78-8985-4d11-aa46-7f7cc3435662-86C6214C293B" duration="00:00:00.0002022" startTime="2025-09-27T02:15:05.7658290+00:00" endTime="2025-09-27T02:15:05.7660870+00:00" testType="13cdc9d9-ddb5-4fa4-a97d-d965ccfc6d4b" outcome="Passed" testListId="8c84fa94-04c1-424b-9868-57a2d4851a1d" relativeResultsDirectory="0607a9ab-c3c8-4aaf-b34f-b7da37392389" />
    <UnitTestResult executionId="87fbbe2e-7e87-475c-a13d-c988f2215b09" testId="5a4b4514-f7a8-ec80-0b2e-cc4f1e3225c9" testName="TestAddItemToLandmarks (Epub3)" computerName="sjc20-bb714-be9a9e78-8985-4d11-aa46-7f7cc3435662-86C6214C293B" duration="00:00:00.0002365" startTime="2025-09-27T02:15:05.7696790+00:00" endTime="2025-09-27T02:15:05.7699410+00:00" testType="13cdc9d9-ddb5-4fa4-a97d-d965ccfc6d4b" outcome="Passed" testListId="8c84fa94-04c1-424b-9868-57a2d4851a1d" relativeResultsDirectory="87fbbe2e-7e87-475c-a13d-c988f2215b09" />
    <UnitTestResult executionId="d584adea-24ab-4e0d-af84-c792e06a3517" testId="44da78d8-904e-d616-f174-2b6a9767cdcb" testName="TestAddReferenceToGuide (Epub3)" computerName="sjc20-bb714-be9a9e78-8985-4d11-aa46-7f7cc3435662-86C6214C293B" duration="00:00:00.0115736" startTime="2025-09-27T02:15:05.7128060+00:00" endTime="2025-09-27T02:15:05.7244570+00:00" testType="13cdc9d9-ddb5-4fa4-a97d-d965ccfc6d4b" outcome="Passed" testListId="8c84fa94-04c1-424b-9868-57a2d4851a1d" relativeResultsDirectory="d584adea-24ab-4e0d-af84-c792e06a3517" />
    <UnitTestResult executionId="fb100f4d-aa5b-4e66-b9cf-0242bc36abff" testId="6191621d-615a-32f8-fd79-90783c02b94b" testName="TestAddDate (Epub3)" computerName="sjc20-bb714-be9a9e78-8985-4d11-aa46-7f7cc3435662-86C6214C293B" duration="00:00:00.0004908" startTime="2025-09-27T02:15:05.7547340+00:00" endTime="2025-09-27T02:15:05.7552480+00:00" testType="13cdc9d9-ddb5-4fa4-a97d-d965ccfc6d4b" outcome="Passed" testListId="8c84fa94-04c1-424b-9868-57a2d4851a1d" relativeResultsDirectory="fb100f4d-aa5b-4e66-b9cf-0242bc36abff" />
    <UnitTestResult executionId="3904247c-e0da-4ce9-a271-5c2bae87c807" testId="4560ec12-e47b-78e1-23c7-f98e322348ee" testName="TestGetContainerXmlDocument (Epub2)" computerName="sjc20-bb714-be9a9e78-8985-4d11-aa46-7f7cc3435662-86C6214C293B" duration="00:00:00.0001084" startTime="2025-09-27T02:15:05.7737440+00:00" endTime="2025-09-27T02:15:05.7738750+00:00" testType="13cdc9d9-ddb5-4fa4-a97d-d965ccfc6d4b" outcome="Passed" testListId="8c84fa94-04c1-424b-9868-57a2d4851a1d" relativeResultsDirectory="3904247c-e0da-4ce9-a271-5c2bae87c807" />
    <UnitTestResult executionId="9d2a86db-5c6a-4b54-aecb-1615d9ad22ba" testId="04965b1d-7fcd-a172-3bd8-f962f6396ef1" testName="TestAddNavItem (Epub3)" computerName="sjc20-bb714-be9a9e78-8985-4d11-aa46-7f7cc3435662-86C6214C293B" duration="00:00:00.0018262" startTime="2025-09-27T02:15:05.7714590+00:00" endTime="2025-09-27T02:15:05.7733120+00:00" testType="13cdc9d9-ddb5-4fa4-a97d-d965ccfc6d4b" outcome="Passed" testListId="8c84fa94-04c1-424b-9868-57a2d4851a1d" relativeResultsDirectory="9d2a86db-5c6a-4b54-aecb-1615d9ad22ba" />
    <UnitTestResult executionId="3f312028-232e-41d0-aa6e-ce3bf34265bf" testId="265f5716-a8e8-4a3d-7578-667e80e2b50e" testName="TestAddLanguage (Epub3)" computerName="sjc20-bb714-be9a9e78-8985-4d11-aa46-7f7cc3435662-86C6214C293B" duration="00:00:00.0001156" startTime="2025-09-27T02:15:05.7524330+00:00" endTime="2025-09-27T02:15:05.7525710+00:00" testType="13cdc9d9-ddb5-4fa4-a97d-d965ccfc6d4b" outcome="Passed" testListId="8c84fa94-04c1-424b-9868-57a2d4851a1d" relativeResultsDirectory="3f312028-232e-41d0-aa6e-ce3bf34265bf" />
    <UnitTestResult executionId="04d5ac08-5eb5-4f65-8f6c-7db7354f322e" testId="594caead-0457-af95-78db-f11df6a0960a" testName="TestAddIdentifier (Epub2)" computerName="sjc20-bb714-be9a9e78-8985-4d11-aa46-7f7cc3435662-86C6214C293B" duration="00:00:00.0001272" startTime="2025-09-27T02:15:05.7703970+00:00" endTime="2025-09-27T02:15:05.7705490+00:00" testType="13cdc9d9-ddb5-4fa4-a97d-d965ccfc6d4b" outcome="Passed" testListId="8c84fa94-04c1-424b-9868-57a2d4851a1d" relativeResultsDirectory="04d5ac08-5eb5-4f65-8f6c-7db7354f322e" />
    <UnitTestResult executionId="d21d82b5-3d8c-444c-8b9a-6848ef729507" testId="99564a9c-de8e-bba7-fce2-1855da9f00d6" testName="TestAddNcx (Epub2,&quot;epub2_ncx.opf&quot;)" computerName="sjc20-bb714-be9a9e78-8985-4d11-aa46-7f7cc3435662-86C6214C293B" duration="00:00:00.0001822" startTime="2025-09-27T02:15:05.7655640+00:00" endTime="2025-09-27T02:15:05.7658000+00:00" testType="13cdc9d9-ddb5-4fa4-a97d-d965ccfc6d4b" outcome="Passed" testListId="8c84fa94-04c1-424b-9868-57a2d4851a1d" relativeResultsDirectory="d21d82b5-3d8c-444c-8b9a-6848ef729507" />
    <UnitTestResult executionId="8b22b76b-f246-4c99-a66f-6485d781c9da" testId="ccd4c932-333c-882b-c126-06d1ad778550" testName="TestAddItemToManifest (Epub3,&quot;cover.jpg&quot;,&quot;cover-image&quot;,&quot;cover-id&quot;,&quot;epub3_properties_id.opf&quot;)" computerName="sjc20-bb714-be9a9e78-8985-4d11-aa46-7f7cc3435662-86C6214C293B" duration="00:00:00.0008748" startTime="2025-09-27T02:15:05.7249070+00:00" endTime="2025-09-27T02:15:05.7258610+00:00" testType="13cdc9d9-ddb5-4fa4-a97d-d965ccfc6d4b" outcome="Passed" testListId="8c84fa94-04c1-424b-9868-57a2d4851a1d" relativeResultsDirectory="8b22b76b-f246-4c99-a66f-6485d781c9da" />
    <UnitTestResult executionId="ff6316f5-da0c-43e4-bb51-57846c0e7cae" testId="713cc4f0-5833-4981-89c3-33f67d49e215" testName="TestAddLanguage (Epub2)" computerName="sjc20-bb714-be9a9e78-8985-4d11-aa46-7f7cc3435662-86C6214C293B" duration="00:00:00.0000730" startTime="2025-09-27T02:15:05.7525820+00:00" endTime="2025-09-27T02:15:05.7526760+00:00" testType="13cdc9d9-ddb5-4fa4-a97d-d965ccfc6d4b" outcome="Passed" testListId="8c84fa94-04c1-424b-9868-57a2d4851a1d" relativeResultsDirectory="ff6316f5-da0c-43e4-bb51-57846c0e7cae" />
    <UnitTestResult executionId="5ba1f463-7f08-4c98-bd8a-e8cb64ea7186" testId="10c6e40c-daca-4950-6019-a3a7ec88eb82" testName="TestAddIdentifier (Epub3)" computerName="sjc20-bb714-be9a9e78-8985-4d11-aa46-7f7cc3435662-86C6214C293B" duration="00:00:00.0002605" startTime="2025-09-27T02:15:05.7700760+00:00" endTime="2025-09-27T02:15:05.7703780+00:00" testType="13cdc9d9-ddb5-4fa4-a97d-d965ccfc6d4b" outcome="Passed" testListId="8c84fa94-04c1-424b-9868-57a2d4851a1d" relativeResultsDirectory="5ba1f463-7f08-4c98-bd8a-e8cb64ea7186" />
    <UnitTestResult executionId="4468f2df-9038-4b99-ac44-3198a23ab15c" testId="a1bdf61b-cabc-642a-7abf-89a752dec9e4" testName="TestAddItemToManifest (Epub2,&quot;cover.jpg&quot;,null,null,&quot;epub2_noproperties_noid.opf&quot;)" computerName="sjc20-bb714-be9a9e78-8985-4d11-aa46-7f7cc3435662-86C6214C293B" duration="00:00:00.0000484" startTime="2025-09-27T02:15:05.7514020+00:00" endTime="2025-09-27T02:15:05.7514830+00:00" testType="13cdc9d9-ddb5-4fa4-a97d-d965ccfc6d4b" outcome="Passed" testListId="8c84fa94-04c1-424b-9868-57a2d4851a1d" relativeResultsDirectory="4468f2df-9038-4b99-ac44-3198a23ab15c" />
    <UnitTestResult executionId="f49fc6ce-4bf8-41e6-ac21-6dab2538617b" testId="c70cdfcc-fe0e-0a22-3f91-3f78bf225323" testName="TestGetRasterDocument (Epub2)" computerName="sjc20-bb714-be9a9e78-8985-4d11-aa46-7f7cc3435662-86C6214C293B" duration="00:00:00.0003077" startTime="2025-09-27T02:15:05.7744760+00:00" endTime="2025-09-27T02:15:05.7751590+00:00" testType="13cdc9d9-ddb5-4fa4-a97d-d965ccfc6d4b" outcome="Passed" testListId="8c84fa94-04c1-424b-9868-57a2d4851a1d" relativeResultsDirectory="f49fc6ce-4bf8-41e6-ac21-6dab2538617b" />
    <UnitTestResult executionId="48efb7f4-074f-4ffa-b83b-52256b9c416d" testId="1994ae24-05cd-3449-cbf7-9654aa01ed73" testName="TestAddItemToManifest (Epub3,&quot;cover.jpg&quot;,null,null,&quot;epub3_noproperties_noid.opf&quot;)" computerName="sjc20-bb714-be9a9e78-8985-4d11-aa46-7f7cc3435662-86C6214C293B" duration="00:00:00.0001477" startTime="2025-09-27T02:15:05.7511020+00:00" endTime="2025-09-27T02:15:05.7513560+00:00" testType="13cdc9d9-ddb5-4fa4-a97d-d965ccfc6d4b" outcome="Passed" testListId="8c84fa94-04c1-424b-9868-57a2d4851a1d" relativeResultsDirectory="48efb7f4-074f-4ffa-b83b-52256b9c416d" />
    <UnitTestResult executionId="cf8638a1-71df-408f-825e-b8f66be42572" testId="c0800344-f0ec-fd64-7ee2-f71e18c8af14" testName="TestAddNavItem (Epub3)" computerName="sjc20-bb714-be9a9e78-8985-4d11-aa46-7f7cc3435662-86C6214C293B" duration="00:00:00.0013658" startTime="2025-09-27T02:15:05.7677000+00:00" endTime="2025-09-27T02:15:05.7691160+00:00" testType="13cdc9d9-ddb5-4fa4-a97d-d965ccfc6d4b" outcome="Passed" testListId="8c84fa94-04c1-424b-9868-57a2d4851a1d" relativeResultsDirectory="cf8638a1-71df-408f-825e-b8f66be42572" />
    <UnitTestResult executionId="1b09dee1-a4bb-45e1-844a-deea479e15d6" testId="f188e44f-a366-01fc-679d-e6a774f27a0b" testName="TestAddReferenceToGuide (Epub2)" computerName="sjc20-bb714-be9a9e78-8985-4d11-aa46-7f7cc3435662-86C6214C293B" duration="00:00:00.0002946" startTime="2025-09-27T02:15:05.7245160+00:00" endTime="2025-09-27T02:15:05.7248880+00:00" testType="13cdc9d9-ddb5-4fa4-a97d-d965ccfc6d4b" outcome="Passed" testListId="8c84fa94-04c1-424b-9868-57a2d4851a1d" relativeResultsDirectory="1b09dee1-a4bb-45e1-844a-deea479e15d6" />
    <UnitTestResult executionId="a47803fa-2463-49c8-921e-9dc4a5ee88d2" testId="415fc078-5627-2006-e301-3bb2cb96ae2b" testName="TestAddCreator (Epub2,[],&quot;epub2_no_roles.opf&quot;)" computerName="sjc20-bb714-be9a9e78-8985-4d11-aa46-7f7cc3435662-86C6214C293B" duration="00:00:00.0001320" startTime="2025-09-27T02:15:05.7541900+00:00" endTime="2025-09-27T02:15:05.7543740+00:00" testType="13cdc9d9-ddb5-4fa4-a97d-d965ccfc6d4b" outcome="Passed" testListId="8c84fa94-04c1-424b-9868-57a2d4851a1d" relativeResultsDirectory="a47803fa-2463-49c8-921e-9dc4a5ee88d2" />
    <UnitTestResult executionId="240a6aa2-de5f-4f7c-a02d-2cce9a794904" testId="b9126755-0e48-3338-5d7f-d91de59b1147" testName="TestAddModified (Epub2)" computerName="sjc20-bb714-be9a9e78-8985-4d11-aa46-7f7cc3435662-86C6214C293B" duration="00:00:00.0002160" startTime="2025-09-27T02:15:05.7637640+00:00" endTime="2025-09-27T02:15:05.7640400+00:00" testType="13cdc9d9-ddb5-4fa4-a97d-d965ccfc6d4b" outcome="Passed" testListId="8c84fa94-04c1-424b-9868-57a2d4851a1d" relativeResultsDirectory="240a6aa2-de5f-4f7c-a02d-2cce9a794904" />
    <UnitTestResult executionId="bf07f122-27df-4540-9e87-e52ecd92258c" testId="410eac8a-445b-ddc0-5763-81a3a18c8bb9" testName="TestGetRasterDocument (Epub3)" computerName="sjc20-bb714-be9a9e78-8985-4d11-aa46-7f7cc3435662-86C6214C293B" duration="00:00:00.0005415" startTime="2025-09-27T02:15:05.7738890+00:00" endTime="2025-09-27T02:15:05.7744630+00:00" testType="13cdc9d9-ddb5-4fa4-a97d-d965ccfc6d4b" outcome="Passed" testListId="8c84fa94-04c1-424b-9868-57a2d4851a1d" relativeResultsDirectory="bf07f122-27df-4540-9e87-e52ecd92258c" />
    <UnitTestResult executionId="a6baab81-8bc8-4e1a-b331-f54524bae6cb" testId="7e5e7204-e840-bd98-9687-6c3d3eed1135" testName="TestGetRelativePath (&quot;a/b/c&quot;,&quot;a&quot;,&quot;b/c&quot;)" computerName="sjc20-bb714-be9a9e78-8985-4d11-aa46-7f7cc3435662-86C6214C293B" duration="00:00:00.0040630" startTime="2025-09-27T02:15:05.6961490+00:00" endTime="2025-09-27T02:15:05.7090980+00:00" testType="13cdc9d9-ddb5-4fa4-a97d-d965ccfc6d4b" outcome="Passed" testListId="8c84fa94-04c1-424b-9868-57a2d4851a1d" relativeResultsDirectory="a6baab81-8bc8-4e1a-b331-f54524bae6cb" />
    <UnitTestResult executionId="62a9443f-5bb3-4ce0-b240-0677452eacc3" testId="8d1ae0de-2769-faaf-9dcf-e6f047c0d5f3" testName="TestAddIdentifier (Epub2)" computerName="sjc20-bb714-be9a9e78-8985-4d11-aa46-7f7cc3435662-86C6214C293B" duration="00:00:00.0001530" startTime="2025-09-27T02:15:05.7518780+00:00" endTime="2025-09-27T02:15:05.7520680+00:00" testType="13cdc9d9-ddb5-4fa4-a97d-d965ccfc6d4b" outcome="Passed" testListId="8c84fa94-04c1-424b-9868-57a2d4851a1d" relativeResultsDirectory="62a9443f-5bb3-4ce0-b240-0677452eacc3" />
    <UnitTestResult executionId="d7c71a07-0f96-489c-9064-ebb159c98408" testId="99a6b07e-6c4a-175c-f49d-3d815f9e4c5a" testName="TestAddItemToSpine (Epub2,null,&quot;epub2_noproperties.opf&quot;)" computerName="sjc20-bb714-be9a9e78-8985-4d11-aa46-7f7cc3435662-86C6214C293B" duration="00:00:00.0000387" startTime="2025-09-27T02:15:05.7651630+00:00" endTime="2025-09-27T02:15:05.7652590+00:00" testType="13cdc9d9-ddb5-4fa4-a97d-d965ccfc6d4b" outcome="Passed" testListId="8c84fa94-04c1-424b-9868-57a2d4851a1d" relativeResultsDirectory="d7c71a07-0f96-489c-9064-ebb159c98408" />
    <UnitTestResult executionId="8f3adaa0-a668-4c3f-b1a3-b7fce5863efd" testId="923ce5c3-47e3-762e-26cf-77bd2c11edeb" testName="TestGetRelativePath (&quot;a/b/c&quot;,&quot;&quot;,&quot;a/b/c&quot;)" computerName="sjc20-bb714-be9a9e78-8985-4d11-aa46-7f7cc3435662-86C6214C293B" duration="00:00:00.0000033" startTime="2025-09-27T02:15:05.7124160+00:00" endTime="2025-09-27T02:15:05.7124410+00:00" testType="13cdc9d9-ddb5-4fa4-a97d-d965ccfc6d4b" outcome="Passed" testListId="8c84fa94-04c1-424b-9868-57a2d4851a1d" relativeResultsDirectory="8f3adaa0-a668-4c3f-b1a3-b7fce5863efd" />
    <UnitTestResult executionId="d49fe9fe-73e1-4ab7-a286-95826233e2c1" testId="7a57da21-2c80-e9d2-94b7-dd8b0bcca16a" testName="TestGetRelativePath (&quot;&quot;,&quot;a/b/c&quot;,&quot;../../..&quot;)" computerName="sjc20-bb714-be9a9e78-8985-4d11-aa46-7f7cc3435662-86C6214C293B" duration="00:00:00.0000083" startTime="2025-09-27T02:15:05.7123620+00:00" endTime="2025-09-27T02:15:05.7124030+00:00" testType="13cdc9d9-ddb5-4fa4-a97d-d965ccfc6d4b" outcome="Passed" testListId="8c84fa94-04c1-424b-9868-57a2d4851a1d" relativeResultsDirectory="d49fe9fe-73e1-4ab7-a286-95826233e2c1" />
    <UnitTestResult executionId="d8ed8837-8141-4f3a-baa3-4e1015c9b6ef" testId="e6a52e6f-b4f1-a194-00bd-8dca39600023" testName="TestAddCreator (Epub2,[&quot;aut&quot;,&quot;ill&quot;],&quot;epub2_two_roles.opf&quot;)" computerName="sjc20-bb714-be9a9e78-8985-4d11-aa46-7f7cc3435662-86C6214C293B" duration="00:00:00.0000350" startTime="2025-09-27T02:15:05.7546610+00:00" endTime="2025-09-27T02:15:05.7547220+00:00" testType="13cdc9d9-ddb5-4fa4-a97d-d965ccfc6d4b" outcome="Passed" testListId="8c84fa94-04c1-424b-9868-57a2d4851a1d" relativeResultsDirectory="d8ed8837-8141-4f3a-baa3-4e1015c9b6ef" />
    <UnitTestResult executionId="1eba8e53-bf70-484b-b29e-84186b232f5b" testId="96bd8760-c7b7-81b8-4f89-ec6ccc94ca0b" testName="TestAddNcx (Epub3,&quot;epub3_ncx.opf&quot;)" computerName="sjc20-bb714-be9a9e78-8985-4d11-aa46-7f7cc3435662-86C6214C293B" duration="00:00:00.0001946" startTime="2025-09-27T02:15:05.7652860+00:00" endTime="2025-09-27T02:15:05.7655330+00:00" testType="13cdc9d9-ddb5-4fa4-a97d-d965ccfc6d4b" outcome="Passed" testListId="8c84fa94-04c1-424b-9868-57a2d4851a1d" relativeResultsDirectory="1eba8e53-bf70-484b-b29e-84186b232f5b" />
    <UnitTestResult executionId="c4fc2f7b-11b5-46ff-8489-298cfd9023b6" testId="5d4d5230-0e25-87c0-4af6-2de9a7c4c4a1" testName="TestAddTitle (Epub2)" computerName="sjc20-bb714-be9a9e78-8985-4d11-aa46-7f7cc3435662-86C6214C293B" duration="00:00:00.0000770" startTime="2025-09-27T02:15:05.7713480+00:00" endTime="2025-09-27T02:15:05.7714470+00:00" testType="13cdc9d9-ddb5-4fa4-a97d-d965ccfc6d4b" outcome="Passed" testListId="8c84fa94-04c1-424b-9868-57a2d4851a1d" relativeResultsDirectory="c4fc2f7b-11b5-46ff-8489-298cfd9023b6" />
    <UnitTestResult executionId="47e17ab9-0155-481c-a468-bfe060d65f46" testId="89814799-e32a-55bb-8345-b24b3f8784f3" testName="TestAddRightToLeft (Epub3,&quot;epub3_rtl.opf&quot;)" computerName="sjc20-bb714-be9a9e78-8985-4d11-aa46-7f7cc3435662-86C6214C293B" duration="00:00:00.0001245" startTime="2025-09-27T02:15:05.7672060+00:00" endTime="2025-09-27T02:15:05.7673580+00:00" testType="13cdc9d9-ddb5-4fa4-a97d-d965ccfc6d4b" outcome="Passed" testListId="8c84fa94-04c1-424b-9868-57a2d4851a1d" relativeResultsDirectory="47e17ab9-0155-481c-a468-bfe060d65f46" />
    <UnitTestResult executionId="dca478bf-15b5-486a-a97b-ccef0176e29e" testId="7ed02f36-99bd-274e-cd45-ccc89d20d5b7" testName="TestGetRelativePath (&quot;a/b/c&quot;,&quot;a/b/d&quot;,&quot;../c&quot;)" computerName="sjc20-bb714-be9a9e78-8985-4d11-aa46-7f7cc3435662-86C6214C293B" duration="00:00:00.0002499" startTime="2025-09-27T02:15:05.7117090+00:00" endTime="2025-09-27T02:15:05.7122090+00:00" testType="13cdc9d9-ddb5-4fa4-a97d-d965ccfc6d4b" outcome="Passed" testListId="8c84fa94-04c1-424b-9868-57a2d4851a1d" relativeResultsDirectory="dca478bf-15b5-486a-a97b-ccef0176e29e" />
    <UnitTestResult executionId="d5b4dbc2-ce7c-471f-a2a1-47981c11df0e" testId="40fccafb-603f-db2e-52f5-0e6854d614d2" testName="TestAddRightToLeft (Epub2,&quot;epub2_rtl.opf&quot;)" computerName="sjc20-bb714-be9a9e78-8985-4d11-aa46-7f7cc3435662-86C6214C293B" duration="00:00:00.0002748" startTime="2025-09-27T02:15:05.7673740+00:00" endTime="2025-09-27T02:15:05.7676820+00:00" testType="13cdc9d9-ddb5-4fa4-a97d-d965ccfc6d4b" outcome="Passed" testListId="8c84fa94-04c1-424b-9868-57a2d4851a1d" relativeResultsDirectory="d5b4dbc2-ce7c-471f-a2a1-47981c11df0e" />
    <UnitTestResult executionId="05b3a827-db88-4e34-bd80-b4b33aecd648" testId="e0b26bfd-5e10-47a7-5708-ed4ae0f6f17a" testName="TestAddTitle (Epub3)" computerName="sjc20-bb714-be9a9e78-8985-4d11-aa46-7f7cc3435662-86C6214C293B" duration="00:00:00.0001350" startTime="2025-09-27T02:15:05.7711590+00:00" endTime="2025-09-27T02:15:05.7713320+00:00" testType="13cdc9d9-ddb5-4fa4-a97d-d965ccfc6d4b" outcome="Passed" testListId="8c84fa94-04c1-424b-9868-57a2d4851a1d" relativeResultsDirectory="05b3a827-db88-4e34-bd80-b4b33aecd648" />
    <UnitTestResult executionId="5c2e1935-c059-4d40-9fde-edd4e41d4666" testId="9df8c1b1-aaf4-5545-12dd-5ce8d49b25cf" testName="TestAddPrePaginated (Epub3)" computerName="sjc20-bb714-be9a9e78-8985-4d11-aa46-7f7cc3435662-86C6214C293B" duration="00:00:00.0006101" startTime="2025-09-27T02:15:05.7599490+00:00" endTime="2025-09-27T02:15:05.7607390+00:00" testType="13cdc9d9-ddb5-4fa4-a97d-d965ccfc6d4b" outcome="Passed" testListId="8c84fa94-04c1-424b-9868-57a2d4851a1d" relativeResultsDirectory="5c2e1935-c059-4d40-9fde-edd4e41d4666" />
    <UnitTestResult executionId="607ca077-efba-483c-86f1-42f7316d3402" testId="bbc1160f-cf53-0bdf-0713-4d12e37c1ff1" testName="TestGetRelativePath (&quot;a/b/c&quot;,&quot;b/c/d&quot;,&quot;../../../a/b/c&quot;)" computerName="sjc20-bb714-be9a9e78-8985-4d11-aa46-7f7cc3435662-86C6214C293B" duration="00:00:00.0000036" startTime="2025-09-27T02:15:05.7124510+00:00" endTime="2025-09-27T02:15:05.7127930+00:00" testType="13cdc9d9-ddb5-4fa4-a97d-d965ccfc6d4b" outcome="Passed" testListId="8c84fa94-04c1-424b-9868-57a2d4851a1d" relativeResultsDirectory="607ca077-efba-483c-86f1-42f7316d3402" />
    <UnitTestResult executionId="d6af6d12-30f7-4637-a24f-292d4681a783" testId="cec8e838-5451-2a86-db1e-5de14ad9804c" testName="TestAddDate (Epub2)" computerName="sjc20-bb714-be9a9e78-8985-4d11-aa46-7f7cc3435662-86C6214C293B" duration="00:00:00.0044417" startTime="2025-09-27T02:15:05.7552970+00:00" endTime="2025-09-27T02:15:05.7598350+00:00" testType="13cdc9d9-ddb5-4fa4-a97d-d965ccfc6d4b" outcome="Passed" testListId="8c84fa94-04c1-424b-9868-57a2d4851a1d" relativeResultsDirectory="d6af6d12-30f7-4637-a24f-292d4681a783" />
    <UnitTestResult executionId="e9428a94-bb5c-4039-9240-61c76b51626d" testId="55b94eb4-b768-e9e6-66cb-0b4726f406c0" testName="TestAddTitle (Epub3)" computerName="sjc20-bb714-be9a9e78-8985-4d11-aa46-7f7cc3435662-86C6214C293B" duration="00:00:00.0001981" startTime="2025-09-27T02:15:05.7520810+00:00" endTime="2025-09-27T02:15:05.7523040+00:00" testType="13cdc9d9-ddb5-4fa4-a97d-d965ccfc6d4b" outcome="Passed" testListId="8c84fa94-04c1-424b-9868-57a2d4851a1d" relativeResultsDirectory="e9428a94-bb5c-4039-9240-61c76b51626d" />
    <UnitTestResult executionId="bd937081-98ae-4bf1-abd8-138b298eaf2a" testId="693b69fd-81f0-56fd-8f17-ee56b4f8d96d" testName="TestAddNavItem (Epub2)" computerName="sjc20-bb714-be9a9e78-8985-4d11-aa46-7f7cc3435662-86C6214C293B" duration="00:00:00.0000936" startTime="2025-09-27T02:15:05.7733350+00:00" endTime="2025-09-27T02:15:05.7734610+00:00" testType="13cdc9d9-ddb5-4fa4-a97d-d965ccfc6d4b" outcome="Passed" testListId="8c84fa94-04c1-424b-9868-57a2d4851a1d" relativeResultsDirectory="bd937081-98ae-4bf1-abd8-138b298eaf2a" />
    <UnitTestResult executionId="65a0dd91-fcdd-4cf7-8708-a56e0aa2e9ea" testId="de5c320f-e3e6-6348-70fb-6545025c4cd1" testName="TestAddItemToLandmarks (Epub2)" computerName="sjc20-bb714-be9a9e78-8985-4d11-aa46-7f7cc3435662-86C6214C293B" duration="00:00:00.0000868" startTime="2025-09-27T02:15:05.7699540+00:00" endTime="2025-09-27T02:15:05.7700640+00:00" testType="13cdc9d9-ddb5-4fa4-a97d-d965ccfc6d4b" outcome="Passed" testListId="8c84fa94-04c1-424b-9868-57a2d4851a1d" relativeResultsDirectory="65a0dd91-fcdd-4cf7-8708-a56e0aa2e9ea" />
    <UnitTestResult executionId="3d288b63-0b10-4b1d-a4e1-b1eba645155f" testId="fa860a25-9f76-25a8-9a76-b7824318caf2" testName="TestAddLeftToRight (Epub2,&quot;epub2_ltr.opf&quot;)" computerName="sjc20-bb714-be9a9e78-8985-4d11-aa46-7f7cc3435662-86C6214C293B" duration="00:00:00.0002000" startTime="2025-09-27T02:15:05.7669110+00:00" endTime="2025-09-27T02:15:05.7671750+00:00" testType="13cdc9d9-ddb5-4fa4-a97d-d965ccfc6d4b" outcome="Passed" testListId="8c84fa94-04c1-424b-9868-57a2d4851a1d" relativeResultsDirectory="3d288b63-0b10-4b1d-a4e1-b1eba645155f" />
    <UnitTestResult executionId="6164f9d9-1110-4634-8dc2-50b732a46f34" testId="49fbec17-8a99-3521-2b8d-bc34471c898c" testName="TestAddPrePaginated (Epub2)" computerName="sjc20-bb714-be9a9e78-8985-4d11-aa46-7f7cc3435662-86C6214C293B" duration="00:00:00.0003338" startTime="2025-09-27T02:15:05.7608530+00:00" endTime="2025-09-27T02:15:05.7612920+00:00" testType="13cdc9d9-ddb5-4fa4-a97d-d965ccfc6d4b" outcome="Passed" testListId="8c84fa94-04c1-424b-9868-57a2d4851a1d" relativeResultsDirectory="6164f9d9-1110-4634-8dc2-50b732a46f34" />
    <UnitTestResult executionId="27b03113-054e-4bb9-8a25-372c67be317f" testId="0979f8bb-ea3f-cc84-8b49-708bff499cd7" testName="TestAddItemToManifest (Epub2,&quot;cover.jpg&quot;,&quot;cover-image&quot;,&quot;cover-id&quot;,&quot;epub2_properties_id.opf&quot;)" computerName="sjc20-bb714-be9a9e78-8985-4d11-aa46-7f7cc3435662-86C6214C293B" duration="00:00:00.0002222" startTime="2025-09-27T02:15:05.7258880+00:00" endTime="2025-09-27T02:15:05.7261540+00:00" testType="13cdc9d9-ddb5-4fa4-a97d-d965ccfc6d4b" outcome="Passed" testListId="8c84fa94-04c1-424b-9868-57a2d4851a1d" relativeResultsDirectory="27b03113-054e-4bb9-8a25-372c67be317f" />
    <UnitTestResult executionId="218b6adc-bc95-4c38-8fb5-362b15cfbc9c" testId="d677c7f0-fd98-db4b-f256-9d5a40eeb450" testName="TestAddCreator (Epub3,[],&quot;epub3_no_roles.opf&quot;)" computerName="sjc20-bb714-be9a9e78-8985-4d11-aa46-7f7cc3435662-86C6214C293B" duration="00:00:00.0004144" startTime="2025-09-27T02:15:05.7526890+00:00" endTime="2025-09-27T02:15:05.7531350+00:00" testType="13cdc9d9-ddb5-4fa4-a97d-d965ccfc6d4b" outcome="Passed" testListId="8c84fa94-04c1-424b-9868-57a2d4851a1d" relativeResultsDirectory="218b6adc-bc95-4c38-8fb5-362b15cfbc9c" />
  </Results>
  <TestDefinitions>
    <UnitTest name="TestAddDate (Epub3)" storage="/users/runner/work/dotnet-monorepo/dotnet-monorepo/src/artifacts/bin/epubs.tests/release_osx-arm64/epubs.tests.dll" id="6191621d-615a-32f8-fd79-90783c02b94b">
      <Execution id="fb100f4d-aa5b-4e66-b9cf-0242bc36abff" />
      <TestMethod codeBase="/Users/runner/work/dotnet-monorepo/dotnet-monorepo/src/artifacts/bin/Epubs.Tests/release_osx-arm64/Epubs.Tests.dll" adapterTypeName="executor://mstestadapter/v2" className="Epubs.Tests.WriterTests.PackageDocumentTests.MetadataTests" name="TestAddDate" />
    </UnitTest>
    <UnitTest name="TestAddItemToSpine (Epub2,null,&quot;epub2_noproperties.opf&quot;)" storage="/users/runner/work/dotnet-monorepo/dotnet-monorepo/src/artifacts/bin/epubs.tests/release_osx-arm64/epubs.tests.dll" id="99a6b07e-6c4a-175c-f49d-3d815f9e4c5a">
      <Execution id="d7c71a07-0f96-489c-9064-ebb159c98408" />
      <TestMethod codeBase="/Users/runner/work/dotnet-monorepo/dotnet-monorepo/src/artifacts/bin/Epubs.Tests/release_osx-arm64/Epubs.Tests.dll" adapterTypeName="executor://mstestadapter/v2" className="Epubs.Tests.WriterTests.PackageDocumentTests.SpineTests" name="TestAddItemToSpine" />
    </UnitTest>
    <UnitTest name="TestAddModified (Epub2)" storage="/users/runner/work/dotnet-monorepo/dotnet-monorepo/src/artifacts/bin/epubs.tests/release_osx-arm64/epubs.tests.dll" id="b9126755-0e48-3338-5d7f-d91de59b1147">
      <Execution id="240a6aa2-de5f-4f7c-a02d-2cce9a794904" />
      <TestMethod codeBase="/Users/runner/work/dotnet-monorepo/dotnet-monorepo/src/artifacts/bin/Epubs.Tests/release_osx-arm64/Epubs.Tests.dll" adapterTypeName="executor://mstestadapter/v2" className="Epubs.Tests.WriterTests.PackageDocumentTests.MetadataTests" name="TestAddModified" />
    </UnitTest>
    <UnitTest name="TestGetRelativePath (&quot;a/b/c&quot;,&quot;&quot;,&quot;a/b/c&quot;)" storage="/users/runner/work/dotnet-monorepo/dotnet-monorepo/src/artifacts/bin/epubs.tests/release_osx-arm64/epubs.tests.dll" id="923ce5c3-47e3-762e-26cf-77bd2c11edeb">
      <Execution id="8f3adaa0-a668-4c3f-b1a3-b7fce5863efd" />
      <TestMethod codeBase="/Users/runner/work/dotnet-monorepo/dotnet-monorepo/src/artifacts/bin/Epubs.Tests/release_osx-arm64/Epubs.Tests.dll" adapterTypeName="executor://mstestadapter/v2" className="Epubs.Tests.EpubPathsTests" name="TestGetRelativePath" />
    </UnitTest>
    <UnitTest name="TestGetRasterDocument (Epub3)" storage="/users/runner/work/dotnet-monorepo/dotnet-monorepo/src/artifacts/bin/epubs.tests/release_osx-arm64/epubs.tests.dll" id="410eac8a-445b-ddc0-5763-81a3a18c8bb9">
      <Execution id="bf07f122-27df-4540-9e87-e52ecd92258c" />
      <TestMethod codeBase="/Users/runner/work/dotnet-monorepo/dotnet-monorepo/src/artifacts/bin/Epubs.Tests/release_osx-arm64/Epubs.Tests.dll" adapterTypeName="executor://mstestadapter/v2" className="Epubs.Tests.WriterTests.CoverXhtmlTests.RasterTests" name="TestGetRasterDocument" />
    </UnitTest>
    <UnitTest name="TestAddNcx (Epub3,&quot;epub3_ncx.opf&quot;)" storage="/users/runner/work/dotnet-monorepo/dotnet-monorepo/src/artifacts/bin/epubs.tests/release_osx-arm64/epubs.tests.dll" id="96bd8760-c7b7-81b8-4f89-ec6ccc94ca0b">
      <Execution id="1eba8e53-bf70-484b-b29e-84186b232f5b" />
      <TestMethod codeBase="/Users/runner/work/dotnet-monorepo/dotnet-monorepo/src/artifacts/bin/Epubs.Tests/release_osx-arm64/Epubs.Tests.dll" adapterTypeName="executor://mstestadapter/v2" className="Epubs.Tests.WriterTests.PackageDocumentTests.SpineTests" name="TestAddNcx" />
    </UnitTest>
    <UnitTest name="TestAddItemToSpine (Epub3,null,&quot;epub3_noproperties.opf&quot;)" storage="/users/runner/work/dotnet-monorepo/dotnet-monorepo/src/artifacts/bin/epubs.tests/release_osx-arm64/epubs.tests.dll" id="59a57370-8637-253e-de19-a484c9442cbd">
      <Execution id="1f961eea-5073-4133-8514-abe159ab4824" />
      <TestMethod codeBase="/Users/runner/work/dotnet-monorepo/dotnet-monorepo/src/artifacts/bin/Epubs.Tests/release_osx-arm64/Epubs.Tests.dll" adapterTypeName="executor://mstestadapter/v2" className="Epubs.Tests.WriterTests.PackageDocumentTests.SpineTests" name="TestAddItemToSpine" />
    </UnitTest>
    <UnitTest name="TestAddReferenceToGuide (Epub3)" storage="/users/runner/work/dotnet-monorepo/dotnet-monorepo/src/artifacts/bin/epubs.tests/release_osx-arm64/epubs.tests.dll" id="44da78d8-904e-d616-f174-2b6a9767cdcb">
      <Execution id="d584adea-24ab-4e0d-af84-c792e06a3517" />
      <TestMethod codeBase="/Users/runner/work/dotnet-monorepo/dotnet-monorepo/src/artifacts/bin/Epubs.Tests/release_osx-arm64/Epubs.Tests.dll" adapterTypeName="executor://mstestadapter/v2" className="Epubs.Tests.WriterTests.PackageDocumentTests.GuideTests" name="TestAddReferenceToGuide" />
    </UnitTest>
    <UnitTest name="TestAddPrePaginated (Epub3)" storage="/users/runner/work/dotnet-monorepo/dotnet-monorepo/src/artifacts/bin/epubs.tests/release_osx-arm64/epubs.tests.dll" id="9df8c1b1-aaf4-5545-12dd-5ce8d49b25cf">
      <Execution id="5c2e1935-c059-4d40-9fde-edd4e41d4666" />
      <TestMethod codeBase="/Users/runner/work/dotnet-monorepo/dotnet-monorepo/src/artifacts/bin/Epubs.Tests/release_osx-arm64/Epubs.Tests.dll" adapterTypeName="executor://mstestadapter/v2" className="Epubs.Tests.WriterTests.PackageDocumentTests.MetadataTests" name="TestAddPrePaginated" />
    </UnitTest>
    <UnitTest name="TestAddItemToSpine (Epub2,&quot;page-spread-left&quot;,&quot;epub2_properties.opf&quot;)" storage="/users/runner/work/dotnet-monorepo/dotnet-monorepo/src/artifacts/bin/epubs.tests/release_osx-arm64/epubs.tests.dll" id="924b8454-c381-318c-99e1-35856fc01e42">
      <Execution id="c8e7595f-6df5-455a-801e-e188540e25bc" />
      <TestMethod codeBase="/Users/runner/work/dotnet-monorepo/dotnet-monorepo/src/artifacts/bin/Epubs.Tests/release_osx-arm64/Epubs.Tests.dll" adapterTypeName="executor://mstestadapter/v2" className="Epubs.Tests.WriterTests.PackageDocumentTests.SpineTests" name="TestAddItemToSpine" />
    </UnitTest>
    <UnitTest name="TestGetRasterDocument (Epub2)" storage="/users/runner/work/dotnet-monorepo/dotnet-monorepo/src/artifacts/bin/epubs.tests/release_osx-arm64/epubs.tests.dll" id="c70cdfcc-fe0e-0a22-3f91-3f78bf225323">
      <Execution id="f49fc6ce-4bf8-41e6-ac21-6dab2538617b" />
      <TestMethod codeBase="/Users/runner/work/dotnet-monorepo/dotnet-monorepo/src/artifacts/bin/Epubs.Tests/release_osx-arm64/Epubs.Tests.dll" adapterTypeName="executor://mstestadapter/v2" className="Epubs.Tests.WriterTests.CoverXhtmlTests.RasterTests" name="TestGetRasterDocument" />
    </UnitTest>
    <UnitTest name="TestAddItemToManifest (Epub3,&quot;cover.jpg&quot;,null,null,&quot;epub3_noproperties_noid.opf&quot;)" storage="/users/runner/work/dotnet-monorepo/dotnet-monorepo/src/artifacts/bin/epubs.tests/release_osx-arm64/epubs.tests.dll" id="1994ae24-05cd-3449-cbf7-9654aa01ed73">
      <Execution id="48efb7f4-074f-4ffa-b83b-52256b9c416d" />
      <TestMethod codeBase="/Users/runner/work/dotnet-monorepo/dotnet-monorepo/src/artifacts/bin/Epubs.Tests/release_osx-arm64/Epubs.Tests.dll" adapterTypeName="executor://mstestadapter/v2" className="Epubs.Tests.WriterTests.PackageDocumentTests.ManifestTests" name="TestAddItemToManifest" />
    </UnitTest>
    <UnitTest name="TestAddItemToSpine (Epub3,&quot;page-spread-left&quot;,&quot;epub3_properties.opf&quot;)" storage="/users/runner/work/dotnet-monorepo/dotnet-monorepo/src/artifacts/bin/epubs.tests/release_osx-arm64/epubs.tests.dll" id="8c9e771c-c83f-550a-cb50-0b2a7179104c">
      <Execution id="222ffa98-d782-4f55-90a2-027a59a267f9" />
      <TestMethod codeBase="/Users/runner/work/dotnet-monorepo/dotnet-monorepo/src/artifacts/bin/Epubs.Tests/release_osx-arm64/Epubs.Tests.dll" adapterTypeName="executor://mstestadapter/v2" className="Epubs.Tests.WriterTests.PackageDocumentTests.SpineTests" name="TestAddItemToSpine" />
    </UnitTest>
    <UnitTest name="TestAddLeftToRight (Epub2,&quot;epub2_ltr.opf&quot;)" storage="/users/runner/work/dotnet-monorepo/dotnet-monorepo/src/artifacts/bin/epubs.tests/release_osx-arm64/epubs.tests.dll" id="fa860a25-9f76-25a8-9a76-b7824318caf2">
      <Execution id="3d288b63-0b10-4b1d-a4e1-b1eba645155f" />
      <TestMethod codeBase="/Users/runner/work/dotnet-monorepo/dotnet-monorepo/src/artifacts/bin/Epubs.Tests/release_osx-arm64/Epubs.Tests.dll" adapterTypeName="executor://mstestadapter/v2" className="Epubs.Tests.WriterTests.PackageDocumentTests.SpineTests" name="TestAddLeftToRight" />
    </UnitTest>
    <UnitTest name="TestAddCreator (Epub3,[],&quot;epub3_no_roles.opf&quot;)" storage="/users/runner/work/dotnet-monorepo/dotnet-monorepo/src/artifacts/bin/epubs.tests/release_osx-arm64/epubs.tests.dll" id="d677c7f0-fd98-db4b-f256-9d5a40eeb450">
      <Execution id="218b6adc-bc95-4c38-8fb5-362b15cfbc9c" />
      <TestMethod codeBase="/Users/runner/work/dotnet-monorepo/dotnet-monorepo/src/artifacts/bin/Epubs.Tests/release_osx-arm64/Epubs.Tests.dll" adapterTypeName="executor://mstestadapter/v2" className="Epubs.Tests.WriterTests.PackageDocumentTests.MetadataTests" name="TestAddCreator" />
    </UnitTest>
    <UnitTest name="TestAddReferenceToGuide (Epub2)" storage="/users/runner/work/dotnet-monorepo/dotnet-monorepo/src/artifacts/bin/epubs.tests/release_osx-arm64/epubs.tests.dll" id="f188e44f-a366-01fc-679d-e6a774f27a0b">
      <Execution id="1b09dee1-a4bb-45e1-844a-deea479e15d6" />
      <TestMethod codeBase="/Users/runner/work/dotnet-monorepo/dotnet-monorepo/src/artifacts/bin/Epubs.Tests/release_osx-arm64/Epubs.Tests.dll" adapterTypeName="executor://mstestadapter/v2" className="Epubs.Tests.WriterTests.PackageDocumentTests.GuideTests" name="TestAddReferenceToGuide" />
    </UnitTest>
    <UnitTest name="TestAddCreator (Epub3,[&quot;aut&quot;],&quot;epub3_one_role.opf&quot;)" storage="/users/runner/work/dotnet-monorepo/dotnet-monorepo/src/artifacts/bin/epubs.tests/release_osx-arm64/epubs.tests.dll" id="c721fbc4-4b7f-c0df-d55e-177b347e9a92">
      <Execution id="b7ca09ae-1350-4f54-8db3-19f8fc77e730" />
      <TestMethod codeBase="/Users/runner/work/dotnet-monorepo/dotnet-monorepo/src/artifacts/bin/Epubs.Tests/release_osx-arm64/Epubs.Tests.dll" adapterTypeName="executor://mstestadapter/v2" className="Epubs.Tests.WriterTests.PackageDocumentTests.MetadataTests" name="TestAddCreator" />
    </UnitTest>
    <UnitTest name="TestGetRelativePath (&quot;a/b/c&quot;,&quot;a&quot;,&quot;b/c&quot;)" storage="/users/runner/work/dotnet-monorepo/dotnet-monorepo/src/artifacts/bin/epubs.tests/release_osx-arm64/epubs.tests.dll" id="7e5e7204-e840-bd98-9687-6c3d3eed1135">
      <Execution id="a6baab81-8bc8-4e1a-b331-f54524bae6cb" />
      <TestMethod codeBase="/Users/runner/work/dotnet-monorepo/dotnet-monorepo/src/artifacts/bin/Epubs.Tests/release_osx-arm64/Epubs.Tests.dll" adapterTypeName="executor://mstestadapter/v2" className="Epubs.Tests.EpubPathsTests" name="TestGetRelativePath" />
    </UnitTest>
    <UnitTest name="TestAddRightToLeft (Epub3,&quot;epub3_rtl.opf&quot;)" storage="/users/runner/work/dotnet-monorepo/dotnet-monorepo/src/artifacts/bin/epubs.tests/release_osx-arm64/epubs.tests.dll" id="89814799-e32a-55bb-8345-b24b3f8784f3">
      <Execution id="47e17ab9-0155-481c-a468-bfe060d65f46" />
      <TestMethod codeBase="/Users/runner/work/dotnet-monorepo/dotnet-monorepo/src/artifacts/bin/Epubs.Tests/release_osx-arm64/Epubs.Tests.dll" adapterTypeName="executor://mstestadapter/v2" className="Epubs.Tests.WriterTests.PackageDocumentTests.SpineTests" name="TestAddRightToLeft" />
    </UnitTest>
    <UnitTest name="TestAddModified (Epub3)" storage="/users/runner/work/dotnet-monorepo/dotnet-monorepo/src/artifacts/bin/epubs.tests/release_osx-arm64/epubs.tests.dll" id="e4cbb751-c512-8650-1a17-2e8ac57a05f2">
      <Execution id="a49f8746-ca14-4b5a-8cf4-7019b2320f08" />
      <TestMethod codeBase="/Users/runner/work/dotnet-monorepo/dotnet-monorepo/src/artifacts/bin/Epubs.Tests/release_osx-arm64/Epubs.Tests.dll" adapterTypeName="executor://mstestadapter/v2" className="Epubs.Tests.WriterTests.PackageDocumentTests.MetadataTests" name="TestAddModified" />
    </UnitTest>
    <UnitTest name="TestAddIdentifier (Epub3)" storage="/users/runner/work/dotnet-monorepo/dotnet-monorepo/src/artifacts/bin/epubs.tests/release_osx-arm64/epubs.tests.dll" id="dfff1bb5-cf96-7b7e-3f4f-13e2e3d017dd">
      <Execution id="527ac06f-5d74-4ae2-8e77-b95e91aa4fb0" />
      <TestMethod codeBase="/Users/runner/work/dotnet-monorepo/dotnet-monorepo/src/artifacts/bin/Epubs.Tests/release_osx-arm64/Epubs.Tests.dll" adapterTypeName="executor://mstestadapter/v2" className="Epubs.Tests.WriterTests.PackageDocumentTests.MetadataTests" name="TestAddIdentifier" />
    </UnitTest>
    <UnitTest name="TestAddItemToManifest (Epub3,&quot;cover.jpg&quot;,&quot;cover-image&quot;,&quot;cover-id&quot;,&quot;epub3_properties_id.opf&quot;)" storage="/users/runner/work/dotnet-monorepo/dotnet-monorepo/src/artifacts/bin/epubs.tests/release_osx-arm64/epubs.tests.dll" id="ccd4c932-333c-882b-c126-06d1ad778550">
      <Execution id="8b22b76b-f246-4c99-a66f-6485d781c9da" />
      <TestMethod codeBase="/Users/runner/work/dotnet-monorepo/dotnet-monorepo/src/artifacts/bin/Epubs.Tests/release_osx-arm64/Epubs.Tests.dll" adapterTypeName="executor://mstestadapter/v2" className="Epubs.Tests.WriterTests.PackageDocumentTests.ManifestTests" name="TestAddItemToManifest" />
    </UnitTest>
    <UnitTest name="TestAddTitle (Epub3)" storage="/users/runner/work/dotnet-monorepo/dotnet-monorepo/src/artifacts/bin/epubs.tests/release_osx-arm64/epubs.tests.dll" id="55b94eb4-b768-e9e6-66cb-0b4726f406c0">
      <Execution id="e9428a94-bb5c-4039-9240-61c76b51626d" />
      <TestMethod codeBase="/Users/runner/work/dotnet-monorepo/dotnet-monorepo/src/artifacts/bin/Epubs.Tests/release_osx-arm64/Epubs.Tests.dll" adapterTypeName="executor://mstestadapter/v2" className="Epubs.Tests.WriterTests.PackageDocumentTests.MetadataTests" name="TestAddTitle" />
    </UnitTest>
    <UnitTest name="TestAddItemToManifest (Epub2,&quot;cover.jpg&quot;,null,null,&quot;epub2_noproperties_noid.opf&quot;)" storage="/users/runner/work/dotnet-monorepo/dotnet-monorepo/src/artifacts/bin/epubs.tests/release_osx-arm64/epubs.tests.dll" id="a1bdf61b-cabc-642a-7abf-89a752dec9e4">
      <Execution id="4468f2df-9038-4b99-ac44-3198a23ab15c" />
      <TestMethod codeBase="/Users/runner/work/dotnet-monorepo/dotnet-monorepo/src/artifacts/bin/Epubs.Tests/release_osx-arm64/Epubs.Tests.dll" adapterTypeName="executor://mstestadapter/v2" className="Epubs.Tests.WriterTests.PackageDocumentTests.ManifestTests" name="TestAddItemToManifest" />
    </UnitTest>
    <UnitTest name="TestAddLeftToRight (Epub3,&quot;epub3_ltr.opf&quot;)" storage="/users/runner/work/dotnet-monorepo/dotnet-monorepo/src/artifacts/bin/epubs.tests/release_osx-arm64/epubs.tests.dll" id="b00da7e2-1034-9a94-bdb6-4d0dec2ca4dd">
      <Execution id="0607a9ab-c3c8-4aaf-b34f-b7da37392389" />
      <TestMethod codeBase="/Users/runner/work/dotnet-monorepo/dotnet-monorepo/src/artifacts/bin/Epubs.Tests/release_osx-arm64/Epubs.Tests.dll" adapterTypeName="executor://mstestadapter/v2" className="Epubs.Tests.WriterTests.PackageDocumentTests.SpineTests" name="TestAddLeftToRight" />
    </UnitTest>
    <UnitTest name="TestAddItemToManifest (Epub2,&quot;cover.jpg&quot;,&quot;cover-image&quot;,&quot;cover-id&quot;,&quot;epub2_properties_id.opf&quot;)" storage="/users/runner/work/dotnet-monorepo/dotnet-monorepo/src/artifacts/bin/epubs.tests/release_osx-arm64/epubs.tests.dll" id="0979f8bb-ea3f-cc84-8b49-708bff499cd7">
      <Execution id="27b03113-054e-4bb9-8a25-372c67be317f" />
      <TestMethod codeBase="/Users/runner/work/dotnet-monorepo/dotnet-monorepo/src/artifacts/bin/Epubs.Tests/release_osx-arm64/Epubs.Tests.dll" adapterTypeName="executor://mstestadapter/v2" className="Epubs.Tests.WriterTests.PackageDocumentTests.ManifestTests" name="TestAddItemToManifest" />
    </UnitTest>
    <UnitTest name="TestAddCreator (Epub2,[&quot;aut&quot;,&quot;ill&quot;],&quot;epub2_two_roles.opf&quot;)" storage="/users/runner/work/dotnet-monorepo/dotnet-monorepo/src/artifacts/bin/epubs.tests/release_osx-arm64/epubs.tests.dll" id="e6a52e6f-b4f1-a194-00bd-8dca39600023">
      <Execution id="d8ed8837-8141-4f3a-baa3-4e1015c9b6ef" />
      <TestMethod codeBase="/Users/runner/work/dotnet-monorepo/dotnet-monorepo/src/artifacts/bin/Epubs.Tests/release_osx-arm64/Epubs.Tests.dll" adapterTypeName="executor://mstestadapter/v2" className="Epubs.Tests.WriterTests.PackageDocumentTests.MetadataTests" name="TestAddCreator" />
    </UnitTest>
    <UnitTest name="TestAddCreator (Epub3,[&quot;aut&quot;,&quot;ill&quot;],&quot;epub3_two_roles.opf&quot;)" storage="/users/runner/work/dotnet-monorepo/dotnet-monorepo/src/artifacts/bin/epubs.tests/release_osx-arm64/epubs.tests.dll" id="3f9f394b-3398-3cc3-37cc-56417e5a89b6">
      <Execution id="d77a4ba8-f501-4d05-abb7-0634ee4fab6c" />
      <TestMethod codeBase="/Users/runner/work/dotnet-monorepo/dotnet-monorepo/src/artifacts/bin/Epubs.Tests/release_osx-arm64/Epubs.Tests.dll" adapterTypeName="executor://mstestadapter/v2" className="Epubs.Tests.WriterTests.PackageDocumentTests.MetadataTests" name="TestAddCreator" />
    </UnitTest>
    <UnitTest name="TestAddLanguage (Epub3)" storage="/users/runner/work/dotnet-monorepo/dotnet-monorepo/src/artifacts/bin/epubs.tests/release_osx-arm64/epubs.tests.dll" id="265f5716-a8e8-4a3d-7578-667e80e2b50e">
      <Execution id="3f312028-232e-41d0-aa6e-ce3bf34265bf" />
      <TestMethod codeBase="/Users/runner/work/dotnet-monorepo/dotnet-monorepo/src/artifacts/bin/Epubs.Tests/release_osx-arm64/Epubs.Tests.dll" adapterTypeName="executor://mstestadapter/v2" className="Epubs.Tests.WriterTests.PackageDocumentTests.MetadataTests" name="TestAddLanguage" />
    </UnitTest>
    <UnitTest name="TestAddNavItem (Epub3)" storage="/users/runner/work/dotnet-monorepo/dotnet-monorepo/src/artifacts/bin/epubs.tests/release_osx-arm64/epubs.tests.dll" id="c0800344-f0ec-fd64-7ee2-f71e18c8af14">
      <Execution id="cf8638a1-71df-408f-825e-b8f66be42572" />
      <TestMethod codeBase="/Users/runner/work/dotnet-monorepo/dotnet-monorepo/src/artifacts/bin/Epubs.Tests/release_osx-arm64/Epubs.Tests.dll" adapterTypeName="executor://mstestadapter/v2" className="Epubs.Tests.WriterTests.NavigationTests.NavigationDocumentTests" name="TestAddNavItem" />
    </UnitTest>
    <UnitTest name="TestAddNavItem (Epub2)" storage="/users/runner/work/dotnet-monorepo/dotnet-monorepo/src/artifacts/bin/epubs.tests/release_osx-arm64/epubs.tests.dll" id="693b69fd-81f0-56fd-8f17-ee56b4f8d96d">
      <Execution id="bd937081-98ae-4bf1-abd8-138b298eaf2a" />
      <TestMethod codeBase="/Users/runner/work/dotnet-monorepo/dotnet-monorepo/src/artifacts/bin/Epubs.Tests/release_osx-arm64/Epubs.Tests.dll" adapterTypeName="executor://mstestadapter/v2" className="Epubs.Tests.WriterTests.NavigationTests.NcxTests" name="TestAddNavItem" />
    </UnitTest>
    <UnitTest name="TestAddLanguage (Epub2)" storage="/users/runner/work/dotnet-monorepo/dotnet-monorepo/src/artifacts/bin/epubs.tests/release_osx-arm64/epubs.tests.dll" id="713cc4f0-5833-4981-89c3-33f67d49e215">
      <Execution id="ff6316f5-da0c-43e4-bb51-57846c0e7cae" />
      <TestMethod codeBase="/Users/runner/work/dotnet-monorepo/dotnet-monorepo/src/artifacts/bin/Epubs.Tests/release_osx-arm64/Epubs.Tests.dll" adapterTypeName="executor://mstestadapter/v2" className="Epubs.Tests.WriterTests.PackageDocumentTests.MetadataTests" name="TestAddLanguage" />
    </UnitTest>
    <UnitTest name="TestAddIdentifier (Epub3)" storage="/users/runner/work/dotnet-monorepo/dotnet-monorepo/src/artifacts/bin/epubs.tests/release_osx-arm64/epubs.tests.dll" id="10c6e40c-daca-4950-6019-a3a7ec88eb82">
      <Execution id="5ba1f463-7f08-4c98-bd8a-e8cb64ea7186" />
      <TestMethod codeBase="/Users/runner/work/dotnet-monorepo/dotnet-monorepo/src/artifacts/bin/Epubs.Tests/release_osx-arm64/Epubs.Tests.dll" adapterTypeName="executor://mstestadapter/v2" className="Epubs.Tests.WriterTests.NavigationTests.NcxTests" name="TestAddIdentifier" />
    </UnitTest>
    <UnitTest name="TestGetContainerXmlDocument (Epub2)" storage="/users/runner/work/dotnet-monorepo/dotnet-monorepo/src/artifacts/bin/epubs.tests/release_osx-arm64/epubs.tests.dll" id="4560ec12-e47b-78e1-23c7-f98e322348ee">
      <Execution id="3904247c-e0da-4ce9-a271-5c2bae87c807" />
      <TestMethod codeBase="/Users/runner/work/dotnet-monorepo/dotnet-monorepo/src/artifacts/bin/Epubs.Tests/release_osx-arm64/Epubs.Tests.dll" adapterTypeName="executor://mstestadapter/v2" className="Epubs.Tests.WriterTests.MetaInfTests.ContainerXmlTests" name="TestGetContainerXmlDocument" />
    </UnitTest>
    <UnitTest name="TestGetRelativePath (&quot;a/b/c&quot;,&quot;a/b/d&quot;,&quot;../c&quot;)" storage="/users/runner/work/dotnet-monorepo/dotnet-monorepo/src/artifacts/bin/epubs.tests/release_osx-arm64/epubs.tests.dll" id="7ed02f36-99bd-274e-cd45-ccc89d20d5b7">
      <Execution id="dca478bf-15b5-486a-a97b-ccef0176e29e" />
      <TestMethod codeBase="/Users/runner/work/dotnet-monorepo/dotnet-monorepo/src/artifacts/bin/Epubs.Tests/release_osx-arm64/Epubs.Tests.dll" adapterTypeName="executor://mstestadapter/v2" className="Epubs.Tests.EpubPathsTests" name="TestGetRelativePath" />
    </UnitTest>
    <UnitTest name="TestGetRelativePath (&quot;a/b/c&quot;,&quot;b/c/d&quot;,&quot;../../../a/b/c&quot;)" storage="/users/runner/work/dotnet-monorepo/dotnet-monorepo/src/artifacts/bin/epubs.tests/release_osx-arm64/epubs.tests.dll" id="bbc1160f-cf53-0bdf-0713-4d12e37c1ff1">
      <Execution id="607ca077-efba-483c-86f1-42f7316d3402" />
      <TestMethod codeBase="/Users/runner/work/dotnet-monorepo/dotnet-monorepo/src/artifacts/bin/Epubs.Tests/release_osx-arm64/Epubs.Tests.dll" adapterTypeName="executor://mstestadapter/v2" className="Epubs.Tests.EpubPathsTests" name="TestGetRelativePath" />
    </UnitTest>
    <UnitTest name="TestAddRightToLeft (Epub2,&quot;epub2_rtl.opf&quot;)" storage="/users/runner/work/dotnet-monorepo/dotnet-monorepo/src/artifacts/bin/epubs.tests/release_osx-arm64/epubs.tests.dll" id="40fccafb-603f-db2e-52f5-0e6854d614d2">
      <Execution id="d5b4dbc2-ce7c-471f-a2a1-47981c11df0e" />
      <TestMethod codeBase="/Users/runner/work/dotnet-monorepo/dotnet-monorepo/src/artifacts/bin/Epubs.Tests/release_osx-arm64/Epubs.Tests.dll" adapterTypeName="executor://mstestadapter/v2" className="Epubs.Tests.WriterTests.PackageDocumentTests.SpineTests" name="TestAddRightToLeft" />
    </UnitTest>
    <UnitTest name="TestAddNavItem (Epub2)" storage="/users/runner/work/dotnet-monorepo/dotnet-monorepo/src/artifacts/bin/epubs.tests/release_osx-arm64/epubs.tests.dll" id="3f3cfbdc-7778-44fe-127e-9e051a2f1aa2">
      <Execution id="40160552-2bae-49a3-a37f-e9673ec35ed9" />
      <TestMethod codeBase="/Users/runner/work/dotnet-monorepo/dotnet-monorepo/src/artifacts/bin/Epubs.Tests/release_osx-arm64/Epubs.Tests.dll" adapterTypeName="executor://mstestadapter/v2" className="Epubs.Tests.WriterTests.NavigationTests.NavigationDocumentTests" name="TestAddNavItem" />
    </UnitTest>
    <UnitTest name="TestAddTitle (Epub2)" storage="/users/runner/work/dotnet-monorepo/dotnet-monorepo/src/artifacts/bin/epubs.tests/release_osx-arm64/epubs.tests.dll" id="5d4d5230-0e25-87c0-4af6-2de9a7c4c4a1">
      <Execution id="c4fc2f7b-11b5-46ff-8489-298cfd9023b6" />
      <TestMethod codeBase="/Users/runner/work/dotnet-monorepo/dotnet-monorepo/src/artifacts/bin/Epubs.Tests/release_osx-arm64/Epubs.Tests.dll" adapterTypeName="executor://mstestadapter/v2" className="Epubs.Tests.WriterTests.NavigationTests.NcxTests" name="TestAddTitle" />
    </UnitTest>
    <UnitTest name="TestAddCreator (Epub2,[],&quot;epub2_no_roles.opf&quot;)" storage="/users/runner/work/dotnet-monorepo/dotnet-monorepo/src/artifacts/bin/epubs.tests/release_osx-arm64/epubs.tests.dll" id="415fc078-5627-2006-e301-3bb2cb96ae2b">
      <Execution id="a47803fa-2463-49c8-921e-9dc4a5ee88d2" />
      <TestMethod codeBase="/Users/runner/work/dotnet-monorepo/dotnet-monorepo/src/artifacts/bin/Epubs.Tests/release_osx-arm64/Epubs.Tests.dll" adapterTypeName="executor://mstestadapter/v2" className="Epubs.Tests.WriterTests.PackageDocumentTests.MetadataTests" name="TestAddCreator" />
    </UnitTest>
    <UnitTest name="TestAddDate (Epub2)" storage="/users/runner/work/dotnet-monorepo/dotnet-monorepo/src/artifacts/bin/epubs.tests/release_osx-arm64/epubs.tests.dll" id="cec8e838-5451-2a86-db1e-5de14ad9804c">
      <Execution id="d6af6d12-30f7-4637-a24f-292d4681a783" />
      <TestMethod codeBase="/Users/runner/work/dotnet-monorepo/dotnet-monorepo/src/artifacts/bin/Epubs.Tests/release_osx-arm64/Epubs.Tests.dll" adapterTypeName="executor://mstestadapter/v2" className="Epubs.Tests.WriterTests.PackageDocumentTests.MetadataTests" name="TestAddDate" />
    </UnitTest>
    <UnitTest name="TestAddNavItem (Epub3)" storage="/users/runner/work/dotnet-monorepo/dotnet-monorepo/src/artifacts/bin/epubs.tests/release_osx-arm64/epubs.tests.dll" id="04965b1d-7fcd-a172-3bd8-f962f6396ef1">
      <Execution id="9d2a86db-5c6a-4b54-aecb-1615d9ad22ba" />
      <TestMethod codeBase="/Users/runner/work/dotnet-monorepo/dotnet-monorepo/src/artifacts/bin/Epubs.Tests/release_osx-arm64/Epubs.Tests.dll" adapterTypeName="executor://mstestadapter/v2" className="Epubs.Tests.WriterTests.NavigationTests.NcxTests" name="TestAddNavItem" />
    </UnitTest>
    <UnitTest name="TestAddPrePaginated (Epub2)" storage="/users/runner/work/dotnet-monorepo/dotnet-monorepo/src/artifacts/bin/epubs.tests/release_osx-arm64/epubs.tests.dll" id="49fbec17-8a99-3521-2b8d-bc34471c898c">
      <Execution id="6164f9d9-1110-4634-8dc2-50b732a46f34" />
      <TestMethod codeBase="/Users/runner/work/dotnet-monorepo/dotnet-monorepo/src/artifacts/bin/Epubs.Tests/release_osx-arm64/Epubs.Tests.dll" adapterTypeName="executor://mstestadapter/v2" className="Epubs.Tests.WriterTests.PackageDocumentTests.MetadataTests" name="TestAddPrePaginated" />
    </UnitTest>
    <UnitTest name="TestAddItemToLandmarks (Epub3)" storage="/users/runner/work/dotnet-monorepo/dotnet-monorepo/src/artifacts/bin/epubs.tests/release_osx-arm64/epubs.tests.dll" id="5a4b4514-f7a8-ec80-0b2e-cc4f1e3225c9">
      <Execution id="87fbbe2e-7e87-475c-a13d-c988f2215b09" />
      <TestMethod codeBase="/Users/runner/work/dotnet-monorepo/dotnet-monorepo/src/artifacts/bin/Epubs.Tests/release_osx-arm64/Epubs.Tests.dll" adapterTypeName="executor://mstestadapter/v2" className="Epubs.Tests.WriterTests.NavigationTests.NavigationDocumentTests" name="TestAddItemToLandmarks" />
    </UnitTest>
    <UnitTest name="TestAddNcx (Epub2,&quot;epub2_ncx.opf&quot;)" storage="/users/runner/work/dotnet-monorepo/dotnet-monorepo/src/artifacts/bin/epubs.tests/release_osx-arm64/epubs.tests.dll" id="99564a9c-de8e-bba7-fce2-1855da9f00d6">
      <Execution id="d21d82b5-3d8c-444c-8b9a-6848ef729507" />
      <TestMethod codeBase="/Users/runner/work/dotnet-monorepo/dotnet-monorepo/src/artifacts/bin/Epubs.Tests/release_osx-arm64/Epubs.Tests.dll" adapterTypeName="executor://mstestadapter/v2" className="Epubs.Tests.WriterTests.PackageDocumentTests.SpineTests" name="TestAddNcx" />
    </UnitTest>
    <UnitTest name="TestGetContainerXmlDocument (Epub3)" storage="/users/runner/work/dotnet-monorepo/dotnet-monorepo/src/artifacts/bin/epubs.tests/release_osx-arm64/epubs.tests.dll" id="8a1e305d-837e-e2ab-0677-efc86659bf91">
      <Execution id="04f2ff2d-5b23-40ce-a699-d4a2078adfc8" />
      <TestMethod codeBase="/Users/runner/work/dotnet-monorepo/dotnet-monorepo/src/artifacts/bin/Epubs.Tests/release_osx-arm64/Epubs.Tests.dll" adapterTypeName="executor://mstestadapter/v2" className="Epubs.Tests.WriterTests.MetaInfTests.ContainerXmlTests" name="TestGetContainerXmlDocument" />
    </UnitTest>
    <UnitTest name="TestAddCreator (Epub2,[&quot;aut&quot;],&quot;epub2_one_role.opf&quot;)" storage="/users/runner/work/dotnet-monorepo/dotnet-monorepo/src/artifacts/bin/epubs.tests/release_osx-arm64/epubs.tests.dll" id="78e4846a-98ff-e3e6-be1b-f68ce6653ef7">
      <Execution id="46e87eb1-2f26-48c8-b3fb-8d65d20c5822" />
      <TestMethod codeBase="/Users/runner/work/dotnet-monorepo/dotnet-monorepo/src/artifacts/bin/Epubs.Tests/release_osx-arm64/Epubs.Tests.dll" adapterTypeName="executor://mstestadapter/v2" className="Epubs.Tests.WriterTests.PackageDocumentTests.MetadataTests" name="TestAddCreator" />
    </UnitTest>
    <UnitTest name="TestAddIdentifier (Epub2)" storage="/users/runner/work/dotnet-monorepo/dotnet-monorepo/src/artifacts/bin/epubs.tests/release_osx-arm64/epubs.tests.dll" id="594caead-0457-af95-78db-f11df6a0960a">
      <Execution id="04d5ac08-5eb5-4f65-8f6c-7db7354f322e" />
      <TestMethod codeBase="/Users/runner/work/dotnet-monorepo/dotnet-monorepo/src/artifacts/bin/Epubs.Tests/release_osx-arm64/Epubs.Tests.dll" adapterTypeName="executor://mstestadapter/v2" className="Epubs.Tests.WriterTests.NavigationTests.NcxTests" name="TestAddIdentifier" />
    </UnitTest>
    <UnitTest name="TestAddIdentifier (Epub2)" storage="/users/runner/work/dotnet-monorepo/dotnet-monorepo/src/artifacts/bin/epubs.tests/release_osx-arm64/epubs.tests.dll" id="8d1ae0de-2769-faaf-9dcf-e6f047c0d5f3">
      <Execution id="62a9443f-5bb3-4ce0-b240-0677452eacc3" />
      <TestMethod codeBase="/Users/runner/work/dotnet-monorepo/dotnet-monorepo/src/artifacts/bin/Epubs.Tests/release_osx-arm64/Epubs.Tests.dll" adapterTypeName="executor://mstestadapter/v2" className="Epubs.Tests.WriterTests.PackageDocumentTests.MetadataTests" name="TestAddIdentifier" />
    </UnitTest>
    <UnitTest name="TestGetRelativePath (&quot;&quot;,&quot;a/b/c&quot;,&quot;../../..&quot;)" storage="/users/runner/work/dotnet-monorepo/dotnet-monorepo/src/artifacts/bin/epubs.tests/release_osx-arm64/epubs.tests.dll" id="7a57da21-2c80-e9d2-94b7-dd8b0bcca16a">
      <Execution id="d49fe9fe-73e1-4ab7-a286-95826233e2c1" />
      <TestMethod codeBase="/Users/runner/work/dotnet-monorepo/dotnet-monorepo/src/artifacts/bin/Epubs.Tests/release_osx-arm64/Epubs.Tests.dll" adapterTypeName="executor://mstestadapter/v2" className="Epubs.Tests.EpubPathsTests" name="TestGetRelativePath" />
    </UnitTest>
    <UnitTest name="TestAddTitle (Epub2)" storage="/users/runner/work/dotnet-monorepo/dotnet-monorepo/src/artifacts/bin/epubs.tests/release_osx-arm64/epubs.tests.dll" id="b3961dcc-7a38-2113-9639-b9147b073687">
      <Execution id="1c7e266d-b863-4b0a-a960-b419868a0d78" />
      <TestMethod codeBase="/Users/runner/work/dotnet-monorepo/dotnet-monorepo/src/artifacts/bin/Epubs.Tests/release_osx-arm64/Epubs.Tests.dll" adapterTypeName="executor://mstestadapter/v2" className="Epubs.Tests.WriterTests.PackageDocumentTests.MetadataTests" name="TestAddTitle" />
    </UnitTest>
    <UnitTest name="TestAddItemToLandmarks (Epub2)" storage="/users/runner/work/dotnet-monorepo/dotnet-monorepo/src/artifacts/bin/epubs.tests/release_osx-arm64/epubs.tests.dll" id="de5c320f-e3e6-6348-70fb-6545025c4cd1">
      <Execution id="65a0dd91-fcdd-4cf7-8708-a56e0aa2e9ea" />
      <TestMethod codeBase="/Users/runner/work/dotnet-monorepo/dotnet-monorepo/src/artifacts/bin/Epubs.Tests/release_osx-arm64/Epubs.Tests.dll" adapterTypeName="executor://mstestadapter/v2" className="Epubs.Tests.WriterTests.NavigationTests.NavigationDocumentTests" name="TestAddItemToLandmarks" />
    </UnitTest>
    <UnitTest name="TestAddTitle (Epub3)" storage="/users/runner/work/dotnet-monorepo/dotnet-monorepo/src/artifacts/bin/epubs.tests/release_osx-arm64/epubs.tests.dll" id="e0b26bfd-5e10-47a7-5708-ed4ae0f6f17a">
      <Execution id="05b3a827-db88-4e34-bd80-b4b33aecd648" />
      <TestMethod codeBase="/Users/runner/work/dotnet-monorepo/dotnet-monorepo/src/artifacts/bin/Epubs.Tests/release_osx-arm64/Epubs.Tests.dll" adapterTypeName="executor://mstestadapter/v2" className="Epubs.Tests.WriterTests.NavigationTests.NcxTests" name="TestAddTitle" />
    </UnitTest>
  </TestDefinitions>
  <TestEntries>
    <TestEntry testId="dfff1bb5-cf96-7b7e-3f4f-13e2e3d017dd" executionId="527ac06f-5d74-4ae2-8e77-b95e91aa4fb0" testListId="8c84fa94-04c1-424b-9868-57a2d4851a1d" />
    <TestEntry testId="78e4846a-98ff-e3e6-be1b-f68ce6653ef7" executionId="46e87eb1-2f26-48c8-b3fb-8d65d20c5822" testListId="8c84fa94-04c1-424b-9868-57a2d4851a1d" />
    <TestEntry testId="59a57370-8637-253e-de19-a484c9442cbd" executionId="1f961eea-5073-4133-8514-abe159ab4824" testListId="8c84fa94-04c1-424b-9868-57a2d4851a1d" />
    <TestEntry testId="b3961dcc-7a38-2113-9639-b9147b073687" executionId="1c7e266d-b863-4b0a-a960-b419868a0d78" testListId="8c84fa94-04c1-424b-9868-57a2d4851a1d" />
    <TestEntry testId="8a1e305d-837e-e2ab-0677-efc86659bf91" executionId="04f2ff2d-5b23-40ce-a699-d4a2078adfc8" testListId="8c84fa94-04c1-424b-9868-57a2d4851a1d" />
    <TestEntry testId="3f3cfbdc-7778-44fe-127e-9e051a2f1aa2" executionId="40160552-2bae-49a3-a37f-e9673ec35ed9" testListId="8c84fa94-04c1-424b-9868-57a2d4851a1d" />
    <TestEntry testId="924b8454-c381-318c-99e1-35856fc01e42" executionId="c8e7595f-6df5-455a-801e-e188540e25bc" testListId="8c84fa94-04c1-424b-9868-57a2d4851a1d" />
    <TestEntry testId="c721fbc4-4b7f-c0df-d55e-177b347e9a92" executionId="b7ca09ae-1350-4f54-8db3-19f8fc77e730" testListId="8c84fa94-04c1-424b-9868-57a2d4851a1d" />
    <TestEntry testId="8c9e771c-c83f-550a-cb50-0b2a7179104c" executionId="222ffa98-d782-4f55-90a2-027a59a267f9" testListId="8c84fa94-04c1-424b-9868-57a2d4851a1d" />
    <TestEntry testId="e4cbb751-c512-8650-1a17-2e8ac57a05f2" executionId="a49f8746-ca14-4b5a-8cf4-7019b2320f08" testListId="8c84fa94-04c1-424b-9868-57a2d4851a1d" />
    <TestEntry testId="3f9f394b-3398-3cc3-37cc-56417e5a89b6" executionId="d77a4ba8-f501-4d05-abb7-0634ee4fab6c" testListId="8c84fa94-04c1-424b-9868-57a2d4851a1d" />
    <TestEntry testId="b00da7e2-1034-9a94-bdb6-4d0dec2ca4dd" executionId="0607a9ab-c3c8-4aaf-b34f-b7da37392389" testListId="8c84fa94-04c1-424b-9868-57a2d4851a1d" />
    <TestEntry testId="5a4b4514-f7a8-ec80-0b2e-cc4f1e3225c9" executionId="87fbbe2e-7e87-475c-a13d-c988f2215b09" testListId="8c84fa94-04c1-424b-9868-57a2d4851a1d" />
    <TestEntry testId="44da78d8-904e-d616-f174-2b6a9767cdcb" executionId="d584adea-24ab-4e0d-af84-c792e06a3517" testListId="8c84fa94-04c1-424b-9868-57a2d4851a1d" />
    <TestEntry testId="6191621d-615a-32f8-fd79-90783c02b94b" executionId="fb100f4d-aa5b-4e66-b9cf-0242bc36abff" testListId="8c84fa94-04c1-424b-9868-57a2d4851a1d" />
    <TestEntry testId="4560ec12-e47b-78e1-23c7-f98e322348ee" executionId="3904247c-e0da-4ce9-a271-5c2bae87c807" testListId="8c84fa94-04c1-424b-9868-57a2d4851a1d" />
    <TestEntry testId="04965b1d-7fcd-a172-3bd8-f962f6396ef1" executionId="9d2a86db-5c6a-4b54-aecb-1615d9ad22ba" testListId="8c84fa94-04c1-424b-9868-57a2d4851a1d" />
    <TestEntry testId="265f5716-a8e8-4a3d-7578-667e80e2b50e" executionId="3f312028-232e-41d0-aa6e-ce3bf34265bf" testListId="8c84fa94-04c1-424b-9868-57a2d4851a1d" />
    <TestEntry testId="594caead-0457-af95-78db-f11df6a0960a" executionId="04d5ac08-5eb5-4f65-8f6c-7db7354f322e" testListId="8c84fa94-04c1-424b-9868-57a2d4851a1d" />
    <TestEntry testId="99564a9c-de8e-bba7-fce2-1855da9f00d6" executionId="d21d82b5-3d8c-444c-8b9a-6848ef729507" testListId="8c84fa94-04c1-424b-9868-57a2d4851a1d" />
    <TestEntry testId="ccd4c932-333c-882b-c126-06d1ad778550" executionId="8b22b76b-f246-4c99-a66f-6485d781c9da" testListId="8c84fa94-04c1-424b-9868-57a2d4851a1d" />
    <TestEntry testId="713cc4f0-5833-4981-89c3-33f67d49e215" executionId="ff6316f5-da0c-43e4-bb51-57846c0e7cae" testListId="8c84fa94-04c1-424b-9868-57a2d4851a1d" />
    <TestEntry testId="10c6e40c-daca-4950-6019-a3a7ec88eb82" executionId="5ba1f463-7f08-4c98-bd8a-e8cb64ea7186" testListId="8c84fa94-04c1-424b-9868-57a2d4851a1d" />
    <TestEntry testId="a1bdf61b-cabc-642a-7abf-89a752dec9e4" executionId="4468f2df-9038-4b99-ac44-3198a23ab15c" testListId="8c84fa94-04c1-424b-9868-57a2d4851a1d" />
    <TestEntry testId="c70cdfcc-fe0e-0a22-3f91-3f78bf225323" executionId="f49fc6ce-4bf8-41e6-ac21-6dab2538617b" testListId="8c84fa94-04c1-424b-9868-57a2d4851a1d" />
    <TestEntry testId="1994ae24-05cd-3449-cbf7-9654aa01ed73" executionId="48efb7f4-074f-4ffa-b83b-52256b9c416d" testListId="8c84fa94-04c1-424b-9868-57a2d4851a1d" />
    <TestEntry testId="c0800344-f0ec-fd64-7ee2-f71e18c8af14" executionId="cf8638a1-71df-408f-825e-b8f66be42572" testListId="8c84fa94-04c1-424b-9868-57a2d4851a1d" />
    <TestEntry testId="f188e44f-a366-01fc-679d-e6a774f27a0b" executionId="1b09dee1-a4bb-45e1-844a-deea479e15d6" testListId="8c84fa94-04c1-424b-9868-57a2d4851a1d" />
    <TestEntry testId="415fc078-5627-2006-e301-3bb2cb96ae2b" executionId="a47803fa-2463-49c8-921e-9dc4a5ee88d2" testListId="8c84fa94-04c1-424b-9868-57a2d4851a1d" />
    <TestEntry testId="b9126755-0e48-3338-5d7f-d91de59b1147" executionId="240a6aa2-de5f-4f7c-a02d-2cce9a794904" testListId="8c84fa94-04c1-424b-9868-57a2d4851a1d" />
    <TestEntry testId="410eac8a-445b-ddc0-5763-81a3a18c8bb9" executionId="bf07f122-27df-4540-9e87-e52ecd92258c" testListId="8c84fa94-04c1-424b-9868-57a2d4851a1d" />
    <TestEntry testId="7e5e7204-e840-bd98-9687-6c3d3eed1135" executionId="a6baab81-8bc8-4e1a-b331-f54524bae6cb" testListId="8c84fa94-04c1-424b-9868-57a2d4851a1d" />
    <TestEntry testId="8d1ae0de-2769-faaf-9dcf-e6f047c0d5f3" executionId="62a9443f-5bb3-4ce0-b240-0677452eacc3" testListId="8c84fa94-04c1-424b-9868-57a2d4851a1d" />
    <TestEntry testId="99a6b07e-6c4a-175c-f49d-3d815f9e4c5a" executionId="d7c71a07-0f96-489c-9064-ebb159c98408" testListId="8c84fa94-04c1-424b-9868-57a2d4851a1d" />
    <TestEntry testId="923ce5c3-47e3-762e-26cf-77bd2c11edeb" executionId="8f3adaa0-a668-4c3f-b1a3-b7fce5863efd" testListId="8c84fa94-04c1-424b-9868-57a2d4851a1d" />
    <TestEntry testId="7a57da21-2c80-e9d2-94b7-dd8b0bcca16a" executionId="d49fe9fe-73e1-4ab7-a286-95826233e2c1" testListId="8c84fa94-04c1-424b-9868-57a2d4851a1d" />
    <TestEntry testId="e6a52e6f-b4f1-a194-00bd-8dca39600023" executionId="d8ed8837-8141-4f3a-baa3-4e1015c9b6ef" testListId="8c84fa94-04c1-424b-9868-57a2d4851a1d" />
    <TestEntry testId="96bd8760-c7b7-81b8-4f89-ec6ccc94ca0b" executionId="1eba8e53-bf70-484b-b29e-84186b232f5b" testListId="8c84fa94-04c1-424b-9868-57a2d4851a1d" />
    <TestEntry testId="5d4d5230-0e25-87c0-4af6-2de9a7c4c4a1" executionId="c4fc2f7b-11b5-46ff-8489-298cfd9023b6" testListId="8c84fa94-04c1-424b-9868-57a2d4851a1d" />
    <TestEntry testId="89814799-e32a-55bb-8345-b24b3f8784f3" executionId="47e17ab9-0155-481c-a468-bfe060d65f46" testListId="8c84fa94-04c1-424b-9868-57a2d4851a1d" />
    <TestEntry testId="7ed02f36-99bd-274e-cd45-ccc89d20d5b7" executionId="dca478bf-15b5-486a-a97b-ccef0176e29e" testListId="8c84fa94-04c1-424b-9868-57a2d4851a1d" />
    <TestEntry testId="40fccafb-603f-db2e-52f5-0e6854d614d2" executionId="d5b4dbc2-ce7c-471f-a2a1-47981c11df0e" testListId="8c84fa94-04c1-424b-9868-57a2d4851a1d" />
    <TestEntry testId="e0b26bfd-5e10-47a7-5708-ed4ae0f6f17a" executionId="05b3a827-db88-4e34-bd80-b4b33aecd648" testListId="8c84fa94-04c1-424b-9868-57a2d4851a1d" />
    <TestEntry testId="9df8c1b1-aaf4-5545-12dd-5ce8d49b25cf" executionId="5c2e1935-c059-4d40-9fde-edd4e41d4666" testListId="8c84fa94-04c1-424b-9868-57a2d4851a1d" />
    <TestEntry testId="bbc1160f-cf53-0bdf-0713-4d12e37c1ff1" executionId="607ca077-efba-483c-86f1-42f7316d3402" testListId="8c84fa94-04c1-424b-9868-57a2d4851a1d" />
    <TestEntry testId="cec8e838-5451-2a86-db1e-5de14ad9804c" executionId="d6af6d12-30f7-4637-a24f-292d4681a783" testListId="8c84fa94-04c1-424b-9868-57a2d4851a1d" />
    <TestEntry testId="55b94eb4-b768-e9e6-66cb-0b4726f406c0" executionId="e9428a94-bb5c-4039-9240-61c76b51626d" testListId="8c84fa94-04c1-424b-9868-57a2d4851a1d" />
    <TestEntry testId="693b69fd-81f0-56fd-8f17-ee56b4f8d96d" executionId="bd937081-98ae-4bf1-abd8-138b298eaf2a" testListId="8c84fa94-04c1-424b-9868-57a2d4851a1d" />
    <TestEntry testId="de5c320f-e3e6-6348-70fb-6545025c4cd1" executionId="65a0dd91-fcdd-4cf7-8708-a56e0aa2e9ea" testListId="8c84fa94-04c1-424b-9868-57a2d4851a1d" />
    <TestEntry testId="fa860a25-9f76-25a8-9a76-b7824318caf2" executionId="3d288b63-0b10-4b1d-a4e1-b1eba645155f" testListId="8c84fa94-04c1-424b-9868-57a2d4851a1d" />
    <TestEntry testId="49fbec17-8a99-3521-2b8d-bc34471c898c" executionId="6164f9d9-1110-4634-8dc2-50b732a46f34" testListId="8c84fa94-04c1-424b-9868-57a2d4851a1d" />
    <TestEntry testId="0979f8bb-ea3f-cc84-8b49-708bff499cd7" executionId="27b03113-054e-4bb9-8a25-372c67be317f" testListId="8c84fa94-04c1-424b-9868-57a2d4851a1d" />
    <TestEntry testId="d677c7f0-fd98-db4b-f256-9d5a40eeb450" executionId="218b6adc-bc95-4c38-8fb5-362b15cfbc9c" testListId="8c84fa94-04c1-424b-9868-57a2d4851a1d" />
  </TestEntries>
  <TestLists>
    <TestList name="Results Not in a List" id="8c84fa94-04c1-424b-9868-57a2d4851a1d" />
    <TestList name="All Loaded Results" id="19431567-8539-422a-85d7-44ee4e166bda" />
  </TestLists>
  <ResultSummary outcome="Completed">
    <Counters total="53" executed="53" passed="53" failed="0" error="0" timeout="0" aborted="0" inconclusive="0" passedButRunAborted="0" notRunnable="0" notExecuted="0" disconnected="0" warning="0" completed="0" inProgress="0" pending="0" />
  </ResultSummary>
</TestRun>