<?xml version="1.0" encoding="utf-8"?>
<TestRun id="52faceac-1120-4ebf-8ec3-5fd374944121" name="@runnervm3ublj 2025-09-27 02:14:33" xmlns="http://microsoft.com/schemas/VisualStudio/TeamTest/2010">
  <Times creation="2025-09-27T02:14:33.7490182+00:00" queuing="2025-09-27T02:14:33.7490183+00:00" start="2025-09-27T02:14:33.1839005+00:00" finish="2025-09-27T02:14:33.8071410+00:00" />
  <TestSettings name="default" id="c2a1fdfb-49c2-4916-a13f-d2cc57870ec7">
    <Deployment runDeploymentRoot="_runnervm3ublj_2025-09-27_02_14_33" />
  </TestSettings>
  <Results>
    <UnitTestResult executionId="ef05002c-6a76-4f1a-87be-90e7afdcc6b8" testId="55b94eb4-b768-e9e6-66cb-0b4726f406c0" testName="TestAddTitle (Epub3)" computerName="runnervm3ublj" duration="00:00:00.0003027" startTime="2025-09-27T02:14:33.7055854+00:00" endTime="2025-09-27T02:14:33.7059467+00:00" testType="13cdc9d9-ddb5-4fa4-a97d-d965ccfc6d4b" outcome="Passed" testListId="8c84fa94-04c1-424b-9868-57a2d4851a1d" relativeResultsDirectory="ef05002c-6a76-4f1a-87be-90e7afdcc6b8" />
    <UnitTestResult executionId="42d5a52b-d19b-445a-ad39-0620d8121424" testId="e6a52e6f-b4f1-a194-00bd-8dca39600023" testName="TestAddCreator (Epub2,[&quot;aut&quot;,&quot;ill&quot;],&quot;epub2_two_roles.opf&quot;)" computerName="runnervm3ublj" duration="00:00:00.0000873" startTime="2025-09-27T02:14:33.7102513+00:00" endTime="2025-09-27T02:14:33.7103980+00:00" testType="13cdc9d9-ddb5-4fa4-a97d-d965ccfc6d4b" outcome="Passed" testListId="8c84fa94-04c1-424b-9868-57a2d4851a1d" relativeResultsDirectory="42d5a52b-d19b-445a-ad39-0620d8121424" />
    <UnitTestResult executionId="4b74a081-aa5e-4cfb-8145-981891368e24" testId="bbc1160f-cf53-0bdf-0713-4d12e37c1ff1" testName="TestGetRelativePath (&quot;a/b/c&quot;,&quot;b/c/d&quot;,&quot;../../../a/b/c&quot;)" computerName="runnervm3ublj" duration="00:00:00.0000186" startTime="2025-09-27T02:14:33.6481746+00:00" endTime="2025-09-27T02:14:33.6488764+00:00" testType="13cdc9d9-ddb5-4fa4-a97d-d965ccfc6d4b" outcome="Passed" testListId="8c84fa94-04c1-424b-9868-57a2d4851a1d" relativeResultsDirectory="4b74a081-aa5e-4cfb-8145-981891368e24" />
    <UnitTestResult executionId="12a170d1-6126-4ba3-a11a-88ecbe10a093" testId="c0800344-f0ec-fd64-7ee2-f71e18c8af14" testName="TestAddNavItem (Epub3)" computerName="runnervm3ublj" duration="00:00:00.0020766" startTime="2025-09-27T02:14:33.7180542+00:00" endTime="2025-09-27T02:14:33.7202498+00:00" testType="13cdc9d9-ddb5-4fa4-a97d-d965ccfc6d4b" outcome="Passed" testListId="8c84fa94-04c1-424b-9868-57a2d4851a1d" relativeResultsDirectory="12a170d1-6126-4ba3-a11a-88ecbe10a093" />
    <UnitTestResult executionId="5b39489a-7f57-4129-bcbc-d1839799b2e1" testId="99564a9c-de8e-bba7-fce2-1855da9f00d6" testName="TestAddNcx (Epub2,&quot;epub2_ncx.opf&quot;)" computerName="runnervm3ublj" duration="00:00:00.0002247" startTime="2025-09-27T02:14:33.7153700+00:00" endTime="2025-09-27T02:14:33.7156557+00:00" testType="13cdc9d9-ddb5-4fa4-a97d-d965ccfc6d4b" outcome="Passed" testListId="8c84fa94-04c1-424b-9868-57a2d4851a1d" relativeResultsDirectory="5b39489a-7f57-4129-bcbc-d1839799b2e1" />
    <UnitTestResult executionId="29d22882-a814-4641-abb2-0830c6453175" testId="1994ae24-05cd-3449-cbf7-9654aa01ed73" testName="TestAddItemToManifest (Epub3,&quot;cover.jpg&quot;,null,null,&quot;epub3_noproperties_noid.opf&quot;)" computerName="runnervm3ublj" duration="00:00:00.0002269" startTime="2025-09-27T02:14:33.7040559+00:00" endTime="2025-09-27T02:14:33.7043978+00:00" testType="13cdc9d9-ddb5-4fa4-a97d-d965ccfc6d4b" outcome="Passed" testListId="8c84fa94-04c1-424b-9868-57a2d4851a1d" relativeResultsDirectory="29d22882-a814-4641-abb2-0830c6453175" />
    <UnitTestResult executionId="8457b5e8-c25e-4c60-bbc0-4b9e5a53cdb9" testId="7e5e7204-e840-bd98-9687-6c3d3eed1135" testName="TestGetRelativePath (&quot;a/b/c&quot;,&quot;a&quot;,&quot;b/c&quot;)" computerName="runnervm3ublj" duration="00:00:00.0056402" startTime="2025-09-27T02:14:33.6217002+00:00" endTime="2025-09-27T02:14:33.6419019+00:00" testType="13cdc9d9-ddb5-4fa4-a97d-d965ccfc6d4b" outcome="Passed" testListId="8c84fa94-04c1-424b-9868-57a2d4851a1d" relativeResultsDirectory="8457b5e8-c25e-4c60-bbc0-4b9e5a53cdb9" />
    <UnitTestResult executionId="ea28d34f-a4f7-475d-b9c3-4feeddf4836c" testId="44da78d8-904e-d616-f174-2b6a9767cdcb" testName="TestAddReferenceToGuide (Epub3)" computerName="runnervm3ublj" duration="00:00:00.0196548" startTime="2025-09-27T02:14:33.6489114+00:00" endTime="2025-09-27T02:14:33.6686714+00:00" testType="13cdc9d9-ddb5-4fa4-a97d-d965ccfc6d4b" outcome="Passed" testListId="8c84fa94-04c1-424b-9868-57a2d4851a1d" relativeResultsDirectory="ea28d34f-a4f7-475d-b9c3-4feeddf4836c" />
    <UnitTestResult executionId="38acae80-3a14-4bdd-b336-c81548806de2" testId="c70cdfcc-fe0e-0a22-3f91-3f78bf225323" testName="TestGetRasterDocument (Epub2)" computerName="runnervm3ublj" duration="00:00:00.0005031" startTime="2025-09-27T02:14:33.7299562+00:00" endTime="2025-09-27T02:14:33.7313520+00:00" testType="13cdc9d9-ddb5-4fa4-a97d-d965ccfc6d4b" outcome="Passed" testListId="8c84fa94-04c1-424b-9868-57a2d4851a1d" relativeResultsDirectory="38acae80-3a14-4bdd-b336-c81548806de2" />
    <UnitTestResult executionId="cb2f07d7-504e-489d-83aa-cce0ae851ec4" testId="6191621d-615a-32f8-fd79-90783c02b94b" testName="TestAddDate (Epub3)" computerName="runnervm3ublj" duration="00:00:00.0007512" startTime="2025-09-27T02:14:33.7104264+00:00" endTime="2025-09-27T02:14:33.7112443+00:00" testType="13cdc9d9-ddb5-4fa4-a97d-d965ccfc6d4b" outcome="Passed" testListId="8c84fa94-04c1-424b-9868-57a2d4851a1d" relativeResultsDirectory="cb2f07d7-504e-489d-83aa-cce0ae851ec4" />
    <UnitTestResult executionId="d82e5983-a981-4d2b-871f-6398428fd3fd" testId="4560ec12-e47b-78e1-23c7-f98e322348ee" testName="TestGetContainerXmlDocument (Epub2)" computerName="runnervm3ublj" duration="00:00:00.0003057" startTime="2025-09-27T02:14:33.7286689+00:00" endTime="2025-09-27T02:14:33.7290353+00:00" testType="13cdc9d9-ddb5-4fa4-a97d-d965ccfc6d4b" outcome="Passed" testListId="8c84fa94-04c1-424b-9868-57a2d4851a1d" relativeResultsDirectory="d82e5983-a981-4d2b-871f-6398428fd3fd" />
    <UnitTestResult executionId="1cdc9013-e895-4d7a-9bfe-3c32b62d1142" testId="96bd8760-c7b7-81b8-4f89-ec6ccc94ca0b" testName="TestAddNcx (Epub3,&quot;epub3_ncx.opf&quot;)" computerName="runnervm3ublj" duration="00:00:00.0001830" startTime="2025-09-27T02:14:33.7150997+00:00" endTime="2025-09-27T02:14:33.7153438+00:00" testType="13cdc9d9-ddb5-4fa4-a97d-d965ccfc6d4b" outcome="Passed" testListId="8c84fa94-04c1-424b-9868-57a2d4851a1d" relativeResultsDirectory="1cdc9013-e895-4d7a-9bfe-3c32b62d1142" />
    <UnitTestResult executionId="0743dc14-2489-44e0-8afc-492b7b75b41c" testId="e0b26bfd-5e10-47a7-5708-ed4ae0f6f17a" testName="TestAddTitle (Epub3)" computerName="runnervm3ublj" duration="00:00:00.0003095" startTime="2025-09-27T02:14:33.7241398+00:00" endTime="2025-09-27T02:14:33.7245364+00:00" testType="13cdc9d9-ddb5-4fa4-a97d-d965ccfc6d4b" outcome="Passed" testListId="8c84fa94-04c1-424b-9868-57a2d4851a1d" relativeResultsDirectory="0743dc14-2489-44e0-8afc-492b7b75b41c" />
    <UnitTestResult executionId="2c31c399-3f62-43b2-84ff-c44a08e79bfa" testId="594caead-0457-af95-78db-f11df6a0960a" testName="TestAddIdentifier (Epub2)" computerName="runnervm3ublj" duration="00:00:00.0002825" startTime="2025-09-27T02:14:33.7227171+00:00" endTime="2025-09-27T02:14:33.7230581+00:00" testType="13cdc9d9-ddb5-4fa4-a97d-d965ccfc6d4b" outcome="Passed" testListId="8c84fa94-04c1-424b-9868-57a2d4851a1d" relativeResultsDirectory="2c31c399-3f62-43b2-84ff-c44a08e79bfa" />
    <UnitTestResult executionId="5f8b6bb2-1992-435a-85f4-d56b4895113a" testId="415fc078-5627-2006-e301-3bb2cb96ae2b" testName="TestAddCreator (Epub2,[],&quot;epub2_no_roles.opf&quot;)" computerName="runnervm3ublj" duration="00:00:00.0002492" startTime="2025-09-27T02:14:33.7093038+00:00" endTime="2025-09-27T02:14:33.7096318+00:00" testType="13cdc9d9-ddb5-4fa4-a97d-d965ccfc6d4b" outcome="Passed" testListId="8c84fa94-04c1-424b-9868-57a2d4851a1d" relativeResultsDirectory="5f8b6bb2-1992-435a-85f4-d56b4895113a" />
    <UnitTestResult executionId="4508a3fa-1eb3-4978-aa51-03ac764ffc71" testId="0979f8bb-ea3f-cc84-8b49-708bff499cd7" testName="TestAddItemToManifest (Epub2,&quot;cover.jpg&quot;,&quot;cover-image&quot;,&quot;cover-id&quot;,&quot;epub2_properties_id.opf&quot;)" computerName="runnervm3ublj" duration="00:00:00.0003980" startTime="2025-09-27T02:14:33.6704470+00:00" endTime="2025-09-27T02:14:33.6709280+00:00" testType="13cdc9d9-ddb5-4fa4-a97d-d965ccfc6d4b" outcome="Passed" testListId="8c84fa94-04c1-424b-9868-57a2d4851a1d" relativeResultsDirectory="4508a3fa-1eb3-4978-aa51-03ac764ffc71" />
    <UnitTestResult executionId="c7ed8edd-dcb2-4259-bcc3-6f935bdbf248" testId="693b69fd-81f0-56fd-8f17-ee56b4f8d96d" testName="TestAddNavItem (Epub2)" computerName="runnervm3ublj" duration="00:00:00.0002565" startTime="2025-09-27T02:14:33.7278114+00:00" endTime="2025-09-27T02:14:33.7281287+00:00" testType="13cdc9d9-ddb5-4fa4-a97d-d965ccfc6d4b" outcome="Passed" testListId="8c84fa94-04c1-424b-9868-57a2d4851a1d" relativeResultsDirectory="c7ed8edd-dcb2-4259-bcc3-6f935bdbf248" />
    <UnitTestResult executionId="7dd40504-6d58-464e-b847-9979fe331886" testId="cec8e838-5451-2a86-db1e-5de14ad9804c" testName="TestAddDate (Epub2)" computerName="runnervm3ublj" duration="00:00:00.0002108" startTime="2025-09-27T02:14:33.7112711+00:00" endTime="2025-09-27T02:14:33.7115469+00:00" testType="13cdc9d9-ddb5-4fa4-a97d-d965ccfc6d4b" outcome="Passed" testListId="8c84fa94-04c1-424b-9868-57a2d4851a1d" relativeResultsDirectory="7dd40504-6d58-464e-b847-9979fe331886" />
    <UnitTestResult executionId="6bf0f227-f264-455e-a790-db460b131be5" testId="8d1ae0de-2769-faaf-9dcf-e6f047c0d5f3" testName="TestAddIdentifier (Epub2)" computerName="runnervm3ublj" duration="00:00:00.0002973" startTime="2025-09-27T02:14:33.7051985+00:00" endTime="2025-09-27T02:14:33.7055595+00:00" testType="13cdc9d9-ddb5-4fa4-a97d-d965ccfc6d4b" outcome="Passed" testListId="8c84fa94-04c1-424b-9868-57a2d4851a1d" relativeResultsDirectory="6bf0f227-f264-455e-a790-db460b131be5" />
    <UnitTestResult executionId="6b86af03-0716-4c52-8198-98d6fefec8ea" testId="d677c7f0-fd98-db4b-f256-9d5a40eeb450" testName="TestAddCreator (Epub3,[],&quot;epub3_no_roles.opf&quot;)" computerName="runnervm3ublj" duration="00:00:00.0005822" startTime="2025-09-27T02:14:33.7068866+00:00" endTime="2025-09-27T02:14:33.7075444+00:00" testType="13cdc9d9-ddb5-4fa4-a97d-d965ccfc6d4b" outcome="Passed" testListId="8c84fa94-04c1-424b-9868-57a2d4851a1d" relativeResultsDirectory="6b86af03-0716-4c52-8198-98d6fefec8ea" />
    <UnitTestResult executionId="26901c67-6ada-4ed3-8470-231c195abfcc" testId="7a57da21-2c80-e9d2-94b7-dd8b0bcca16a" testName="TestGetRelativePath (&quot;&quot;,&quot;a/b/c&quot;,&quot;../../..&quot;)" computerName="runnervm3ublj" duration="00:00:00.0000498" startTime="2025-09-27T02:14:33.6478636+00:00" endTime="2025-09-27T02:14:33.6479934+00:00" testType="13cdc9d9-ddb5-4fa4-a97d-d965ccfc6d4b" outcome="Passed" testListId="8c84fa94-04c1-424b-9868-57a2d4851a1d" relativeResultsDirectory="26901c67-6ada-4ed3-8470-231c195abfcc" />
    <UnitTestResult executionId="88b135d5-e8ac-4676-9bef-5a8fb8518caa" testId="fa860a25-9f76-25a8-9a76-b7824318caf2" testName="TestAddLeftToRight (Epub2,&quot;epub2_ltr.opf&quot;)" computerName="runnervm3ublj" duration="00:00:00.0002588" startTime="2025-09-27T02:14:33.7169586+00:00" endTime="2025-09-27T02:14:33.7172933+00:00" testType="13cdc9d9-ddb5-4fa4-a97d-d965ccfc6d4b" outcome="Passed" testListId="8c84fa94-04c1-424b-9868-57a2d4851a1d" relativeResultsDirectory="88b135d5-e8ac-4676-9bef-5a8fb8518caa" />
    <UnitTestResult executionId="be092f59-05dc-4072-83cf-a96735b89399" testId="713cc4f0-5833-4981-89c3-33f67d49e215" testName="TestAddLanguage (Epub2)" computerName="runnervm3ublj" duration="00:00:00.0001974" startTime="2025-09-27T02:14:33.7065995+00:00" endTime="2025-09-27T02:14:33.7068605+00:00" testType="13cdc9d9-ddb5-4fa4-a97d-d965ccfc6d4b" outcome="Passed" testListId="8c84fa94-04c1-424b-9868-57a2d4851a1d" relativeResultsDirectory="be092f59-05dc-4072-83cf-a96735b89399" />
    <UnitTestResult executionId="5f997afb-169f-49b1-b92d-2f405ffc07d8" testId="dfff1bb5-cf96-7b7e-3f4f-13e2e3d017dd" testName="TestAddIdentifier (Epub3)" computerName="runnervm3ublj" duration="00:00:00.0004542" startTime="2025-09-27T02:14:33.7046223+00:00" endTime="2025-09-27T02:14:33.7051716+00:00" testType="13cdc9d9-ddb5-4fa4-a97d-d965ccfc6d4b" outcome="Passed" testListId="8c84fa94-04c1-424b-9868-57a2d4851a1d" relativeResultsDirectory="5f997afb-169f-49b1-b92d-2f405ffc07d8" />
    <UnitTestResult executionId="fa647652-8f8d-438b-9232-81f43e9967ba" testId="924b8454-c381-318c-99e1-35856fc01e42" testName="TestAddItemToSpine (Epub2,&quot;page-spread-left&quot;,&quot;epub2_properties.opf&quot;)" computerName="runnervm3ublj" duration="00:00:00.0003027" startTime="2025-09-27T02:14:33.7143398+00:00" endTime="2025-09-27T02:14:33.7147080+00:00" testType="13cdc9d9-ddb5-4fa4-a97d-d965ccfc6d4b" outcome="Passed" testListId="8c84fa94-04c1-424b-9868-57a2d4851a1d" relativeResultsDirectory="fa647652-8f8d-438b-9232-81f43e9967ba" />
    <UnitTestResult executionId="6ee8ecc6-8964-4e5b-9cf0-07d72b2d2388" testId="7ed02f36-99bd-274e-cd45-ccc89d20d5b7" testName="TestGetRelativePath (&quot;a/b/c&quot;,&quot;a/b/d&quot;,&quot;../c&quot;)" computerName="runnervm3ublj" duration="00:00:00.0004306" startTime="2025-09-27T02:14:33.6466222+00:00" endTime="2025-09-27T02:14:33.6475022+00:00" testType="13cdc9d9-ddb5-4fa4-a97d-d965ccfc6d4b" outcome="Passed" testListId="8c84fa94-04c1-424b-9868-57a2d4851a1d" relativeResultsDirectory="6ee8ecc6-8964-4e5b-9cf0-07d72b2d2388" />
    <UnitTestResult executionId="0a70baff-716a-4061-9bf4-557daec9623d" testId="f188e44f-a366-01fc-679d-e6a774f27a0b" testName="TestAddReferenceToGuide (Epub2)" computerName="runnervm3ublj" duration="00:00:00.0004046" startTime="2025-09-27T02:14:33.6687097+00:00" endTime="2025-09-27T02:14:33.6691852+00:00" testType="13cdc9d9-ddb5-4fa4-a97d-d965ccfc6d4b" outcome="Passed" testListId="8c84fa94-04c1-424b-9868-57a2d4851a1d" relativeResultsDirectory="0a70baff-716a-4061-9bf4-557daec9623d" />
    <UnitTestResult executionId="1082c43d-71b8-4c19-a13d-e92d1f6c0679" testId="8a1e305d-837e-e2ab-0677-efc86659bf91" testName="TestGetContainerXmlDocument (Epub3)" computerName="runnervm3ublj" duration="00:00:00.0003953" startTime="2025-09-27T02:14:33.7281559+00:00" endTime="2025-09-27T02:14:33.7286352+00:00" testType="13cdc9d9-ddb5-4fa4-a97d-d965ccfc6d4b" outcome="Passed" testListId="8c84fa94-04c1-424b-9868-57a2d4851a1d" relativeResultsDirectory="1082c43d-71b8-4c19-a13d-e92d1f6c0679" />
    <UnitTestResult executionId="e9a49778-6f51-4798-ba14-fe80019632b8" testId="a1bdf61b-cabc-642a-7abf-89a752dec9e4" testName="TestAddItemToManifest (Epub2,&quot;cover.jpg&quot;,null,null,&quot;epub2_noproperties_noid.opf&quot;)" computerName="runnervm3ublj" duration="00:00:00.0000947" startTime="2025-09-27T02:14:33.7044350+00:00" endTime="2025-09-27T02:14:33.7045977+00:00" testType="13cdc9d9-ddb5-4fa4-a97d-d965ccfc6d4b" outcome="Passed" testListId="8c84fa94-04c1-424b-9868-57a2d4851a1d" relativeResultsDirectory="e9a49778-6f51-4798-ba14-fe80019632b8" />
    <UnitTestResult executionId="0019c06a-c16c-44bf-9abc-bd8a6fec5b08" testId="10c6e40c-daca-4950-6019-a3a7ec88eb82" testName="TestAddIdentifier (Epub3)" computerName="runnervm3ublj" duration="00:00:00.0003904" startTime="2025-09-27T02:14:33.7222147+00:00" endTime="2025-09-27T02:14:33.7226908+00:00" testType="13cdc9d9-ddb5-4fa4-a97d-d965ccfc6d4b" outcome="Passed" testListId="8c84fa94-04c1-424b-9868-57a2d4851a1d" relativeResultsDirectory="0019c06a-c16c-44bf-9abc-bd8a6fec5b08" />
    <UnitTestResult executionId="7f1cdf14-6367-4193-9f53-67660f63772c" testId="78e4846a-98ff-e3e6-be1b-f68ce6653ef7" testName="TestAddCreator (Epub2,[&quot;aut&quot;],&quot;epub2_one_role.opf&quot;)" computerName="runnervm3ublj" duration="00:00:00.0000990" startTime="2025-09-27T02:14:33.7098551+00:00" endTime="2025-09-27T02:14:33.7100144+00:00" testType="13cdc9d9-ddb5-4fa4-a97d-d965ccfc6d4b" outcome="Passed" testListId="8c84fa94-04c1-424b-9868-57a2d4851a1d" relativeResultsDirectory="7f1cdf14-6367-4193-9f53-67660f63772c" />
    <UnitTestResult executionId="eeafd8b1-f483-4202-bc25-8da788041a6b" testId="265f5716-a8e8-4a3d-7578-667e80e2b50e" testName="TestAddLanguage (Epub3)" computerName="runnervm3ublj" duration="00:00:00.0002118" startTime="2025-09-27T02:14:33.7062912+00:00" endTime="2025-09-27T02:14:33.7065620+00:00" testType="13cdc9d9-ddb5-4fa4-a97d-d965ccfc6d4b" outcome="Passed" testListId="8c84fa94-04c1-424b-9868-57a2d4851a1d" relativeResultsDirectory="eeafd8b1-f483-4202-bc25-8da788041a6b" />
    <UnitTestResult executionId="cafa7985-d0ba-4cf8-9c38-2fb16b96b3de" testId="3f9f394b-3398-3cc3-37cc-56417e5a89b6" testName="TestAddCreator (Epub3,[&quot;aut&quot;,&quot;ill&quot;],&quot;epub3_two_roles.opf&quot;)" computerName="runnervm3ublj" duration="00:00:00.0000944" startTime="2025-09-27T02:14:33.7100434+00:00" endTime="2025-09-27T02:14:33.7102184+00:00" testType="13cdc9d9-ddb5-4fa4-a97d-d965ccfc6d4b" outcome="Passed" testListId="8c84fa94-04c1-424b-9868-57a2d4851a1d" relativeResultsDirectory="cafa7985-d0ba-4cf8-9c38-2fb16b96b3de" />
    <UnitTestResult executionId="7e075dbb-be84-4ec4-9334-05bf082d8525" testId="c721fbc4-4b7f-c0df-d55e-177b347e9a92" testName="TestAddCreator (Epub3,[&quot;aut&quot;],&quot;epub3_one_role.opf&quot;)" computerName="runnervm3ublj" duration="00:00:00.0000987" startTime="2025-09-27T02:14:33.7096630+00:00" endTime="2025-09-27T02:14:33.7098272+00:00" testType="13cdc9d9-ddb5-4fa4-a97d-d965ccfc6d4b" outcome="Passed" testListId="8c84fa94-04c1-424b-9868-57a2d4851a1d" relativeResultsDirectory="7e075dbb-be84-4ec4-9334-05bf082d8525" />
    <UnitTestResult executionId="ad049290-9e16-470c-b904-82a4df923abd" testId="99a6b07e-6c4a-175c-f49d-3d815f9e4c5a" testName="TestAddItemToSpine (Epub2,null,&quot;epub2_noproperties.opf&quot;)" computerName="runnervm3ublj" duration="00:00:00.0000839" startTime="2025-09-27T02:14:33.7149068+00:00" endTime="2025-09-27T02:14:33.7150544+00:00" testType="13cdc9d9-ddb5-4fa4-a97d-d965ccfc6d4b" outcome="Passed" testListId="8c84fa94-04c1-424b-9868-57a2d4851a1d" relativeResultsDirectory="ad049290-9e16-470c-b904-82a4df923abd" />
    <UnitTestResult executionId="d1ec2534-1440-4dfa-a91c-509a62d04f56" testId="9df8c1b1-aaf4-5545-12dd-5ce8d49b25cf" testName="TestAddPrePaginated (Epub3)" computerName="runnervm3ublj" duration="00:00:00.0002720" startTime="2025-09-27T02:14:33.7115733+00:00" endTime="2025-09-27T02:14:33.7119044+00:00" testType="13cdc9d9-ddb5-4fa4-a97d-d965ccfc6d4b" outcome="Passed" testListId="8c84fa94-04c1-424b-9868-57a2d4851a1d" relativeResultsDirectory="d1ec2534-1440-4dfa-a91c-509a62d04f56" />
    <UnitTestResult executionId="be1d5024-534f-4061-b667-e55dc80c15a3" testId="b3961dcc-7a38-2113-9639-b9147b073687" testName="TestAddTitle (Epub2)" computerName="runnervm3ublj" duration="00:00:00.0002266" startTime="2025-09-27T02:14:33.7059731+00:00" endTime="2025-09-27T02:14:33.7062645+00:00" testType="13cdc9d9-ddb5-4fa4-a97d-d965ccfc6d4b" outcome="Passed" testListId="8c84fa94-04c1-424b-9868-57a2d4851a1d" relativeResultsDirectory="be1d5024-534f-4061-b667-e55dc80c15a3" />
    <UnitTestResult executionId="280eefc2-7189-4736-b9fe-cc29b6540a37" testId="de5c320f-e3e6-6348-70fb-6545025c4cd1" testName="TestAddItemToLandmarks (Epub2)" computerName="runnervm3ublj" duration="00:00:00.0002415" startTime="2025-09-27T02:14:33.7218805+00:00" endTime="2025-09-27T02:14:33.7221823+00:00" testType="13cdc9d9-ddb5-4fa4-a97d-d965ccfc6d4b" outcome="Passed" testListId="8c84fa94-04c1-424b-9868-57a2d4851a1d" relativeResultsDirectory="280eefc2-7189-4736-b9fe-cc29b6540a37" />
    <UnitTestResult executionId="745984e7-4cfa-4711-b8dd-032136fc613a" testId="8c9e771c-c83f-550a-cb50-0b2a7179104c" testName="TestAddItemToSpine (Epub3,&quot;page-spread-left&quot;,&quot;epub3_properties.opf&quot;)" computerName="runnervm3ublj" duration="00:00:00.0003184" startTime="2025-09-27T02:14:33.7138942+00:00" endTime="2025-09-27T02:14:33.7143026+00:00" testType="13cdc9d9-ddb5-4fa4-a97d-d965ccfc6d4b" outcome="Passed" testListId="8c84fa94-04c1-424b-9868-57a2d4851a1d" relativeResultsDirectory="745984e7-4cfa-4711-b8dd-032136fc613a" />
    <UnitTestResult executionId="361de18a-76fc-4984-bdc1-c966563013f3" testId="5a4b4514-f7a8-ec80-0b2e-cc4f1e3225c9" testName="TestAddItemToLandmarks (Epub3)" computerName="runnervm3ublj" duration="00:00:00.0004229" startTime="2025-09-27T02:14:33.7213649+00:00" endTime="2025-09-27T02:14:33.7218483+00:00" testType="13cdc9d9-ddb5-4fa4-a97d-d965ccfc6d4b" outcome="Passed" testListId="8c84fa94-04c1-424b-9868-57a2d4851a1d" relativeResultsDirectory="361de18a-76fc-4984-bdc1-c966563013f3" />
    <UnitTestResult executionId="e8f40795-4e82-46f1-ae49-9e404cc31c51" testId="b9126755-0e48-3338-5d7f-d91de59b1147" testName="TestAddModified (Epub2)" computerName="runnervm3ublj" duration="00:00:00.0001995" startTime="2025-09-27T02:14:33.7136042+00:00" endTime="2025-09-27T02:14:33.7138637+00:00" testType="13cdc9d9-ddb5-4fa4-a97d-d965ccfc6d4b" outcome="Passed" testListId="8c84fa94-04c1-424b-9868-57a2d4851a1d" relativeResultsDirectory="e8f40795-4e82-46f1-ae49-9e404cc31c51" />
    <UnitTestResult executionId="355d71cf-ee39-4f9f-bab4-eb53b27087bd" testId="b00da7e2-1034-9a94-bdb6-4d0dec2ca4dd" testName="TestAddLeftToRight (Epub3,&quot;epub3_ltr.opf&quot;)" computerName="runnervm3ublj" duration="00:00:00.0002030" startTime="2025-09-27T02:14:33.7156821+00:00" endTime="2025-09-27T02:14:33.7159460+00:00" testType="13cdc9d9-ddb5-4fa4-a97d-d965ccfc6d4b" outcome="Passed" testListId="8c84fa94-04c1-424b-9868-57a2d4851a1d" relativeResultsDirectory="355d71cf-ee39-4f9f-bab4-eb53b27087bd" />
    <UnitTestResult executionId="2c4589e0-89c1-4748-91e4-3b5bc73198fe" testId="04965b1d-7fcd-a172-3bd8-f962f6396ef1" testName="TestAddNavItem (Epub3)" computerName="runnervm3ublj" duration="00:00:00.0027878" startTime="2025-09-27T02:14:33.7249280+00:00" endTime="2025-09-27T02:14:33.7277764+00:00" testType="13cdc9d9-ddb5-4fa4-a97d-d965ccfc6d4b" outcome="Passed" testListId="8c84fa94-04c1-424b-9868-57a2d4851a1d" relativeResultsDirectory="2c4589e0-89c1-4748-91e4-3b5bc73198fe" />
    <UnitTestResult executionId="4e7943e4-233e-4cf6-aca4-4adc76c0aa20" testId="ccd4c932-333c-882b-c126-06d1ad778550" testName="TestAddItemToManifest (Epub3,&quot;cover.jpg&quot;,&quot;cover-image&quot;,&quot;cover-id&quot;,&quot;epub3_properties_id.opf&quot;)" computerName="runnervm3ublj" duration="00:00:00.0010934" startTime="2025-09-27T02:14:33.6692165+00:00" endTime="2025-09-27T02:14:33.6704159+00:00" testType="13cdc9d9-ddb5-4fa4-a97d-d965ccfc6d4b" outcome="Passed" testListId="8c84fa94-04c1-424b-9868-57a2d4851a1d" relativeResultsDirectory="4e7943e4-233e-4cf6-aca4-4adc76c0aa20" />
    <UnitTestResult executionId="ca1b2ee2-1c35-440d-94ab-788f92bbdcef" testId="40fccafb-603f-db2e-52f5-0e6854d614d2" testName="TestAddRightToLeft (Epub2,&quot;epub2_rtl.opf&quot;)" computerName="runnervm3ublj" duration="00:00:00.0002392" startTime="2025-09-27T02:14:33.7177084+00:00" endTime="2025-09-27T02:14:33.7180226+00:00" testType="13cdc9d9-ddb5-4fa4-a97d-d965ccfc6d4b" outcome="Passed" testListId="8c84fa94-04c1-424b-9868-57a2d4851a1d" relativeResultsDirectory="ca1b2ee2-1c35-440d-94ab-788f92bbdcef" />
    <UnitTestResult executionId="a8b19776-b841-4ad7-b7f4-729e5ab0f79c" testId="e4cbb751-c512-8650-1a17-2e8ac57a05f2" testName="TestAddModified (Epub3)" computerName="runnervm3ublj" duration="00:00:00.0002828" startTime="2025-09-27T02:14:33.7132201+00:00" endTime="2025-09-27T02:14:33.7135778+00:00" testType="13cdc9d9-ddb5-4fa4-a97d-d965ccfc6d4b" outcome="Passed" testListId="8c84fa94-04c1-424b-9868-57a2d4851a1d" relativeResultsDirectory="a8b19776-b841-4ad7-b7f4-729e5ab0f79c" />
    <UnitTestResult executionId="3c242358-029a-4c73-a328-63599a5171e5" testId="89814799-e32a-55bb-8345-b24b3f8784f3" testName="TestAddRightToLeft (Epub3,&quot;epub3_rtl.opf&quot;)" computerName="runnervm3ublj" duration="00:00:00.0002412" startTime="2025-09-27T02:14:33.7173297+00:00" endTime="2025-09-27T02:14:33.7176755+00:00" testType="13cdc9d9-ddb5-4fa4-a97d-d965ccfc6d4b" outcome="Passed" testListId="8c84fa94-04c1-424b-9868-57a2d4851a1d" relativeResultsDirectory="3c242358-029a-4c73-a328-63599a5171e5" />
    <UnitTestResult executionId="74637b27-3c04-433e-9900-8b5cac6db107" testId="5d4d5230-0e25-87c0-4af6-2de9a7c4c4a1" testName="TestAddTitle (Epub2)" computerName="runnervm3ublj" duration="00:00:00.0002329" startTime="2025-09-27T02:14:33.7245720+00:00" endTime="2025-09-27T02:14:33.7249007+00:00" testType="13cdc9d9-ddb5-4fa4-a97d-d965ccfc6d4b" outcome="Passed" testListId="8c84fa94-04c1-424b-9868-57a2d4851a1d" relativeResultsDirectory="74637b27-3c04-433e-9900-8b5cac6db107" />
    <UnitTestResult executionId="b733fc60-c09d-48a9-be27-40bec79a5541" testId="59a57370-8637-253e-de19-a484c9442cbd" testName="TestAddItemToSpine (Epub3,null,&quot;epub3_noproperties.opf&quot;)" computerName="runnervm3ublj" duration="00:00:00.0000803" startTime="2025-09-27T02:14:33.7147398+00:00" endTime="2025-09-27T02:14:33.7148827+00:00" testType="13cdc9d9-ddb5-4fa4-a97d-d965ccfc6d4b" outcome="Passed" testListId="8c84fa94-04c1-424b-9868-57a2d4851a1d" relativeResultsDirectory="b733fc60-c09d-48a9-be27-40bec79a5541" />
    <UnitTestResult executionId="70eae0b4-8452-403f-8c86-ab7b0d0d85ff" testId="923ce5c3-47e3-762e-26cf-77bd2c11edeb" testName="TestGetRelativePath (&quot;a/b/c&quot;,&quot;&quot;,&quot;a/b/c&quot;)" computerName="runnervm3ublj" duration="00:00:00.0000203" startTime="2025-09-27T02:14:33.6480228+00:00" endTime="2025-09-27T02:14:33.6481466+00:00" testType="13cdc9d9-ddb5-4fa4-a97d-d965ccfc6d4b" outcome="Passed" testListId="8c84fa94-04c1-424b-9868-57a2d4851a1d" relativeResultsDirectory="70eae0b4-8452-403f-8c86-ab7b0d0d85ff" />
    <UnitTestResult executionId="d6467c0d-3294-4ee7-8ce2-1f17a18859ee" testId="410eac8a-445b-ddc0-5763-81a3a18c8bb9" testName="TestGetRasterDocument (Epub3)" computerName="runnervm3ublj" duration="00:00:00.0007561" startTime="2025-09-27T02:14:33.7290824+00:00" endTime="2025-09-27T02:14:33.7299229+00:00" testType="13cdc9d9-ddb5-4fa4-a97d-d965ccfc6d4b" outcome="Passed" testListId="8c84fa94-04c1-424b-9868-57a2d4851a1d" relativeResultsDirectory="d6467c0d-3294-4ee7-8ce2-1f17a18859ee" />
    <UnitTestResult executionId="df038c68-44b3-482c-89d2-3601677c822e" testId="3f3cfbdc-7778-44fe-127e-9e051a2f1aa2" testName="TestAddNavItem (Epub2)" computerName="runnervm3ublj" duration="00:00:00.0009764" startTime="2025-09-27T02:14:33.7202909+00:00" endTime="2025-09-27T02:14:33.7213313+00:00" testType="13cdc9d9-ddb5-4fa4-a97d-d965ccfc6d4b" outcome="Passed" testListId="8c84fa94-04c1-424b-9868-57a2d4851a1d" relativeResultsDirectory="df038c68-44b3-482c-89d2-3601677c822e" />
    <UnitTestResult executionId="84c41e07-584e-415b-b144-4e0948cea4fc" testId="49fbec17-8a99-3521-2b8d-bc34471c898c" testName="TestAddPrePaginated (Epub2)" computerName="runnervm3ublj" duration="00:00:00.0002269" startTime="2025-09-27T02:14:33.7119425+00:00" endTime="2025-09-27T02:14:33.7122342+00:00" testType="13cdc9d9-ddb5-4fa4-a97d-d965ccfc6d4b" outcome="Passed" testListId="8c84fa94-04c1-424b-9868-57a2d4851a1d" relativeResultsDirectory="84c41e07-584e-415b-b144-4e0948cea4fc" />
  </Results>
  <TestDefinitions>
    <UnitTest name="TestAddTitle (Epub2)" storage="/home/runner/work/dotnet-monorepo/dotnet-monorepo/src/artifacts/bin/epubs.tests/release_linux-x64/epubs.tests.dll" id="b3961dcc-7a38-2113-9639-b9147b073687">
      <Execution id="be1d5024-534f-4061-b667-e55dc80c15a3" />
      <TestMethod codeBase="/home/runner/work/dotnet-monorepo/dotnet-monorepo/src/artifacts/bin/Epubs.Tests/release_linux-x64/Epubs.Tests.dll" adapterTypeName="executor://mstestadapter/v2" className="Epubs.Tests.WriterTests.PackageDocumentTests.MetadataTests" name="TestAddTitle" />
    </UnitTest>
    <UnitTest name="TestGetRelativePath (&quot;a/b/c&quot;,&quot;a/b/d&quot;,&quot;../c&quot;)" storage="/home/runner/work/dotnet-monorepo/dotnet-monorepo/src/artifacts/bin/epubs.tests/release_linux-x64/epubs.tests.dll" id="7ed02f36-99bd-274e-cd45-ccc89d20d5b7">
      <Execution id="6ee8ecc6-8964-4e5b-9cf0-07d72b2d2388" />
      <TestMethod codeBase="/home/runner/work/dotnet-monorepo/dotnet-monorepo/src/artifacts/bin/Epubs.Tests/release_linux-x64/Epubs.Tests.dll" adapterTypeName="executor://mstestadapter/v2" className="Epubs.Tests.EpubPathsTests" name="TestGetRelativePath" />
    </UnitTest>
    <UnitTest name="TestGetContainerXmlDocument (Epub2)" storage="/home/runner/work/dotnet-monorepo/dotnet-monorepo/src/artifacts/bin/epubs.tests/release_linux-x64/epubs.tests.dll" id="4560ec12-e47b-78e1-23c7-f98e322348ee">
      <Execution id="d82e5983-a981-4d2b-871f-6398428fd3fd" />
      <TestMethod codeBase="/home/runner/work/dotnet-monorepo/dotnet-monorepo/src/artifacts/bin/Epubs.Tests/release_linux-x64/Epubs.Tests.dll" adapterTypeName="executor://mstestadapter/v2" className="Epubs.Tests.WriterTests.MetaInfTests.ContainerXmlTests" name="TestGetContainerXmlDocument" />
    </UnitTest>
    <UnitTest name="TestAddTitle (Epub2)" storage="/home/runner/work/dotnet-monorepo/dotnet-monorepo/src/artifacts/bin/epubs.tests/release_linux-x64/epubs.tests.dll" id="5d4d5230-0e25-87c0-4af6-2de9a7c4c4a1">
      <Execution id="74637b27-3c04-433e-9900-8b5cac6db107" />
      <TestMethod codeBase="/home/runner/work/dotnet-monorepo/dotnet-monorepo/src/artifacts/bin/Epubs.Tests/release_linux-x64/Epubs.Tests.dll" adapterTypeName="executor://mstestadapter/v2" className="Epubs.Tests.WriterTests.NavigationTests.NcxTests" name="TestAddTitle" />
    </UnitTest>
    <UnitTest name="TestAddItemToSpine (Epub2,null,&quot;epub2_noproperties.opf&quot;)" storage="/home/runner/work/dotnet-monorepo/dotnet-monorepo/src/artifacts/bin/epubs.tests/release_linux-x64/epubs.tests.dll" id="99a6b07e-6c4a-175c-f49d-3d815f9e4c5a">
      <Execution id="ad049290-9e16-470c-b904-82a4df923abd" />
      <TestMethod codeBase="/home/runner/work/dotnet-monorepo/dotnet-monorepo/src/artifacts/bin/Epubs.Tests/release_linux-x64/Epubs.Tests.dll" adapterTypeName="executor://mstestadapter/v2" className="Epubs.Tests.WriterTests.PackageDocumentTests.SpineTests" name="TestAddItemToSpine" />
    </UnitTest>
    <UnitTest name="TestGetRasterDocument (Epub3)" storage="/home/runner/work/dotnet-monorepo/dotnet-monorepo/src/artifacts/bin/epubs.tests/release_linux-x64/epubs.tests.dll" id="410eac8a-445b-ddc0-5763-81a3a18c8bb9">
      <Execution id="d6467c0d-3294-4ee7-8ce2-1f17a18859ee" />
      <TestMethod codeBase="/home/runner/work/dotnet-monorepo/dotnet-monorepo/src/artifacts/bin/Epubs.Tests/release_linux-x64/Epubs.Tests.dll" adapterTypeName="executor://mstestadapter/v2" className="Epubs.Tests.WriterTests.CoverXhtmlTests.RasterTests" name="TestGetRasterDocument" />
    </UnitTest>
    <UnitTest name="TestAddItemToManifest (Epub2,&quot;cover.jpg&quot;,null,null,&quot;epub2_noproperties_noid.opf&quot;)" storage="/home/runner/work/dotnet-monorepo/dotnet-monorepo/src/artifacts/bin/epubs.tests/release_linux-x64/epubs.tests.dll" id="a1bdf61b-cabc-642a-7abf-89a752dec9e4">
      <Execution id="e9a49778-6f51-4798-ba14-fe80019632b8" />
      <TestMethod codeBase="/home/runner/work/dotnet-monorepo/dotnet-monorepo/src/artifacts/bin/Epubs.Tests/release_linux-x64/Epubs.Tests.dll" adapterTypeName="executor://mstestadapter/v2" className="Epubs.Tests.WriterTests.PackageDocumentTests.ManifestTests" name="TestAddItemToManifest" />
    </UnitTest>
    <UnitTest name="TestAddIdentifier (Epub2)" storage="/home/runner/work/dotnet-monorepo/dotnet-monorepo/src/artifacts/bin/epubs.tests/release_linux-x64/epubs.tests.dll" id="8d1ae0de-2769-faaf-9dcf-e6f047c0d5f3">
      <Execution id="6bf0f227-f264-455e-a790-db460b131be5" />
      <TestMethod codeBase="/home/runner/work/dotnet-monorepo/dotnet-monorepo/src/artifacts/bin/Epubs.Tests/release_linux-x64/Epubs.Tests.dll" adapterTypeName="executor://mstestadapter/v2" className="Epubs.Tests.WriterTests.PackageDocumentTests.MetadataTests" name="TestAddIdentifier" />
    </UnitTest>
    <UnitTest name="TestAddItemToManifest (Epub3,&quot;cover.jpg&quot;,null,null,&quot;epub3_noproperties_noid.opf&quot;)" storage="/home/runner/work/dotnet-monorepo/dotnet-monorepo/src/artifacts/bin/epubs.tests/release_linux-x64/epubs.tests.dll" id="1994ae24-05cd-3449-cbf7-9654aa01ed73">
      <Execution id="29d22882-a814-4641-abb2-0830c6453175" />
      <TestMethod codeBase="/home/runner/work/dotnet-monorepo/dotnet-monorepo/src/artifacts/bin/Epubs.Tests/release_linux-x64/Epubs.Tests.dll" adapterTypeName="executor://mstestadapter/v2" className="Epubs.Tests.WriterTests.PackageDocumentTests.ManifestTests" name="TestAddItemToManifest" />
    </UnitTest>
    <UnitTest name="TestAddCreator (Epub2,[&quot;aut&quot;],&quot;epub2_one_role.opf&quot;)" storage="/home/runner/work/dotnet-monorepo/dotnet-monorepo/src/artifacts/bin/epubs.tests/release_linux-x64/epubs.tests.dll" id="78e4846a-98ff-e3e6-be1b-f68ce6653ef7">
      <Execution id="7f1cdf14-6367-4193-9f53-67660f63772c" />
      <TestMethod codeBase="/home/runner/work/dotnet-monorepo/dotnet-monorepo/src/artifacts/bin/Epubs.Tests/release_linux-x64/Epubs.Tests.dll" adapterTypeName="executor://mstestadapter/v2" className="Epubs.Tests.WriterTests.PackageDocumentTests.MetadataTests" name="TestAddCreator" />
    </UnitTest>
    <UnitTest name="TestGetRelativePath (&quot;&quot;,&quot;a/b/c&quot;,&quot;../../..&quot;)" storage="/home/runner/work/dotnet-monorepo/dotnet-monorepo/src/artifacts/bin/epubs.tests/release_linux-x64/epubs.tests.dll" id="7a57da21-2c80-e9d2-94b7-dd8b0bcca16a">
      <Execution id="26901c67-6ada-4ed3-8470-231c195abfcc" />
      <TestMethod codeBase="/home/runner/work/dotnet-monorepo/dotnet-monorepo/src/artifacts/bin/Epubs.Tests/release_linux-x64/Epubs.Tests.dll" adapterTypeName="executor://mstestadapter/v2" className="Epubs.Tests.EpubPathsTests" name="TestGetRelativePath" />
    </UnitTest>
    <UnitTest name="TestAddItemToSpine (Epub2,&quot;page-spread-left&quot;,&quot;epub2_properties.opf&quot;)" storage="/home/runner/work/dotnet-monorepo/dotnet-monorepo/src/artifacts/bin/epubs.tests/release_linux-x64/epubs.tests.dll" id="924b8454-c381-318c-99e1-35856fc01e42">
      <Execution id="fa647652-8f8d-438b-9232-81f43e9967ba" />
      <TestMethod codeBase="/home/runner/work/dotnet-monorepo/dotnet-monorepo/src/artifacts/bin/Epubs.Tests/release_linux-x64/Epubs.Tests.dll" adapterTypeName="executor://mstestadapter/v2" className="Epubs.Tests.WriterTests.PackageDocumentTests.SpineTests" name="TestAddItemToSpine" />
    </UnitTest>
    <UnitTest name="TestAddNavItem (Epub2)" storage="/home/runner/work/dotnet-monorepo/dotnet-monorepo/src/artifacts/bin/epubs.tests/release_linux-x64/epubs.tests.dll" id="3f3cfbdc-7778-44fe-127e-9e051a2f1aa2">
      <Execution id="df038c68-44b3-482c-89d2-3601677c822e" />
      <TestMethod codeBase="/home/runner/work/dotnet-monorepo/dotnet-monorepo/src/artifacts/bin/Epubs.Tests/release_linux-x64/Epubs.Tests.dll" adapterTypeName="executor://mstestadapter/v2" className="Epubs.Tests.WriterTests.NavigationTests.NavigationDocumentTests" name="TestAddNavItem" />
    </UnitTest>
    <UnitTest name="TestAddItemToSpine (Epub3,null,&quot;epub3_noproperties.opf&quot;)" storage="/home/runner/work/dotnet-monorepo/dotnet-monorepo/src/artifacts/bin/epubs.tests/release_linux-x64/epubs.tests.dll" id="59a57370-8637-253e-de19-a484c9442cbd">
      <Execution id="b733fc60-c09d-48a9-be27-40bec79a5541" />
      <TestMethod codeBase="/home/runner/work/dotnet-monorepo/dotnet-monorepo/src/artifacts/bin/Epubs.Tests/release_linux-x64/Epubs.Tests.dll" adapterTypeName="executor://mstestadapter/v2" className="Epubs.Tests.WriterTests.PackageDocumentTests.SpineTests" name="TestAddItemToSpine" />
    </UnitTest>
    <UnitTest name="TestGetRasterDocument (Epub2)" storage="/home/runner/work/dotnet-monorepo/dotnet-monorepo/src/artifacts/bin/epubs.tests/release_linux-x64/epubs.tests.dll" id="c70cdfcc-fe0e-0a22-3f91-3f78bf225323">
      <Execution id="38acae80-3a14-4bdd-b336-c81548806de2" />
      <TestMethod codeBase="/home/runner/work/dotnet-monorepo/dotnet-monorepo/src/artifacts/bin/Epubs.Tests/release_linux-x64/Epubs.Tests.dll" adapterTypeName="executor://mstestadapter/v2" className="Epubs.Tests.WriterTests.CoverXhtmlTests.RasterTests" name="TestGetRasterDocument" />
    </UnitTest>
    <UnitTest name="TestAddNavItem (Epub3)" storage="/home/runner/work/dotnet-monorepo/dotnet-monorepo/src/artifacts/bin/epubs.tests/release_linux-x64/epubs.tests.dll" id="c0800344-f0ec-fd64-7ee2-f71e18c8af14">
      <Execution id="12a170d1-6126-4ba3-a11a-88ecbe10a093" />
      <TestMethod codeBase="/home/runner/work/dotnet-monorepo/dotnet-monorepo/src/artifacts/bin/Epubs.Tests/release_linux-x64/Epubs.Tests.dll" adapterTypeName="executor://mstestadapter/v2" className="Epubs.Tests.WriterTests.NavigationTests.NavigationDocumentTests" name="TestAddNavItem" />
    </UnitTest>
    <UnitTest name="TestAddItemToSpine (Epub3,&quot;page-spread-left&quot;,&quot;epub3_properties.opf&quot;)" storage="/home/runner/work/dotnet-monorepo/dotnet-monorepo/src/artifacts/bin/epubs.tests/release_linux-x64/epubs.tests.dll" id="8c9e771c-c83f-550a-cb50-0b2a7179104c">
      <Execution id="745984e7-4cfa-4711-b8dd-032136fc613a" />
      <TestMethod codeBase="/home/runner/work/dotnet-monorepo/dotnet-monorepo/src/artifacts/bin/Epubs.Tests/release_linux-x64/Epubs.Tests.dll" adapterTypeName="executor://mstestadapter/v2" className="Epubs.Tests.WriterTests.PackageDocumentTests.SpineTests" name="TestAddItemToSpine" />
    </UnitTest>
    <UnitTest name="TestAddCreator (Epub3,[&quot;aut&quot;,&quot;ill&quot;],&quot;epub3_two_roles.opf&quot;)" storage="/home/runner/work/dotnet-monorepo/dotnet-monorepo/src/artifacts/bin/epubs.tests/release_linux-x64/epubs.tests.dll" id="3f9f394b-3398-3cc3-37cc-56417e5a89b6">
      <Execution id="cafa7985-d0ba-4cf8-9c38-2fb16b96b3de" />
      <TestMethod codeBase="/home/runner/work/dotnet-monorepo/dotnet-monorepo/src/artifacts/bin/Epubs.Tests/release_linux-x64/Epubs.Tests.dll" adapterTypeName="executor://mstestadapter/v2" className="Epubs.Tests.WriterTests.PackageDocumentTests.MetadataTests" name="TestAddCreator" />
    </UnitTest>
    <UnitTest name="TestAddItemToLandmarks (Epub3)" storage="/home/runner/work/dotnet-monorepo/dotnet-monorepo/src/artifacts/bin/epubs.tests/release_linux-x64/epubs.tests.dll" id="5a4b4514-f7a8-ec80-0b2e-cc4f1e3225c9">
      <Execution id="361de18a-76fc-4984-bdc1-c966563013f3" />
      <TestMethod codeBase="/home/runner/work/dotnet-monorepo/dotnet-monorepo/src/artifacts/bin/Epubs.Tests/release_linux-x64/Epubs.Tests.dll" adapterTypeName="executor://mstestadapter/v2" className="Epubs.Tests.WriterTests.NavigationTests.NavigationDocumentTests" name="TestAddItemToLandmarks" />
    </UnitTest>
    <UnitTest name="TestGetRelativePath (&quot;a/b/c&quot;,&quot;&quot;,&quot;a/b/c&quot;)" storage="/home/runner/work/dotnet-monorepo/dotnet-monorepo/src/artifacts/bin/epubs.tests/release_linux-x64/epubs.tests.dll" id="923ce5c3-47e3-762e-26cf-77bd2c11edeb">
      <Execution id="70eae0b4-8452-403f-8c86-ab7b0d0d85ff" />
      <TestMethod codeBase="/home/runner/work/dotnet-monorepo/dotnet-monorepo/src/artifacts/bin/Epubs.Tests/release_linux-x64/Epubs.Tests.dll" adapterTypeName="executor://mstestadapter/v2" className="Epubs.Tests.EpubPathsTests" name="TestGetRelativePath" />
    </UnitTest>
    <UnitTest name="TestAddModified (Epub2)" storage="/home/runner/work/dotnet-monorepo/dotnet-monorepo/src/artifacts/bin/epubs.tests/release_linux-x64/epubs.tests.dll" id="b9126755-0e48-3338-5d7f-d91de59b1147">
      <Execution id="e8f40795-4e82-46f1-ae49-9e404cc31c51" />
      <TestMethod codeBase="/home/runner/work/dotnet-monorepo/dotnet-monorepo/src/artifacts/bin/Epubs.Tests/release_linux-x64/Epubs.Tests.dll" adapterTypeName="executor://mstestadapter/v2" className="Epubs.Tests.WriterTests.PackageDocumentTests.MetadataTests" name="TestAddModified" />
    </UnitTest>
    <UnitTest name="TestAddIdentifier (Epub2)" storage="/home/runner/work/dotnet-monorepo/dotnet-monorepo/src/artifacts/bin/epubs.tests/release_linux-x64/epubs.tests.dll" id="594caead-0457-af95-78db-f11df6a0960a">
      <Execution id="2c31c399-3f62-43b2-84ff-c44a08e79bfa" />
      <TestMethod codeBase="/home/runner/work/dotnet-monorepo/dotnet-monorepo/src/artifacts/bin/Epubs.Tests/release_linux-x64/Epubs.Tests.dll" adapterTypeName="executor://mstestadapter/v2" className="Epubs.Tests.WriterTests.NavigationTests.NcxTests" name="TestAddIdentifier" />
    </UnitTest>
    <UnitTest name="TestAddNcx (Epub3,&quot;epub3_ncx.opf&quot;)" storage="/home/runner/work/dotnet-monorepo/dotnet-monorepo/src/artifacts/bin/epubs.tests/release_linux-x64/epubs.tests.dll" id="96bd8760-c7b7-81b8-4f89-ec6ccc94ca0b">
      <Execution id="1cdc9013-e895-4d7a-9bfe-3c32b62d1142" />
      <TestMethod codeBase="/home/runner/work/dotnet-monorepo/dotnet-monorepo/src/artifacts/bin/Epubs.Tests/release_linux-x64/Epubs.Tests.dll" adapterTypeName="executor://mstestadapter/v2" className="Epubs.Tests.WriterTests.PackageDocumentTests.SpineTests" name="TestAddNcx" />
    </UnitTest>
    <UnitTest name="TestAddLeftToRight (Epub3,&quot;epub3_ltr.opf&quot;)" storage="/home/runner/work/dotnet-monorepo/dotnet-monorepo/src/artifacts/bin/epubs.tests/release_linux-x64/epubs.tests.dll" id="b00da7e2-1034-9a94-bdb6-4d0dec2ca4dd">
      <Execution id="355d71cf-ee39-4f9f-bab4-eb53b27087bd" />
      <TestMethod codeBase="/home/runner/work/dotnet-monorepo/dotnet-monorepo/src/artifacts/bin/Epubs.Tests/release_linux-x64/Epubs.Tests.dll" adapterTypeName="executor://mstestadapter/v2" className="Epubs.Tests.WriterTests.PackageDocumentTests.SpineTests" name="TestAddLeftToRight" />
    </UnitTest>
    <UnitTest name="TestAddTitle (Epub3)" storage="/home/runner/work/dotnet-monorepo/dotnet-monorepo/src/artifacts/bin/epubs.tests/release_linux-x64/epubs.tests.dll" id="55b94eb4-b768-e9e6-66cb-0b4726f406c0">
      <Execution id="ef05002c-6a76-4f1a-87be-90e7afdcc6b8" />
      <TestMethod codeBase="/home/runner/work/dotnet-monorepo/dotnet-monorepo/src/artifacts/bin/Epubs.Tests/release_linux-x64/Epubs.Tests.dll" adapterTypeName="executor://mstestadapter/v2" className="Epubs.Tests.WriterTests.PackageDocumentTests.MetadataTests" name="TestAddTitle" />
    </UnitTest>
    <UnitTest name="TestAddIdentifier (Epub3)" storage="/home/runner/work/dotnet-monorepo/dotnet-monorepo/src/artifacts/bin/epubs.tests/release_linux-x64/epubs.tests.dll" id="dfff1bb5-cf96-7b7e-3f4f-13e2e3d017dd">
      <Execution id="5f997afb-169f-49b1-b92d-2f405ffc07d8" />
      <TestMethod codeBase="/home/runner/work/dotnet-monorepo/dotnet-monorepo/src/artifacts/bin/Epubs.Tests/release_linux-x64/Epubs.Tests.dll" adapterTypeName="executor://mstestadapter/v2" className="Epubs.Tests.WriterTests.PackageDocumentTests.MetadataTests" name="TestAddIdentifier" />
    </UnitTest>
    <UnitTest name="TestAddCreator (Epub3,[&quot;aut&quot;],&quot;epub3_one_role.opf&quot;)" storage="/home/runner/work/dotnet-monorepo/dotnet-monorepo/src/artifacts/bin/epubs.tests/release_linux-x64/epubs.tests.dll" id="c721fbc4-4b7f-c0df-d55e-177b347e9a92">
      <Execution id="7e075dbb-be84-4ec4-9334-05bf082d8525" />
      <TestMethod codeBase="/home/runner/work/dotnet-monorepo/dotnet-monorepo/src/artifacts/bin/Epubs.Tests/release_linux-x64/Epubs.Tests.dll" adapterTypeName="executor://mstestadapter/v2" className="Epubs.Tests.WriterTests.PackageDocumentTests.MetadataTests" name="TestAddCreator" />
    </UnitTest>
    <UnitTest name="TestAddDate (Epub2)" storage="/home/runner/work/dotnet-monorepo/dotnet-monorepo/src/artifacts/bin/epubs.tests/release_linux-x64/epubs.tests.dll" id="cec8e838-5451-2a86-db1e-5de14ad9804c">
      <Execution id="7dd40504-6d58-464e-b847-9979fe331886" />
      <TestMethod codeBase="/home/runner/work/dotnet-monorepo/dotnet-monorepo/src/artifacts/bin/Epubs.Tests/release_linux-x64/Epubs.Tests.dll" adapterTypeName="executor://mstestadapter/v2" className="Epubs.Tests.WriterTests.PackageDocumentTests.MetadataTests" name="TestAddDate" />
    </UnitTest>
    <UnitTest name="TestAddItemToManifest (Epub2,&quot;cover.jpg&quot;,&quot;cover-image&quot;,&quot;cover-id&quot;,&quot;epub2_properties_id.opf&quot;)" storage="/home/runner/work/dotnet-monorepo/dotnet-monorepo/src/artifacts/bin/epubs.tests/release_linux-x64/epubs.tests.dll" id="0979f8bb-ea3f-cc84-8b49-708bff499cd7">
      <Execution id="4508a3fa-1eb3-4978-aa51-03ac764ffc71" />
      <TestMethod codeBase="/home/runner/work/dotnet-monorepo/dotnet-monorepo/src/artifacts/bin/Epubs.Tests/release_linux-x64/Epubs.Tests.dll" adapterTypeName="executor://mstestadapter/v2" className="Epubs.Tests.WriterTests.PackageDocumentTests.ManifestTests" name="TestAddItemToManifest" />
    </UnitTest>
    <UnitTest name="TestGetRelativePath (&quot;a/b/c&quot;,&quot;a&quot;,&quot;b/c&quot;)" storage="/home/runner/work/dotnet-monorepo/dotnet-monorepo/src/artifacts/bin/epubs.tests/release_linux-x64/epubs.tests.dll" id="7e5e7204-e840-bd98-9687-6c3d3eed1135">
      <Execution id="8457b5e8-c25e-4c60-bbc0-4b9e5a53cdb9" />
      <TestMethod codeBase="/home/runner/work/dotnet-monorepo/dotnet-monorepo/src/artifacts/bin/Epubs.Tests/release_linux-x64/Epubs.Tests.dll" adapterTypeName="executor://mstestadapter/v2" className="Epubs.Tests.EpubPathsTests" name="TestGetRelativePath" />
    </UnitTest>
    <UnitTest name="TestGetRelativePath (&quot;a/b/c&quot;,&quot;b/c/d&quot;,&quot;../../../a/b/c&quot;)" storage="/home/runner/work/dotnet-monorepo/dotnet-monorepo/src/artifacts/bin/epubs.tests/release_linux-x64/epubs.tests.dll" id="bbc1160f-cf53-0bdf-0713-4d12e37c1ff1">
      <Execution id="4b74a081-aa5e-4cfb-8145-981891368e24" />
      <TestMethod codeBase="/home/runner/work/dotnet-monorepo/dotnet-monorepo/src/artifacts/bin/Epubs.Tests/release_linux-x64/Epubs.Tests.dll" adapterTypeName="executor://mstestadapter/v2" className="Epubs.Tests.EpubPathsTests" name="TestGetRelativePath" />
    </UnitTest>
    <UnitTest name="TestAddRightToLeft (Epub2,&quot;epub2_rtl.opf&quot;)" storage="/home/runner/work/dotnet-monorepo/dotnet-monorepo/src/artifacts/bin/epubs.tests/release_linux-x64/epubs.tests.dll" id="40fccafb-603f-db2e-52f5-0e6854d614d2">
      <Execution id="ca1b2ee2-1c35-440d-94ab-788f92bbdcef" />
      <TestMethod codeBase="/home/runner/work/dotnet-monorepo/dotnet-monorepo/src/artifacts/bin/Epubs.Tests/release_linux-x64/Epubs.Tests.dll" adapterTypeName="executor://mstestadapter/v2" className="Epubs.Tests.WriterTests.PackageDocumentTests.SpineTests" name="TestAddRightToLeft" />
    </UnitTest>
    <UnitTest name="TestAddIdentifier (Epub3)" storage="/home/runner/work/dotnet-monorepo/dotnet-monorepo/src/artifacts/bin/epubs.tests/release_linux-x64/epubs.tests.dll" id="10c6e40c-daca-4950-6019-a3a7ec88eb82">
      <Execution id="0019c06a-c16c-44bf-9abc-bd8a6fec5b08" />
      <TestMethod codeBase="/home/runner/work/dotnet-monorepo/dotnet-monorepo/src/artifacts/bin/Epubs.Tests/release_linux-x64/Epubs.Tests.dll" adapterTypeName="executor://mstestadapter/v2" className="Epubs.Tests.WriterTests.NavigationTests.NcxTests" name="TestAddIdentifier" />
    </UnitTest>
    <UnitTest name="TestAddDate (Epub3)" storage="/home/runner/work/dotnet-monorepo/dotnet-monorepo/src/artifacts/bin/epubs.tests/release_linux-x64/epubs.tests.dll" id="6191621d-615a-32f8-fd79-90783c02b94b">
      <Execution id="cb2f07d7-504e-489d-83aa-cce0ae851ec4" />
      <TestMethod codeBase="/home/runner/work/dotnet-monorepo/dotnet-monorepo/src/artifacts/bin/Epubs.Tests/release_linux-x64/Epubs.Tests.dll" adapterTypeName="executor://mstestadapter/v2" className="Epubs.Tests.WriterTests.PackageDocumentTests.MetadataTests" name="TestAddDate" />
    </UnitTest>
    <UnitTest name="TestAddReferenceToGuide (Epub3)" storage="/home/runner/work/dotnet-monorepo/dotnet-monorepo/src/artifacts/bin/epubs.tests/release_linux-x64/epubs.tests.dll" id="44da78d8-904e-d616-f174-2b6a9767cdcb">
      <Execution id="ea28d34f-a4f7-475d-b9c3-4feeddf4836c" />
      <TestMethod codeBase="/home/runner/work/dotnet-monorepo/dotnet-monorepo/src/artifacts/bin/Epubs.Tests/release_linux-x64/Epubs.Tests.dll" adapterTypeName="executor://mstestadapter/v2" className="Epubs.Tests.WriterTests.PackageDocumentTests.GuideTests" name="TestAddReferenceToGuide" />
    </UnitTest>
    <UnitTest name="TestAddPrePaginated (Epub2)" storage="/home/runner/work/dotnet-monorepo/dotnet-monorepo/src/artifacts/bin/epubs.tests/release_linux-x64/epubs.tests.dll" id="49fbec17-8a99-3521-2b8d-bc34471c898c">
      <Execution id="84c41e07-584e-415b-b144-4e0948cea4fc" />
      <TestMethod codeBase="/home/runner/work/dotnet-monorepo/dotnet-monorepo/src/artifacts/bin/Epubs.Tests/release_linux-x64/Epubs.Tests.dll" adapterTypeName="executor://mstestadapter/v2" className="Epubs.Tests.WriterTests.PackageDocumentTests.MetadataTests" name="TestAddPrePaginated" />
    </UnitTest>
    <UnitTest name="TestAddReferenceToGuide (Epub2)" storage="/home/runner/work/dotnet-monorepo/dotnet-monorepo/src/artifacts/bin/epubs.tests/release_linux-x64/epubs.tests.dll" id="f188e44f-a366-01fc-679d-e6a774f27a0b">
      <Execution id="0a70baff-716a-4061-9bf4-557daec9623d" />
      <TestMethod codeBase="/home/runner/work/dotnet-monorepo/dotnet-monorepo/src/artifacts/bin/Epubs.Tests/release_linux-x64/Epubs.Tests.dll" adapterTypeName="executor://mstestadapter/v2" className="Epubs.Tests.WriterTests.PackageDocumentTests.GuideTests" name="TestAddReferenceToGuide" />
    </UnitTest>
    <UnitTest name="TestAddLeftToRight (Epub2,&quot;epub2_ltr.opf&quot;)" storage="/home/runner/work/dotnet-monorepo/dotnet-monorepo/src/artifacts/bin/epubs.tests/release_linux-x64/epubs.tests.dll" id="fa860a25-9f76-25a8-9a76-b7824318caf2">
      <Execution id="88b135d5-e8ac-4676-9bef-5a8fb8518caa" />
      <TestMethod codeBase="/home/runner/work/dotnet-monorepo/dotnet-monorepo/src/artifacts/bin/Epubs.Tests/release_linux-x64/Epubs.Tests.dll" adapterTypeName="executor://mstestadapter/v2" className="Epubs.Tests.WriterTests.PackageDocumentTests.SpineTests" name="TestAddLeftToRight" />
    </UnitTest>
    <UnitTest name="TestAddTitle (Epub3)" storage="/home/runner/work/dotnet-monorepo/dotnet-monorepo/src/artifacts/bin/epubs.tests/release_linux-x64/epubs.tests.dll" id="e0b26bfd-5e10-47a7-5708-ed4ae0f6f17a">
      <Execution id="0743dc14-2489-44e0-8afc-492b7b75b41c" />
      <TestMethod codeBase="/home/runner/work/dotnet-monorepo/dotnet-monorepo/src/artifacts/bin/Epubs.Tests/release_linux-x64/Epubs.Tests.dll" adapterTypeName="executor://mstestadapter/v2" className="Epubs.Tests.WriterTests.NavigationTests.NcxTests" name="TestAddTitle" />
    </UnitTest>
    <UnitTest name="TestAddCreator (Epub2,[],&quot;epub2_no_roles.opf&quot;)" storage="/home/runner/work/dotnet-monorepo/dotnet-monorepo/src/artifacts/bin/epubs.tests/release_linux-x64/epubs.tests.dll" id="415fc078-5627-2006-e301-3bb2cb96ae2b">
      <Execution id="5f8b6bb2-1992-435a-85f4-d56b4895113a" />
      <TestMethod codeBase="/home/runner/work/dotnet-monorepo/dotnet-monorepo/src/artifacts/bin/Epubs.Tests/release_linux-x64/Epubs.Tests.dll" adapterTypeName="executor://mstestadapter/v2" className="Epubs.Tests.WriterTests.PackageDocumentTests.MetadataTests" name="TestAddCreator" />
    </UnitTest>
    <UnitTest name="TestAddItemToManifest (Epub3,&quot;cover.jpg&quot;,&quot;cover-image&quot;,&quot;cover-id&quot;,&quot;epub3_properties_id.opf&quot;)" storage="/home/runner/work/dotnet-monorepo/dotnet-monorepo/src/artifacts/bin/epubs.tests/release_linux-x64/epubs.tests.dll" id="ccd4c932-333c-882b-c126-06d1ad778550">
      <Execution id="4e7943e4-233e-4cf6-aca4-4adc76c0aa20" />
      <TestMethod codeBase="/home/runner/work/dotnet-monorepo/dotnet-monorepo/src/artifacts/bin/Epubs.Tests/release_linux-x64/Epubs.Tests.dll" adapterTypeName="executor://mstestadapter/v2" className="Epubs.Tests.WriterTests.PackageDocumentTests.ManifestTests" name="TestAddItemToManifest" />
    </UnitTest>
    <UnitTest name="TestAddCreator (Epub2,[&quot;aut&quot;,&quot;ill&quot;],&quot;epub2_two_roles.opf&quot;)" storage="/home/runner/work/dotnet-monorepo/dotnet-monorepo/src/artifacts/bin/epubs.tests/release_linux-x64/epubs.tests.dll" id="e6a52e6f-b4f1-a194-00bd-8dca39600023">
      <Execution id="42d5a52b-d19b-445a-ad39-0620d8121424" />
      <TestMethod codeBase="/home/runner/work/dotnet-monorepo/dotnet-monorepo/src/artifacts/bin/Epubs.Tests/release_linux-x64/Epubs.Tests.dll" adapterTypeName="executor://mstestadapter/v2" className="Epubs.Tests.WriterTests.PackageDocumentTests.MetadataTests" name="TestAddCreator" />
    </UnitTest>
    <UnitTest name="TestAddLanguage (Epub3)" storage="/home/runner/work/dotnet-monorepo/dotnet-monorepo/src/artifacts/bin/epubs.tests/release_linux-x64/epubs.tests.dll" id="265f5716-a8e8-4a3d-7578-667e80e2b50e">
      <Execution id="eeafd8b1-f483-4202-bc25-8da788041a6b" />
      <TestMethod codeBase="/home/runner/work/dotnet-monorepo/dotnet-monorepo/src/artifacts/bin/Epubs.Tests/release_linux-x64/Epubs.Tests.dll" adapterTypeName="executor://mstestadapter/v2" className="Epubs.Tests.WriterTests.PackageDocumentTests.MetadataTests" name="TestAddLanguage" />
    </UnitTest>
    <UnitTest name="TestAddCreator (Epub3,[],&quot;epub3_no_roles.opf&quot;)" storage="/home/runner/work/dotnet-monorepo/dotnet-monorepo/src/artifacts/bin/epubs.tests/release_linux-x64/epubs.tests.dll" id="d677c7f0-fd98-db4b-f256-9d5a40eeb450">
      <Execution id="6b86af03-0716-4c52-8198-98d6fefec8ea" />
      <TestMethod codeBase="/home/runner/work/dotnet-monorepo/dotnet-monorepo/src/artifacts/bin/Epubs.Tests/release_linux-x64/Epubs.Tests.dll" adapterTypeName="executor://mstestadapter/v2" className="Epubs.Tests.WriterTests.PackageDocumentTests.MetadataTests" name="TestAddCreator" />
    </UnitTest>
    <UnitTest name="TestAddItemToLandmarks (Epub2)" storage="/home/runner/work/dotnet-monorepo/dotnet-monorepo/src/artifacts/bin/epubs.tests/release_linux-x64/epubs.tests.dll" id="de5c320f-e3e6-6348-70fb-6545025c4cd1">
      <Execution id="280eefc2-7189-4736-b9fe-cc29b6540a37" />
      <TestMethod codeBase="/home/runner/work/dotnet-monorepo/dotnet-monorepo/src/artifacts/bin/Epubs.Tests/release_linux-x64/Epubs.Tests.dll" adapterTypeName="executor://mstestadapter/v2" className="Epubs.Tests.WriterTests.NavigationTests.NavigationDocumentTests" name="TestAddItemToLandmarks" />
    </UnitTest>
    <UnitTest name="TestAddPrePaginated (Epub3)" storage="/home/runner/work/dotnet-monorepo/dotnet-monorepo/src/artifacts/bin/epubs.tests/release_linux-x64/epubs.tests.dll" id="9df8c1b1-aaf4-5545-12dd-5ce8d49b25cf">
      <Execution id="d1ec2534-1440-4dfa-a91c-509a62d04f56" />
      <TestMethod codeBase="/home/runner/work/dotnet-monorepo/dotnet-monorepo/src/artifacts/bin/Epubs.Tests/release_linux-x64/Epubs.Tests.dll" adapterTypeName="executor://mstestadapter/v2" className="Epubs.Tests.WriterTests.PackageDocumentTests.MetadataTests" name="TestAddPrePaginated" />
    </UnitTest>
    <UnitTest name="TestAddModified (Epub3)" storage="/home/runner/work/dotnet-monorepo/dotnet-monorepo/src/artifacts/bin/epubs.tests/release_linux-x64/epubs.tests.dll" id="e4cbb751-c512-8650-1a17-2e8ac57a05f2">
      <Execution id="a8b19776-b841-4ad7-b7f4-729e5ab0f79c" />
      <TestMethod codeBase="/home/runner/work/dotnet-monorepo/dotnet-monorepo/src/artifacts/bin/Epubs.Tests/release_linux-x64/Epubs.Tests.dll" adapterTypeName="executor://mstestadapter/v2" className="Epubs.Tests.WriterTests.PackageDocumentTests.MetadataTests" name="TestAddModified" />
    </UnitTest>
    <UnitTest name="TestGetContainerXmlDocument (Epub3)" storage="/home/runner/work/dotnet-monorepo/dotnet-monorepo/src/artifacts/bin/epubs.tests/release_linux-x64/epubs.tests.dll" id="8a1e305d-837e-e2ab-0677-efc86659bf91">
      <Execution id="1082c43d-71b8-4c19-a13d-e92d1f6c0679" />
      <TestMethod codeBase="/home/runner/work/dotnet-monorepo/dotnet-monorepo/src/artifacts/bin/Epubs.Tests/release_linux-x64/Epubs.Tests.dll" adapterTypeName="executor://mstestadapter/v2" className="Epubs.Tests.WriterTests.MetaInfTests.ContainerXmlTests" name="TestGetContainerXmlDocument" />
    </UnitTest>
    <UnitTest name="TestAddLanguage (Epub2)" storage="/home/runner/work/dotnet-monorepo/dotnet-monorepo/src/artifacts/bin/epubs.tests/release_linux-x64/epubs.tests.dll" id="713cc4f0-5833-4981-89c3-33f67d49e215">
      <Execution id="be092f59-05dc-4072-83cf-a96735b89399" />
      <TestMethod codeBase="/home/runner/work/dotnet-monorepo/dotnet-monorepo/src/artifacts/bin/Epubs.Tests/release_linux-x64/Epubs.Tests.dll" adapterTypeName="executor://mstestadapter/v2" className="Epubs.Tests.WriterTests.PackageDocumentTests.MetadataTests" name="TestAddLanguage" />
    </UnitTest>
    <UnitTest name="TestAddRightToLeft (Epub3,&quot;epub3_rtl.opf&quot;)" storage="/home/runner/work/dotnet-monorepo/dotnet-monorepo/src/artifacts/bin/epubs.tests/release_linux-x64/epubs.tests.dll" id="89814799-e32a-55bb-8345-b24b3f8784f3">
      <Execution id="3c242358-029a-4c73-a328-63599a5171e5" />
      <TestMethod codeBase="/home/runner/work/dotnet-monorepo/dotnet-monorepo/src/artifacts/bin/Epubs.Tests/release_linux-x64/Epubs.Tests.dll" adapterTypeName="executor://mstestadapter/v2" className="Epubs.Tests.WriterTests.PackageDocumentTests.SpineTests" name="TestAddRightToLeft" />
    </UnitTest>
    <UnitTest name="TestAddNcx (Epub2,&quot;epub2_ncx.opf&quot;)" storage="/home/runner/work/dotnet-monorepo/dotnet-monorepo/src/artifacts/bin/epubs.tests/release_linux-x64/epubs.tests.dll" id="99564a9c-de8e-bba7-fce2-1855da9f00d6">
      <Execution id="5b39489a-7f57-4129-bcbc-d1839799b2e1" />
      <TestMethod codeBase="/home/runner/work/dotnet-monorepo/dotnet-monorepo/src/artifacts/bin/Epubs.Tests/release_linux-x64/Epubs.Tests.dll" adapterTypeName="executor://mstestadapter/v2" className="Epubs.Tests.WriterTests.PackageDocumentTests.SpineTests" name="TestAddNcx" />
    </UnitTest>
    <UnitTest name="TestAddNavItem (Epub3)" storage="/home/runner/work/dotnet-monorepo/dotnet-monorepo/src/artifacts/bin/epubs.tests/release_linux-x64/epubs.tests.dll" id="04965b1d-7fcd-a172-3bd8-f962f6396ef1">
      <Execution id="2c4589e0-89c1-4748-91e4-3b5bc73198fe" />
      <TestMethod codeBase="/home/runner/work/dotnet-monorepo/dotnet-monorepo/src/artifacts/bin/Epubs.Tests/release_linux-x64/Epubs.Tests.dll" adapterTypeName="executor://mstestadapter/v2" className="Epubs.Tests.WriterTests.NavigationTests.NcxTests" name="TestAddNavItem" />
    </UnitTest>
    <UnitTest name="TestAddNavItem (Epub2)" storage="/home/runner/work/dotnet-monorepo/dotnet-monorepo/src/artifacts/bin/epubs.tests/release_linux-x64/epubs.tests.dll" id="693b69fd-81f0-56fd-8f17-ee56b4f8d96d">
      <Execution id="c7ed8edd-dcb2-4259-bcc3-6f935bdbf248" />
      <TestMethod codeBase="/home/runner/work/dotnet-monorepo/dotnet-monorepo/src/artifacts/bin/Epubs.Tests/release_linux-x64/Epubs.Tests.dll" adapterTypeName="executor://mstestadapter/v2" className="Epubs.Tests.WriterTests.NavigationTests.NcxTests" name="TestAddNavItem" />
    </UnitTest>
  </TestDefinitions>
  <TestEntries>
    <TestEntry testId="55b94eb4-b768-e9e6-66cb-0b4726f406c0" executionId="ef05002c-6a76-4f1a-87be-90e7afdcc6b8" testListId="8c84fa94-04c1-424b-9868-57a2d4851a1d" />
    <TestEntry testId="e6a52e6f-b4f1-a194-00bd-8dca39600023" executionId="42d5a52b-d19b-445a-ad39-0620d8121424" testListId="8c84fa94-04c1-424b-9868-57a2d4851a1d" />
    <TestEntry testId="bbc1160f-cf53-0bdf-0713-4d12e37c1ff1" executionId="4b74a081-aa5e-4cfb-8145-981891368e24" testListId="8c84fa94-04c1-424b-9868-57a2d4851a1d" />
    <TestEntry testId="c0800344-f0ec-fd64-7ee2-f71e18c8af14" executionId="12a170d1-6126-4ba3-a11a-88ecbe10a093" testListId="8c84fa94-04c1-424b-9868-57a2d4851a1d" />
    <TestEntry testId="99564a9c-de8e-bba7-fce2-1855da9f00d6" executionId="5b39489a-7f57-4129-bcbc-d1839799b2e1" testListId="8c84fa94-04c1-424b-9868-57a2d4851a1d" />
    <TestEntry testId="1994ae24-05cd-3449-cbf7-9654aa01ed73" executionId="29d22882-a814-4641-abb2-0830c6453175" testListId="8c84fa94-04c1-424b-9868-57a2d4851a1d" />
    <TestEntry testId="7e5e7204-e840-bd98-9687-6c3d3eed1135" executionId="8457b5e8-c25e-4c60-bbc0-4b9e5a53cdb9" testListId="8c84fa94-04c1-424b-9868-57a2d4851a1d" />
    <TestEntry testId="44da78d8-904e-d616-f174-2b6a9767cdcb" executionId="ea28d34f-a4f7-475d-b9c3-4feeddf4836c" testListId="8c84fa94-04c1-424b-9868-57a2d4851a1d" />
    <TestEntry testId="c70cdfcc-fe0e-0a22-3f91-3f78bf225323" executionId="38acae80-3a14-4bdd-b336-c81548806de2" testListId="8c84fa94-04c1-424b-9868-57a2d4851a1d" />
    <TestEntry testId="6191621d-615a-32f8-fd79-90783c02b94b" executionId="cb2f07d7-504e-489d-83aa-cce0ae851ec4" testListId="8c84fa94-04c1-424b-9868-57a2d4851a1d" />
    <TestEntry testId="4560ec12-e47b-78e1-23c7-f98e322348ee" executionId="d82e5983-a981-4d2b-871f-6398428fd3fd" testListId="8c84fa94-04c1-424b-9868-57a2d4851a1d" />
    <TestEntry testId="96bd8760-c7b7-81b8-4f89-ec6ccc94ca0b" executionId="1cdc9013-e895-4d7a-9bfe-3c32b62d1142" testListId="8c84fa94-04c1-424b-9868-57a2d4851a1d" />
    <TestEntry testId="e0b26bfd-5e10-47a7-5708-ed4ae0f6f17a" executionId="0743dc14-2489-44e0-8afc-492b7b75b41c" testListId="8c84fa94-04c1-424b-9868-57a2d4851a1d" />
    <TestEntry testId="594caead-0457-af95-78db-f11df6a0960a" executionId="2c31c399-3f62-43b2-84ff-c44a08e79bfa" testListId="8c84fa94-04c1-424b-9868-57a2d4851a1d" />
    <TestEntry testId="415fc078-5627-2006-e301-3bb2cb96ae2b" executionId="5f8b6bb2-1992-435a-85f4-d56b4895113a" testListId="8c84fa94-04c1-424b-9868-57a2d4851a1d" />
    <TestEntry testId="0979f8bb-ea3f-cc84-8b49-708bff499cd7" executionId="4508a3fa-1eb3-4978-aa51-03ac764ffc71" testListId="8c84fa94-04c1-424b-9868-57a2d4851a1d" />
    <TestEntry testId="693b69fd-81f0-56fd-8f17-ee56b4f8d96d" executionId="c7ed8edd-dcb2-4259-bcc3-6f935bdbf248" testListId="8c84fa94-04c1-424b-9868-57a2d4851a1d" />
    <TestEntry testId="cec8e838-5451-2a86-db1e-5de14ad9804c" executionId="7dd40504-6d58-464e-b847-9979fe331886" testListId="8c84fa94-04c1-424b-9868-57a2d4851a1d" />
    <TestEntry testId="8d1ae0de-2769-faaf-9dcf-e6f047c0d5f3" executionId="6bf0f227-f264-455e-a790-db460b131be5" testListId="8c84fa94-04c1-424b-9868-57a2d4851a1d" />
    <TestEntry testId="d677c7f0-fd98-db4b-f256-9d5a40eeb450" executionId="6b86af03-0716-4c52-8198-98d6fefec8ea" testListId="8c84fa94-04c1-424b-9868-57a2d4851a1d" />
    <TestEntry testId="7a57da21-2c80-e9d2-94b7-dd8b0bcca16a" executionId="26901c67-6ada-4ed3-8470-231c195abfcc" testListId="8c84fa94-04c1-424b-9868-57a2d4851a1d" />
    <TestEntry testId="fa860a25-9f76-25a8-9a76-b7824318caf2" executionId="88b135d5-e8ac-4676-9bef-5a8fb8518caa" testListId="8c84fa94-04c1-424b-9868-57a2d4851a1d" />
    <TestEntry testId="713cc4f0-5833-4981-89c3-33f67d49e215" executionId="be092f59-05dc-4072-83cf-a96735b89399" testListId="8c84fa94-04c1-424b-9868-57a2d4851a1d" />
    <TestEntry testId="dfff1bb5-cf96-7b7e-3f4f-13e2e3d017dd" executionId="5f997afb-169f-49b1-b92d-2f405ffc07d8" testListId="8c84fa94-04c1-424b-9868-57a2d4851a1d" />
    <TestEntry testId="924b8454-c381-318c-99e1-35856fc01e42" executionId="fa647652-8f8d-438b-9232-81f43e9967ba" testListId="8c84fa94-04c1-424b-9868-57a2d4851a1d" />
    <TestEntry testId="7ed02f36-99bd-274e-cd45-ccc89d20d5b7" executionId="6ee8ecc6-8964-4e5b-9cf0-07d72b2d2388" testListId="8c84fa94-04c1-424b-9868-57a2d4851a1d" />
    <TestEntry testId="f188e44f-a366-01fc-679d-e6a774f27a0b" executionId="0a70baff-716a-4061-9bf4-557daec9623d" testListId="8c84fa94-04c1-424b-9868-57a2d4851a1d" />
    <TestEntry testId="8a1e305d-837e-e2ab-0677-efc86659bf91" executionId="1082c43d-71b8-4c19-a13d-e92d1f6c0679" testListId="8c84fa94-04c1-424b-9868-57a2d4851a1d" />
    <TestEntry testId="a1bdf61b-cabc-642a-7abf-89a752dec9e4" executionId="e9a49778-6f51-4798-ba14-fe80019632b8" testListId="8c84fa94-04c1-424b-9868-57a2d4851a1d" />
    <TestEntry testId="10c6e40c-daca-4950-6019-a3a7ec88eb82" executionId="0019c06a-c16c-44bf-9abc-bd8a6fec5b08" testListId="8c84fa94-04c1-424b-9868-57a2d4851a1d" />
    <TestEntry testId="78e4846a-98ff-e3e6-be1b-f68ce6653ef7" executionId="7f1cdf14-6367-4193-9f53-67660f63772c" testListId="8c84fa94-04c1-424b-9868-57a2d4851a1d" />
    <TestEntry testId="265f5716-a8e8-4a3d-7578-667e80e2b50e" executionId="eeafd8b1-f483-4202-bc25-8da788041a6b" testListId="8c84fa94-04c1-424b-9868-57a2d4851a1d" />
    <TestEntry testId="3f9f394b-3398-3cc3-37cc-56417e5a89b6" executionId="cafa7985-d0ba-4cf8-9c38-2fb16b96b3de" testListId="8c84fa94-04c1-424b-9868-57a2d4851a1d" />
    <TestEntry testId="c721fbc4-4b7f-c0df-d55e-177b347e9a92" executionId="7e075dbb-be84-4ec4-9334-05bf082d8525" testListId="8c84fa94-04c1-424b-9868-57a2d4851a1d" />
    <TestEntry testId="99a6b07e-6c4a-175c-f49d-3d815f9e4c5a" executionId="ad049290-9e16-470c-b904-82a4df923abd" testListId="8c84fa94-04c1-424b-9868-57a2d4851a1d" />
    <TestEntry testId="9df8c1b1-aaf4-5545-12dd-5ce8d49b25cf" executionId="d1ec2534-1440-4dfa-a91c-509a62d04f56" testListId="8c84fa94-04c1-424b-9868-57a2d4851a1d" />
    <TestEntry testId="b3961dcc-7a38-2113-9639-b9147b073687" executionId="be1d5024-534f-4061-b667-e55dc80c15a3" testListId="8c84fa94-04c1-424b-9868-57a2d4851a1d" />
    <TestEntry testId="de5c320f-e3e6-6348-70fb-6545025c4cd1" executionId="280eefc2-7189-4736-b9fe-cc29b6540a37" testListId="8c84fa94-04c1-424b-9868-57a2d4851a1d" />
    <TestEntry testId="8c9e771c-c83f-550a-cb50-0b2a7179104c" executionId="745984e7-4cfa-4711-b8dd-032136fc613a" testListId="8c84fa94-04c1-424b-9868-57a2d4851a1d" />
    <TestEntry testId="5a4b4514-f7a8-ec80-0b2e-cc4f1e3225c9" executionId="361de18a-76fc-4984-bdc1-c966563013f3" testListId="8c84fa94-04c1-424b-9868-57a2d4851a1d" />
    <TestEntry testId="b9126755-0e48-3338-5d7f-d91de59b1147" executionId="e8f40795-4e82-46f1-ae49-9e404cc31c51" testListId="8c84fa94-04c1-424b-9868-57a2d4851a1d" />
    <TestEntry testId="b00da7e2-1034-9a94-bdb6-4d0dec2ca4dd" executionId="355d71cf-ee39-4f9f-bab4-eb53b27087bd" testListId="8c84fa94-04c1-424b-9868-57a2d4851a1d" />
    <TestEntry testId="04965b1d-7fcd-a172-3bd8-f962f6396ef1" executionId="2c4589e0-89c1-4748-91e4-3b5bc73198fe" testListId="8c84fa94-04c1-424b-9868-57a2d4851a1d" />
    <TestEntry testId="ccd4c932-333c-882b-c126-06d1ad778550" executionId="4e7943e4-233e-4cf6-aca4-4adc76c0aa20" testListId="8c84fa94-04c1-424b-9868-57a2d4851a1d" />
    <TestEntry testId="40fccafb-603f-db2e-52f5-0e6854d614d2" executionId="ca1b2ee2-1c35-440d-94ab-788f92bbdcef" testListId="8c84fa94-04c1-424b-9868-57a2d4851a1d" />
    <TestEntry testId="e4cbb751-c512-8650-1a17-2e8ac57a05f2" executionId="a8b19776-b841-4ad7-b7f4-729e5ab0f79c" testListId="8c84fa94-04c1-424b-9868-57a2d4851a1d" />
    <TestEntry testId="89814799-e32a-55bb-8345-b24b3f8784f3" executionId="3c242358-029a-4c73-a328-63599a5171e5" testListId="8c84fa94-04c1-424b-9868-57a2d4851a1d" />
    <TestEntry testId="5d4d5230-0e25-87c0-4af6-2de9a7c4c4a1" executionId="74637b27-3c04-433e-9900-8b5cac6db107" testListId="8c84fa94-04c1-424b-9868-57a2d4851a1d" />
    <TestEntry testId="59a57370-8637-253e-de19-a484c9442cbd" executionId="b733fc60-c09d-48a9-be27-40bec79a5541" testListId="8c84fa94-04c1-424b-9868-57a2d4851a1d" />
    <TestEntry testId="923ce5c3-47e3-762e-26cf-77bd2c11edeb" executionId="70eae0b4-8452-403f-8c86-ab7b0d0d85ff" testListId="8c84fa94-04c1-424b-9868-57a2d4851a1d" />
    <TestEntry testId="410eac8a-445b-ddc0-5763-81a3a18c8bb9" executionId="d6467c0d-3294-4ee7-8ce2-1f17a18859ee" testListId="8c84fa94-04c1-424b-9868-57a2d4851a1d" />
    <TestEntry testId="3f3cfbdc-7778-44fe-127e-9e051a2f1aa2" executionId="df038c68-44b3-482c-89d2-3601677c822e" testListId="8c84fa94-04c1-424b-9868-57a2d4851a1d" />
    <TestEntry testId="49fbec17-8a99-3521-2b8d-bc34471c898c" executionId="84c41e07-584e-415b-b144-4e0948cea4fc" testListId="8c84fa94-04c1-424b-9868-57a2d4851a1d" />
  </TestEntries>
  <TestLists>
    <TestList name="Results Not in a List" id="8c84fa94-04c1-424b-9868-57a2d4851a1d" />
    <TestList name="All Loaded Results" id="19431567-8539-422a-85d7-44ee4e166bda" />
  </TestLists>
  <ResultSummary outcome="Completed">
    <Counters total="53" executed="53" passed="53" failed="0" error="0" timeout="0" aborted="0" inconclusive="0" passedButRunAborted="0" notRunnable="0" notExecuted="0" disconnected="0" warning="0" completed="0" inProgress="0" pending="0" />
  </ResultSummary>
</TestRun>