<?xml version="1.0" encoding="utf-8"?>
<TestRun id="0301ca72-bf32-47fb-bb91-1d6dfa1f0f7b" name="@Mac-1758936894240 2025-09-27 02:19:23" xmlns="http://microsoft.com/schemas/VisualStudio/TeamTest/2010">
  <Times creation="2025-09-27T02:19:23.6421670+00:00" queuing="2025-09-27T02:19:23.6421670+00:00" start="2025-09-27T02:19:22.4867980+00:00" finish="2025-09-27T02:19:30.1486810+00:00" />
  <TestSettings name="default" id="5018cea8-e104-45dc-beae-ada8fee2269d">
    <Deployment runDeploymentRoot="_Mac-1758936894240_2025-09-27_02_19_23" />
  </TestSettings>
  <Results>
    <UnitTestResult executionId="b96f84ac-1c52-434d-91cc-384abd8d5966" testId="a0d6016a-1d15-01ec-b35a-338af9cc5112" testName="TestDeleteNonExistent" computerName="Mac-1758936894240" duration="00:00:00.0001202" startTime="2025-09-27T02:19:23.5644970+00:00" endTime="2025-09-27T02:19:23.5647120+00:00" testType="13cdc9d9-ddb5-4fa4-a97d-d965ccfc6d4b" outcome="Passed" testListId="8c84fa94-04c1-424b-9868-57a2d4851a1d" relativeResultsDirectory="b96f84ac-1c52-434d-91cc-384abd8d5966" />
    <UnitTestResult executionId="2701d897-b801-4859-94be-0945ae019ec2" testId="dafc721a-fc0a-0484-9bd5-7a2ec5a3197f" testName="TestFileStem" computerName="Mac-1758936894240" duration="00:00:00.0001062" startTime="2025-09-27T02:19:29.9945310+00:00" endTime="2025-09-27T02:19:29.9947220+00:00" testType="13cdc9d9-ddb5-4fa4-a97d-d965ccfc6d4b" outcome="Passed" testListId="8c84fa94-04c1-424b-9868-57a2d4851a1d" relativeResultsDirectory="2701d897-b801-4859-94be-0945ae019ec2" />
    <UnitTestResult executionId="45a7dc7d-71fd-4ec3-a8de-146cf6f9db84" testId="a1ac245f-162d-b3d5-902a-73d42908be8b" testName="TestDeleteEmptyPathDirectory" computerName="Mac-1758936894240" duration="00:00:00.0015376" startTime="2025-09-27T02:19:23.3978270+00:00" endTime="2025-09-27T02:19:23.3995050+00:00" testType="13cdc9d9-ddb5-4fa4-a97d-d965ccfc6d4b" outcome="Passed" testListId="8c84fa94-04c1-424b-9868-57a2d4851a1d" relativeResultsDirectory="45a7dc7d-71fd-4ec3-a8de-146cf6f9db84" />
    <UnitTestResult executionId="a3d24649-a4ea-42d1-81e1-df8f26d5ffc8" testId="de3b2480-d479-605b-e08b-e52b3f60032b" testName="TestDirectoryName" computerName="Mac-1758936894240" duration="00:00:00.0001141" startTime="2025-09-27T02:19:29.9950320+00:00" endTime="2025-09-27T02:19:29.9952410+00:00" testType="13cdc9d9-ddb5-4fa4-a97d-d965ccfc6d4b" outcome="Passed" testListId="8c84fa94-04c1-424b-9868-57a2d4851a1d" relativeResultsDirectory="a3d24649-a4ea-42d1-81e1-df8f26d5ffc8" />
    <UnitTestResult executionId="6e042ecc-d4ff-4f5f-b31d-952af12cdab5" testId="9ee8bdb3-752d-d7fa-92e7-baaf5a6a275d" testName="TestExistsAsync (False)" computerName="Mac-1758936894240" duration="00:00:00.0024331" startTime="2025-09-27T02:19:23.7599920+00:00" endTime="2025-09-27T02:19:23.7625600+00:00" testType="13cdc9d9-ddb5-4fa4-a97d-d965ccfc6d4b" outcome="Passed" testListId="8c84fa94-04c1-424b-9868-57a2d4851a1d" relativeResultsDirectory="6e042ecc-d4ff-4f5f-b31d-952af12cdab5" />
    <UnitTestResult executionId="3607be13-be07-4f14-8124-3995d9ab08c3" testId="40b81683-78f2-804b-e88e-f90513574e2a" testName="TestDirectoryDeleteExistingDirectory" computerName="Mac-1758936894240" duration="00:00:00.0003072" startTime="2025-09-27T02:19:29.9993060+00:00" endTime="2025-09-27T02:19:29.9997460+00:00" testType="13cdc9d9-ddb5-4fa4-a97d-d965ccfc6d4b" outcome="Passed" testListId="8c84fa94-04c1-424b-9868-57a2d4851a1d" relativeResultsDirectory="3607be13-be07-4f14-8124-3995d9ab08c3" />
    <UnitTestResult executionId="47974ea5-2498-4ff3-960e-86eb010a894b" testId="5b8af763-c9e7-a7dc-38c5-6c93729daebf" testName="TestDirectoryCreateExisting" computerName="Mac-1758936894240" duration="00:00:00.0000830" startTime="2025-09-27T02:19:23.5642600+00:00" endTime="2025-09-27T02:19:23.5644570+00:00" testType="13cdc9d9-ddb5-4fa4-a97d-d965ccfc6d4b" outcome="Passed" testListId="8c84fa94-04c1-424b-9868-57a2d4851a1d" relativeResultsDirectory="47974ea5-2498-4ff3-960e-86eb010a894b" />
    <UnitTestResult executionId="9340b7d3-cd8c-460a-b06f-4ce2c8b76876" testId="0ecc2e03-b166-5e66-a255-0a8ecc71ea81" testName="TestEmptyFilePaths" computerName="Mac-1758936894240" duration="00:00:00.0000724" startTime="2025-09-27T02:19:29.9928230+00:00" endTime="2025-09-27T02:19:29.9930180+00:00" testType="13cdc9d9-ddb5-4fa4-a97d-d965ccfc6d4b" outcome="Passed" testListId="8c84fa94-04c1-424b-9868-57a2d4851a1d" relativeResultsDirectory="9340b7d3-cd8c-460a-b06f-4ce2c8b76876" />
    <UnitTestResult executionId="4b71bfc6-0447-4613-95fa-357c35527a0d" testId="30b186da-9a79-931d-4ee5-ecdfe5db3c76" testName="TestEmptyFilePaths" computerName="Mac-1758936894240" duration="00:00:00.0017695" startTime="2025-09-27T02:19:23.5514150+00:00" endTime="2025-09-27T02:19:23.5534640+00:00" testType="13cdc9d9-ddb5-4fa4-a97d-d965ccfc6d4b" outcome="Passed" testListId="8c84fa94-04c1-424b-9868-57a2d4851a1d" relativeResultsDirectory="4b71bfc6-0447-4613-95fa-357c35527a0d" />
    <UnitTestResult executionId="c076870c-1875-4eb3-acd6-c1309ce90ead" testId="1c9877c6-ebfa-9f2c-ee53-ef4e577d1078" testName="TestDeleteAsync" computerName="Mac-1758936894240" duration="00:00:00.0007942" startTime="2025-09-27T02:19:23.8130550+00:00" endTime="2025-09-27T02:19:23.8139280+00:00" testType="13cdc9d9-ddb5-4fa4-a97d-d965ccfc6d4b" outcome="Passed" testListId="8c84fa94-04c1-424b-9868-57a2d4851a1d" relativeResultsDirectory="c076870c-1875-4eb3-acd6-c1309ce90ead" />
    <UnitTestResult executionId="3e436b04-84d7-4c6c-9724-14bb53dd1cba" testId="79c4ff89-0797-e74c-0eb1-6195164e4436" testName="TestParentDirectory" computerName="Mac-1758936894240" duration="00:00:00.0003807" startTime="2025-09-27T02:19:23.5930200+00:00" endTime="2025-09-27T02:19:23.5940230+00:00" testType="13cdc9d9-ddb5-4fa4-a97d-d965ccfc6d4b" outcome="Passed" testListId="8c84fa94-04c1-424b-9868-57a2d4851a1d" relativeResultsDirectory="3e436b04-84d7-4c6c-9724-14bb53dd1cba" />
    <UnitTestResult executionId="10c198a3-f507-49ea-b21c-fd00fb3c1c58" testId="1534deb5-67ec-434a-e4c4-2a3259f0bb39" testName="TestFileOpenReadWrite" computerName="Mac-1758936894240" duration="00:00:00.0003086" startTime="2025-09-27T02:19:30.0046250+00:00" endTime="2025-09-27T02:19:30.0050690+00:00" testType="13cdc9d9-ddb5-4fa4-a97d-d965ccfc6d4b" outcome="Passed" testListId="8c84fa94-04c1-424b-9868-57a2d4851a1d" relativeResultsDirectory="10c198a3-f507-49ea-b21c-fd00fb3c1c58" />
    <UnitTestResult executionId="1d1cd4c0-b839-481a-ba1b-30ea43a761e2" testId="125bc9fc-30db-ee48-7efe-8896541b5651" testName="TestFileName" computerName="Mac-1758936894240" duration="00:00:00.0001599" startTime="2025-09-27T02:19:29.9942040+00:00" endTime="2025-09-27T02:19:29.9944620+00:00" testType="13cdc9d9-ddb5-4fa4-a97d-d965ccfc6d4b" outcome="Passed" testListId="8c84fa94-04c1-424b-9868-57a2d4851a1d" relativeResultsDirectory="1d1cd4c0-b839-481a-ba1b-30ea43a761e2" />
    <UnitTestResult executionId="49682df5-5ba2-4bb2-8d80-96bbee920159" testId="910e1179-c618-ac81-88d3-77979d52ca2e" testName="TestExistsAsync (True)" computerName="Mac-1758936894240" duration="00:00:00.1625703" startTime="2025-09-27T02:19:23.5970610+00:00" endTime="2025-09-27T02:19:23.7599090+00:00" testType="13cdc9d9-ddb5-4fa4-a97d-d965ccfc6d4b" outcome="Passed" testListId="8c84fa94-04c1-424b-9868-57a2d4851a1d" relativeResultsDirectory="49682df5-5ba2-4bb2-8d80-96bbee920159" />
    <UnitTestResult executionId="3152a3bc-8b27-48e1-a477-125195271226" testId="4d032d6c-078a-e068-f521-7e2b2c0e37e2" testName="TestDeleteAsyncThrowsIfCancelled" computerName="Mac-1758936894240" duration="00:00:00.0007780" startTime="2025-09-27T02:19:23.8049970+00:00" endTime="2025-09-27T02:19:23.8058580+00:00" testType="13cdc9d9-ddb5-4fa4-a97d-d965ccfc6d4b" outcome="Passed" testListId="8c84fa94-04c1-424b-9868-57a2d4851a1d" relativeResultsDirectory="3152a3bc-8b27-48e1-a477-125195271226" />
    <UnitTestResult executionId="d82ebbcc-b91c-4789-bc4b-6ae557514568" testId="aa3761b1-576e-01f7-d173-14568b628a0e" testName="TestRootDirectoryExists" computerName="Mac-1758936894240" duration="00:00:00.0000376" startTime="2025-09-27T02:19:23.5813620+00:00" endTime="2025-09-27T02:19:23.5828960+00:00" testType="13cdc9d9-ddb5-4fa4-a97d-d965ccfc6d4b" outcome="Passed" testListId="8c84fa94-04c1-424b-9868-57a2d4851a1d" relativeResultsDirectory="d82ebbcc-b91c-4789-bc4b-6ae557514568" />
    <UnitTestResult executionId="1a5cb15b-cfa9-45b0-9b7a-297948df6d0d" testId="08e0f610-476a-cb6d-5d83-04cfa0bb5513" testName="TestDirectoryEnumerateFilesDirectories (&quot;&quot;)" computerName="Mac-1758936894240" duration="00:00:00.0004671" startTime="2025-09-27T02:19:30.0023900+00:00" endTime="2025-09-27T02:19:30.0030010+00:00" testType="13cdc9d9-ddb5-4fa4-a97d-d965ccfc6d4b" outcome="Passed" testListId="8c84fa94-04c1-424b-9868-57a2d4851a1d" relativeResultsDirectory="1a5cb15b-cfa9-45b0-9b7a-297948df6d0d" />
    <UnitTestResult executionId="77d67c12-2a73-434a-8055-e4289dfc707b" testId="6484f54f-0ad5-b721-001b-ebf002fed6b2" testName="TestExistsAsyncThrowsIfCancelled" computerName="Mac-1758936894240" duration="00:00:00.0012639" startTime="2025-09-27T02:19:23.8139840+00:00" endTime="2025-09-27T02:19:23.8153430+00:00" testType="13cdc9d9-ddb5-4fa4-a97d-d965ccfc6d4b" outcome="Passed" testListId="8c84fa94-04c1-424b-9868-57a2d4851a1d" relativeResultsDirectory="77d67c12-2a73-434a-8055-e4289dfc707b" />
    <UnitTestResult executionId="cd2c3076-03e5-4d36-b8c6-b130c3b3f727" testId="df69c3a6-a997-1bec-3536-98911cb3c458" testName="TestOpenWriteAsyncThrowsIfCancelled" computerName="Mac-1758936894240" duration="00:00:00.0009026" startTime="2025-09-27T02:19:23.8177200+00:00" endTime="2025-09-27T02:19:23.8187300+00:00" testType="13cdc9d9-ddb5-4fa4-a97d-d965ccfc6d4b" outcome="Passed" testListId="8c84fa94-04c1-424b-9868-57a2d4851a1d" relativeResultsDirectory="cd2c3076-03e5-4d36-b8c6-b130c3b3f727" />
    <UnitTestResult executionId="f32fae9e-4ca8-48cd-b3e9-3348ebeab7de" testId="1e71ad58-a0ad-4cd0-0218-6a992bf4f71a" testName="TestDirectoryNameWithDot" computerName="Mac-1758936894240" duration="00:00:00.0000401" startTime="2025-09-27T02:19:23.5613910+00:00" endTime="2025-09-27T02:19:23.5620860+00:00" testType="13cdc9d9-ddb5-4fa4-a97d-d965ccfc6d4b" outcome="Passed" testListId="8c84fa94-04c1-424b-9868-57a2d4851a1d" relativeResultsDirectory="f32fae9e-4ca8-48cd-b3e9-3348ebeab7de" />
    <UnitTestResult executionId="61a606ab-478c-479d-bcb8-0831b90acdab" testId="f8c037a4-86a1-940c-dee2-3812680c280a" testName="TestDirectoryEnumerateFilesDirectories (&quot;&quot;)" computerName="Mac-1758936894240" duration="00:00:00.0014082" startTime="2025-09-27T02:19:23.5200010+00:00" endTime="2025-09-27T02:19:23.5224920+00:00" testType="13cdc9d9-ddb5-4fa4-a97d-d965ccfc6d4b" outcome="Passed" testListId="8c84fa94-04c1-424b-9868-57a2d4851a1d" relativeResultsDirectory="61a606ab-478c-479d-bcb8-0831b90acdab" />
    <UnitTestResult executionId="a08a8129-e37d-4106-aa26-ec3e76911a29" testId="adcd8de1-a2fb-d996-6dae-d799ebeca291" testName="TestCreateFileWhenParentDirectoryDoesNotExist" computerName="Mac-1758936894240" duration="00:00:00.0011588" startTime="2025-09-27T02:19:23.5480020+00:00" endTime="2025-09-27T02:19:23.5512770+00:00" testType="13cdc9d9-ddb5-4fa4-a97d-d965ccfc6d4b" outcome="Passed" testListId="8c84fa94-04c1-424b-9868-57a2d4851a1d" relativeResultsDirectory="a08a8129-e37d-4106-aa26-ec3e76911a29" />
    <UnitTestResult executionId="47c42ad9-d7f9-4a4a-b3c1-a8e3871df3af" testId="eff7da53-f6a7-63b0-cc4f-2e2f7ff54c59" testName="TestDirectoryCreateExisting" computerName="Mac-1758936894240" duration="00:00:00.0000792" startTime="2025-09-27T02:19:29.9977640+00:00" endTime="2025-09-27T02:19:29.9979640+00:00" testType="13cdc9d9-ddb5-4fa4-a97d-d965ccfc6d4b" outcome="Passed" testListId="8c84fa94-04c1-424b-9868-57a2d4851a1d" relativeResultsDirectory="47c42ad9-d7f9-4a4a-b3c1-a8e3871df3af" />
    <UnitTestResult executionId="a3bae882-79e0-4957-ad87-f8256b64f2cc" testId="7d7edaab-f11c-42a8-dc0e-01ee01112f84" testName="TestFileOpenReadWriteExistingFile" computerName="Mac-1758936894240" duration="00:00:00.0002396" startTime="2025-09-27T02:19:30.0051290+00:00" endTime="2025-09-27T02:19:30.0054750+00:00" testType="13cdc9d9-ddb5-4fa4-a97d-d965ccfc6d4b" outcome="Passed" testListId="8c84fa94-04c1-424b-9868-57a2d4851a1d" relativeResultsDirectory="a3bae882-79e0-4957-ad87-f8256b64f2cc" />
    <UnitTestResult executionId="1539b6f5-2859-44c8-88cd-a21f598ba4f9" testId="9011c160-8b72-47ef-0b19-f1ac4fafc464" testName="TestFileDelete" computerName="Mac-1758936894240" duration="00:00:00.0002157" startTime="2025-09-27T02:19:23.5926070+00:00" endTime="2025-09-27T02:19:23.5929350+00:00" testType="13cdc9d9-ddb5-4fa4-a97d-d965ccfc6d4b" outcome="Passed" testListId="8c84fa94-04c1-424b-9868-57a2d4851a1d" relativeResultsDirectory="1539b6f5-2859-44c8-88cd-a21f598ba4f9" />
    <UnitTestResult executionId="e9a33ab0-9d95-47c1-95f1-91fdfdf0c95f" testId="c37f7643-1974-730c-ff6e-4fb586696ec1" testName="TestOpenWriteAsync" computerName="Mac-1758936894240" duration="00:00:00.0012971" startTime="2025-09-27T02:19:23.8115970+00:00" endTime="2025-09-27T02:19:23.8129960+00:00" testType="13cdc9d9-ddb5-4fa4-a97d-d965ccfc6d4b" outcome="Passed" testListId="8c84fa94-04c1-424b-9868-57a2d4851a1d" relativeResultsDirectory="e9a33ab0-9d95-47c1-95f1-91fdfdf0c95f" />
    <UnitTestResult executionId="99a62c65-333b-40e2-8ea2-c35ba0532570" testId="6e5b91a2-6a19-9c04-8737-fad3d45dfaa1" testName="TestFileExtension" computerName="Mac-1758936894240" duration="00:00:00.0001482" startTime="2025-09-27T02:19:23.5595740+00:00" endTime="2025-09-27T02:19:23.5606960+00:00" testType="13cdc9d9-ddb5-4fa4-a97d-d965ccfc6d4b" outcome="Passed" testListId="8c84fa94-04c1-424b-9868-57a2d4851a1d" relativeResultsDirectory="99a62c65-333b-40e2-8ea2-c35ba0532570" />
    <UnitTestResult executionId="f9d2bd90-dfae-4047-b78c-385b56d60b18" testId="f64eab59-d366-aa12-22f3-ad8e634f95d1" testName="TestFileDelete" computerName="Mac-1758936894240" duration="00:00:00.0009144" startTime="2025-09-27T02:19:23.5442960+00:00" endTime="2025-09-27T02:19:23.5453580+00:00" testType="13cdc9d9-ddb5-4fa4-a97d-d965ccfc6d4b" outcome="Passed" testListId="8c84fa94-04c1-424b-9868-57a2d4851a1d" relativeResultsDirectory="f9d2bd90-dfae-4047-b78c-385b56d60b18" />
    <UnitTestResult executionId="f2d186e9-d01b-466d-a3df-c46a245bbc90" testId="607da53e-34ec-12fb-53d4-7b9a98141219" testName="TestDeleteAsync" computerName="Mac-1758936894240" duration="00:00:00.0008903" startTime="2025-09-27T02:19:23.7924750+00:00" endTime="2025-09-27T02:19:23.7934610+00:00" testType="13cdc9d9-ddb5-4fa4-a97d-d965ccfc6d4b" outcome="Passed" testListId="8c84fa94-04c1-424b-9868-57a2d4851a1d" relativeResultsDirectory="f2d186e9-d01b-466d-a3df-c46a245bbc90" />
    <UnitTestResult executionId="8de0de22-be57-48a2-897d-89058b7c4517" testId="4f6773f6-14de-a05b-1a5d-745be43beb3f" testName="TestFileFullPathIsConsistent" computerName="Mac-1758936894240" duration="00:00:00.0000219" startTime="2025-09-27T02:19:23.5621330+00:00" endTime="2025-09-27T02:19:23.5622760+00:00" testType="13cdc9d9-ddb5-4fa4-a97d-d965ccfc6d4b" outcome="Passed" testListId="8c84fa94-04c1-424b-9868-57a2d4851a1d" relativeResultsDirectory="8de0de22-be57-48a2-897d-89058b7c4517" />
    <UnitTestResult executionId="d0f49085-a064-481d-84ef-fb7c531bd312" testId="f4242541-f62b-6e59-6932-1a9c264c322e" testName="TestOutputIsDeterministic" computerName="Mac-1758936894240" duration="00:00:03.1336247" startTime="2025-09-27T02:19:26.8554180+00:00" endTime="2025-09-27T02:19:29.9892500+00:00" testType="13cdc9d9-ddb5-4fa4-a97d-d965ccfc6d4b" outcome="Passed" testListId="8c84fa94-04c1-424b-9868-57a2d4851a1d" relativeResultsDirectory="d0f49085-a064-481d-84ef-fb7c531bd312" />
    <UnitTestResult executionId="16852908-be8d-4977-b214-973b0c6a60d2" testId="f7b478bc-0212-d153-656f-f41f57754de4" testName="TestDirectoryEnumerateFilesDirectoriesNested" computerName="Mac-1758936894240" duration="00:00:00.0004937" startTime="2025-09-27T02:19:30.0038780+00:00" endTime="2025-09-27T02:19:30.0045320+00:00" testType="13cdc9d9-ddb5-4fa4-a97d-d965ccfc6d4b" outcome="Passed" testListId="8c84fa94-04c1-424b-9868-57a2d4851a1d" relativeResultsDirectory="16852908-be8d-4977-b214-973b0c6a60d2" />
    <UnitTestResult executionId="2c94abc0-8d0f-4d4f-bc14-dc5594613e56" testId="ff3ef572-f71c-5031-deee-22a40c319a7b" testName="TestRootDirectoryExists" computerName="Mac-1758936894240" duration="00:00:00.0002776" startTime="2025-09-27T02:19:23.5113600+00:00" endTime="2025-09-27T02:19:23.5117080+00:00" testType="13cdc9d9-ddb5-4fa4-a97d-d965ccfc6d4b" outcome="Passed" testListId="8c84fa94-04c1-424b-9868-57a2d4851a1d" relativeResultsDirectory="2c94abc0-8d0f-4d4f-bc14-dc5594613e56" />
    <UnitTestResult executionId="312614c6-397f-40e8-9deb-4cefa2273ed4" testId="bacbbd13-aba6-615b-798e-fa63927d70ae" testName="TestDirectoryEnumerateFilesDirectories (&quot;dir&quot;)" computerName="Mac-1758936894240" duration="00:00:00.0029499" startTime="2025-09-27T02:19:23.5829770+00:00" endTime="2025-09-27T02:19:23.5866070+00:00" testType="13cdc9d9-ddb5-4fa4-a97d-d965ccfc6d4b" outcome="Passed" testListId="8c84fa94-04c1-424b-9868-57a2d4851a1d" relativeResultsDirectory="312614c6-397f-40e8-9deb-4cefa2273ed4" />
    <UnitTestResult executionId="9d89a0fe-c57a-40eb-9d55-0b87f2e0b0bc" testId="009a2387-0a42-469f-a4ba-4b5d7815ce64" testName="TestDeleteNonExistent" computerName="Mac-1758936894240" duration="00:00:00.0003791" startTime="2025-09-27T02:19:23.5102010+00:00" endTime="2025-09-27T02:19:23.5106450+00:00" testType="13cdc9d9-ddb5-4fa4-a97d-d965ccfc6d4b" outcome="Passed" testListId="8c84fa94-04c1-424b-9868-57a2d4851a1d" relativeResultsDirectory="9d89a0fe-c57a-40eb-9d55-0b87f2e0b0bc" />
    <UnitTestResult executionId="29d95df9-0a29-4cf0-803e-0a3375c06252" testId="43f0a9d2-6fe6-601a-864c-33da0d2f9754" testName="TestDirectoryEnumerateFilesDirectories (&quot;dir&quot;)" computerName="Mac-1758936894240" duration="00:00:00.0061210" startTime="2025-09-27T02:19:23.5117510+00:00" endTime="2025-09-27T02:19:23.5199260+00:00" testType="13cdc9d9-ddb5-4fa4-a97d-d965ccfc6d4b" outcome="Passed" testListId="8c84fa94-04c1-424b-9868-57a2d4851a1d" relativeResultsDirectory="29d95df9-0a29-4cf0-803e-0a3375c06252" />
    <UnitTestResult executionId="7f8e2604-be3a-4872-9292-ff453be76c7e" testId="618d4b2b-2ac7-22a8-ee48-265a6ddb8150" testName="TestDirectoryName" computerName="Mac-1758936894240" duration="00:00:00.0003651" startTime="2025-09-27T02:19:23.4012740+00:00" endTime="2025-09-27T02:19:23.4017250+00:00" testType="13cdc9d9-ddb5-4fa4-a97d-d965ccfc6d4b" outcome="Passed" testListId="8c84fa94-04c1-424b-9868-57a2d4851a1d" relativeResultsDirectory="7f8e2604-be3a-4872-9292-ff453be76c7e" />
    <UnitTestResult executionId="71bc74e8-3d99-4859-8a65-d71c25a4f812" testId="7da6318e-98b7-39f0-4161-e0aaa63e4356" testName="TestFileFullPathIsConsistent" computerName="Mac-1758936894240" duration="00:00:00.0003897" startTime="2025-09-27T02:19:23.4022430+00:00" endTime="2025-09-27T02:19:23.4027070+00:00" testType="13cdc9d9-ddb5-4fa4-a97d-d965ccfc6d4b" outcome="Passed" testListId="8c84fa94-04c1-424b-9868-57a2d4851a1d" relativeResultsDirectory="71bc74e8-3d99-4859-8a65-d71c25a4f812" />
    <UnitTestResult executionId="bd1a7ff5-7c7f-4a21-9a01-839022ba5d8d" testId="c3d2dfed-dafa-3212-4b58-dbe2ec6a248e" testName="TestExistsAsyncThrowsIfCancelled" computerName="Mac-1758936894240" duration="00:00:00.0057609" startTime="2025-09-27T02:19:23.7935130+00:00" endTime="2025-09-27T02:19:23.7993790+00:00" testType="13cdc9d9-ddb5-4fa4-a97d-d965ccfc6d4b" outcome="Passed" testListId="8c84fa94-04c1-424b-9868-57a2d4851a1d" relativeResultsDirectory="bd1a7ff5-7c7f-4a21-9a01-839022ba5d8d" />
    <UnitTestResult executionId="759d4dd7-bf6a-4395-816d-0cf64afcbc32" testId="0f1da9e6-1cbf-8583-2f6b-0061293bebf8" testName="TestEnumerateDirectoriesAsync" computerName="Mac-1758936894240" duration="00:00:00.0028336" startTime="2025-09-27T02:19:23.7852960+00:00" endTime="2025-09-27T02:19:23.7882430+00:00" testType="13cdc9d9-ddb5-4fa4-a97d-d965ccfc6d4b" outcome="Passed" testListId="8c84fa94-04c1-424b-9868-57a2d4851a1d" relativeResultsDirectory="759d4dd7-bf6a-4395-816d-0cf64afcbc32" />
    <UnitTestResult executionId="cb2b0476-db6f-4f06-912e-5e812d9078bb" testId="cef74505-0de5-871e-983a-ff75ebac7980" testName="TestFileExtension" computerName="Mac-1758936894240" duration="00:00:00.0001128" startTime="2025-09-27T02:19:29.9947750+00:00" endTime="2025-09-27T02:19:29.9949700+00:00" testType="13cdc9d9-ddb5-4fa4-a97d-d965ccfc6d4b" outcome="Passed" testListId="8c84fa94-04c1-424b-9868-57a2d4851a1d" relativeResultsDirectory="cb2b0476-db6f-4f06-912e-5e812d9078bb" />
    <UnitTestResult executionId="a8267af5-04a6-453d-9cc4-3ffaae2b2e5e" testId="8eec9c63-7a9d-7281-f2f2-9be7c1791458" testName="TestEnumerateFilesAsyncThrowsIfCancelled" computerName="Mac-1758936894240" duration="00:00:00.0016845" startTime="2025-09-27T02:19:23.7994600+00:00" endTime="2025-09-27T02:19:23.8012620+00:00" testType="13cdc9d9-ddb5-4fa4-a97d-d965ccfc6d4b" outcome="Passed" testListId="8c84fa94-04c1-424b-9868-57a2d4851a1d" relativeResultsDirectory="a8267af5-04a6-453d-9cc4-3ffaae2b2e5e" />
    <UnitTestResult executionId="6adca9cb-32d9-400d-93c0-1b14a6492feb" testId="fca03aaa-9bd0-d573-60dc-d9376c9ea610" testName="TestFileOpenReadWrite" computerName="Mac-1758936894240" duration="00:00:00.0016298" startTime="2025-09-27T02:19:23.5895930+00:00" endTime="2025-09-27T02:19:23.5918580+00:00" testType="13cdc9d9-ddb5-4fa4-a97d-d965ccfc6d4b" outcome="Passed" testListId="8c84fa94-04c1-424b-9868-57a2d4851a1d" relativeResultsDirectory="6adca9cb-32d9-400d-93c0-1b14a6492feb" />
    <UnitTestResult executionId="1127fbf4-ac1c-44f2-b121-dacec2b2e519" testId="45544f1a-d7a2-d9e7-5fa3-60036434748b" testName="TestDirectoryFullPathIsConsistent" computerName="Mac-1758936894240" duration="00:00:00.0000413" startTime="2025-09-27T02:19:29.9966340+00:00" endTime="2025-09-27T02:19:29.9967440+00:00" testType="13cdc9d9-ddb5-4fa4-a97d-d965ccfc6d4b" outcome="Passed" testListId="8c84fa94-04c1-424b-9868-57a2d4851a1d" relativeResultsDirectory="1127fbf4-ac1c-44f2-b121-dacec2b2e519" />
    <UnitTestResult executionId="f345efaf-596b-4da7-9dc5-d9649e68b2a5" testId="2b565eab-d7f1-591c-d1b8-d74976982623" testName="TestDirectoryEnumerateFilesDirectories (&quot;&quot;)" computerName="Mac-1758936894240" duration="00:00:00.0004262" startTime="2025-09-27T02:19:23.5866950+00:00" endTime="2025-09-27T02:19:23.5879440+00:00" testType="13cdc9d9-ddb5-4fa4-a97d-d965ccfc6d4b" outcome="Passed" testListId="8c84fa94-04c1-424b-9868-57a2d4851a1d" relativeResultsDirectory="f345efaf-596b-4da7-9dc5-d9649e68b2a5" />
    <UnitTestResult executionId="a6654421-b698-4f56-8bd3-c03fc4033a70" testId="4215e5b5-fc3c-3e4d-30ae-01a50b08f468" testName="TestEmptyDirectoryPaths" computerName="Mac-1758936894240" duration="00:00:00.0014546" startTime="2025-09-27T02:19:23.3952710+00:00" endTime="2025-09-27T02:19:23.3973700+00:00" testType="13cdc9d9-ddb5-4fa4-a97d-d965ccfc6d4b" outcome="Passed" testListId="8c84fa94-04c1-424b-9868-57a2d4851a1d" relativeResultsDirectory="a6654421-b698-4f56-8bd3-c03fc4033a70" />
    <UnitTestResult executionId="ce633bd3-f712-4d50-abe1-15594c9bdb24" testId="f8e7277d-d9f8-29f5-60e4-5fbb63d964ed" testName="TestFileName" computerName="Mac-1758936894240" duration="00:00:00.0000460" startTime="2025-09-27T02:19:23.5564580+00:00" endTime="2025-09-27T02:19:23.5566300+00:00" testType="13cdc9d9-ddb5-4fa4-a97d-d965ccfc6d4b" outcome="Passed" testListId="8c84fa94-04c1-424b-9868-57a2d4851a1d" relativeResultsDirectory="ce633bd3-f712-4d50-abe1-15594c9bdb24" />
    <UnitTestResult executionId="54a2f646-c267-4959-82ce-40ca8d706f12" testId="2e325afd-71c3-c013-f9e9-d25d63271309" testName="TestDirectoryFullPathIsConsistent" computerName="Mac-1758936894240" duration="00:00:00.0000197" startTime="2025-09-27T02:19:23.5623070+00:00" endTime="2025-09-27T02:19:23.5624290+00:00" testType="13cdc9d9-ddb5-4fa4-a97d-d965ccfc6d4b" outcome="Passed" testListId="8c84fa94-04c1-424b-9868-57a2d4851a1d" relativeResultsDirectory="54a2f646-c267-4959-82ce-40ca8d706f12" />
    <UnitTestResult executionId="f18cd630-b366-4443-bf6c-71865c2ae47a" testId="0da9f8a8-e657-b210-b5f3-ec83c8497b26" testName="TestFileStem" computerName="Mac-1758936894240" duration="00:00:00.0003894" startTime="2025-09-27T02:19:23.4002870+00:00" endTime="2025-09-27T02:19:23.4007680+00:00" testType="13cdc9d9-ddb5-4fa4-a97d-d965ccfc6d4b" outcome="Passed" testListId="8c84fa94-04c1-424b-9868-57a2d4851a1d" relativeResultsDirectory="f18cd630-b366-4443-bf6c-71865c2ae47a" />
    <UnitTestResult executionId="c94140f3-f37d-45cc-a594-e0f8723fbebc" testId="d4d986da-d4bd-08f4-57b5-191f12483e46" testName="TestEmptyDirectoryPaths" computerName="Mac-1758936894240" duration="00:00:00.0008600" startTime="2025-09-27T02:19:23.5535420+00:00" endTime="2025-09-27T02:19:23.5545390+00:00" testType="13cdc9d9-ddb5-4fa4-a97d-d965ccfc6d4b" outcome="Passed" testListId="8c84fa94-04c1-424b-9868-57a2d4851a1d" relativeResultsDirectory="c94140f3-f37d-45cc-a594-e0f8723fbebc" />
    <UnitTestResult executionId="a744d428-5ecc-45d6-91b9-c3c85f24ca3e" testId="a3803826-329d-dc6f-fc7d-0e02805b706c" testName="TestFileStem" computerName="Mac-1758936894240" duration="00:00:00.0001821" startTime="2025-09-27T02:19:23.5590970+00:00" endTime="2025-09-27T02:19:23.5595070+00:00" testType="13cdc9d9-ddb5-4fa4-a97d-d965ccfc6d4b" outcome="Passed" testListId="8c84fa94-04c1-424b-9868-57a2d4851a1d" relativeResultsDirectory="a744d428-5ecc-45d6-91b9-c3c85f24ca3e" />
    <UnitTestResult executionId="a80d767a-5d2a-4d34-8ee5-fc90f8be5250" testId="824069aa-83cd-e2df-af5a-d971bcf9e8ee" testName="TestDeleteNonExistent" computerName="Mac-1758936894240" duration="00:00:00.0009366" startTime="2025-09-27T02:19:29.9980470+00:00" endTime="2025-09-27T02:19:29.9991650+00:00" testType="13cdc9d9-ddb5-4fa4-a97d-d965ccfc6d4b" outcome="Passed" testListId="8c84fa94-04c1-424b-9868-57a2d4851a1d" relativeResultsDirectory="a80d767a-5d2a-4d34-8ee5-fc90f8be5250" />
    <UnitTestResult executionId="0bb01ae2-0afa-4c15-ad69-f013ff641254" testId="1e8ef867-c861-69f4-badf-30af80491de8" testName="TestParentDirectory" computerName="Mac-1758936894240" duration="00:00:00.0016524" startTime="2025-09-27T02:19:23.5454240+00:00" endTime="2025-09-27T02:19:23.5479290+00:00" testType="13cdc9d9-ddb5-4fa4-a97d-d965ccfc6d4b" outcome="Passed" testListId="8c84fa94-04c1-424b-9868-57a2d4851a1d" relativeResultsDirectory="0bb01ae2-0afa-4c15-ad69-f013ff641254" />
    <UnitTestResult executionId="4e8112ad-2628-4934-9452-de05e301dda8" testId="9fab18c8-de42-5edf-89cb-38fe842efdcb" testName="TestDirectoryEnumerateFilesDirectoriesNested" computerName="Mac-1758936894240" duration="00:00:00.0008694" startTime="2025-09-27T02:19:23.5880040+00:00" endTime="2025-09-27T02:19:23.5894880+00:00" testType="13cdc9d9-ddb5-4fa4-a97d-d965ccfc6d4b" outcome="Passed" testListId="8c84fa94-04c1-424b-9868-57a2d4851a1d" relativeResultsDirectory="4e8112ad-2628-4934-9452-de05e301dda8" />
    <UnitTestResult executionId="1a3194af-c6ae-44ee-be24-bfdf1219d067" testId="ee7e4fee-92ed-61e3-75da-bff49e330275" testName="TestDirectoryFullPathIsConsistent" computerName="Mac-1758936894240" duration="00:00:00.0015450" startTime="2025-09-27T02:19:23.5024860+00:00" endTime="2025-09-27T02:19:23.5046940+00:00" testType="13cdc9d9-ddb5-4fa4-a97d-d965ccfc6d4b" outcome="Passed" testListId="8c84fa94-04c1-424b-9868-57a2d4851a1d" relativeResultsDirectory="1a3194af-c6ae-44ee-be24-bfdf1219d067" />
    <UnitTestResult executionId="a30733c3-336d-401d-9c53-20bbf1615246" testId="3bd62bd2-9144-6143-2f62-27a8dcf18fb5" testName="TestEnumerateDirectoriesAsyncThrowsIfCancelled" computerName="Mac-1758936894240" duration="00:00:00.0015125" startTime="2025-09-27T02:19:23.8022590+00:00" endTime="2025-09-27T02:19:23.8039010+00:00" testType="13cdc9d9-ddb5-4fa4-a97d-d965ccfc6d4b" outcome="Passed" testListId="8c84fa94-04c1-424b-9868-57a2d4851a1d" relativeResultsDirectory="a30733c3-336d-401d-9c53-20bbf1615246" />
    <UnitTestResult executionId="3b18ae0d-a590-4cb5-854e-a4b7fd5562de" testId="fe70811c-eba8-dd1f-7c22-0fa4e60d4aa2" testName="TestDirectoryDeleteExistingDirectory" computerName="Mac-1758936894240" duration="00:00:00.0002966" startTime="2025-09-27T02:19:23.5685080+00:00" endTime="2025-09-27T02:19:23.5812870+00:00" testType="13cdc9d9-ddb5-4fa4-a97d-d965ccfc6d4b" outcome="Passed" testListId="8c84fa94-04c1-424b-9868-57a2d4851a1d" relativeResultsDirectory="3b18ae0d-a590-4cb5-854e-a4b7fd5562de" />
    <UnitTestResult executionId="0c11ac6f-8769-41d9-9a25-1d91f0de398e" testId="797b8a01-8186-1169-ecab-9b51ad970e5d" testName="TestDirectoryName" computerName="Mac-1758936894240" duration="00:00:00.0000474" startTime="2025-09-27T02:19:23.5607520+00:00" endTime="2025-09-27T02:19:23.5613470+00:00" testType="13cdc9d9-ddb5-4fa4-a97d-d965ccfc6d4b" outcome="Passed" testListId="8c84fa94-04c1-424b-9868-57a2d4851a1d" relativeResultsDirectory="0c11ac6f-8769-41d9-9a25-1d91f0de398e" />
    <UnitTestResult executionId="c0f5cfb9-cf3b-4278-9cae-98ae29983428" testId="64552f8d-56bd-dece-2bde-38ac338fdf57" testName="TestDirectoryEnumerateFilesDirectories (&quot;dir&quot;)" computerName="Mac-1758936894240" duration="00:00:00.0020619" startTime="2025-09-27T02:19:30.0000820+00:00" endTime="2025-09-27T02:19:30.0023050+00:00" testType="13cdc9d9-ddb5-4fa4-a97d-d965ccfc6d4b" outcome="Passed" testListId="8c84fa94-04c1-424b-9868-57a2d4851a1d" relativeResultsDirectory="c0f5cfb9-cf3b-4278-9cae-98ae29983428" />
    <UnitTestResult executionId="4dd960d7-9528-4c46-b81a-7135b6d17400" testId="6de70bcc-1fd5-fee6-1433-0f0245c25247" testName="TestFileExtension" computerName="Mac-1758936894240" duration="00:00:00.0003442" startTime="2025-09-27T02:19:23.4008080+00:00" endTime="2025-09-27T02:19:23.4012350+00:00" testType="13cdc9d9-ddb5-4fa4-a97d-d965ccfc6d4b" outcome="Passed" testListId="8c84fa94-04c1-424b-9868-57a2d4851a1d" relativeResultsDirectory="4dd960d7-9528-4c46-b81a-7135b6d17400" />
    <UnitTestResult executionId="4a082600-7f94-4852-9287-3892a156d363" testId="24b7a9df-0abd-14f1-06c9-9d72cbf192b3" testName="TestFileName" computerName="Mac-1758936894240" duration="00:00:00.0005222" startTime="2025-09-27T02:19:23.3995850+00:00" endTime="2025-09-27T02:19:23.4002200+00:00" testType="13cdc9d9-ddb5-4fa4-a97d-d965ccfc6d4b" outcome="Passed" testListId="8c84fa94-04c1-424b-9868-57a2d4851a1d" relativeResultsDirectory="4a082600-7f94-4852-9287-3892a156d363" />
    <UnitTestResult executionId="ec1db100-8778-4fde-a8bf-d67f7179cbe9" testId="18605d5f-4c35-09c6-72ca-211e48b57479" testName="TestEmptyFilePaths" computerName="Mac-1758936894240" duration="00:00:00.0202548" startTime="2025-09-27T02:19:23.3321600+00:00" endTime="2025-09-27T02:19:23.3882310+00:00" testType="13cdc9d9-ddb5-4fa4-a97d-d965ccfc6d4b" outcome="Passed" testListId="8c84fa94-04c1-424b-9868-57a2d4851a1d" relativeResultsDirectory="ec1db100-8778-4fde-a8bf-d67f7179cbe9" />
    <UnitTestResult executionId="ea5f0304-c7d5-4815-b702-0eade16b2ef7" testId="bda2bfb3-e5c0-2200-50a6-0294fcf407ea" testName="TestEnumerateFilesAsync" computerName="Mac-1758936894240" duration="00:00:00.0224552" startTime="2025-09-27T02:19:23.7626390+00:00" endTime="2025-09-27T02:19:23.7852140+00:00" testType="13cdc9d9-ddb5-4fa4-a97d-d965ccfc6d4b" outcome="Passed" testListId="8c84fa94-04c1-424b-9868-57a2d4851a1d" relativeResultsDirectory="ea5f0304-c7d5-4815-b702-0eade16b2ef7" />
    <UnitTestResult executionId="a70c8acd-3031-41b5-a946-f6908c401a88" testId="5e7e342f-9a2b-efbe-0225-541455a94587" testName="TestDeleteAsyncThrowsIfCancelled" computerName="Mac-1758936894240" duration="00:00:00.0009350" startTime="2025-09-27T02:19:23.8187950+00:00" endTime="2025-09-27T02:19:23.8198230+00:00" testType="13cdc9d9-ddb5-4fa4-a97d-d965ccfc6d4b" outcome="Passed" testListId="8c84fa94-04c1-424b-9868-57a2d4851a1d" relativeResultsDirectory="a70c8acd-3031-41b5-a946-f6908c401a88" />
    <UnitTestResult executionId="1c549455-7b04-436f-96ed-2d92c574fe5b" testId="23d07cc4-2758-a52f-fbcc-4554ce4384ec" testName="TestCreateFileWhenParentDirectoryDoesNotExist" computerName="Mac-1758936894240" duration="00:00:00.0001323" startTime="2025-09-27T02:19:23.5965660+00:00" endTime="2025-09-27T02:19:23.5968680+00:00" testType="13cdc9d9-ddb5-4fa4-a97d-d965ccfc6d4b" outcome="Passed" testListId="8c84fa94-04c1-424b-9868-57a2d4851a1d" relativeResultsDirectory="1c549455-7b04-436f-96ed-2d92c574fe5b" />
    <UnitTestResult executionId="2a4442a2-b960-428f-bc36-adfb5bc5300a" testId="cd0078b3-4b7f-1e54-2b47-dac01f923d15" testName="TestDirectoryNameWithDot" computerName="Mac-1758936894240" duration="00:00:00.0003476" startTime="2025-09-27T02:19:23.4017630+00:00" endTime="2025-09-27T02:19:23.4021840+00:00" testType="13cdc9d9-ddb5-4fa4-a97d-d965ccfc6d4b" outcome="Passed" testListId="8c84fa94-04c1-424b-9868-57a2d4851a1d" relativeResultsDirectory="2a4442a2-b960-428f-bc36-adfb5bc5300a" />
    <UnitTestResult executionId="1ca4895f-faae-4896-9f83-89d57c9de4c9" testId="b414c790-0451-ffab-cace-9828ee75369b" testName="TestEmptyDirectoryPaths" computerName="Mac-1758936894240" duration="00:00:00.0004431" startTime="2025-09-27T02:19:29.9930680+00:00" endTime="2025-09-27T02:19:29.9935960+00:00" testType="13cdc9d9-ddb5-4fa4-a97d-d965ccfc6d4b" outcome="Passed" testListId="8c84fa94-04c1-424b-9868-57a2d4851a1d" relativeResultsDirectory="1ca4895f-faae-4896-9f83-89d57c9de4c9" />
    <UnitTestResult executionId="da350b43-cd1d-4193-a464-2d3fd8fbaecb" testId="9546a373-c09a-58f7-3312-0de377f90a9a" testName="TestCreateAsyncThrowsIfCancelled" computerName="Mac-1758936894240" duration="00:00:00.0008724" startTime="2025-09-27T02:19:23.8039740+00:00" endTime="2025-09-27T02:19:23.8049380+00:00" testType="13cdc9d9-ddb5-4fa4-a97d-d965ccfc6d4b" outcome="Passed" testListId="8c84fa94-04c1-424b-9868-57a2d4851a1d" relativeResultsDirectory="da350b43-cd1d-4193-a464-2d3fd8fbaecb" />
    <UnitTestResult executionId="2d7fe491-235e-4519-b454-36a77dcef24b" testId="12d1cb41-6b3b-e919-4920-056dbd3aad76" testName="TestDefaultOutputIsNonDeterministic" computerName="Mac-1758936894240" duration="00:00:03.0347178" startTime="2025-09-27T02:19:23.8198810+00:00" endTime="2025-09-27T02:19:26.8547640+00:00" testType="13cdc9d9-ddb5-4fa4-a97d-d965ccfc6d4b" outcome="Passed" testListId="8c84fa94-04c1-424b-9868-57a2d4851a1d" relativeResultsDirectory="2d7fe491-235e-4519-b454-36a77dcef24b" />
    <UnitTestResult executionId="efcbff75-f55f-4d5f-930a-afbb189c125c" testId="c7897527-4e0e-ad49-b035-f1933297433a" testName="TestFileOpenReadWriteExistingFile" computerName="Mac-1758936894240" duration="00:00:00.0001390" startTime="2025-09-27T02:19:23.5919310+00:00" endTime="2025-09-27T02:19:23.5925630+00:00" testType="13cdc9d9-ddb5-4fa4-a97d-d965ccfc6d4b" outcome="Passed" testListId="8c84fa94-04c1-424b-9868-57a2d4851a1d" relativeResultsDirectory="efcbff75-f55f-4d5f-930a-afbb189c125c" />
    <UnitTestResult executionId="d8089852-c67c-4495-80ab-aa3ec9172d91" testId="8b81bd82-dc36-2cda-229b-b5072167dddf" testName="TestFileFullPathIsConsistent" computerName="Mac-1758936894240" duration="00:00:00.0000657" startTime="2025-09-27T02:19:29.9964080+00:00" endTime="2025-09-27T02:19:29.9965820+00:00" testType="13cdc9d9-ddb5-4fa4-a97d-d965ccfc6d4b" outcome="Passed" testListId="8c84fa94-04c1-424b-9868-57a2d4851a1d" relativeResultsDirectory="d8089852-c67c-4495-80ab-aa3ec9172d91" />
    <UnitTestResult executionId="e27dd8ca-8fa2-4719-9986-7fc42c77845a" testId="0e088d27-c7d7-0291-d4f0-8f7b1d9da554" testName="TestDirectoryCreate" computerName="Mac-1758936894240" duration="00:00:00.0033911" startTime="2025-09-27T02:19:23.5047600+00:00" endTime="2025-09-27T02:19:23.5092710+00:00" testType="13cdc9d9-ddb5-4fa4-a97d-d965ccfc6d4b" outcome="Passed" testListId="8c84fa94-04c1-424b-9868-57a2d4851a1d" relativeResultsDirectory="e27dd8ca-8fa2-4719-9986-7fc42c77845a" />
    <UnitTestResult executionId="e699322c-a5c4-480e-9870-3676c265642a" testId="a29289ea-bc1d-0083-5118-54a12526b8af" testName="TestDirectoryCreateExisting" computerName="Mac-1758936894240" duration="00:00:00.0007107" startTime="2025-09-27T02:19:23.5093430+00:00" endTime="2025-09-27T02:19:23.5101650+00:00" testType="13cdc9d9-ddb5-4fa4-a97d-d965ccfc6d4b" outcome="Passed" testListId="8c84fa94-04c1-424b-9868-57a2d4851a1d" relativeResultsDirectory="e699322c-a5c4-480e-9870-3676c265642a" />
    <UnitTestResult executionId="e2118ccd-5729-450c-847b-c303029cfdfc" testId="a89f0bbf-e5bb-9494-34d2-174c60a99834" testName="TestExistsAsync (True)" computerName="Mac-1758936894240" duration="00:00:00.0014077" startTime="2025-09-27T02:19:23.8059120+00:00" endTime="2025-09-27T02:19:23.8074790+00:00" testType="13cdc9d9-ddb5-4fa4-a97d-d965ccfc6d4b" outcome="Passed" testListId="8c84fa94-04c1-424b-9868-57a2d4851a1d" relativeResultsDirectory="e2118ccd-5729-450c-847b-c303029cfdfc" />
    <UnitTestResult executionId="79d42057-bb84-4eaa-a79d-1ab6fb7c5207" testId="1d8061bb-017e-dbad-4465-67af30ac9b23" testName="TestCreateFileWhenParentDirectoryDoesNotExist" computerName="Mac-1758936894240" duration="00:00:00.0000721" startTime="2025-09-27T02:19:30.0062670+00:00" endTime="2025-09-27T02:19:30.0079010+00:00" testType="13cdc9d9-ddb5-4fa4-a97d-d965ccfc6d4b" outcome="Passed" testListId="8c84fa94-04c1-424b-9868-57a2d4851a1d" relativeResultsDirectory="79d42057-bb84-4eaa-a79d-1ab6fb7c5207" />
    <UnitTestResult executionId="7831315d-8e5e-4903-a4c2-78543147c54e" testId="cf4b9090-69b3-1690-d9fc-8e30944ebfcc" testName="TestOpenReadAsyncThrowsIfCancelled" computerName="Mac-1758936894240" duration="00:00:00.0011681" startTime="2025-09-27T02:19:23.8163320+00:00" endTime="2025-09-27T02:19:23.8176310+00:00" testType="13cdc9d9-ddb5-4fa4-a97d-d965ccfc6d4b" outcome="Passed" testListId="8c84fa94-04c1-424b-9868-57a2d4851a1d" relativeResultsDirectory="7831315d-8e5e-4903-a4c2-78543147c54e" />
    <UnitTestResult executionId="13d7c75a-3dc9-454e-a873-ff668524ea76" testId="966fde8d-32df-314c-6115-6a9b32ec93b9" testName="TestRootDirectoryExists" computerName="Mac-1758936894240" duration="00:00:00.0000681" startTime="2025-09-27T02:19:29.9998120+00:00" endTime="2025-09-27T02:19:29.9999910+00:00" testType="13cdc9d9-ddb5-4fa4-a97d-d965ccfc6d4b" outcome="Passed" testListId="8c84fa94-04c1-424b-9868-57a2d4851a1d" relativeResultsDirectory="13d7c75a-3dc9-454e-a873-ff668524ea76" />
    <UnitTestResult executionId="fc1da099-18c2-4cba-958a-5035c19ca6dc" testId="7eb76f2c-21a5-f549-3581-458e2d90bb4e" testName="TestDirectoryEnumerateFilesDirectoriesNested" computerName="Mac-1758936894240" duration="00:00:00.0069233" startTime="2025-09-27T02:19:23.5225470+00:00" endTime="2025-09-27T02:19:23.5296040+00:00" testType="13cdc9d9-ddb5-4fa4-a97d-d965ccfc6d4b" outcome="Passed" testListId="8c84fa94-04c1-424b-9868-57a2d4851a1d" relativeResultsDirectory="fc1da099-18c2-4cba-958a-5035c19ca6dc" />
    <UnitTestResult executionId="56412a86-f4d4-4a7b-8292-ac6cf9e1d2ae" testId="6cfcf509-16b7-8279-725f-a4ce45ea80aa" testName="TestExistsAsync (False)" computerName="Mac-1758936894240" duration="00:00:00.0005320" startTime="2025-09-27T02:19:23.8075450+00:00" endTime="2025-09-27T02:19:23.8081700+00:00" testType="13cdc9d9-ddb5-4fa4-a97d-d965ccfc6d4b" outcome="Passed" testListId="8c84fa94-04c1-424b-9868-57a2d4851a1d" relativeResultsDirectory="56412a86-f4d4-4a7b-8292-ac6cf9e1d2ae" />
    <UnitTestResult executionId="17949d40-f857-4b37-b18c-c0b06b9aa300" testId="c901782e-ef1c-b42b-60f1-435a0351d1c3" testName="TestParentDirectory" computerName="Mac-1758936894240" duration="00:00:00.0002777" startTime="2025-09-27T02:19:30.0058310+00:00" endTime="2025-09-27T02:19:30.0062170+00:00" testType="13cdc9d9-ddb5-4fa4-a97d-d965ccfc6d4b" outcome="Passed" testListId="8c84fa94-04c1-424b-9868-57a2d4851a1d" relativeResultsDirectory="17949d40-f857-4b37-b18c-c0b06b9aa300" />
    <UnitTestResult executionId="313a7347-150f-4fd5-a2e3-ed3a9b86ccd1" testId="51e79817-9cb4-c803-a9cd-be62c5643252" testName="TestDirectoryNameWithDot" computerName="Mac-1758936894240" duration="00:00:00.0000539" startTime="2025-09-27T02:19:29.9953040+00:00" endTime="2025-09-27T02:19:29.9954550+00:00" testType="13cdc9d9-ddb5-4fa4-a97d-d965ccfc6d4b" outcome="Passed" testListId="8c84fa94-04c1-424b-9868-57a2d4851a1d" relativeResultsDirectory="313a7347-150f-4fd5-a2e3-ed3a9b86ccd1" />
    <UnitTestResult executionId="87405fe2-a782-4540-9188-c783da66125a" testId="80da2137-b6cc-609b-971f-7e7a4fdb564d" testName="TestFileOpenReadWriteExistingFile" computerName="Mac-1758936894240" duration="00:00:00.0026478" startTime="2025-09-27T02:19:23.5406480+00:00" endTime="2025-09-27T02:19:23.5442160+00:00" testType="13cdc9d9-ddb5-4fa4-a97d-d965ccfc6d4b" outcome="Passed" testListId="8c84fa94-04c1-424b-9868-57a2d4851a1d" relativeResultsDirectory="87405fe2-a782-4540-9188-c783da66125a" />
    <UnitTestResult executionId="64614cb6-89b4-4555-bcd9-806e6ce29c73" testId="02f617f7-c2f8-ea60-5be7-c053e0a3cf57" testName="TestDeleteEmptyPathDirectory" computerName="Mac-1758936894240" duration="00:00:00.0009229" startTime="2025-09-27T02:19:23.5552300+00:00" endTime="2025-09-27T02:19:23.5563430+00:00" testType="13cdc9d9-ddb5-4fa4-a97d-d965ccfc6d4b" outcome="Passed" testListId="8c84fa94-04c1-424b-9868-57a2d4851a1d" relativeResultsDirectory="64614cb6-89b4-4555-bcd9-806e6ce29c73" />
    <UnitTestResult executionId="1523d256-00be-4bd3-af30-e689b8f85831" testId="9a8424cd-4f80-220e-7900-daa37175ddae" testName="TestDirectoryCreate" computerName="Mac-1758936894240" duration="00:00:00.0015455" startTime="2025-09-27T02:19:23.5624570+00:00" endTime="2025-09-27T02:19:23.5641280+00:00" testType="13cdc9d9-ddb5-4fa4-a97d-d965ccfc6d4b" outcome="Passed" testListId="8c84fa94-04c1-424b-9868-57a2d4851a1d" relativeResultsDirectory="1523d256-00be-4bd3-af30-e689b8f85831" />
    <UnitTestResult executionId="503bc20a-2d15-48e7-ac86-7a2337531c9b" testId="87471bd0-b3d5-4af4-a468-43e113ade7fe" testName="TestFileDelete" computerName="Mac-1758936894240" duration="00:00:00.0001375" startTime="2025-09-27T02:19:30.0055260+00:00" endTime="2025-09-27T02:19:30.0057450+00:00" testType="13cdc9d9-ddb5-4fa4-a97d-d965ccfc6d4b" outcome="Passed" testListId="8c84fa94-04c1-424b-9868-57a2d4851a1d" relativeResultsDirectory="503bc20a-2d15-48e7-ac86-7a2337531c9b" />
    <UnitTestResult executionId="d1d2de33-c6c9-4ea2-9c0e-755723e9d4dd" testId="df1b3604-ffd3-14ba-042b-94c14c177176" testName="TestDirectoryCreate" computerName="Mac-1758936894240" duration="00:00:00.0008334" startTime="2025-09-27T02:19:29.9967810+00:00" endTime="2025-09-27T02:19:29.9976980+00:00" testType="13cdc9d9-ddb5-4fa4-a97d-d965ccfc6d4b" outcome="Passed" testListId="8c84fa94-04c1-424b-9868-57a2d4851a1d" relativeResultsDirectory="d1d2de33-c6c9-4ea2-9c0e-755723e9d4dd" />
    <UnitTestResult executionId="9fce37c8-4297-4fb9-af26-018546d93391" testId="109778f8-1a3f-c921-f480-5b33ec9e404c" testName="TestDirectoryDeleteExistingDirectory" computerName="Mac-1758936894240" duration="00:00:00.0005213" startTime="2025-09-27T02:19:23.5106770+00:00" endTime="2025-09-27T02:19:23.5113130+00:00" testType="13cdc9d9-ddb5-4fa4-a97d-d965ccfc6d4b" outcome="Passed" testListId="8c84fa94-04c1-424b-9868-57a2d4851a1d" relativeResultsDirectory="9fce37c8-4297-4fb9-af26-018546d93391" />
    <UnitTestResult executionId="6f2f76c3-02d5-4e70-8cf3-bd5d8986079b" testId="3fbe1aef-c231-36db-e42e-599bf3f74565" testName="TestDeleteEmptyPathDirectory" computerName="Mac-1758936894240" duration="00:00:00.0004052" startTime="2025-09-27T02:19:29.9936510+00:00" endTime="2025-09-27T02:19:29.9941480+00:00" testType="13cdc9d9-ddb5-4fa4-a97d-d965ccfc6d4b" outcome="Passed" testListId="8c84fa94-04c1-424b-9868-57a2d4851a1d" relativeResultsDirectory="6f2f76c3-02d5-4e70-8cf3-bd5d8986079b" />
    <UnitTestResult executionId="930e7603-1835-4fc8-8c2c-c93614116017" testId="49fe5267-fc48-c49a-f934-3af546ee163f" testName="TestCreateAsync" computerName="Mac-1758936894240" duration="00:00:00.0039774" startTime="2025-09-27T02:19:23.7883140+00:00" endTime="2025-09-27T02:19:23.7923990+00:00" testType="13cdc9d9-ddb5-4fa4-a97d-d965ccfc6d4b" outcome="Passed" testListId="8c84fa94-04c1-424b-9868-57a2d4851a1d" relativeResultsDirectory="930e7603-1835-4fc8-8c2c-c93614116017" />
    <UnitTestResult executionId="fbb7ae57-214d-43f6-aae0-bc005f69cf0d" testId="8e708a48-e948-fee1-2a70-df94ce5b6a29" testName="TestFileOpenReadWrite" computerName="Mac-1758936894240" duration="00:00:00.0051661" startTime="2025-09-27T02:19:23.5351740+00:00" endTime="2025-09-27T02:19:23.5405610+00:00" testType="13cdc9d9-ddb5-4fa4-a97d-d965ccfc6d4b" outcome="Passed" testListId="8c84fa94-04c1-424b-9868-57a2d4851a1d" relativeResultsDirectory="fbb7ae57-214d-43f6-aae0-bc005f69cf0d" />
    <UnitTestResult executionId="439d51d8-4bb9-4890-9574-38ca412fe8de" testId="1f720387-7182-1f7e-79cf-5e42f1b3a177" testName="TestOpenReadAsync" computerName="Mac-1758936894240" duration="00:00:00.0032060" startTime="2025-09-27T02:19:23.8082170+00:00" endTime="2025-09-27T02:19:23.8115200+00:00" testType="13cdc9d9-ddb5-4fa4-a97d-d965ccfc6d4b" outcome="Passed" testListId="8c84fa94-04c1-424b-9868-57a2d4851a1d" relativeResultsDirectory="439d51d8-4bb9-4890-9574-38ca412fe8de" />
    <UnitTestResult executionId="7f1f8da8-579f-4414-b3ac-a18f4c8d5cff" testId="071eaba4-a09d-f772-7109-6fc000a80917" testName="TestCompression" computerName="Mac-1758936894240" duration="00:00:00.0025818" startTime="2025-09-27T02:19:29.9899730+00:00" endTime="2025-09-27T02:19:29.9927330+00:00" testType="13cdc9d9-ddb5-4fa4-a97d-d965ccfc6d4b" outcome="Passed" testListId="8c84fa94-04c1-424b-9868-57a2d4851a1d" relativeResultsDirectory="7f1f8da8-579f-4414-b3ac-a18f4c8d5cff" />
  </Results>
  <TestDefinitions>
    <UnitTest name="TestFileOpenReadWriteExistingFile" storage="/users/runner/work/dotnet-monorepo/dotnet-monorepo/src/artifacts/bin/filestorage.tests/release_osx-x64/filestorage.tests.dll" id="c7897527-4e0e-ad49-b035-f1933297433a">
      <Execution id="efcbff75-f55f-4d5f-930a-afbb189c125c" />
      <TestMethod codeBase="/Users/runner/work/dotnet-monorepo/dotnet-monorepo/src/artifacts/bin/FileStorage.Tests/release_osx-x64/FileStorage.Tests.dll" adapterTypeName="executor://mstestadapter/v2" className="FileStorage.Tests.MemoryFileStorageTests" name="TestFileOpenReadWriteExistingFile" />
    </UnitTest>
    <UnitTest name="TestOpenWriteAsyncThrowsIfCancelled" storage="/users/runner/work/dotnet-monorepo/dotnet-monorepo/src/artifacts/bin/filestorage.tests/release_osx-x64/filestorage.tests.dll" id="df69c3a6-a997-1bec-3536-98911cb3c458">
      <Execution id="cd2c3076-03e5-4d36-b8c6-b130c3b3f727" />
      <TestMethod codeBase="/Users/runner/work/dotnet-monorepo/dotnet-monorepo/src/artifacts/bin/FileStorage.Tests/release_osx-x64/FileStorage.Tests.dll" adapterTypeName="executor://mstestadapter/v2" className="FileStorage.Tests.SyncToAsyncFileAdapterTests" name="TestOpenWriteAsyncThrowsIfCancelled" />
    </UnitTest>
    <UnitTest name="TestFileFullPathIsConsistent" storage="/users/runner/work/dotnet-monorepo/dotnet-monorepo/src/artifacts/bin/filestorage.tests/release_osx-x64/filestorage.tests.dll" id="7da6318e-98b7-39f0-4161-e0aaa63e4356">
      <Execution id="71bc74e8-3d99-4859-8a65-d71c25a4f812" />
      <TestMethod codeBase="/Users/runner/work/dotnet-monorepo/dotnet-monorepo/src/artifacts/bin/FileStorage.Tests/release_osx-x64/FileStorage.Tests.dll" adapterTypeName="executor://mstestadapter/v2" className="FileStorage.Tests.FilesystemFileStorageTests" name="TestFileFullPathIsConsistent" />
    </UnitTest>
    <UnitTest name="TestDeleteEmptyPathDirectory" storage="/users/runner/work/dotnet-monorepo/dotnet-monorepo/src/artifacts/bin/filestorage.tests/release_osx-x64/filestorage.tests.dll" id="3fbe1aef-c231-36db-e42e-599bf3f74565">
      <Execution id="6f2f76c3-02d5-4e70-8cf3-bd5d8986079b" />
      <TestMethod codeBase="/Users/runner/work/dotnet-monorepo/dotnet-monorepo/src/artifacts/bin/FileStorage.Tests/release_osx-x64/FileStorage.Tests.dll" adapterTypeName="executor://mstestadapter/v2" className="FileStorage.Tests.ZipFileStorageTests" name="TestDeleteEmptyPathDirectory" />
    </UnitTest>
    <UnitTest name="TestDirectoryName" storage="/users/runner/work/dotnet-monorepo/dotnet-monorepo/src/artifacts/bin/filestorage.tests/release_osx-x64/filestorage.tests.dll" id="618d4b2b-2ac7-22a8-ee48-265a6ddb8150">
      <Execution id="7f8e2604-be3a-4872-9292-ff453be76c7e" />
      <TestMethod codeBase="/Users/runner/work/dotnet-monorepo/dotnet-monorepo/src/artifacts/bin/FileStorage.Tests/release_osx-x64/FileStorage.Tests.dll" adapterTypeName="executor://mstestadapter/v2" className="FileStorage.Tests.FilesystemFileStorageTests" name="TestDirectoryName" />
    </UnitTest>
    <UnitTest name="TestEmptyFilePaths" storage="/users/runner/work/dotnet-monorepo/dotnet-monorepo/src/artifacts/bin/filestorage.tests/release_osx-x64/filestorage.tests.dll" id="18605d5f-4c35-09c6-72ca-211e48b57479">
      <Execution id="ec1db100-8778-4fde-a8bf-d67f7179cbe9" />
      <TestMethod codeBase="/Users/runner/work/dotnet-monorepo/dotnet-monorepo/src/artifacts/bin/FileStorage.Tests/release_osx-x64/FileStorage.Tests.dll" adapterTypeName="executor://mstestadapter/v2" className="FileStorage.Tests.FilesystemFileStorageTests" name="TestEmptyFilePaths" />
    </UnitTest>
    <UnitTest name="TestFileOpenReadWrite" storage="/users/runner/work/dotnet-monorepo/dotnet-monorepo/src/artifacts/bin/filestorage.tests/release_osx-x64/filestorage.tests.dll" id="1534deb5-67ec-434a-e4c4-2a3259f0bb39">
      <Execution id="10c198a3-f507-49ea-b21c-fd00fb3c1c58" />
      <TestMethod codeBase="/Users/runner/work/dotnet-monorepo/dotnet-monorepo/src/artifacts/bin/FileStorage.Tests/release_osx-x64/FileStorage.Tests.dll" adapterTypeName="executor://mstestadapter/v2" className="FileStorage.Tests.ZipFileStorageTests" name="TestFileOpenReadWrite" />
    </UnitTest>
    <UnitTest name="TestDirectoryNameWithDot" storage="/users/runner/work/dotnet-monorepo/dotnet-monorepo/src/artifacts/bin/filestorage.tests/release_osx-x64/filestorage.tests.dll" id="1e71ad58-a0ad-4cd0-0218-6a992bf4f71a">
      <Execution id="f32fae9e-4ca8-48cd-b3e9-3348ebeab7de" />
      <TestMethod codeBase="/Users/runner/work/dotnet-monorepo/dotnet-monorepo/src/artifacts/bin/FileStorage.Tests/release_osx-x64/FileStorage.Tests.dll" adapterTypeName="executor://mstestadapter/v2" className="FileStorage.Tests.MemoryFileStorageTests" name="TestDirectoryNameWithDot" />
    </UnitTest>
    <UnitTest name="TestFileOpenReadWrite" storage="/users/runner/work/dotnet-monorepo/dotnet-monorepo/src/artifacts/bin/filestorage.tests/release_osx-x64/filestorage.tests.dll" id="8e708a48-e948-fee1-2a70-df94ce5b6a29">
      <Execution id="fbb7ae57-214d-43f6-aae0-bc005f69cf0d" />
      <TestMethod codeBase="/Users/runner/work/dotnet-monorepo/dotnet-monorepo/src/artifacts/bin/FileStorage.Tests/release_osx-x64/FileStorage.Tests.dll" adapterTypeName="executor://mstestadapter/v2" className="FileStorage.Tests.FilesystemFileStorageTests" name="TestFileOpenReadWrite" />
    </UnitTest>
    <UnitTest name="TestDefaultOutputIsNonDeterministic" storage="/users/runner/work/dotnet-monorepo/dotnet-monorepo/src/artifacts/bin/filestorage.tests/release_osx-x64/filestorage.tests.dll" id="12d1cb41-6b3b-e919-4920-056dbd3aad76">
      <Execution id="2d7fe491-235e-4519-b454-36a77dcef24b" />
      <TestMethod codeBase="/Users/runner/work/dotnet-monorepo/dotnet-monorepo/src/artifacts/bin/FileStorage.Tests/release_osx-x64/FileStorage.Tests.dll" adapterTypeName="executor://mstestadapter/v2" className="FileStorage.Tests.ZipFileStorageTests" name="TestDefaultOutputIsNonDeterministic" />
    </UnitTest>
    <UnitTest name="TestDirectoryCreateExisting" storage="/users/runner/work/dotnet-monorepo/dotnet-monorepo/src/artifacts/bin/filestorage.tests/release_osx-x64/filestorage.tests.dll" id="a29289ea-bc1d-0083-5118-54a12526b8af">
      <Execution id="e699322c-a5c4-480e-9870-3676c265642a" />
      <TestMethod codeBase="/Users/runner/work/dotnet-monorepo/dotnet-monorepo/src/artifacts/bin/FileStorage.Tests/release_osx-x64/FileStorage.Tests.dll" adapterTypeName="executor://mstestadapter/v2" className="FileStorage.Tests.FilesystemFileStorageTests" name="TestDirectoryCreateExisting" />
    </UnitTest>
    <UnitTest name="TestDirectoryEnumerateFilesDirectoriesNested" storage="/users/runner/work/dotnet-monorepo/dotnet-monorepo/src/artifacts/bin/filestorage.tests/release_osx-x64/filestorage.tests.dll" id="7eb76f2c-21a5-f549-3581-458e2d90bb4e">
      <Execution id="fc1da099-18c2-4cba-958a-5035c19ca6dc" />
      <TestMethod codeBase="/Users/runner/work/dotnet-monorepo/dotnet-monorepo/src/artifacts/bin/FileStorage.Tests/release_osx-x64/FileStorage.Tests.dll" adapterTypeName="executor://mstestadapter/v2" className="FileStorage.Tests.FilesystemFileStorageTests" name="TestDirectoryEnumerateFilesDirectoriesNested" />
    </UnitTest>
    <UnitTest name="TestEmptyDirectoryPaths" storage="/users/runner/work/dotnet-monorepo/dotnet-monorepo/src/artifacts/bin/filestorage.tests/release_osx-x64/filestorage.tests.dll" id="d4d986da-d4bd-08f4-57b5-191f12483e46">
      <Execution id="c94140f3-f37d-45cc-a594-e0f8723fbebc" />
      <TestMethod codeBase="/Users/runner/work/dotnet-monorepo/dotnet-monorepo/src/artifacts/bin/FileStorage.Tests/release_osx-x64/FileStorage.Tests.dll" adapterTypeName="executor://mstestadapter/v2" className="FileStorage.Tests.MemoryFileStorageTests" name="TestEmptyDirectoryPaths" />
    </UnitTest>
    <UnitTest name="TestExistsAsync (True)" storage="/users/runner/work/dotnet-monorepo/dotnet-monorepo/src/artifacts/bin/filestorage.tests/release_osx-x64/filestorage.tests.dll" id="910e1179-c618-ac81-88d3-77979d52ca2e">
      <Execution id="49682df5-5ba2-4bb2-8d80-96bbee920159" />
      <TestMethod codeBase="/Users/runner/work/dotnet-monorepo/dotnet-monorepo/src/artifacts/bin/FileStorage.Tests/release_osx-x64/FileStorage.Tests.dll" adapterTypeName="executor://mstestadapter/v2" className="FileStorage.Tests.SyncToAsyncDirectoryAdapterTests" name="TestExistsAsync" />
    </UnitTest>
    <UnitTest name="TestDirectoryEnumerateFilesDirectories (&quot;dir&quot;)" storage="/users/runner/work/dotnet-monorepo/dotnet-monorepo/src/artifacts/bin/filestorage.tests/release_osx-x64/filestorage.tests.dll" id="bacbbd13-aba6-615b-798e-fa63927d70ae">
      <Execution id="312614c6-397f-40e8-9deb-4cefa2273ed4" />
      <TestMethod codeBase="/Users/runner/work/dotnet-monorepo/dotnet-monorepo/src/artifacts/bin/FileStorage.Tests/release_osx-x64/FileStorage.Tests.dll" adapterTypeName="executor://mstestadapter/v2" className="FileStorage.Tests.MemoryFileStorageTests" name="TestDirectoryEnumerateFilesDirectories" />
    </UnitTest>
    <UnitTest name="TestDirectoryName" storage="/users/runner/work/dotnet-monorepo/dotnet-monorepo/src/artifacts/bin/filestorage.tests/release_osx-x64/filestorage.tests.dll" id="797b8a01-8186-1169-ecab-9b51ad970e5d">
      <Execution id="0c11ac6f-8769-41d9-9a25-1d91f0de398e" />
      <TestMethod codeBase="/Users/runner/work/dotnet-monorepo/dotnet-monorepo/src/artifacts/bin/FileStorage.Tests/release_osx-x64/FileStorage.Tests.dll" adapterTypeName="executor://mstestadapter/v2" className="FileStorage.Tests.MemoryFileStorageTests" name="TestDirectoryName" />
    </UnitTest>
    <UnitTest name="TestRootDirectoryExists" storage="/users/runner/work/dotnet-monorepo/dotnet-monorepo/src/artifacts/bin/filestorage.tests/release_osx-x64/filestorage.tests.dll" id="966fde8d-32df-314c-6115-6a9b32ec93b9">
      <Execution id="13d7c75a-3dc9-454e-a873-ff668524ea76" />
      <TestMethod codeBase="/Users/runner/work/dotnet-monorepo/dotnet-monorepo/src/artifacts/bin/FileStorage.Tests/release_osx-x64/FileStorage.Tests.dll" adapterTypeName="executor://mstestadapter/v2" className="FileStorage.Tests.ZipFileStorageTests" name="TestRootDirectoryExists" />
    </UnitTest>
    <UnitTest name="TestFileName" storage="/users/runner/work/dotnet-monorepo/dotnet-monorepo/src/artifacts/bin/filestorage.tests/release_osx-x64/filestorage.tests.dll" id="125bc9fc-30db-ee48-7efe-8896541b5651">
      <Execution id="1d1cd4c0-b839-481a-ba1b-30ea43a761e2" />
      <TestMethod codeBase="/Users/runner/work/dotnet-monorepo/dotnet-monorepo/src/artifacts/bin/FileStorage.Tests/release_osx-x64/FileStorage.Tests.dll" adapterTypeName="executor://mstestadapter/v2" className="FileStorage.Tests.ZipFileStorageTests" name="TestFileName" />
    </UnitTest>
    <UnitTest name="TestExistsAsyncThrowsIfCancelled" storage="/users/runner/work/dotnet-monorepo/dotnet-monorepo/src/artifacts/bin/filestorage.tests/release_osx-x64/filestorage.tests.dll" id="c3d2dfed-dafa-3212-4b58-dbe2ec6a248e">
      <Execution id="bd1a7ff5-7c7f-4a21-9a01-839022ba5d8d" />
      <TestMethod codeBase="/Users/runner/work/dotnet-monorepo/dotnet-monorepo/src/artifacts/bin/FileStorage.Tests/release_osx-x64/FileStorage.Tests.dll" adapterTypeName="executor://mstestadapter/v2" className="FileStorage.Tests.SyncToAsyncDirectoryAdapterTests" name="TestExistsAsyncThrowsIfCancelled" />
    </UnitTest>
    <UnitTest name="TestOutputIsDeterministic" storage="/users/runner/work/dotnet-monorepo/dotnet-monorepo/src/artifacts/bin/filestorage.tests/release_osx-x64/filestorage.tests.dll" id="f4242541-f62b-6e59-6932-1a9c264c322e">
      <Execution id="d0f49085-a064-481d-84ef-fb7c531bd312" />
      <TestMethod codeBase="/Users/runner/work/dotnet-monorepo/dotnet-monorepo/src/artifacts/bin/FileStorage.Tests/release_osx-x64/FileStorage.Tests.dll" adapterTypeName="executor://mstestadapter/v2" className="FileStorage.Tests.ZipFileStorageTests" name="TestOutputIsDeterministic" />
    </UnitTest>
    <UnitTest name="TestEmptyFilePaths" storage="/users/runner/work/dotnet-monorepo/dotnet-monorepo/src/artifacts/bin/filestorage.tests/release_osx-x64/filestorage.tests.dll" id="0ecc2e03-b166-5e66-a255-0a8ecc71ea81">
      <Execution id="9340b7d3-cd8c-460a-b06f-4ce2c8b76876" />
      <TestMethod codeBase="/Users/runner/work/dotnet-monorepo/dotnet-monorepo/src/artifacts/bin/FileStorage.Tests/release_osx-x64/FileStorage.Tests.dll" adapterTypeName="executor://mstestadapter/v2" className="FileStorage.Tests.ZipFileStorageTests" name="TestEmptyFilePaths" />
    </UnitTest>
    <UnitTest name="TestDirectoryNameWithDot" storage="/users/runner/work/dotnet-monorepo/dotnet-monorepo/src/artifacts/bin/filestorage.tests/release_osx-x64/filestorage.tests.dll" id="cd0078b3-4b7f-1e54-2b47-dac01f923d15">
      <Execution id="2a4442a2-b960-428f-bc36-adfb5bc5300a" />
      <TestMethod codeBase="/Users/runner/work/dotnet-monorepo/dotnet-monorepo/src/artifacts/bin/FileStorage.Tests/release_osx-x64/FileStorage.Tests.dll" adapterTypeName="executor://mstestadapter/v2" className="FileStorage.Tests.FilesystemFileStorageTests" name="TestDirectoryNameWithDot" />
    </UnitTest>
    <UnitTest name="TestDirectoryCreate" storage="/users/runner/work/dotnet-monorepo/dotnet-monorepo/src/artifacts/bin/filestorage.tests/release_osx-x64/filestorage.tests.dll" id="9a8424cd-4f80-220e-7900-daa37175ddae">
      <Execution id="1523d256-00be-4bd3-af30-e689b8f85831" />
      <TestMethod codeBase="/Users/runner/work/dotnet-monorepo/dotnet-monorepo/src/artifacts/bin/FileStorage.Tests/release_osx-x64/FileStorage.Tests.dll" adapterTypeName="executor://mstestadapter/v2" className="FileStorage.Tests.MemoryFileStorageTests" name="TestDirectoryCreate" />
    </UnitTest>
    <UnitTest name="TestFileOpenReadWrite" storage="/users/runner/work/dotnet-monorepo/dotnet-monorepo/src/artifacts/bin/filestorage.tests/release_osx-x64/filestorage.tests.dll" id="fca03aaa-9bd0-d573-60dc-d9376c9ea610">
      <Execution id="6adca9cb-32d9-400d-93c0-1b14a6492feb" />
      <TestMethod codeBase="/Users/runner/work/dotnet-monorepo/dotnet-monorepo/src/artifacts/bin/FileStorage.Tests/release_osx-x64/FileStorage.Tests.dll" adapterTypeName="executor://mstestadapter/v2" className="FileStorage.Tests.MemoryFileStorageTests" name="TestFileOpenReadWrite" />
    </UnitTest>
    <UnitTest name="TestDirectoryEnumerateFilesDirectoriesNested" storage="/users/runner/work/dotnet-monorepo/dotnet-monorepo/src/artifacts/bin/filestorage.tests/release_osx-x64/filestorage.tests.dll" id="f7b478bc-0212-d153-656f-f41f57754de4">
      <Execution id="16852908-be8d-4977-b214-973b0c6a60d2" />
      <TestMethod codeBase="/Users/runner/work/dotnet-monorepo/dotnet-monorepo/src/artifacts/bin/FileStorage.Tests/release_osx-x64/FileStorage.Tests.dll" adapterTypeName="executor://mstestadapter/v2" className="FileStorage.Tests.ZipFileStorageTests" name="TestDirectoryEnumerateFilesDirectoriesNested" />
    </UnitTest>
    <UnitTest name="TestDirectoryCreateExisting" storage="/users/runner/work/dotnet-monorepo/dotnet-monorepo/src/artifacts/bin/filestorage.tests/release_osx-x64/filestorage.tests.dll" id="eff7da53-f6a7-63b0-cc4f-2e2f7ff54c59">
      <Execution id="47c42ad9-d7f9-4a4a-b3c1-a8e3871df3af" />
      <TestMethod codeBase="/Users/runner/work/dotnet-monorepo/dotnet-monorepo/src/artifacts/bin/FileStorage.Tests/release_osx-x64/FileStorage.Tests.dll" adapterTypeName="executor://mstestadapter/v2" className="FileStorage.Tests.ZipFileStorageTests" name="TestDirectoryCreateExisting" />
    </UnitTest>
    <UnitTest name="TestDirectoryName" storage="/users/runner/work/dotnet-monorepo/dotnet-monorepo/src/artifacts/bin/filestorage.tests/release_osx-x64/filestorage.tests.dll" id="de3b2480-d479-605b-e08b-e52b3f60032b">
      <Execution id="a3d24649-a4ea-42d1-81e1-df8f26d5ffc8" />
      <TestMethod codeBase="/Users/runner/work/dotnet-monorepo/dotnet-monorepo/src/artifacts/bin/FileStorage.Tests/release_osx-x64/FileStorage.Tests.dll" adapterTypeName="executor://mstestadapter/v2" className="FileStorage.Tests.ZipFileStorageTests" name="TestDirectoryName" />
    </UnitTest>
    <UnitTest name="TestEnumerateFilesAsync" storage="/users/runner/work/dotnet-monorepo/dotnet-monorepo/src/artifacts/bin/filestorage.tests/release_osx-x64/filestorage.tests.dll" id="bda2bfb3-e5c0-2200-50a6-0294fcf407ea">
      <Execution id="ea5f0304-c7d5-4815-b702-0eade16b2ef7" />
      <TestMethod codeBase="/Users/runner/work/dotnet-monorepo/dotnet-monorepo/src/artifacts/bin/FileStorage.Tests/release_osx-x64/FileStorage.Tests.dll" adapterTypeName="executor://mstestadapter/v2" className="FileStorage.Tests.SyncToAsyncDirectoryAdapterTests" name="TestEnumerateFilesAsync" />
    </UnitTest>
    <UnitTest name="TestCreateFileWhenParentDirectoryDoesNotExist" storage="/users/runner/work/dotnet-monorepo/dotnet-monorepo/src/artifacts/bin/filestorage.tests/release_osx-x64/filestorage.tests.dll" id="adcd8de1-a2fb-d996-6dae-d799ebeca291">
      <Execution id="a08a8129-e37d-4106-aa26-ec3e76911a29" />
      <TestMethod codeBase="/Users/runner/work/dotnet-monorepo/dotnet-monorepo/src/artifacts/bin/FileStorage.Tests/release_osx-x64/FileStorage.Tests.dll" adapterTypeName="executor://mstestadapter/v2" className="FileStorage.Tests.FilesystemFileStorageTests" name="TestCreateFileWhenParentDirectoryDoesNotExist" />
    </UnitTest>
    <UnitTest name="TestEmptyDirectoryPaths" storage="/users/runner/work/dotnet-monorepo/dotnet-monorepo/src/artifacts/bin/filestorage.tests/release_osx-x64/filestorage.tests.dll" id="4215e5b5-fc3c-3e4d-30ae-01a50b08f468">
      <Execution id="a6654421-b698-4f56-8bd3-c03fc4033a70" />
      <TestMethod codeBase="/Users/runner/work/dotnet-monorepo/dotnet-monorepo/src/artifacts/bin/FileStorage.Tests/release_osx-x64/FileStorage.Tests.dll" adapterTypeName="executor://mstestadapter/v2" className="FileStorage.Tests.FilesystemFileStorageTests" name="TestEmptyDirectoryPaths" />
    </UnitTest>
    <UnitTest name="TestFileStem" storage="/users/runner/work/dotnet-monorepo/dotnet-monorepo/src/artifacts/bin/filestorage.tests/release_osx-x64/filestorage.tests.dll" id="a3803826-329d-dc6f-fc7d-0e02805b706c">
      <Execution id="a744d428-5ecc-45d6-91b9-c3c85f24ca3e" />
      <TestMethod codeBase="/Users/runner/work/dotnet-monorepo/dotnet-monorepo/src/artifacts/bin/FileStorage.Tests/release_osx-x64/FileStorage.Tests.dll" adapterTypeName="executor://mstestadapter/v2" className="FileStorage.Tests.MemoryFileStorageTests" name="TestFileStem" />
    </UnitTest>
    <UnitTest name="TestFileDelete" storage="/users/runner/work/dotnet-monorepo/dotnet-monorepo/src/artifacts/bin/filestorage.tests/release_osx-x64/filestorage.tests.dll" id="9011c160-8b72-47ef-0b19-f1ac4fafc464">
      <Execution id="1539b6f5-2859-44c8-88cd-a21f598ba4f9" />
      <TestMethod codeBase="/Users/runner/work/dotnet-monorepo/dotnet-monorepo/src/artifacts/bin/FileStorage.Tests/release_osx-x64/FileStorage.Tests.dll" adapterTypeName="executor://mstestadapter/v2" className="FileStorage.Tests.MemoryFileStorageTests" name="TestFileDelete" />
    </UnitTest>
    <UnitTest name="TestDirectoryDeleteExistingDirectory" storage="/users/runner/work/dotnet-monorepo/dotnet-monorepo/src/artifacts/bin/filestorage.tests/release_osx-x64/filestorage.tests.dll" id="40b81683-78f2-804b-e88e-f90513574e2a">
      <Execution id="3607be13-be07-4f14-8124-3995d9ab08c3" />
      <TestMethod codeBase="/Users/runner/work/dotnet-monorepo/dotnet-monorepo/src/artifacts/bin/FileStorage.Tests/release_osx-x64/FileStorage.Tests.dll" adapterTypeName="executor://mstestadapter/v2" className="FileStorage.Tests.ZipFileStorageTests" name="TestDirectoryDeleteExistingDirectory" />
    </UnitTest>
    <UnitTest name="TestFileStem" storage="/users/runner/work/dotnet-monorepo/dotnet-monorepo/src/artifacts/bin/filestorage.tests/release_osx-x64/filestorage.tests.dll" id="0da9f8a8-e657-b210-b5f3-ec83c8497b26">
      <Execution id="f18cd630-b366-4443-bf6c-71865c2ae47a" />
      <TestMethod codeBase="/Users/runner/work/dotnet-monorepo/dotnet-monorepo/src/artifacts/bin/FileStorage.Tests/release_osx-x64/FileStorage.Tests.dll" adapterTypeName="executor://mstestadapter/v2" className="FileStorage.Tests.FilesystemFileStorageTests" name="TestFileStem" />
    </UnitTest>
    <UnitTest name="TestRootDirectoryExists" storage="/users/runner/work/dotnet-monorepo/dotnet-monorepo/src/artifacts/bin/filestorage.tests/release_osx-x64/filestorage.tests.dll" id="ff3ef572-f71c-5031-deee-22a40c319a7b">
      <Execution id="2c94abc0-8d0f-4d4f-bc14-dc5594613e56" />
      <TestMethod codeBase="/Users/runner/work/dotnet-monorepo/dotnet-monorepo/src/artifacts/bin/FileStorage.Tests/release_osx-x64/FileStorage.Tests.dll" adapterTypeName="executor://mstestadapter/v2" className="FileStorage.Tests.FilesystemFileStorageTests" name="TestRootDirectoryExists" />
    </UnitTest>
    <UnitTest name="TestDeleteEmptyPathDirectory" storage="/users/runner/work/dotnet-monorepo/dotnet-monorepo/src/artifacts/bin/filestorage.tests/release_osx-x64/filestorage.tests.dll" id="a1ac245f-162d-b3d5-902a-73d42908be8b">
      <Execution id="45a7dc7d-71fd-4ec3-a8de-146cf6f9db84" />
      <TestMethod codeBase="/Users/runner/work/dotnet-monorepo/dotnet-monorepo/src/artifacts/bin/FileStorage.Tests/release_osx-x64/FileStorage.Tests.dll" adapterTypeName="executor://mstestadapter/v2" className="FileStorage.Tests.FilesystemFileStorageTests" name="TestDeleteEmptyPathDirectory" />
    </UnitTest>
    <UnitTest name="TestFileExtension" storage="/users/runner/work/dotnet-monorepo/dotnet-monorepo/src/artifacts/bin/filestorage.tests/release_osx-x64/filestorage.tests.dll" id="6e5b91a2-6a19-9c04-8737-fad3d45dfaa1">
      <Execution id="99a62c65-333b-40e2-8ea2-c35ba0532570" />
      <TestMethod codeBase="/Users/runner/work/dotnet-monorepo/dotnet-monorepo/src/artifacts/bin/FileStorage.Tests/release_osx-x64/FileStorage.Tests.dll" adapterTypeName="executor://mstestadapter/v2" className="FileStorage.Tests.MemoryFileStorageTests" name="TestFileExtension" />
    </UnitTest>
    <UnitTest name="TestCreateAsyncThrowsIfCancelled" storage="/users/runner/work/dotnet-monorepo/dotnet-monorepo/src/artifacts/bin/filestorage.tests/release_osx-x64/filestorage.tests.dll" id="9546a373-c09a-58f7-3312-0de377f90a9a">
      <Execution id="da350b43-cd1d-4193-a464-2d3fd8fbaecb" />
      <TestMethod codeBase="/Users/runner/work/dotnet-monorepo/dotnet-monorepo/src/artifacts/bin/FileStorage.Tests/release_osx-x64/FileStorage.Tests.dll" adapterTypeName="executor://mstestadapter/v2" className="FileStorage.Tests.SyncToAsyncDirectoryAdapterTests" name="TestCreateAsyncThrowsIfCancelled" />
    </UnitTest>
    <UnitTest name="TestEnumerateDirectoriesAsyncThrowsIfCancelled" storage="/users/runner/work/dotnet-monorepo/dotnet-monorepo/src/artifacts/bin/filestorage.tests/release_osx-x64/filestorage.tests.dll" id="3bd62bd2-9144-6143-2f62-27a8dcf18fb5">
      <Execution id="a30733c3-336d-401d-9c53-20bbf1615246" />
      <TestMethod codeBase="/Users/runner/work/dotnet-monorepo/dotnet-monorepo/src/artifacts/bin/FileStorage.Tests/release_osx-x64/FileStorage.Tests.dll" adapterTypeName="executor://mstestadapter/v2" className="FileStorage.Tests.SyncToAsyncDirectoryAdapterTests" name="TestEnumerateDirectoriesAsyncThrowsIfCancelled" />
    </UnitTest>
    <UnitTest name="TestFileName" storage="/users/runner/work/dotnet-monorepo/dotnet-monorepo/src/artifacts/bin/filestorage.tests/release_osx-x64/filestorage.tests.dll" id="f8e7277d-d9f8-29f5-60e4-5fbb63d964ed">
      <Execution id="ce633bd3-f712-4d50-abe1-15594c9bdb24" />
      <TestMethod codeBase="/Users/runner/work/dotnet-monorepo/dotnet-monorepo/src/artifacts/bin/FileStorage.Tests/release_osx-x64/FileStorage.Tests.dll" adapterTypeName="executor://mstestadapter/v2" className="FileStorage.Tests.MemoryFileStorageTests" name="TestFileName" />
    </UnitTest>
    <UnitTest name="TestOpenReadAsyncThrowsIfCancelled" storage="/users/runner/work/dotnet-monorepo/dotnet-monorepo/src/artifacts/bin/filestorage.tests/release_osx-x64/filestorage.tests.dll" id="cf4b9090-69b3-1690-d9fc-8e30944ebfcc">
      <Execution id="7831315d-8e5e-4903-a4c2-78543147c54e" />
      <TestMethod codeBase="/Users/runner/work/dotnet-monorepo/dotnet-monorepo/src/artifacts/bin/FileStorage.Tests/release_osx-x64/FileStorage.Tests.dll" adapterTypeName="executor://mstestadapter/v2" className="FileStorage.Tests.SyncToAsyncFileAdapterTests" name="TestOpenReadAsyncThrowsIfCancelled" />
    </UnitTest>
    <UnitTest name="TestCreateAsync" storage="/users/runner/work/dotnet-monorepo/dotnet-monorepo/src/artifacts/bin/filestorage.tests/release_osx-x64/filestorage.tests.dll" id="49fe5267-fc48-c49a-f934-3af546ee163f">
      <Execution id="930e7603-1835-4fc8-8c2c-c93614116017" />
      <TestMethod codeBase="/Users/runner/work/dotnet-monorepo/dotnet-monorepo/src/artifacts/bin/FileStorage.Tests/release_osx-x64/FileStorage.Tests.dll" adapterTypeName="executor://mstestadapter/v2" className="FileStorage.Tests.SyncToAsyncDirectoryAdapterTests" name="TestCreateAsync" />
    </UnitTest>
    <UnitTest name="TestParentDirectory" storage="/users/runner/work/dotnet-monorepo/dotnet-monorepo/src/artifacts/bin/filestorage.tests/release_osx-x64/filestorage.tests.dll" id="79c4ff89-0797-e74c-0eb1-6195164e4436">
      <Execution id="3e436b04-84d7-4c6c-9724-14bb53dd1cba" />
      <TestMethod codeBase="/Users/runner/work/dotnet-monorepo/dotnet-monorepo/src/artifacts/bin/FileStorage.Tests/release_osx-x64/FileStorage.Tests.dll" adapterTypeName="executor://mstestadapter/v2" className="FileStorage.Tests.MemoryFileStorageTests" name="TestParentDirectory" />
    </UnitTest>
    <UnitTest name="TestDirectoryCreate" storage="/users/runner/work/dotnet-monorepo/dotnet-monorepo/src/artifacts/bin/filestorage.tests/release_osx-x64/filestorage.tests.dll" id="0e088d27-c7d7-0291-d4f0-8f7b1d9da554">
      <Execution id="e27dd8ca-8fa2-4719-9986-7fc42c77845a" />
      <TestMethod codeBase="/Users/runner/work/dotnet-monorepo/dotnet-monorepo/src/artifacts/bin/FileStorage.Tests/release_osx-x64/FileStorage.Tests.dll" adapterTypeName="executor://mstestadapter/v2" className="FileStorage.Tests.FilesystemFileStorageTests" name="TestDirectoryCreate" />
    </UnitTest>
    <UnitTest name="TestFileOpenReadWriteExistingFile" storage="/users/runner/work/dotnet-monorepo/dotnet-monorepo/src/artifacts/bin/filestorage.tests/release_osx-x64/filestorage.tests.dll" id="7d7edaab-f11c-42a8-dc0e-01ee01112f84">
      <Execution id="a3bae882-79e0-4957-ad87-f8256b64f2cc" />
      <TestMethod codeBase="/Users/runner/work/dotnet-monorepo/dotnet-monorepo/src/artifacts/bin/FileStorage.Tests/release_osx-x64/FileStorage.Tests.dll" adapterTypeName="executor://mstestadapter/v2" className="FileStorage.Tests.ZipFileStorageTests" name="TestFileOpenReadWriteExistingFile" />
    </UnitTest>
    <UnitTest name="TestEnumerateDirectoriesAsync" storage="/users/runner/work/dotnet-monorepo/dotnet-monorepo/src/artifacts/bin/filestorage.tests/release_osx-x64/filestorage.tests.dll" id="0f1da9e6-1cbf-8583-2f6b-0061293bebf8">
      <Execution id="759d4dd7-bf6a-4395-816d-0cf64afcbc32" />
      <TestMethod codeBase="/Users/runner/work/dotnet-monorepo/dotnet-monorepo/src/artifacts/bin/FileStorage.Tests/release_osx-x64/FileStorage.Tests.dll" adapterTypeName="executor://mstestadapter/v2" className="FileStorage.Tests.SyncToAsyncDirectoryAdapterTests" name="TestEnumerateDirectoriesAsync" />
    </UnitTest>
    <UnitTest name="TestExistsAsync (False)" storage="/users/runner/work/dotnet-monorepo/dotnet-monorepo/src/artifacts/bin/filestorage.tests/release_osx-x64/filestorage.tests.dll" id="9ee8bdb3-752d-d7fa-92e7-baaf5a6a275d">
      <Execution id="6e042ecc-d4ff-4f5f-b31d-952af12cdab5" />
      <TestMethod codeBase="/Users/runner/work/dotnet-monorepo/dotnet-monorepo/src/artifacts/bin/FileStorage.Tests/release_osx-x64/FileStorage.Tests.dll" adapterTypeName="executor://mstestadapter/v2" className="FileStorage.Tests.SyncToAsyncDirectoryAdapterTests" name="TestExistsAsync" />
    </UnitTest>
    <UnitTest name="TestDirectoryEnumerateFilesDirectories (&quot;&quot;)" storage="/users/runner/work/dotnet-monorepo/dotnet-monorepo/src/artifacts/bin/filestorage.tests/release_osx-x64/filestorage.tests.dll" id="f8c037a4-86a1-940c-dee2-3812680c280a">
      <Execution id="61a606ab-478c-479d-bcb8-0831b90acdab" />
      <TestMethod codeBase="/Users/runner/work/dotnet-monorepo/dotnet-monorepo/src/artifacts/bin/FileStorage.Tests/release_osx-x64/FileStorage.Tests.dll" adapterTypeName="executor://mstestadapter/v2" className="FileStorage.Tests.FilesystemFileStorageTests" name="TestDirectoryEnumerateFilesDirectories" />
    </UnitTest>
    <UnitTest name="TestDirectoryNameWithDot" storage="/users/runner/work/dotnet-monorepo/dotnet-monorepo/src/artifacts/bin/filestorage.tests/release_osx-x64/filestorage.tests.dll" id="51e79817-9cb4-c803-a9cd-be62c5643252">
      <Execution id="313a7347-150f-4fd5-a2e3-ed3a9b86ccd1" />
      <TestMethod codeBase="/Users/runner/work/dotnet-monorepo/dotnet-monorepo/src/artifacts/bin/FileStorage.Tests/release_osx-x64/FileStorage.Tests.dll" adapterTypeName="executor://mstestadapter/v2" className="FileStorage.Tests.ZipFileStorageTests" name="TestDirectoryNameWithDot" />
    </UnitTest>
    <UnitTest name="TestDirectoryCreateExisting" storage="/users/runner/work/dotnet-monorepo/dotnet-monorepo/src/artifacts/bin/filestorage.tests/release_osx-x64/filestorage.tests.dll" id="5b8af763-c9e7-a7dc-38c5-6c93729daebf">
      <Execution id="47974ea5-2498-4ff3-960e-86eb010a894b" />
      <TestMethod codeBase="/Users/runner/work/dotnet-monorepo/dotnet-monorepo/src/artifacts/bin/FileStorage.Tests/release_osx-x64/FileStorage.Tests.dll" adapterTypeName="executor://mstestadapter/v2" className="FileStorage.Tests.MemoryFileStorageTests" name="TestDirectoryCreateExisting" />
    </UnitTest>
    <UnitTest name="TestEmptyFilePaths" storage="/users/runner/work/dotnet-monorepo/dotnet-monorepo/src/artifacts/bin/filestorage.tests/release_osx-x64/filestorage.tests.dll" id="30b186da-9a79-931d-4ee5-ecdfe5db3c76">
      <Execution id="4b71bfc6-0447-4613-95fa-357c35527a0d" />
      <TestMethod codeBase="/Users/runner/work/dotnet-monorepo/dotnet-monorepo/src/artifacts/bin/FileStorage.Tests/release_osx-x64/FileStorage.Tests.dll" adapterTypeName="executor://mstestadapter/v2" className="FileStorage.Tests.MemoryFileStorageTests" name="TestEmptyFilePaths" />
    </UnitTest>
    <UnitTest name="TestDeleteEmptyPathDirectory" storage="/users/runner/work/dotnet-monorepo/dotnet-monorepo/src/artifacts/bin/filestorage.tests/release_osx-x64/filestorage.tests.dll" id="02f617f7-c2f8-ea60-5be7-c053e0a3cf57">
      <Execution id="64614cb6-89b4-4555-bcd9-806e6ce29c73" />
      <TestMethod codeBase="/Users/runner/work/dotnet-monorepo/dotnet-monorepo/src/artifacts/bin/FileStorage.Tests/release_osx-x64/FileStorage.Tests.dll" adapterTypeName="executor://mstestadapter/v2" className="FileStorage.Tests.MemoryFileStorageTests" name="TestDeleteEmptyPathDirectory" />
    </UnitTest>
    <UnitTest name="TestDirectoryFullPathIsConsistent" storage="/users/runner/work/dotnet-monorepo/dotnet-monorepo/src/artifacts/bin/filestorage.tests/release_osx-x64/filestorage.tests.dll" id="2e325afd-71c3-c013-f9e9-d25d63271309">
      <Execution id="54a2f646-c267-4959-82ce-40ca8d706f12" />
      <TestMethod codeBase="/Users/runner/work/dotnet-monorepo/dotnet-monorepo/src/artifacts/bin/FileStorage.Tests/release_osx-x64/FileStorage.Tests.dll" adapterTypeName="executor://mstestadapter/v2" className="FileStorage.Tests.MemoryFileStorageTests" name="TestDirectoryFullPathIsConsistent" />
    </UnitTest>
    <UnitTest name="TestDirectoryEnumerateFilesDirectories (&quot;&quot;)" storage="/users/runner/work/dotnet-monorepo/dotnet-monorepo/src/artifacts/bin/filestorage.tests/release_osx-x64/filestorage.tests.dll" id="08e0f610-476a-cb6d-5d83-04cfa0bb5513">
      <Execution id="1a5cb15b-cfa9-45b0-9b7a-297948df6d0d" />
      <TestMethod codeBase="/Users/runner/work/dotnet-monorepo/dotnet-monorepo/src/artifacts/bin/FileStorage.Tests/release_osx-x64/FileStorage.Tests.dll" adapterTypeName="executor://mstestadapter/v2" className="FileStorage.Tests.ZipFileStorageTests" name="TestDirectoryEnumerateFilesDirectories" />
    </UnitTest>
    <UnitTest name="TestDirectoryFullPathIsConsistent" storage="/users/runner/work/dotnet-monorepo/dotnet-monorepo/src/artifacts/bin/filestorage.tests/release_osx-x64/filestorage.tests.dll" id="ee7e4fee-92ed-61e3-75da-bff49e330275">
      <Execution id="1a3194af-c6ae-44ee-be24-bfdf1219d067" />
      <TestMethod codeBase="/Users/runner/work/dotnet-monorepo/dotnet-monorepo/src/artifacts/bin/FileStorage.Tests/release_osx-x64/FileStorage.Tests.dll" adapterTypeName="executor://mstestadapter/v2" className="FileStorage.Tests.FilesystemFileStorageTests" name="TestDirectoryFullPathIsConsistent" />
    </UnitTest>
    <UnitTest name="TestFileExtension" storage="/users/runner/work/dotnet-monorepo/dotnet-monorepo/src/artifacts/bin/filestorage.tests/release_osx-x64/filestorage.tests.dll" id="6de70bcc-1fd5-fee6-1433-0f0245c25247">
      <Execution id="4dd960d7-9528-4c46-b81a-7135b6d17400" />
      <TestMethod codeBase="/Users/runner/work/dotnet-monorepo/dotnet-monorepo/src/artifacts/bin/FileStorage.Tests/release_osx-x64/FileStorage.Tests.dll" adapterTypeName="executor://mstestadapter/v2" className="FileStorage.Tests.FilesystemFileStorageTests" name="TestFileExtension" />
    </UnitTest>
    <UnitTest name="TestDirectoryDeleteExistingDirectory" storage="/users/runner/work/dotnet-monorepo/dotnet-monorepo/src/artifacts/bin/filestorage.tests/release_osx-x64/filestorage.tests.dll" id="109778f8-1a3f-c921-f480-5b33ec9e404c">
      <Execution id="9fce37c8-4297-4fb9-af26-018546d93391" />
      <TestMethod codeBase="/Users/runner/work/dotnet-monorepo/dotnet-monorepo/src/artifacts/bin/FileStorage.Tests/release_osx-x64/FileStorage.Tests.dll" adapterTypeName="executor://mstestadapter/v2" className="FileStorage.Tests.FilesystemFileStorageTests" name="TestDirectoryDeleteExistingDirectory" />
    </UnitTest>
    <UnitTest name="TestEmptyDirectoryPaths" storage="/users/runner/work/dotnet-monorepo/dotnet-monorepo/src/artifacts/bin/filestorage.tests/release_osx-x64/filestorage.tests.dll" id="b414c790-0451-ffab-cace-9828ee75369b">
      <Execution id="1ca4895f-faae-4896-9f83-89d57c9de4c9" />
      <TestMethod codeBase="/Users/runner/work/dotnet-monorepo/dotnet-monorepo/src/artifacts/bin/FileStorage.Tests/release_osx-x64/FileStorage.Tests.dll" adapterTypeName="executor://mstestadapter/v2" className="FileStorage.Tests.ZipFileStorageTests" name="TestEmptyDirectoryPaths" />
    </UnitTest>
    <UnitTest name="TestFileName" storage="/users/runner/work/dotnet-monorepo/dotnet-monorepo/src/artifacts/bin/filestorage.tests/release_osx-x64/filestorage.tests.dll" id="24b7a9df-0abd-14f1-06c9-9d72cbf192b3">
      <Execution id="4a082600-7f94-4852-9287-3892a156d363" />
      <TestMethod codeBase="/Users/runner/work/dotnet-monorepo/dotnet-monorepo/src/artifacts/bin/FileStorage.Tests/release_osx-x64/FileStorage.Tests.dll" adapterTypeName="executor://mstestadapter/v2" className="FileStorage.Tests.FilesystemFileStorageTests" name="TestFileName" />
    </UnitTest>
    <UnitTest name="TestExistsAsyncThrowsIfCancelled" storage="/users/runner/work/dotnet-monorepo/dotnet-monorepo/src/artifacts/bin/filestorage.tests/release_osx-x64/filestorage.tests.dll" id="6484f54f-0ad5-b721-001b-ebf002fed6b2">
      <Execution id="77d67c12-2a73-434a-8055-e4289dfc707b" />
      <TestMethod codeBase="/Users/runner/work/dotnet-monorepo/dotnet-monorepo/src/artifacts/bin/FileStorage.Tests/release_osx-x64/FileStorage.Tests.dll" adapterTypeName="executor://mstestadapter/v2" className="FileStorage.Tests.SyncToAsyncFileAdapterTests" name="TestExistsAsyncThrowsIfCancelled" />
    </UnitTest>
    <UnitTest name="TestFileFullPathIsConsistent" storage="/users/runner/work/dotnet-monorepo/dotnet-monorepo/src/artifacts/bin/filestorage.tests/release_osx-x64/filestorage.tests.dll" id="4f6773f6-14de-a05b-1a5d-745be43beb3f">
      <Execution id="8de0de22-be57-48a2-897d-89058b7c4517" />
      <TestMethod codeBase="/Users/runner/work/dotnet-monorepo/dotnet-monorepo/src/artifacts/bin/FileStorage.Tests/release_osx-x64/FileStorage.Tests.dll" adapterTypeName="executor://mstestadapter/v2" className="FileStorage.Tests.MemoryFileStorageTests" name="TestFileFullPathIsConsistent" />
    </UnitTest>
    <UnitTest name="TestParentDirectory" storage="/users/runner/work/dotnet-monorepo/dotnet-monorepo/src/artifacts/bin/filestorage.tests/release_osx-x64/filestorage.tests.dll" id="c901782e-ef1c-b42b-60f1-435a0351d1c3">
      <Execution id="17949d40-f857-4b37-b18c-c0b06b9aa300" />
      <TestMethod codeBase="/Users/runner/work/dotnet-monorepo/dotnet-monorepo/src/artifacts/bin/FileStorage.Tests/release_osx-x64/FileStorage.Tests.dll" adapterTypeName="executor://mstestadapter/v2" className="FileStorage.Tests.ZipFileStorageTests" name="TestParentDirectory" />
    </UnitTest>
    <UnitTest name="TestDeleteAsync" storage="/users/runner/work/dotnet-monorepo/dotnet-monorepo/src/artifacts/bin/filestorage.tests/release_osx-x64/filestorage.tests.dll" id="1c9877c6-ebfa-9f2c-ee53-ef4e577d1078">
      <Execution id="c076870c-1875-4eb3-acd6-c1309ce90ead" />
      <TestMethod codeBase="/Users/runner/work/dotnet-monorepo/dotnet-monorepo/src/artifacts/bin/FileStorage.Tests/release_osx-x64/FileStorage.Tests.dll" adapterTypeName="executor://mstestadapter/v2" className="FileStorage.Tests.SyncToAsyncFileAdapterTests" name="TestDeleteAsync" />
    </UnitTest>
    <UnitTest name="TestDirectoryFullPathIsConsistent" storage="/users/runner/work/dotnet-monorepo/dotnet-monorepo/src/artifacts/bin/filestorage.tests/release_osx-x64/filestorage.tests.dll" id="45544f1a-d7a2-d9e7-5fa3-60036434748b">
      <Execution id="1127fbf4-ac1c-44f2-b121-dacec2b2e519" />
      <TestMethod codeBase="/Users/runner/work/dotnet-monorepo/dotnet-monorepo/src/artifacts/bin/FileStorage.Tests/release_osx-x64/FileStorage.Tests.dll" adapterTypeName="executor://mstestadapter/v2" className="FileStorage.Tests.ZipFileStorageTests" name="TestDirectoryFullPathIsConsistent" />
    </UnitTest>
    <UnitTest name="TestDeleteNonExistent" storage="/users/runner/work/dotnet-monorepo/dotnet-monorepo/src/artifacts/bin/filestorage.tests/release_osx-x64/filestorage.tests.dll" id="009a2387-0a42-469f-a4ba-4b5d7815ce64">
      <Execution id="9d89a0fe-c57a-40eb-9d55-0b87f2e0b0bc" />
      <TestMethod codeBase="/Users/runner/work/dotnet-monorepo/dotnet-monorepo/src/artifacts/bin/FileStorage.Tests/release_osx-x64/FileStorage.Tests.dll" adapterTypeName="executor://mstestadapter/v2" className="FileStorage.Tests.FilesystemFileStorageTests" name="TestDeleteNonExistent" />
    </UnitTest>
    <UnitTest name="TestExistsAsync (True)" storage="/users/runner/work/dotnet-monorepo/dotnet-monorepo/src/artifacts/bin/filestorage.tests/release_osx-x64/filestorage.tests.dll" id="a89f0bbf-e5bb-9494-34d2-174c60a99834">
      <Execution id="e2118ccd-5729-450c-847b-c303029cfdfc" />
      <TestMethod codeBase="/Users/runner/work/dotnet-monorepo/dotnet-monorepo/src/artifacts/bin/FileStorage.Tests/release_osx-x64/FileStorage.Tests.dll" adapterTypeName="executor://mstestadapter/v2" className="FileStorage.Tests.SyncToAsyncFileAdapterTests" name="TestExistsAsync" />
    </UnitTest>
    <UnitTest name="TestDirectoryDeleteExistingDirectory" storage="/users/runner/work/dotnet-monorepo/dotnet-monorepo/src/artifacts/bin/filestorage.tests/release_osx-x64/filestorage.tests.dll" id="fe70811c-eba8-dd1f-7c22-0fa4e60d4aa2">
      <Execution id="3b18ae0d-a590-4cb5-854e-a4b7fd5562de" />
      <TestMethod codeBase="/Users/runner/work/dotnet-monorepo/dotnet-monorepo/src/artifacts/bin/FileStorage.Tests/release_osx-x64/FileStorage.Tests.dll" adapterTypeName="executor://mstestadapter/v2" className="FileStorage.Tests.MemoryFileStorageTests" name="TestDirectoryDeleteExistingDirectory" />
    </UnitTest>
    <UnitTest name="TestCompression" storage="/users/runner/work/dotnet-monorepo/dotnet-monorepo/src/artifacts/bin/filestorage.tests/release_osx-x64/filestorage.tests.dll" id="071eaba4-a09d-f772-7109-6fc000a80917">
      <Execution id="7f1f8da8-579f-4414-b3ac-a18f4c8d5cff" />
      <TestMethod codeBase="/Users/runner/work/dotnet-monorepo/dotnet-monorepo/src/artifacts/bin/FileStorage.Tests/release_osx-x64/FileStorage.Tests.dll" adapterTypeName="executor://mstestadapter/v2" className="FileStorage.Tests.ZipFileStorageTests" name="TestCompression" />
    </UnitTest>
    <UnitTest name="TestDeleteAsyncThrowsIfCancelled" storage="/users/runner/work/dotnet-monorepo/dotnet-monorepo/src/artifacts/bin/filestorage.tests/release_osx-x64/filestorage.tests.dll" id="5e7e342f-9a2b-efbe-0225-541455a94587">
      <Execution id="a70c8acd-3031-41b5-a946-f6908c401a88" />
      <TestMethod codeBase="/Users/runner/work/dotnet-monorepo/dotnet-monorepo/src/artifacts/bin/FileStorage.Tests/release_osx-x64/FileStorage.Tests.dll" adapterTypeName="executor://mstestadapter/v2" className="FileStorage.Tests.SyncToAsyncFileAdapterTests" name="TestDeleteAsyncThrowsIfCancelled" />
    </UnitTest>
    <UnitTest name="TestFileFullPathIsConsistent" storage="/users/runner/work/dotnet-monorepo/dotnet-monorepo/src/artifacts/bin/filestorage.tests/release_osx-x64/filestorage.tests.dll" id="8b81bd82-dc36-2cda-229b-b5072167dddf">
      <Execution id="d8089852-c67c-4495-80ab-aa3ec9172d91" />
      <TestMethod codeBase="/Users/runner/work/dotnet-monorepo/dotnet-monorepo/src/artifacts/bin/FileStorage.Tests/release_osx-x64/FileStorage.Tests.dll" adapterTypeName="executor://mstestadapter/v2" className="FileStorage.Tests.ZipFileStorageTests" name="TestFileFullPathIsConsistent" />
    </UnitTest>
    <UnitTest name="TestFileExtension" storage="/users/runner/work/dotnet-monorepo/dotnet-monorepo/src/artifacts/bin/filestorage.tests/release_osx-x64/filestorage.tests.dll" id="cef74505-0de5-871e-983a-ff75ebac7980">
      <Execution id="cb2b0476-db6f-4f06-912e-5e812d9078bb" />
      <TestMethod codeBase="/Users/runner/work/dotnet-monorepo/dotnet-monorepo/src/artifacts/bin/FileStorage.Tests/release_osx-x64/FileStorage.Tests.dll" adapterTypeName="executor://mstestadapter/v2" className="FileStorage.Tests.ZipFileStorageTests" name="TestFileExtension" />
    </UnitTest>
    <UnitTest name="TestDirectoryEnumerateFilesDirectoriesNested" storage="/users/runner/work/dotnet-monorepo/dotnet-monorepo/src/artifacts/bin/filestorage.tests/release_osx-x64/filestorage.tests.dll" id="9fab18c8-de42-5edf-89cb-38fe842efdcb">
      <Execution id="4e8112ad-2628-4934-9452-de05e301dda8" />
      <TestMethod codeBase="/Users/runner/work/dotnet-monorepo/dotnet-monorepo/src/artifacts/bin/FileStorage.Tests/release_osx-x64/FileStorage.Tests.dll" adapterTypeName="executor://mstestadapter/v2" className="FileStorage.Tests.MemoryFileStorageTests" name="TestDirectoryEnumerateFilesDirectoriesNested" />
    </UnitTest>
    <UnitTest name="TestEnumerateFilesAsyncThrowsIfCancelled" storage="/users/runner/work/dotnet-monorepo/dotnet-monorepo/src/artifacts/bin/filestorage.tests/release_osx-x64/filestorage.tests.dll" id="8eec9c63-7a9d-7281-f2f2-9be7c1791458">
      <Execution id="a8267af5-04a6-453d-9cc4-3ffaae2b2e5e" />
      <TestMethod codeBase="/Users/runner/work/dotnet-monorepo/dotnet-monorepo/src/artifacts/bin/FileStorage.Tests/release_osx-x64/FileStorage.Tests.dll" adapterTypeName="executor://mstestadapter/v2" className="FileStorage.Tests.SyncToAsyncDirectoryAdapterTests" name="TestEnumerateFilesAsyncThrowsIfCancelled" />
    </UnitTest>
    <UnitTest name="TestDirectoryCreate" storage="/users/runner/work/dotnet-monorepo/dotnet-monorepo/src/artifacts/bin/filestorage.tests/release_osx-x64/filestorage.tests.dll" id="df1b3604-ffd3-14ba-042b-94c14c177176">
      <Execution id="d1d2de33-c6c9-4ea2-9c0e-755723e9d4dd" />
      <TestMethod codeBase="/Users/runner/work/dotnet-monorepo/dotnet-monorepo/src/artifacts/bin/FileStorage.Tests/release_osx-x64/FileStorage.Tests.dll" adapterTypeName="executor://mstestadapter/v2" className="FileStorage.Tests.ZipFileStorageTests" name="TestDirectoryCreate" />
    </UnitTest>
    <UnitTest name="TestDirectoryEnumerateFilesDirectories (&quot;dir&quot;)" storage="/users/runner/work/dotnet-monorepo/dotnet-monorepo/src/artifacts/bin/filestorage.tests/release_osx-x64/filestorage.tests.dll" id="43f0a9d2-6fe6-601a-864c-33da0d2f9754">
      <Execution id="29d95df9-0a29-4cf0-803e-0a3375c06252" />
      <TestMethod codeBase="/Users/runner/work/dotnet-monorepo/dotnet-monorepo/src/artifacts/bin/FileStorage.Tests/release_osx-x64/FileStorage.Tests.dll" adapterTypeName="executor://mstestadapter/v2" className="FileStorage.Tests.FilesystemFileStorageTests" name="TestDirectoryEnumerateFilesDirectories" />
    </UnitTest>
    <UnitTest name="TestRootDirectoryExists" storage="/users/runner/work/dotnet-monorepo/dotnet-monorepo/src/artifacts/bin/filestorage.tests/release_osx-x64/filestorage.tests.dll" id="aa3761b1-576e-01f7-d173-14568b628a0e">
      <Execution id="d82ebbcc-b91c-4789-bc4b-6ae557514568" />
      <TestMethod codeBase="/Users/runner/work/dotnet-monorepo/dotnet-monorepo/src/artifacts/bin/FileStorage.Tests/release_osx-x64/FileStorage.Tests.dll" adapterTypeName="executor://mstestadapter/v2" className="FileStorage.Tests.MemoryFileStorageTests" name="TestRootDirectoryExists" />
    </UnitTest>
    <UnitTest name="TestExistsAsync (False)" storage="/users/runner/work/dotnet-monorepo/dotnet-monorepo/src/artifacts/bin/filestorage.tests/release_osx-x64/filestorage.tests.dll" id="6cfcf509-16b7-8279-725f-a4ce45ea80aa">
      <Execution id="56412a86-f4d4-4a7b-8292-ac6cf9e1d2ae" />
      <TestMethod codeBase="/Users/runner/work/dotnet-monorepo/dotnet-monorepo/src/artifacts/bin/FileStorage.Tests/release_osx-x64/FileStorage.Tests.dll" adapterTypeName="executor://mstestadapter/v2" className="FileStorage.Tests.SyncToAsyncFileAdapterTests" name="TestExistsAsync" />
    </UnitTest>
    <UnitTest name="TestFileDelete" storage="/users/runner/work/dotnet-monorepo/dotnet-monorepo/src/artifacts/bin/filestorage.tests/release_osx-x64/filestorage.tests.dll" id="87471bd0-b3d5-4af4-a468-43e113ade7fe">
      <Execution id="503bc20a-2d15-48e7-ac86-7a2337531c9b" />
      <TestMethod codeBase="/Users/runner/work/dotnet-monorepo/dotnet-monorepo/src/artifacts/bin/FileStorage.Tests/release_osx-x64/FileStorage.Tests.dll" adapterTypeName="executor://mstestadapter/v2" className="FileStorage.Tests.ZipFileStorageTests" name="TestFileDelete" />
    </UnitTest>
    <UnitTest name="TestDeleteAsyncThrowsIfCancelled" storage="/users/runner/work/dotnet-monorepo/dotnet-monorepo/src/artifacts/bin/filestorage.tests/release_osx-x64/filestorage.tests.dll" id="4d032d6c-078a-e068-f521-7e2b2c0e37e2">
      <Execution id="3152a3bc-8b27-48e1-a477-125195271226" />
      <TestMethod codeBase="/Users/runner/work/dotnet-monorepo/dotnet-monorepo/src/artifacts/bin/FileStorage.Tests/release_osx-x64/FileStorage.Tests.dll" adapterTypeName="executor://mstestadapter/v2" className="FileStorage.Tests.SyncToAsyncDirectoryAdapterTests" name="TestDeleteAsyncThrowsIfCancelled" />
    </UnitTest>
    <UnitTest name="TestParentDirectory" storage="/users/runner/work/dotnet-monorepo/dotnet-monorepo/src/artifacts/bin/filestorage.tests/release_osx-x64/filestorage.tests.dll" id="1e8ef867-c861-69f4-badf-30af80491de8">
      <Execution id="0bb01ae2-0afa-4c15-ad69-f013ff641254" />
      <TestMethod codeBase="/Users/runner/work/dotnet-monorepo/dotnet-monorepo/src/artifacts/bin/FileStorage.Tests/release_osx-x64/FileStorage.Tests.dll" adapterTypeName="executor://mstestadapter/v2" className="FileStorage.Tests.FilesystemFileStorageTests" name="TestParentDirectory" />
    </UnitTest>
    <UnitTest name="TestDirectoryEnumerateFilesDirectories (&quot;dir&quot;)" storage="/users/runner/work/dotnet-monorepo/dotnet-monorepo/src/artifacts/bin/filestorage.tests/release_osx-x64/filestorage.tests.dll" id="64552f8d-56bd-dece-2bde-38ac338fdf57">
      <Execution id="c0f5cfb9-cf3b-4278-9cae-98ae29983428" />
      <TestMethod codeBase="/Users/runner/work/dotnet-monorepo/dotnet-monorepo/src/artifacts/bin/FileStorage.Tests/release_osx-x64/FileStorage.Tests.dll" adapterTypeName="executor://mstestadapter/v2" className="FileStorage.Tests.ZipFileStorageTests" name="TestDirectoryEnumerateFilesDirectories" />
    </UnitTest>
    <UnitTest name="TestCreateFileWhenParentDirectoryDoesNotExist" storage="/users/runner/work/dotnet-monorepo/dotnet-monorepo/src/artifacts/bin/filestorage.tests/release_osx-x64/filestorage.tests.dll" id="23d07cc4-2758-a52f-fbcc-4554ce4384ec">
      <Execution id="1c549455-7b04-436f-96ed-2d92c574fe5b" />
      <TestMethod codeBase="/Users/runner/work/dotnet-monorepo/dotnet-monorepo/src/artifacts/bin/FileStorage.Tests/release_osx-x64/FileStorage.Tests.dll" adapterTypeName="executor://mstestadapter/v2" className="FileStorage.Tests.MemoryFileStorageTests" name="TestCreateFileWhenParentDirectoryDoesNotExist" />
    </UnitTest>
    <UnitTest name="TestDeleteNonExistent" storage="/users/runner/work/dotnet-monorepo/dotnet-monorepo/src/artifacts/bin/filestorage.tests/release_osx-x64/filestorage.tests.dll" id="a0d6016a-1d15-01ec-b35a-338af9cc5112">
      <Execution id="b96f84ac-1c52-434d-91cc-384abd8d5966" />
      <TestMethod codeBase="/Users/runner/work/dotnet-monorepo/dotnet-monorepo/src/artifacts/bin/FileStorage.Tests/release_osx-x64/FileStorage.Tests.dll" adapterTypeName="executor://mstestadapter/v2" className="FileStorage.Tests.MemoryFileStorageTests" name="TestDeleteNonExistent" />
    </UnitTest>
    <UnitTest name="TestFileDelete" storage="/users/runner/work/dotnet-monorepo/dotnet-monorepo/src/artifacts/bin/filestorage.tests/release_osx-x64/filestorage.tests.dll" id="f64eab59-d366-aa12-22f3-ad8e634f95d1">
      <Execution id="f9d2bd90-dfae-4047-b78c-385b56d60b18" />
      <TestMethod codeBase="/Users/runner/work/dotnet-monorepo/dotnet-monorepo/src/artifacts/bin/FileStorage.Tests/release_osx-x64/FileStorage.Tests.dll" adapterTypeName="executor://mstestadapter/v2" className="FileStorage.Tests.FilesystemFileStorageTests" name="TestFileDelete" />
    </UnitTest>
    <UnitTest name="TestDeleteNonExistent" storage="/users/runner/work/dotnet-monorepo/dotnet-monorepo/src/artifacts/bin/filestorage.tests/release_osx-x64/filestorage.tests.dll" id="824069aa-83cd-e2df-af5a-d971bcf9e8ee">
      <Execution id="a80d767a-5d2a-4d34-8ee5-fc90f8be5250" />
      <TestMethod codeBase="/Users/runner/work/dotnet-monorepo/dotnet-monorepo/src/artifacts/bin/FileStorage.Tests/release_osx-x64/FileStorage.Tests.dll" adapterTypeName="executor://mstestadapter/v2" className="FileStorage.Tests.ZipFileStorageTests" name="TestDeleteNonExistent" />
    </UnitTest>
    <UnitTest name="TestOpenWriteAsync" storage="/users/runner/work/dotnet-monorepo/dotnet-monorepo/src/artifacts/bin/filestorage.tests/release_osx-x64/filestorage.tests.dll" id="c37f7643-1974-730c-ff6e-4fb586696ec1">
      <Execution id="e9a33ab0-9d95-47c1-95f1-91fdfdf0c95f" />
      <TestMethod codeBase="/Users/runner/work/dotnet-monorepo/dotnet-monorepo/src/artifacts/bin/FileStorage.Tests/release_osx-x64/FileStorage.Tests.dll" adapterTypeName="executor://mstestadapter/v2" className="FileStorage.Tests.SyncToAsyncFileAdapterTests" name="TestOpenWriteAsync" />
    </UnitTest>
    <UnitTest name="TestFileStem" storage="/users/runner/work/dotnet-monorepo/dotnet-monorepo/src/artifacts/bin/filestorage.tests/release_osx-x64/filestorage.tests.dll" id="dafc721a-fc0a-0484-9bd5-7a2ec5a3197f">
      <Execution id="2701d897-b801-4859-94be-0945ae019ec2" />
      <TestMethod codeBase="/Users/runner/work/dotnet-monorepo/dotnet-monorepo/src/artifacts/bin/FileStorage.Tests/release_osx-x64/FileStorage.Tests.dll" adapterTypeName="executor://mstestadapter/v2" className="FileStorage.Tests.ZipFileStorageTests" name="TestFileStem" />
    </UnitTest>
    <UnitTest name="TestOpenReadAsync" storage="/users/runner/work/dotnet-monorepo/dotnet-monorepo/src/artifacts/bin/filestorage.tests/release_osx-x64/filestorage.tests.dll" id="1f720387-7182-1f7e-79cf-5e42f1b3a177">
      <Execution id="439d51d8-4bb9-4890-9574-38ca412fe8de" />
      <TestMethod codeBase="/Users/runner/work/dotnet-monorepo/dotnet-monorepo/src/artifacts/bin/FileStorage.Tests/release_osx-x64/FileStorage.Tests.dll" adapterTypeName="executor://mstestadapter/v2" className="FileStorage.Tests.SyncToAsyncFileAdapterTests" name="TestOpenReadAsync" />
    </UnitTest>
    <UnitTest name="TestDeleteAsync" storage="/users/runner/work/dotnet-monorepo/dotnet-monorepo/src/artifacts/bin/filestorage.tests/release_osx-x64/filestorage.tests.dll" id="607da53e-34ec-12fb-53d4-7b9a98141219">
      <Execution id="f2d186e9-d01b-466d-a3df-c46a245bbc90" />
      <TestMethod codeBase="/Users/runner/work/dotnet-monorepo/dotnet-monorepo/src/artifacts/bin/FileStorage.Tests/release_osx-x64/FileStorage.Tests.dll" adapterTypeName="executor://mstestadapter/v2" className="FileStorage.Tests.SyncToAsyncDirectoryAdapterTests" name="TestDeleteAsync" />
    </UnitTest>
    <UnitTest name="TestFileOpenReadWriteExistingFile" storage="/users/runner/work/dotnet-monorepo/dotnet-monorepo/src/artifacts/bin/filestorage.tests/release_osx-x64/filestorage.tests.dll" id="80da2137-b6cc-609b-971f-7e7a4fdb564d">
      <Execution id="87405fe2-a782-4540-9188-c783da66125a" />
      <TestMethod codeBase="/Users/runner/work/dotnet-monorepo/dotnet-monorepo/src/artifacts/bin/FileStorage.Tests/release_osx-x64/FileStorage.Tests.dll" adapterTypeName="executor://mstestadapter/v2" className="FileStorage.Tests.FilesystemFileStorageTests" name="TestFileOpenReadWriteExistingFile" />
    </UnitTest>
    <UnitTest name="TestDirectoryEnumerateFilesDirectories (&quot;&quot;)" storage="/users/runner/work/dotnet-monorepo/dotnet-monorepo/src/artifacts/bin/filestorage.tests/release_osx-x64/filestorage.tests.dll" id="2b565eab-d7f1-591c-d1b8-d74976982623">
      <Execution id="f345efaf-596b-4da7-9dc5-d9649e68b2a5" />
      <TestMethod codeBase="/Users/runner/work/dotnet-monorepo/dotnet-monorepo/src/artifacts/bin/FileStorage.Tests/release_osx-x64/FileStorage.Tests.dll" adapterTypeName="executor://mstestadapter/v2" className="FileStorage.Tests.MemoryFileStorageTests" name="TestDirectoryEnumerateFilesDirectories" />
    </UnitTest>
    <UnitTest name="TestCreateFileWhenParentDirectoryDoesNotExist" storage="/users/runner/work/dotnet-monorepo/dotnet-monorepo/src/artifacts/bin/filestorage.tests/release_osx-x64/filestorage.tests.dll" id="1d8061bb-017e-dbad-4465-67af30ac9b23">
      <Execution id="79d42057-bb84-4eaa-a79d-1ab6fb7c5207" />
      <TestMethod codeBase="/Users/runner/work/dotnet-monorepo/dotnet-monorepo/src/artifacts/bin/FileStorage.Tests/release_osx-x64/FileStorage.Tests.dll" adapterTypeName="executor://mstestadapter/v2" className="FileStorage.Tests.ZipFileStorageTests" name="TestCreateFileWhenParentDirectoryDoesNotExist" />
    </UnitTest>
  </TestDefinitions>
  <TestEntries>
    <TestEntry testId="a0d6016a-1d15-01ec-b35a-338af9cc5112" executionId="b96f84ac-1c52-434d-91cc-384abd8d5966" testListId="8c84fa94-04c1-424b-9868-57a2d4851a1d" />
    <TestEntry testId="dafc721a-fc0a-0484-9bd5-7a2ec5a3197f" executionId="2701d897-b801-4859-94be-0945ae019ec2" testListId="8c84fa94-04c1-424b-9868-57a2d4851a1d" />
    <TestEntry testId="a1ac245f-162d-b3d5-902a-73d42908be8b" executionId="45a7dc7d-71fd-4ec3-a8de-146cf6f9db84" testListId="8c84fa94-04c1-424b-9868-57a2d4851a1d" />
    <TestEntry testId="de3b2480-d479-605b-e08b-e52b3f60032b" executionId="a3d24649-a4ea-42d1-81e1-df8f26d5ffc8" testListId="8c84fa94-04c1-424b-9868-57a2d4851a1d" />
    <TestEntry testId="9ee8bdb3-752d-d7fa-92e7-baaf5a6a275d" executionId="6e042ecc-d4ff-4f5f-b31d-952af12cdab5" testListId="8c84fa94-04c1-424b-9868-57a2d4851a1d" />
    <TestEntry testId="40b81683-78f2-804b-e88e-f90513574e2a" executionId="3607be13-be07-4f14-8124-3995d9ab08c3" testListId="8c84fa94-04c1-424b-9868-57a2d4851a1d" />
    <TestEntry testId="5b8af763-c9e7-a7dc-38c5-6c93729daebf" executionId="47974ea5-2498-4ff3-960e-86eb010a894b" testListId="8c84fa94-04c1-424b-9868-57a2d4851a1d" />
    <TestEntry testId="0ecc2e03-b166-5e66-a255-0a8ecc71ea81" executionId="9340b7d3-cd8c-460a-b06f-4ce2c8b76876" testListId="8c84fa94-04c1-424b-9868-57a2d4851a1d" />
    <TestEntry testId="30b186da-9a79-931d-4ee5-ecdfe5db3c76" executionId="4b71bfc6-0447-4613-95fa-357c35527a0d" testListId="8c84fa94-04c1-424b-9868-57a2d4851a1d" />
    <TestEntry testId="1c9877c6-ebfa-9f2c-ee53-ef4e577d1078" executionId="c076870c-1875-4eb3-acd6-c1309ce90ead" testListId="8c84fa94-04c1-424b-9868-57a2d4851a1d" />
    <TestEntry testId="79c4ff89-0797-e74c-0eb1-6195164e4436" executionId="3e436b04-84d7-4c6c-9724-14bb53dd1cba" testListId="8c84fa94-04c1-424b-9868-57a2d4851a1d" />
    <TestEntry testId="1534deb5-67ec-434a-e4c4-2a3259f0bb39" executionId="10c198a3-f507-49ea-b21c-fd00fb3c1c58" testListId="8c84fa94-04c1-424b-9868-57a2d4851a1d" />
    <TestEntry testId="125bc9fc-30db-ee48-7efe-8896541b5651" executionId="1d1cd4c0-b839-481a-ba1b-30ea43a761e2" testListId="8c84fa94-04c1-424b-9868-57a2d4851a1d" />
    <TestEntry testId="910e1179-c618-ac81-88d3-77979d52ca2e" executionId="49682df5-5ba2-4bb2-8d80-96bbee920159" testListId="8c84fa94-04c1-424b-9868-57a2d4851a1d" />
    <TestEntry testId="4d032d6c-078a-e068-f521-7e2b2c0e37e2" executionId="3152a3bc-8b27-48e1-a477-125195271226" testListId="8c84fa94-04c1-424b-9868-57a2d4851a1d" />
    <TestEntry testId="aa3761b1-576e-01f7-d173-14568b628a0e" executionId="d82ebbcc-b91c-4789-bc4b-6ae557514568" testListId="8c84fa94-04c1-424b-9868-57a2d4851a1d" />
    <TestEntry testId="08e0f610-476a-cb6d-5d83-04cfa0bb5513" executionId="1a5cb15b-cfa9-45b0-9b7a-297948df6d0d" testListId="8c84fa94-04c1-424b-9868-57a2d4851a1d" />
    <TestEntry testId="6484f54f-0ad5-b721-001b-ebf002fed6b2" executionId="77d67c12-2a73-434a-8055-e4289dfc707b" testListId="8c84fa94-04c1-424b-9868-57a2d4851a1d" />
    <TestEntry testId="df69c3a6-a997-1bec-3536-98911cb3c458" executionId="cd2c3076-03e5-4d36-b8c6-b130c3b3f727" testListId="8c84fa94-04c1-424b-9868-57a2d4851a1d" />
    <TestEntry testId="1e71ad58-a0ad-4cd0-0218-6a992bf4f71a" executionId="f32fae9e-4ca8-48cd-b3e9-3348ebeab7de" testListId="8c84fa94-04c1-424b-9868-57a2d4851a1d" />
    <TestEntry testId="f8c037a4-86a1-940c-dee2-3812680c280a" executionId="61a606ab-478c-479d-bcb8-0831b90acdab" testListId="8c84fa94-04c1-424b-9868-57a2d4851a1d" />
    <TestEntry testId="adcd8de1-a2fb-d996-6dae-d799ebeca291" executionId="a08a8129-e37d-4106-aa26-ec3e76911a29" testListId="8c84fa94-04c1-424b-9868-57a2d4851a1d" />
    <TestEntry testId="eff7da53-f6a7-63b0-cc4f-2e2f7ff54c59" executionId="47c42ad9-d7f9-4a4a-b3c1-a8e3871df3af" testListId="8c84fa94-04c1-424b-9868-57a2d4851a1d" />
    <TestEntry testId="7d7edaab-f11c-42a8-dc0e-01ee01112f84" executionId="a3bae882-79e0-4957-ad87-f8256b64f2cc" testListId="8c84fa94-04c1-424b-9868-57a2d4851a1d" />
    <TestEntry testId="9011c160-8b72-47ef-0b19-f1ac4fafc464" executionId="1539b6f5-2859-44c8-88cd-a21f598ba4f9" testListId="8c84fa94-04c1-424b-9868-57a2d4851a1d" />
    <TestEntry testId="c37f7643-1974-730c-ff6e-4fb586696ec1" executionId="e9a33ab0-9d95-47c1-95f1-91fdfdf0c95f" testListId="8c84fa94-04c1-424b-9868-57a2d4851a1d" />
    <TestEntry testId="6e5b91a2-6a19-9c04-8737-fad3d45dfaa1" executionId="99a62c65-333b-40e2-8ea2-c35ba0532570" testListId="8c84fa94-04c1-424b-9868-57a2d4851a1d" />
    <TestEntry testId="f64eab59-d366-aa12-22f3-ad8e634f95d1" executionId="f9d2bd90-dfae-4047-b78c-385b56d60b18" testListId="8c84fa94-04c1-424b-9868-57a2d4851a1d" />
    <TestEntry testId="607da53e-34ec-12fb-53d4-7b9a98141219" executionId="f2d186e9-d01b-466d-a3df-c46a245bbc90" testListId="8c84fa94-04c1-424b-9868-57a2d4851a1d" />
    <TestEntry testId="4f6773f6-14de-a05b-1a5d-745be43beb3f" executionId="8de0de22-be57-48a2-897d-89058b7c4517" testListId="8c84fa94-04c1-424b-9868-57a2d4851a1d" />
    <TestEntry testId="f4242541-f62b-6e59-6932-1a9c264c322e" executionId="d0f49085-a064-481d-84ef-fb7c531bd312" testListId="8c84fa94-04c1-424b-9868-57a2d4851a1d" />
    <TestEntry testId="f7b478bc-0212-d153-656f-f41f57754de4" executionId="16852908-be8d-4977-b214-973b0c6a60d2" testListId="8c84fa94-04c1-424b-9868-57a2d4851a1d" />
    <TestEntry testId="ff3ef572-f71c-5031-deee-22a40c319a7b" executionId="2c94abc0-8d0f-4d4f-bc14-dc5594613e56" testListId="8c84fa94-04c1-424b-9868-57a2d4851a1d" />
    <TestEntry testId="bacbbd13-aba6-615b-798e-fa63927d70ae" executionId="312614c6-397f-40e8-9deb-4cefa2273ed4" testListId="8c84fa94-04c1-424b-9868-57a2d4851a1d" />
    <TestEntry testId="009a2387-0a42-469f-a4ba-4b5d7815ce64" executionId="9d89a0fe-c57a-40eb-9d55-0b87f2e0b0bc" testListId="8c84fa94-04c1-424b-9868-57a2d4851a1d" />
    <TestEntry testId="43f0a9d2-6fe6-601a-864c-33da0d2f9754" executionId="29d95df9-0a29-4cf0-803e-0a3375c06252" testListId="8c84fa94-04c1-424b-9868-57a2d4851a1d" />
    <TestEntry testId="618d4b2b-2ac7-22a8-ee48-265a6ddb8150" executionId="7f8e2604-be3a-4872-9292-ff453be76c7e" testListId="8c84fa94-04c1-424b-9868-57a2d4851a1d" />
    <TestEntry testId="7da6318e-98b7-39f0-4161-e0aaa63e4356" executionId="71bc74e8-3d99-4859-8a65-d71c25a4f812" testListId="8c84fa94-04c1-424b-9868-57a2d4851a1d" />
    <TestEntry testId="c3d2dfed-dafa-3212-4b58-dbe2ec6a248e" executionId="bd1a7ff5-7c7f-4a21-9a01-839022ba5d8d" testListId="8c84fa94-04c1-424b-9868-57a2d4851a1d" />
    <TestEntry testId="0f1da9e6-1cbf-8583-2f6b-0061293bebf8" executionId="759d4dd7-bf6a-4395-816d-0cf64afcbc32" testListId="8c84fa94-04c1-424b-9868-57a2d4851a1d" />
    <TestEntry testId="cef74505-0de5-871e-983a-ff75ebac7980" executionId="cb2b0476-db6f-4f06-912e-5e812d9078bb" testListId="8c84fa94-04c1-424b-9868-57a2d4851a1d" />
    <TestEntry testId="8eec9c63-7a9d-7281-f2f2-9be7c1791458" executionId="a8267af5-04a6-453d-9cc4-3ffaae2b2e5e" testListId="8c84fa94-04c1-424b-9868-57a2d4851a1d" />
    <TestEntry testId="fca03aaa-9bd0-d573-60dc-d9376c9ea610" executionId="6adca9cb-32d9-400d-93c0-1b14a6492feb" testListId="8c84fa94-04c1-424b-9868-57a2d4851a1d" />
    <TestEntry testId="45544f1a-d7a2-d9e7-5fa3-60036434748b" executionId="1127fbf4-ac1c-44f2-b121-dacec2b2e519" testListId="8c84fa94-04c1-424b-9868-57a2d4851a1d" />
    <TestEntry testId="2b565eab-d7f1-591c-d1b8-d74976982623" executionId="f345efaf-596b-4da7-9dc5-d9649e68b2a5" testListId="8c84fa94-04c1-424b-9868-57a2d4851a1d" />
    <TestEntry testId="4215e5b5-fc3c-3e4d-30ae-01a50b08f468" executionId="a6654421-b698-4f56-8bd3-c03fc4033a70" testListId="8c84fa94-04c1-424b-9868-57a2d4851a1d" />
    <TestEntry testId="f8e7277d-d9f8-29f5-60e4-5fbb63d964ed" executionId="ce633bd3-f712-4d50-abe1-15594c9bdb24" testListId="8c84fa94-04c1-424b-9868-57a2d4851a1d" />
    <TestEntry testId="2e325afd-71c3-c013-f9e9-d25d63271309" executionId="54a2f646-c267-4959-82ce-40ca8d706f12" testListId="8c84fa94-04c1-424b-9868-57a2d4851a1d" />
    <TestEntry testId="0da9f8a8-e657-b210-b5f3-ec83c8497b26" executionId="f18cd630-b366-4443-bf6c-71865c2ae47a" testListId="8c84fa94-04c1-424b-9868-57a2d4851a1d" />
    <TestEntry testId="d4d986da-d4bd-08f4-57b5-191f12483e46" executionId="c94140f3-f37d-45cc-a594-e0f8723fbebc" testListId="8c84fa94-04c1-424b-9868-57a2d4851a1d" />
    <TestEntry testId="a3803826-329d-dc6f-fc7d-0e02805b706c" executionId="a744d428-5ecc-45d6-91b9-c3c85f24ca3e" testListId="8c84fa94-04c1-424b-9868-57a2d4851a1d" />
    <TestEntry testId="824069aa-83cd-e2df-af5a-d971bcf9e8ee" executionId="a80d767a-5d2a-4d34-8ee5-fc90f8be5250" testListId="8c84fa94-04c1-424b-9868-57a2d4851a1d" />
    <TestEntry testId="1e8ef867-c861-69f4-badf-30af80491de8" executionId="0bb01ae2-0afa-4c15-ad69-f013ff641254" testListId="8c84fa94-04c1-424b-9868-57a2d4851a1d" />
    <TestEntry testId="9fab18c8-de42-5edf-89cb-38fe842efdcb" executionId="4e8112ad-2628-4934-9452-de05e301dda8" testListId="8c84fa94-04c1-424b-9868-57a2d4851a1d" />
    <TestEntry testId="ee7e4fee-92ed-61e3-75da-bff49e330275" executionId="1a3194af-c6ae-44ee-be24-bfdf1219d067" testListId="8c84fa94-04c1-424b-9868-57a2d4851a1d" />
    <TestEntry testId="3bd62bd2-9144-6143-2f62-27a8dcf18fb5" executionId="a30733c3-336d-401d-9c53-20bbf1615246" testListId="8c84fa94-04c1-424b-9868-57a2d4851a1d" />
    <TestEntry testId="fe70811c-eba8-dd1f-7c22-0fa4e60d4aa2" executionId="3b18ae0d-a590-4cb5-854e-a4b7fd5562de" testListId="8c84fa94-04c1-424b-9868-57a2d4851a1d" />
    <TestEntry testId="797b8a01-8186-1169-ecab-9b51ad970e5d" executionId="0c11ac6f-8769-41d9-9a25-1d91f0de398e" testListId="8c84fa94-04c1-424b-9868-57a2d4851a1d" />
    <TestEntry testId="64552f8d-56bd-dece-2bde-38ac338fdf57" executionId="c0f5cfb9-cf3b-4278-9cae-98ae29983428" testListId="8c84fa94-04c1-424b-9868-57a2d4851a1d" />
    <TestEntry testId="6de70bcc-1fd5-fee6-1433-0f0245c25247" executionId="4dd960d7-9528-4c46-b81a-7135b6d17400" testListId="8c84fa94-04c1-424b-9868-57a2d4851a1d" />
    <TestEntry testId="24b7a9df-0abd-14f1-06c9-9d72cbf192b3" executionId="4a082600-7f94-4852-9287-3892a156d363" testListId="8c84fa94-04c1-424b-9868-57a2d4851a1d" />
    <TestEntry testId="18605d5f-4c35-09c6-72ca-211e48b57479" executionId="ec1db100-8778-4fde-a8bf-d67f7179cbe9" testListId="8c84fa94-04c1-424b-9868-57a2d4851a1d" />
    <TestEntry testId="bda2bfb3-e5c0-2200-50a6-0294fcf407ea" executionId="ea5f0304-c7d5-4815-b702-0eade16b2ef7" testListId="8c84fa94-04c1-424b-9868-57a2d4851a1d" />
    <TestEntry testId="5e7e342f-9a2b-efbe-0225-541455a94587" executionId="a70c8acd-3031-41b5-a946-f6908c401a88" testListId="8c84fa94-04c1-424b-9868-57a2d4851a1d" />
    <TestEntry testId="23d07cc4-2758-a52f-fbcc-4554ce4384ec" executionId="1c549455-7b04-436f-96ed-2d92c574fe5b" testListId="8c84fa94-04c1-424b-9868-57a2d4851a1d" />
    <TestEntry testId="cd0078b3-4b7f-1e54-2b47-dac01f923d15" executionId="2a4442a2-b960-428f-bc36-adfb5bc5300a" testListId="8c84fa94-04c1-424b-9868-57a2d4851a1d" />
    <TestEntry testId="b414c790-0451-ffab-cace-9828ee75369b" executionId="1ca4895f-faae-4896-9f83-89d57c9de4c9" testListId="8c84fa94-04c1-424b-9868-57a2d4851a1d" />
    <TestEntry testId="9546a373-c09a-58f7-3312-0de377f90a9a" executionId="da350b43-cd1d-4193-a464-2d3fd8fbaecb" testListId="8c84fa94-04c1-424b-9868-57a2d4851a1d" />
    <TestEntry testId="12d1cb41-6b3b-e919-4920-056dbd3aad76" executionId="2d7fe491-235e-4519-b454-36a77dcef24b" testListId="8c84fa94-04c1-424b-9868-57a2d4851a1d" />
    <TestEntry testId="c7897527-4e0e-ad49-b035-f1933297433a" executionId="efcbff75-f55f-4d5f-930a-afbb189c125c" testListId="8c84fa94-04c1-424b-9868-57a2d4851a1d" />
    <TestEntry testId="8b81bd82-dc36-2cda-229b-b5072167dddf" executionId="d8089852-c67c-4495-80ab-aa3ec9172d91" testListId="8c84fa94-04c1-424b-9868-57a2d4851a1d" />
    <TestEntry testId="0e088d27-c7d7-0291-d4f0-8f7b1d9da554" executionId="e27dd8ca-8fa2-4719-9986-7fc42c77845a" testListId="8c84fa94-04c1-424b-9868-57a2d4851a1d" />
    <TestEntry testId="a29289ea-bc1d-0083-5118-54a12526b8af" executionId="e699322c-a5c4-480e-9870-3676c265642a" testListId="8c84fa94-04c1-424b-9868-57a2d4851a1d" />
    <TestEntry testId="a89f0bbf-e5bb-9494-34d2-174c60a99834" executionId="e2118ccd-5729-450c-847b-c303029cfdfc" testListId="8c84fa94-04c1-424b-9868-57a2d4851a1d" />
    <TestEntry testId="1d8061bb-017e-dbad-4465-67af30ac9b23" executionId="79d42057-bb84-4eaa-a79d-1ab6fb7c5207" testListId="8c84fa94-04c1-424b-9868-57a2d4851a1d" />
    <TestEntry testId="cf4b9090-69b3-1690-d9fc-8e30944ebfcc" executionId="7831315d-8e5e-4903-a4c2-78543147c54e" testListId="8c84fa94-04c1-424b-9868-57a2d4851a1d" />
    <TestEntry testId="966fde8d-32df-314c-6115-6a9b32ec93b9" executionId="13d7c75a-3dc9-454e-a873-ff668524ea76" testListId="8c84fa94-04c1-424b-9868-57a2d4851a1d" />
    <TestEntry testId="7eb76f2c-21a5-f549-3581-458e2d90bb4e" executionId="fc1da099-18c2-4cba-958a-5035c19ca6dc" testListId="8c84fa94-04c1-424b-9868-57a2d4851a1d" />
    <TestEntry testId="6cfcf509-16b7-8279-725f-a4ce45ea80aa" executionId="56412a86-f4d4-4a7b-8292-ac6cf9e1d2ae" testListId="8c84fa94-04c1-424b-9868-57a2d4851a1d" />
    <TestEntry testId="c901782e-ef1c-b42b-60f1-435a0351d1c3" executionId="17949d40-f857-4b37-b18c-c0b06b9aa300" testListId="8c84fa94-04c1-424b-9868-57a2d4851a1d" />
    <TestEntry testId="51e79817-9cb4-c803-a9cd-be62c5643252" executionId="313a7347-150f-4fd5-a2e3-ed3a9b86ccd1" testListId="8c84fa94-04c1-424b-9868-57a2d4851a1d" />
    <TestEntry testId="80da2137-b6cc-609b-971f-7e7a4fdb564d" executionId="87405fe2-a782-4540-9188-c783da66125a" testListId="8c84fa94-04c1-424b-9868-57a2d4851a1d" />
    <TestEntry testId="02f617f7-c2f8-ea60-5be7-c053e0a3cf57" executionId="64614cb6-89b4-4555-bcd9-806e6ce29c73" testListId="8c84fa94-04c1-424b-9868-57a2d4851a1d" />
    <TestEntry testId="9a8424cd-4f80-220e-7900-daa37175ddae" executionId="1523d256-00be-4bd3-af30-e689b8f85831" testListId="8c84fa94-04c1-424b-9868-57a2d4851a1d" />
    <TestEntry testId="87471bd0-b3d5-4af4-a468-43e113ade7fe" executionId="503bc20a-2d15-48e7-ac86-7a2337531c9b" testListId="8c84fa94-04c1-424b-9868-57a2d4851a1d" />
    <TestEntry testId="df1b3604-ffd3-14ba-042b-94c14c177176" executionId="d1d2de33-c6c9-4ea2-9c0e-755723e9d4dd" testListId="8c84fa94-04c1-424b-9868-57a2d4851a1d" />
    <TestEntry testId="109778f8-1a3f-c921-f480-5b33ec9e404c" executionId="9fce37c8-4297-4fb9-af26-018546d93391" testListId="8c84fa94-04c1-424b-9868-57a2d4851a1d" />
    <TestEntry testId="3fbe1aef-c231-36db-e42e-599bf3f74565" executionId="6f2f76c3-02d5-4e70-8cf3-bd5d8986079b" testListId="8c84fa94-04c1-424b-9868-57a2d4851a1d" />
    <TestEntry testId="49fe5267-fc48-c49a-f934-3af546ee163f" executionId="930e7603-1835-4fc8-8c2c-c93614116017" testListId="8c84fa94-04c1-424b-9868-57a2d4851a1d" />
    <TestEntry testId="8e708a48-e948-fee1-2a70-df94ce5b6a29" executionId="fbb7ae57-214d-43f6-aae0-bc005f69cf0d" testListId="8c84fa94-04c1-424b-9868-57a2d4851a1d" />
    <TestEntry testId="1f720387-7182-1f7e-79cf-5e42f1b3a177" executionId="439d51d8-4bb9-4890-9574-38ca412fe8de" testListId="8c84fa94-04c1-424b-9868-57a2d4851a1d" />
    <TestEntry testId="071eaba4-a09d-f772-7109-6fc000a80917" executionId="7f1f8da8-579f-4414-b3ac-a18f4c8d5cff" testListId="8c84fa94-04c1-424b-9868-57a2d4851a1d" />
  </TestEntries>
  <TestLists>
    <TestList name="Results Not in a List" id="8c84fa94-04c1-424b-9868-57a2d4851a1d" />
    <TestList name="All Loaded Results" id="19431567-8539-422a-85d7-44ee4e166bda" />
  </TestLists>
  <ResultSummary outcome="Completed">
    <Counters total="92" executed="92" passed="92" failed="0" error="0" timeout="0" aborted="0" inconclusive="0" passedButRunAborted="0" notRunnable="0" notExecuted="0" disconnected="0" warning="0" completed="0" inProgress="0" pending="0" />
  </ResultSummary>
</TestRun>