<?xml version="1.0" encoding="utf-8"?>
<TestRun id="33993cfe-c9c8-4bf2-bebb-1440b518506a" name="@sjc20-bb714-be9a9e78-8985-4d11-aa46-7f7cc3435662-86C6214C293B 2025-09-27 02:14:57" xmlns="http://microsoft.com/schemas/VisualStudio/TeamTest/2010">
  <Times creation="2025-09-27T02:14:57.9871830+00:00" queuing="2025-09-27T02:14:57.9871830+00:00" start="2025-09-27T02:14:57.3173510+00:00" finish="2025-09-27T02:15:04.3718010+00:00" />
  <TestSettings name="default" id="47ea6f70-a4c2-415f-956d-bec460eb80ed">
    <Deployment runDeploymentRoot="_sjc20-bb714-be9a9e78-8985-4d11-aa46-7f7cc3435662-86C6214C293B_2025-09-27_02_14_57" />
  </TestSettings>
  <Results>
    <UnitTestResult executionId="cd156611-cd2a-47d1-b513-3b1eae7ec7ff" testId="c37f7643-1974-730c-ff6e-4fb586696ec1" testName="TestOpenWriteAsync" computerName="sjc20-bb714-be9a9e78-8985-4d11-aa46-7f7cc3435662-86C6214C293B" duration="00:00:00.0004782" startTime="2025-09-27T02:14:58.0654180+00:00" endTime="2025-09-27T02:14:58.0659300+00:00" testType="13cdc9d9-ddb5-4fa4-a97d-d965ccfc6d4b" outcome="Passed" testListId="8c84fa94-04c1-424b-9868-57a2d4851a1d" relativeResultsDirectory="cd156611-cd2a-47d1-b513-3b1eae7ec7ff" />
    <UnitTestResult executionId="091fb589-f54e-41a9-8b0c-d38153174bd1" testId="0ecc2e03-b166-5e66-a255-0a8ecc71ea81" testName="TestEmptyFilePaths" computerName="sjc20-bb714-be9a9e78-8985-4d11-aa46-7f7cc3435662-86C6214C293B" duration="00:00:00.0000944" startTime="2025-09-27T02:15:04.3285250+00:00" endTime="2025-09-27T02:15:04.3287970+00:00" testType="13cdc9d9-ddb5-4fa4-a97d-d965ccfc6d4b" outcome="Passed" testListId="8c84fa94-04c1-424b-9868-57a2d4851a1d" relativeResultsDirectory="091fb589-f54e-41a9-8b0c-d38153174bd1" />
    <UnitTestResult executionId="18df0a66-aa32-46f9-86a3-146bd89d2ed4" testId="ee7e4fee-92ed-61e3-75da-bff49e330275" testName="TestDirectoryFullPathIsConsistent" computerName="sjc20-bb714-be9a9e78-8985-4d11-aa46-7f7cc3435662-86C6214C293B" duration="00:00:00.0003647" startTime="2025-09-27T02:14:57.9551360+00:00" endTime="2025-09-27T02:14:57.9556130+00:00" testType="13cdc9d9-ddb5-4fa4-a97d-d965ccfc6d4b" outcome="Passed" testListId="8c84fa94-04c1-424b-9868-57a2d4851a1d" relativeResultsDirectory="18df0a66-aa32-46f9-86a3-146bd89d2ed4" />
    <UnitTestResult executionId="7ad4b516-0f4a-4127-afa9-ddae5b95d2e4" testId="c901782e-ef1c-b42b-60f1-435a0351d1c3" testName="TestParentDirectory" computerName="sjc20-bb714-be9a9e78-8985-4d11-aa46-7f7cc3435662-86C6214C293B" duration="00:00:00.0000830" startTime="2025-09-27T02:15:04.3336980+00:00" endTime="2025-09-27T02:15:04.3338060+00:00" testType="13cdc9d9-ddb5-4fa4-a97d-d965ccfc6d4b" outcome="Passed" testListId="8c84fa94-04c1-424b-9868-57a2d4851a1d" relativeResultsDirectory="7ad4b516-0f4a-4127-afa9-ddae5b95d2e4" />
    <UnitTestResult executionId="5755253f-647f-4507-90ad-11594d558591" testId="dafc721a-fc0a-0484-9bd5-7a2ec5a3197f" testName="TestFileStem" computerName="sjc20-bb714-be9a9e78-8985-4d11-aa46-7f7cc3435662-86C6214C293B" duration="00:00:00.0000356" startTime="2025-09-27T02:15:04.3302620+00:00" endTime="2025-09-27T02:15:04.3303280+00:00" testType="13cdc9d9-ddb5-4fa4-a97d-d965ccfc6d4b" outcome="Passed" testListId="8c84fa94-04c1-424b-9868-57a2d4851a1d" relativeResultsDirectory="5755253f-647f-4507-90ad-11594d558591" />
    <UnitTestResult executionId="1a4e5f84-351d-4a14-98c6-f1e33260a57c" testId="df69c3a6-a997-1bec-3536-98911cb3c458" testName="TestOpenWriteAsyncThrowsIfCancelled" computerName="sjc20-bb714-be9a9e78-8985-4d11-aa46-7f7cc3435662-86C6214C293B" duration="00:00:00.0003716" startTime="2025-09-27T02:14:58.0677300+00:00" endTime="2025-09-27T02:14:58.0681310+00:00" testType="13cdc9d9-ddb5-4fa4-a97d-d965ccfc6d4b" outcome="Passed" testListId="8c84fa94-04c1-424b-9868-57a2d4851a1d" relativeResultsDirectory="1a4e5f84-351d-4a14-98c6-f1e33260a57c" />
    <UnitTestResult executionId="9064fbd9-96a3-41d9-a32d-be98953b9f97" testId="2b565eab-d7f1-591c-d1b8-d74976982623" testName="TestDirectoryEnumerateFilesDirectories (&quot;&quot;)" computerName="sjc20-bb714-be9a9e78-8985-4d11-aa46-7f7cc3435662-86C6214C293B" duration="00:00:00.0001346" startTime="2025-09-27T02:14:57.9768760+00:00" endTime="2025-09-27T02:14:57.9770480+00:00" testType="13cdc9d9-ddb5-4fa4-a97d-d965ccfc6d4b" outcome="Passed" testListId="8c84fa94-04c1-424b-9868-57a2d4851a1d" relativeResultsDirectory="9064fbd9-96a3-41d9-a32d-be98953b9f97" />
    <UnitTestResult executionId="a71797fc-adf3-4785-806d-75680ab9eec8" testId="43f0a9d2-6fe6-601a-864c-33da0d2f9754" testName="TestDirectoryEnumerateFilesDirectories (&quot;dir&quot;)" computerName="sjc20-bb714-be9a9e78-8985-4d11-aa46-7f7cc3435662-86C6214C293B" duration="00:00:00.0029477" startTime="2025-09-27T02:14:57.9582940+00:00" endTime="2025-09-27T02:14:57.9624210+00:00" testType="13cdc9d9-ddb5-4fa4-a97d-d965ccfc6d4b" outcome="Passed" testListId="8c84fa94-04c1-424b-9868-57a2d4851a1d" relativeResultsDirectory="a71797fc-adf3-4785-806d-75680ab9eec8" />
    <UnitTestResult executionId="17e6925e-b0f6-48d6-9da1-8c8c8ff185eb" testId="a0d6016a-1d15-01ec-b35a-338af9cc5112" testName="TestDeleteNonExistent" computerName="sjc20-bb714-be9a9e78-8985-4d11-aa46-7f7cc3435662-86C6214C293B" duration="00:00:00.0000154" startTime="2025-09-27T02:14:57.9749860+00:00" endTime="2025-09-27T02:14:57.9750280+00:00" testType="13cdc9d9-ddb5-4fa4-a97d-d965ccfc6d4b" outcome="Passed" testListId="8c84fa94-04c1-424b-9868-57a2d4851a1d" relativeResultsDirectory="17e6925e-b0f6-48d6-9da1-8c8c8ff185eb" />
    <UnitTestResult executionId="df626bc0-f1da-478d-bcc0-7a05fc6e6137" testId="7eb76f2c-21a5-f549-3581-458e2d90bb4e" testName="TestDirectoryEnumerateFilesDirectoriesNested" computerName="sjc20-bb714-be9a9e78-8985-4d11-aa46-7f7cc3435662-86C6214C293B" duration="00:00:00.0027185" startTime="2025-09-27T02:14:57.9635410+00:00" endTime="2025-09-27T02:14:57.9663430+00:00" testType="13cdc9d9-ddb5-4fa4-a97d-d965ccfc6d4b" outcome="Passed" testListId="8c84fa94-04c1-424b-9868-57a2d4851a1d" relativeResultsDirectory="df626bc0-f1da-478d-bcc0-7a05fc6e6137" />
    <UnitTestResult executionId="226a14f9-aa8b-42c0-b483-9acdea250aa6" testId="fe70811c-eba8-dd1f-7c22-0fa4e60d4aa2" testName="TestDirectoryDeleteExistingDirectory" computerName="sjc20-bb714-be9a9e78-8985-4d11-aa46-7f7cc3435662-86C6214C293B" duration="00:00:00.0000779" startTime="2025-09-27T02:14:57.9755800+00:00" endTime="2025-09-27T02:14:57.9757000+00:00" testType="13cdc9d9-ddb5-4fa4-a97d-d965ccfc6d4b" outcome="Passed" testListId="8c84fa94-04c1-424b-9868-57a2d4851a1d" relativeResultsDirectory="226a14f9-aa8b-42c0-b483-9acdea250aa6" />
    <UnitTestResult executionId="cf4a4109-c112-4852-8355-272a3d015a77" testId="009a2387-0a42-469f-a4ba-4b5d7815ce64" testName="TestDeleteNonExistent" computerName="sjc20-bb714-be9a9e78-8985-4d11-aa46-7f7cc3435662-86C6214C293B" duration="00:00:00.0002204" startTime="2025-09-27T02:14:57.9572890+00:00" endTime="2025-09-27T02:14:57.9575710+00:00" testType="13cdc9d9-ddb5-4fa4-a97d-d965ccfc6d4b" outcome="Passed" testListId="8c84fa94-04c1-424b-9868-57a2d4851a1d" relativeResultsDirectory="cf4a4109-c112-4852-8355-272a3d015a77" />
    <UnitTestResult executionId="f42f1d20-4479-4457-9f04-97485a49100d" testId="8eec9c63-7a9d-7281-f2f2-9be7c1791458" testName="TestEnumerateFilesAsyncThrowsIfCancelled" computerName="sjc20-bb714-be9a9e78-8985-4d11-aa46-7f7cc3435662-86C6214C293B" duration="00:00:00.0005878" startTime="2025-09-27T02:14:58.0591980+00:00" endTime="2025-09-27T02:14:58.0598180+00:00" testType="13cdc9d9-ddb5-4fa4-a97d-d965ccfc6d4b" outcome="Passed" testListId="8c84fa94-04c1-424b-9868-57a2d4851a1d" relativeResultsDirectory="f42f1d20-4479-4457-9f04-97485a49100d" />
    <UnitTestResult executionId="553e3976-3ab6-475e-b2e4-3a04f4613289" testId="51e79817-9cb4-c803-a9cd-be62c5643252" testName="TestDirectoryNameWithDot" computerName="sjc20-bb714-be9a9e78-8985-4d11-aa46-7f7cc3435662-86C6214C293B" duration="00:00:00.0000163" startTime="2025-09-27T02:15:04.3305260+00:00" endTime="2025-09-27T02:15:04.3305740+00:00" testType="13cdc9d9-ddb5-4fa4-a97d-d965ccfc6d4b" outcome="Passed" testListId="8c84fa94-04c1-424b-9868-57a2d4851a1d" relativeResultsDirectory="553e3976-3ab6-475e-b2e4-3a04f4613289" />
    <UnitTestResult executionId="97a12d17-34da-4d01-83a4-f5bb2cfe37f9" testId="30b186da-9a79-931d-4ee5-ecdfe5db3c76" testName="TestEmptyFilePaths" computerName="sjc20-bb714-be9a9e78-8985-4d11-aa46-7f7cc3435662-86C6214C293B" duration="00:00:00.0006667" startTime="2025-09-27T02:14:57.9717550+00:00" endTime="2025-09-27T02:14:57.9725150+00:00" testType="13cdc9d9-ddb5-4fa4-a97d-d965ccfc6d4b" outcome="Passed" testListId="8c84fa94-04c1-424b-9868-57a2d4851a1d" relativeResultsDirectory="97a12d17-34da-4d01-83a4-f5bb2cfe37f9" />
    <UnitTestResult executionId="1ffe8ff8-ab70-45f8-960e-e6ebe933f6f4" testId="49fe5267-fc48-c49a-f934-3af546ee163f" testName="TestCreateAsync" computerName="sjc20-bb714-be9a9e78-8985-4d11-aa46-7f7cc3435662-86C6214C293B" duration="00:00:00.0014220" startTime="2025-09-27T02:14:58.0555470+00:00" endTime="2025-09-27T02:14:58.0570150+00:00" testType="13cdc9d9-ddb5-4fa4-a97d-d965ccfc6d4b" outcome="Passed" testListId="8c84fa94-04c1-424b-9868-57a2d4851a1d" relativeResultsDirectory="1ffe8ff8-ab70-45f8-960e-e6ebe933f6f4" />
    <UnitTestResult executionId="ff5c6648-10c7-4197-9664-049e02b5358a" testId="fca03aaa-9bd0-d573-60dc-d9376c9ea610" testName="TestFileOpenReadWrite" computerName="sjc20-bb714-be9a9e78-8985-4d11-aa46-7f7cc3435662-86C6214C293B" duration="00:00:00.0001902" startTime="2025-09-27T02:14:57.9771910+00:00" endTime="2025-09-27T02:14:57.9774120+00:00" testType="13cdc9d9-ddb5-4fa4-a97d-d965ccfc6d4b" outcome="Passed" testListId="8c84fa94-04c1-424b-9868-57a2d4851a1d" relativeResultsDirectory="ff5c6648-10c7-4197-9664-049e02b5358a" />
    <UnitTestResult executionId="f005611b-2f8c-481b-9754-b8563298301b" testId="adcd8de1-a2fb-d996-6dae-d799ebeca291" testName="TestCreateFileWhenParentDirectoryDoesNotExist" computerName="sjc20-bb714-be9a9e78-8985-4d11-aa46-7f7cc3435662-86C6214C293B" duration="00:00:00.0003915" startTime="2025-09-27T02:14:57.9709140+00:00" endTime="2025-09-27T02:14:57.9717290+00:00" testType="13cdc9d9-ddb5-4fa4-a97d-d965ccfc6d4b" outcome="Passed" testListId="8c84fa94-04c1-424b-9868-57a2d4851a1d" relativeResultsDirectory="f005611b-2f8c-481b-9754-b8563298301b" />
    <UnitTestResult executionId="23801389-cee3-4c9a-94b3-3b94814ba826" testId="45544f1a-d7a2-d9e7-5fa3-60036434748b" testName="TestDirectoryFullPathIsConsistent" computerName="sjc20-bb714-be9a9e78-8985-4d11-aa46-7f7cc3435662-86C6214C293B" duration="00:00:00.0000147" startTime="2025-09-27T02:15:04.3310160+00:00" endTime="2025-09-27T02:15:04.3310550+00:00" testType="13cdc9d9-ddb5-4fa4-a97d-d965ccfc6d4b" outcome="Passed" testListId="8c84fa94-04c1-424b-9868-57a2d4851a1d" relativeResultsDirectory="23801389-cee3-4c9a-94b3-3b94814ba826" />
    <UnitTestResult executionId="95d8e3f4-9ddb-4958-a037-43ce5eb51b03" testId="6de70bcc-1fd5-fee6-1433-0f0245c25247" testName="TestFileExtension" computerName="sjc20-bb714-be9a9e78-8985-4d11-aa46-7f7cc3435662-86C6214C293B" duration="00:00:00.0001148" startTime="2025-09-27T02:14:57.9343910+00:00" endTime="2025-09-27T02:14:57.9345260+00:00" testType="13cdc9d9-ddb5-4fa4-a97d-d965ccfc6d4b" outcome="Passed" testListId="8c84fa94-04c1-424b-9868-57a2d4851a1d" relativeResultsDirectory="95d8e3f4-9ddb-4958-a037-43ce5eb51b03" />
    <UnitTestResult executionId="89d95597-6b7d-4077-8197-e9c3e877f507" testId="f8c037a4-86a1-940c-dee2-3812680c280a" testName="TestDirectoryEnumerateFilesDirectories (&quot;&quot;)" computerName="sjc20-bb714-be9a9e78-8985-4d11-aa46-7f7cc3435662-86C6214C293B" duration="00:00:00.0007822" startTime="2025-09-27T02:14:57.9625340+00:00" endTime="2025-09-27T02:14:57.9634240+00:00" testType="13cdc9d9-ddb5-4fa4-a97d-d965ccfc6d4b" outcome="Passed" testListId="8c84fa94-04c1-424b-9868-57a2d4851a1d" relativeResultsDirectory="89d95597-6b7d-4077-8197-e9c3e877f507" />
    <UnitTestResult executionId="a1687e3f-5cd1-457f-8f5e-8d82de77226f" testId="797b8a01-8186-1169-ecab-9b51ad970e5d" testName="TestDirectoryName" computerName="sjc20-bb714-be9a9e78-8985-4d11-aa46-7f7cc3435662-86C6214C293B" duration="00:00:00.0000228" startTime="2025-09-27T02:14:57.9744620+00:00" endTime="2025-09-27T02:14:57.9745050+00:00" testType="13cdc9d9-ddb5-4fa4-a97d-d965ccfc6d4b" outcome="Passed" testListId="8c84fa94-04c1-424b-9868-57a2d4851a1d" relativeResultsDirectory="a1687e3f-5cd1-457f-8f5e-8d82de77226f" />
    <UnitTestResult executionId="7fa6f440-7c59-44d8-b096-c2438843ddfc" testId="d4d986da-d4bd-08f4-57b5-191f12483e46" testName="TestEmptyDirectoryPaths" computerName="sjc20-bb714-be9a9e78-8985-4d11-aa46-7f7cc3435662-86C6214C293B" duration="00:00:00.0002975" startTime="2025-09-27T02:14:57.9725360+00:00" endTime="2025-09-27T02:14:57.9728810+00:00" testType="13cdc9d9-ddb5-4fa4-a97d-d965ccfc6d4b" outcome="Passed" testListId="8c84fa94-04c1-424b-9868-57a2d4851a1d" relativeResultsDirectory="7fa6f440-7c59-44d8-b096-c2438843ddfc" />
    <UnitTestResult executionId="944934f5-0fbc-4f2d-acc6-8c5cd18d35ed" testId="23d07cc4-2758-a52f-fbcc-4554ce4384ec" testName="TestCreateFileWhenParentDirectoryDoesNotExist" computerName="sjc20-bb714-be9a9e78-8985-4d11-aa46-7f7cc3435662-86C6214C293B" duration="00:00:00.0000342" startTime="2025-09-27T02:14:57.9783460+00:00" endTime="2025-09-27T02:14:57.9784330+00:00" testType="13cdc9d9-ddb5-4fa4-a97d-d965ccfc6d4b" outcome="Passed" testListId="8c84fa94-04c1-424b-9868-57a2d4851a1d" relativeResultsDirectory="944934f5-0fbc-4f2d-acc6-8c5cd18d35ed" />
    <UnitTestResult executionId="7f1fc001-76a2-4e77-a98d-4d7de6da086f" testId="1f720387-7182-1f7e-79cf-5e42f1b3a177" testName="TestOpenReadAsync" computerName="sjc20-bb714-be9a9e78-8985-4d11-aa46-7f7cc3435662-86C6214C293B" duration="00:00:00.0013531" startTime="2025-09-27T02:14:58.0639720+00:00" endTime="2025-09-27T02:14:58.0653930+00:00" testType="13cdc9d9-ddb5-4fa4-a97d-d965ccfc6d4b" outcome="Passed" testListId="8c84fa94-04c1-424b-9868-57a2d4851a1d" relativeResultsDirectory="7f1fc001-76a2-4e77-a98d-4d7de6da086f" />
    <UnitTestResult executionId="83f01695-a447-4d78-9129-8f2a533fa98a" testId="f7b478bc-0212-d153-656f-f41f57754de4" testName="TestDirectoryEnumerateFilesDirectoriesNested" computerName="sjc20-bb714-be9a9e78-8985-4d11-aa46-7f7cc3435662-86C6214C293B" duration="00:00:00.0001342" startTime="2025-09-27T02:15:04.3331580+00:00" endTime="2025-09-27T02:15:04.3333380+00:00" testType="13cdc9d9-ddb5-4fa4-a97d-d965ccfc6d4b" outcome="Passed" testListId="8c84fa94-04c1-424b-9868-57a2d4851a1d" relativeResultsDirectory="83f01695-a447-4d78-9129-8f2a533fa98a" />
    <UnitTestResult executionId="5c95e0a4-4bd4-423c-8be6-351a4c103d76" testId="9a8424cd-4f80-220e-7900-daa37175ddae" testName="TestDirectoryCreate" computerName="sjc20-bb714-be9a9e78-8985-4d11-aa46-7f7cc3435662-86C6214C293B" duration="00:00:00.0002796" startTime="2025-09-27T02:14:57.9746280+00:00" endTime="2025-09-27T02:14:57.9749260+00:00" testType="13cdc9d9-ddb5-4fa4-a97d-d965ccfc6d4b" outcome="Passed" testListId="8c84fa94-04c1-424b-9868-57a2d4851a1d" relativeResultsDirectory="5c95e0a4-4bd4-423c-8be6-351a4c103d76" />
    <UnitTestResult executionId="df075439-a899-4592-9d96-d5a5e8f14949" testId="0f1da9e6-1cbf-8583-2f6b-0061293bebf8" testName="TestEnumerateDirectoriesAsync" computerName="sjc20-bb714-be9a9e78-8985-4d11-aa46-7f7cc3435662-86C6214C293B" duration="00:00:00.0013731" startTime="2025-09-27T02:14:58.0540630+00:00" endTime="2025-09-27T02:14:58.0555140+00:00" testType="13cdc9d9-ddb5-4fa4-a97d-d965ccfc6d4b" outcome="Passed" testListId="8c84fa94-04c1-424b-9868-57a2d4851a1d" relativeResultsDirectory="df075439-a899-4592-9d96-d5a5e8f14949" />
    <UnitTestResult executionId="6ab1f4be-2126-4c5c-9134-dd894a0ab96c" testId="ff3ef572-f71c-5031-deee-22a40c319a7b" testName="TestRootDirectoryExists" computerName="sjc20-bb714-be9a9e78-8985-4d11-aa46-7f7cc3435662-86C6214C293B" duration="00:00:00.0001409" startTime="2025-09-27T02:14:57.9581010+00:00" endTime="2025-09-27T02:14:57.9582790+00:00" testType="13cdc9d9-ddb5-4fa4-a97d-d965ccfc6d4b" outcome="Passed" testListId="8c84fa94-04c1-424b-9868-57a2d4851a1d" relativeResultsDirectory="6ab1f4be-2126-4c5c-9134-dd894a0ab96c" />
    <UnitTestResult executionId="28f23ea0-5b5e-419b-b794-e387599d16c0" testId="966fde8d-32df-314c-6115-6a9b32ec93b9" testName="TestRootDirectoryExists" computerName="sjc20-bb714-be9a9e78-8985-4d11-aa46-7f7cc3435662-86C6214C293B" duration="00:00:00.0000108" startTime="2025-09-27T02:15:04.3318840+00:00" endTime="2025-09-27T02:15:04.3319190+00:00" testType="13cdc9d9-ddb5-4fa4-a97d-d965ccfc6d4b" outcome="Passed" testListId="8c84fa94-04c1-424b-9868-57a2d4851a1d" relativeResultsDirectory="28f23ea0-5b5e-419b-b794-e387599d16c0" />
    <UnitTestResult executionId="9e8d021c-0dda-426f-a919-a520181b6eec" testId="bda2bfb3-e5c0-2200-50a6-0294fcf407ea" testName="TestEnumerateFilesAsync" computerName="sjc20-bb714-be9a9e78-8985-4d11-aa46-7f7cc3435662-86C6214C293B" duration="00:00:00.0215058" startTime="2025-09-27T02:14:58.0323880+00:00" endTime="2025-09-27T02:14:58.0539970+00:00" testType="13cdc9d9-ddb5-4fa4-a97d-d965ccfc6d4b" outcome="Passed" testListId="8c84fa94-04c1-424b-9868-57a2d4851a1d" relativeResultsDirectory="9e8d021c-0dda-426f-a919-a520181b6eec" />
    <UnitTestResult executionId="8e4897cc-b1c2-4f98-a03d-a6a663a82cfe" testId="125bc9fc-30db-ee48-7efe-8896541b5651" testName="TestFileName" computerName="sjc20-bb714-be9a9e78-8985-4d11-aa46-7f7cc3435662-86C6214C293B" duration="00:00:00.0000522" startTime="2025-09-27T02:15:04.3301270+00:00" endTime="2025-09-27T02:15:04.3302410+00:00" testType="13cdc9d9-ddb5-4fa4-a97d-d965ccfc6d4b" outcome="Passed" testListId="8c84fa94-04c1-424b-9868-57a2d4851a1d" relativeResultsDirectory="8e4897cc-b1c2-4f98-a03d-a6a663a82cfe" />
    <UnitTestResult executionId="8c37c767-908b-4f76-afaa-1d4b4fbcc9f6" testId="5e7e342f-9a2b-efbe-0225-541455a94587" testName="TestDeleteAsyncThrowsIfCancelled" computerName="sjc20-bb714-be9a9e78-8985-4d11-aa46-7f7cc3435662-86C6214C293B" duration="00:00:00.0003047" startTime="2025-09-27T02:14:58.0681470+00:00" endTime="2025-09-27T02:14:58.0684790+00:00" testType="13cdc9d9-ddb5-4fa4-a97d-d965ccfc6d4b" outcome="Passed" testListId="8c84fa94-04c1-424b-9868-57a2d4851a1d" relativeResultsDirectory="8c37c767-908b-4f76-afaa-1d4b4fbcc9f6" />
    <UnitTestResult executionId="8d502ed8-2f1f-46d9-acc5-195ba5b32a0e" testId="8b81bd82-dc36-2cda-229b-b5072167dddf" testName="TestFileFullPathIsConsistent" computerName="sjc20-bb714-be9a9e78-8985-4d11-aa46-7f7cc3435662-86C6214C293B" duration="00:00:00.0000203" startTime="2025-09-27T02:15:04.3309380+00:00" endTime="2025-09-27T02:15:04.3309970+00:00" testType="13cdc9d9-ddb5-4fa4-a97d-d965ccfc6d4b" outcome="Passed" testListId="8c84fa94-04c1-424b-9868-57a2d4851a1d" relativeResultsDirectory="8d502ed8-2f1f-46d9-acc5-195ba5b32a0e" />
    <UnitTestResult executionId="db41aeaa-7b3d-4951-80a2-291589c9c0bb" testId="80da2137-b6cc-609b-971f-7e7a4fdb564d" testName="TestFileOpenReadWriteExistingFile" computerName="sjc20-bb714-be9a9e78-8985-4d11-aa46-7f7cc3435662-86C6214C293B" duration="00:00:00.0008212" startTime="2025-09-27T02:14:57.9688650+00:00" endTime="2025-09-27T02:14:57.9697380+00:00" testType="13cdc9d9-ddb5-4fa4-a97d-d965ccfc6d4b" outcome="Passed" testListId="8c84fa94-04c1-424b-9868-57a2d4851a1d" relativeResultsDirectory="db41aeaa-7b3d-4951-80a2-291589c9c0bb" />
    <UnitTestResult executionId="cf6d340f-8d24-4f17-a48b-71bb2ee453f1" testId="12d1cb41-6b3b-e919-4920-056dbd3aad76" testName="TestDefaultOutputIsNonDeterministic" computerName="sjc20-bb714-be9a9e78-8985-4d11-aa46-7f7cc3435662-86C6214C293B" duration="00:00:03.1622868" startTime="2025-09-27T02:14:58.0684940+00:00" endTime="2025-09-27T02:15:01.2308880+00:00" testType="13cdc9d9-ddb5-4fa4-a97d-d965ccfc6d4b" outcome="Passed" testListId="8c84fa94-04c1-424b-9868-57a2d4851a1d" relativeResultsDirectory="cf6d340f-8d24-4f17-a48b-71bb2ee453f1" />
    <UnitTestResult executionId="5627832b-1510-4243-8682-9622c88f292e" testId="f8e7277d-d9f8-29f5-60e4-5fbb63d964ed" testName="TestFileName" computerName="sjc20-bb714-be9a9e78-8985-4d11-aa46-7f7cc3435662-86C6214C293B" duration="00:00:00.0000139" startTime="2025-09-27T02:14:57.9731630+00:00" endTime="2025-09-27T02:14:57.9732010+00:00" testType="13cdc9d9-ddb5-4fa4-a97d-d965ccfc6d4b" outcome="Passed" testListId="8c84fa94-04c1-424b-9868-57a2d4851a1d" relativeResultsDirectory="5627832b-1510-4243-8682-9622c88f292e" />
    <UnitTestResult executionId="4de0e66d-6645-45a7-819c-65dbca9e070d" testId="1e8ef867-c861-69f4-badf-30af80491de8" testName="TestParentDirectory" computerName="sjc20-bb714-be9a9e78-8985-4d11-aa46-7f7cc3435662-86C6214C293B" duration="00:00:00.0005335" startTime="2025-09-27T02:14:57.9703220+00:00" endTime="2025-09-27T02:14:57.9708950+00:00" testType="13cdc9d9-ddb5-4fa4-a97d-d965ccfc6d4b" outcome="Passed" testListId="8c84fa94-04c1-424b-9868-57a2d4851a1d" relativeResultsDirectory="4de0e66d-6645-45a7-819c-65dbca9e070d" />
    <UnitTestResult executionId="94163e31-f029-4c50-b438-6f2355092bda" testId="8e708a48-e948-fee1-2a70-df94ce5b6a29" testName="TestFileOpenReadWrite" computerName="sjc20-bb714-be9a9e78-8985-4d11-aa46-7f7cc3435662-86C6214C293B" duration="00:00:00.0009121" startTime="2025-09-27T02:14:57.9678100+00:00" endTime="2025-09-27T02:14:57.9688240+00:00" testType="13cdc9d9-ddb5-4fa4-a97d-d965ccfc6d4b" outcome="Passed" testListId="8c84fa94-04c1-424b-9868-57a2d4851a1d" relativeResultsDirectory="94163e31-f029-4c50-b438-6f2355092bda" />
    <UnitTestResult executionId="e5cba68d-a412-40af-8096-ac19ce7d7cfc" testId="1e71ad58-a0ad-4cd0-0218-6a992bf4f71a" testName="TestDirectoryNameWithDot" computerName="sjc20-bb714-be9a9e78-8985-4d11-aa46-7f7cc3435662-86C6214C293B" duration="00:00:00.0000115" startTime="2025-09-27T02:14:57.9745170+00:00" endTime="2025-09-27T02:14:57.9745460+00:00" testType="13cdc9d9-ddb5-4fa4-a97d-d965ccfc6d4b" outcome="Passed" testListId="8c84fa94-04c1-424b-9868-57a2d4851a1d" relativeResultsDirectory="e5cba68d-a412-40af-8096-ac19ce7d7cfc" />
    <UnitTestResult executionId="fd6a36e6-d76d-4da5-badb-b0c35173c6be" testId="64552f8d-56bd-dece-2bde-38ac338fdf57" testName="TestDirectoryEnumerateFilesDirectories (&quot;dir&quot;)" computerName="sjc20-bb714-be9a9e78-8985-4d11-aa46-7f7cc3435662-86C6214C293B" duration="00:00:00.0005550" startTime="2025-09-27T02:15:04.3319430+00:00" endTime="2025-09-27T02:15:04.3325520+00:00" testType="13cdc9d9-ddb5-4fa4-a97d-d965ccfc6d4b" outcome="Passed" testListId="8c84fa94-04c1-424b-9868-57a2d4851a1d" relativeResultsDirectory="fd6a36e6-d76d-4da5-badb-b0c35173c6be" />
    <UnitTestResult executionId="d1f1afa2-8023-490d-b24d-e2edccf5cffc" testId="6e5b91a2-6a19-9c04-8737-fad3d45dfaa1" testName="TestFileExtension" computerName="sjc20-bb714-be9a9e78-8985-4d11-aa46-7f7cc3435662-86C6214C293B" duration="00:00:00.0000238" startTime="2025-09-27T02:14:57.9744070+00:00" endTime="2025-09-27T02:14:57.9744520+00:00" testType="13cdc9d9-ddb5-4fa4-a97d-d965ccfc6d4b" outcome="Passed" testListId="8c84fa94-04c1-424b-9868-57a2d4851a1d" relativeResultsDirectory="d1f1afa2-8023-490d-b24d-e2edccf5cffc" />
    <UnitTestResult executionId="cfc86fdf-ad86-4319-b9ba-3ae8b112f57d" testId="eff7da53-f6a7-63b0-cc4f-2e2f7ff54c59" testName="TestDirectoryCreateExisting" computerName="sjc20-bb714-be9a9e78-8985-4d11-aa46-7f7cc3435662-86C6214C293B" duration="00:00:00.0000190" startTime="2025-09-27T02:15:04.3313400+00:00" endTime="2025-09-27T02:15:04.3313860+00:00" testType="13cdc9d9-ddb5-4fa4-a97d-d965ccfc6d4b" outcome="Passed" testListId="8c84fa94-04c1-424b-9868-57a2d4851a1d" relativeResultsDirectory="cfc86fdf-ad86-4319-b9ba-3ae8b112f57d" />
    <UnitTestResult executionId="d8215216-ec1a-4b68-8247-db9d55909c3c" testId="618d4b2b-2ac7-22a8-ee48-265a6ddb8150" testName="TestDirectoryName" computerName="sjc20-bb714-be9a9e78-8985-4d11-aa46-7f7cc3435662-86C6214C293B" duration="00:00:00.0001134" startTime="2025-09-27T02:14:57.9345360+00:00" endTime="2025-09-27T02:14:57.9346760+00:00" testType="13cdc9d9-ddb5-4fa4-a97d-d965ccfc6d4b" outcome="Passed" testListId="8c84fa94-04c1-424b-9868-57a2d4851a1d" relativeResultsDirectory="d8215216-ec1a-4b68-8247-db9d55909c3c" />
    <UnitTestResult executionId="3267230b-5224-49d5-83e7-faf3d8f3539c" testId="9546a373-c09a-58f7-3312-0de377f90a9a" testName="TestCreateAsyncThrowsIfCancelled" computerName="sjc20-bb714-be9a9e78-8985-4d11-aa46-7f7cc3435662-86C6214C293B" duration="00:00:00.0004728" startTime="2025-09-27T02:14:58.0611610+00:00" endTime="2025-09-27T02:14:58.0616930+00:00" testType="13cdc9d9-ddb5-4fa4-a97d-d965ccfc6d4b" outcome="Passed" testListId="8c84fa94-04c1-424b-9868-57a2d4851a1d" relativeResultsDirectory="3267230b-5224-49d5-83e7-faf3d8f3539c" />
    <UnitTestResult executionId="737c96e5-02bb-4f4f-857a-d731342f2bbf" testId="24b7a9df-0abd-14f1-06c9-9d72cbf192b3" testName="TestFileName" computerName="sjc20-bb714-be9a9e78-8985-4d11-aa46-7f7cc3435662-86C6214C293B" duration="00:00:00.0001562" startTime="2025-09-27T02:14:57.9340140+00:00" endTime="2025-09-27T02:14:57.9342080+00:00" testType="13cdc9d9-ddb5-4fa4-a97d-d965ccfc6d4b" outcome="Passed" testListId="8c84fa94-04c1-424b-9868-57a2d4851a1d" relativeResultsDirectory="737c96e5-02bb-4f4f-857a-d731342f2bbf" />
    <UnitTestResult executionId="358c40a5-1b6e-45c1-840e-35042f076567" testId="cd0078b3-4b7f-1e54-2b47-dac01f923d15" testName="TestDirectoryNameWithDot" computerName="sjc20-bb714-be9a9e78-8985-4d11-aa46-7f7cc3435662-86C6214C293B" duration="00:00:00.0001179" startTime="2025-09-27T02:14:57.9346860+00:00" endTime="2025-09-27T02:14:57.9348320+00:00" testType="13cdc9d9-ddb5-4fa4-a97d-d965ccfc6d4b" outcome="Passed" testListId="8c84fa94-04c1-424b-9868-57a2d4851a1d" relativeResultsDirectory="358c40a5-1b6e-45c1-840e-35042f076567" />
    <UnitTestResult executionId="4a78da71-5ea6-42fa-8b1a-12b9dc651b46" testId="5b8af763-c9e7-a7dc-38c5-6c93729daebf" testName="TestDirectoryCreateExisting" computerName="sjc20-bb714-be9a9e78-8985-4d11-aa46-7f7cc3435662-86C6214C293B" duration="00:00:00.0000087" startTime="2025-09-27T02:14:57.9749380+00:00" endTime="2025-09-27T02:14:57.9749760+00:00" testType="13cdc9d9-ddb5-4fa4-a97d-d965ccfc6d4b" outcome="Passed" testListId="8c84fa94-04c1-424b-9868-57a2d4851a1d" relativeResultsDirectory="4a78da71-5ea6-42fa-8b1a-12b9dc651b46" />
    <UnitTestResult executionId="322f339e-b8d8-427b-b230-446723281c0a" testId="de3b2480-d479-605b-e08b-e52b3f60032b" testName="TestDirectoryName" computerName="sjc20-bb714-be9a9e78-8985-4d11-aa46-7f7cc3435662-86C6214C293B" duration="00:00:00.0000352" startTime="2025-09-27T02:15:04.3304340+00:00" endTime="2025-09-27T02:15:04.3305070+00:00" testType="13cdc9d9-ddb5-4fa4-a97d-d965ccfc6d4b" outcome="Passed" testListId="8c84fa94-04c1-424b-9868-57a2d4851a1d" relativeResultsDirectory="322f339e-b8d8-427b-b230-446723281c0a" />
    <UnitTestResult executionId="2a66112d-7384-41b1-a97e-81a6529bb661" testId="9fab18c8-de42-5edf-89cb-38fe842efdcb" testName="TestDirectoryEnumerateFilesDirectoriesNested" computerName="sjc20-bb714-be9a9e78-8985-4d11-aa46-7f7cc3435662-86C6214C293B" duration="00:00:00.0000835" startTime="2025-09-27T02:14:57.9770600+00:00" endTime="2025-09-27T02:14:57.9771800+00:00" testType="13cdc9d9-ddb5-4fa4-a97d-d965ccfc6d4b" outcome="Passed" testListId="8c84fa94-04c1-424b-9868-57a2d4851a1d" relativeResultsDirectory="2a66112d-7384-41b1-a97e-81a6529bb661" />
    <UnitTestResult executionId="b5111eb2-544f-4d1c-9d00-4d1f50643e87" testId="18605d5f-4c35-09c6-72ca-211e48b57479" testName="TestEmptyFilePaths" computerName="sjc20-bb714-be9a9e78-8985-4d11-aa46-7f7cc3435662-86C6214C293B" duration="00:00:00.0058085" startTime="2025-09-27T02:14:57.9146670+00:00" endTime="2025-09-27T02:14:57.9298100+00:00" testType="13cdc9d9-ddb5-4fa4-a97d-d965ccfc6d4b" outcome="Passed" testListId="8c84fa94-04c1-424b-9868-57a2d4851a1d" relativeResultsDirectory="b5111eb2-544f-4d1c-9d00-4d1f50643e87" />
    <UnitTestResult executionId="f78bfb20-c8e0-4eaa-9442-3baa3a1220bb" testId="c7897527-4e0e-ad49-b035-f1933297433a" testName="TestFileOpenReadWriteExistingFile" computerName="sjc20-bb714-be9a9e78-8985-4d11-aa46-7f7cc3435662-86C6214C293B" duration="00:00:00.0000139" startTime="2025-09-27T02:14:57.9774230+00:00" endTime="2025-09-27T02:14:57.9774660+00:00" testType="13cdc9d9-ddb5-4fa4-a97d-d965ccfc6d4b" outcome="Passed" testListId="8c84fa94-04c1-424b-9868-57a2d4851a1d" relativeResultsDirectory="f78bfb20-c8e0-4eaa-9442-3baa3a1220bb" />
    <UnitTestResult executionId="fc1929cf-7cb0-4dac-ae03-392785f2fee9" testId="6cfcf509-16b7-8279-725f-a4ce45ea80aa" testName="TestExistsAsync (False)" computerName="sjc20-bb714-be9a9e78-8985-4d11-aa46-7f7cc3435662-86C6214C293B" duration="00:00:00.0003398" startTime="2025-09-27T02:14:58.0635340+00:00" endTime="2025-09-27T02:14:58.0639330+00:00" testType="13cdc9d9-ddb5-4fa4-a97d-d965ccfc6d4b" outcome="Passed" testListId="8c84fa94-04c1-424b-9868-57a2d4851a1d" relativeResultsDirectory="fc1929cf-7cb0-4dac-ae03-392785f2fee9" />
    <UnitTestResult executionId="be5bad8c-597e-4aa2-ba92-d2fa3e5cb40a" testId="f4242541-f62b-6e59-6932-1a9c264c322e" testName="TestOutputIsDeterministic" computerName="sjc20-bb714-be9a9e78-8985-4d11-aa46-7f7cc3435662-86C6214C293B" duration="00:00:03.0933822" startTime="2025-09-27T02:15:01.2313640+00:00" endTime="2025-09-27T02:15:04.3249780+00:00" testType="13cdc9d9-ddb5-4fa4-a97d-d965ccfc6d4b" outcome="Passed" testListId="8c84fa94-04c1-424b-9868-57a2d4851a1d" relativeResultsDirectory="be5bad8c-597e-4aa2-ba92-d2fa3e5cb40a" />
    <UnitTestResult executionId="c9a81f11-617a-4a0a-abab-804575c60baa" testId="c3d2dfed-dafa-3212-4b58-dbe2ec6a248e" testName="TestExistsAsyncThrowsIfCancelled" computerName="sjc20-bb714-be9a9e78-8985-4d11-aa46-7f7cc3435662-86C6214C293B" duration="00:00:00.0017363" startTime="2025-09-27T02:14:58.0574110+00:00" endTime="2025-09-27T02:14:58.0591770+00:00" testType="13cdc9d9-ddb5-4fa4-a97d-d965ccfc6d4b" outcome="Passed" testListId="8c84fa94-04c1-424b-9868-57a2d4851a1d" relativeResultsDirectory="c9a81f11-617a-4a0a-abab-804575c60baa" />
    <UnitTestResult executionId="bc540f8e-ba63-4e9e-802a-67bdfe2a3ee2" testId="08e0f610-476a-cb6d-5d83-04cfa0bb5513" testName="TestDirectoryEnumerateFilesDirectories (&quot;&quot;)" computerName="sjc20-bb714-be9a9e78-8985-4d11-aa46-7f7cc3435662-86C6214C293B" duration="00:00:00.0001916" startTime="2025-09-27T02:15:04.3325760+00:00" endTime="2025-09-27T02:15:04.3328070+00:00" testType="13cdc9d9-ddb5-4fa4-a97d-d965ccfc6d4b" outcome="Passed" testListId="8c84fa94-04c1-424b-9868-57a2d4851a1d" relativeResultsDirectory="bc540f8e-ba63-4e9e-802a-67bdfe2a3ee2" />
    <UnitTestResult executionId="730041e6-1ac2-488a-af45-1a71966c8def" testId="109778f8-1a3f-c921-f480-5b33ec9e404c" testName="TestDirectoryDeleteExistingDirectory" computerName="sjc20-bb714-be9a9e78-8985-4d11-aa46-7f7cc3435662-86C6214C293B" duration="00:00:00.0004485" startTime="2025-09-27T02:14:57.9575900+00:00" endTime="2025-09-27T02:14:57.9580770+00:00" testType="13cdc9d9-ddb5-4fa4-a97d-d965ccfc6d4b" outcome="Passed" testListId="8c84fa94-04c1-424b-9868-57a2d4851a1d" relativeResultsDirectory="730041e6-1ac2-488a-af45-1a71966c8def" />
    <UnitTestResult executionId="505390c1-a055-45f0-a1fd-49761070f455" testId="a3803826-329d-dc6f-fc7d-0e02805b706c" testName="TestFileStem" computerName="sjc20-bb714-be9a9e78-8985-4d11-aa46-7f7cc3435662-86C6214C293B" duration="00:00:00.0000658" startTime="2025-09-27T02:14:57.9742470+00:00" endTime="2025-09-27T02:14:57.9743870+00:00" testType="13cdc9d9-ddb5-4fa4-a97d-d965ccfc6d4b" outcome="Passed" testListId="8c84fa94-04c1-424b-9868-57a2d4851a1d" relativeResultsDirectory="505390c1-a055-45f0-a1fd-49761070f455" />
    <UnitTestResult executionId="79c94b69-492c-4146-adac-1829ec92fc1e" testId="4d032d6c-078a-e068-f521-7e2b2c0e37e2" testName="TestDeleteAsyncThrowsIfCancelled" computerName="sjc20-bb714-be9a9e78-8985-4d11-aa46-7f7cc3435662-86C6214C293B" duration="00:00:00.0005526" startTime="2025-09-27T02:14:58.0617280+00:00" endTime="2025-09-27T02:14:58.0623300+00:00" testType="13cdc9d9-ddb5-4fa4-a97d-d965ccfc6d4b" outcome="Passed" testListId="8c84fa94-04c1-424b-9868-57a2d4851a1d" relativeResultsDirectory="79c94b69-492c-4146-adac-1829ec92fc1e" />
    <UnitTestResult executionId="b639e28b-660c-46f2-8007-e8b8f55c2f26" testId="cf4b9090-69b3-1690-d9fc-8e30944ebfcc" testName="TestOpenReadAsyncThrowsIfCancelled" computerName="sjc20-bb714-be9a9e78-8985-4d11-aa46-7f7cc3435662-86C6214C293B" duration="00:00:00.0004089" startTime="2025-09-27T02:14:58.0672180+00:00" endTime="2025-09-27T02:14:58.0677030+00:00" testType="13cdc9d9-ddb5-4fa4-a97d-d965ccfc6d4b" outcome="Passed" testListId="8c84fa94-04c1-424b-9868-57a2d4851a1d" relativeResultsDirectory="b639e28b-660c-46f2-8007-e8b8f55c2f26" />
    <UnitTestResult executionId="173e65d5-77c6-477d-bd04-4d0acd144595" testId="02f617f7-c2f8-ea60-5be7-c053e0a3cf57" testName="TestDeleteEmptyPathDirectory" computerName="sjc20-bb714-be9a9e78-8985-4d11-aa46-7f7cc3435662-86C6214C293B" duration="00:00:00.0002023" startTime="2025-09-27T02:14:57.9729110+00:00" endTime="2025-09-27T02:14:57.9731510+00:00" testType="13cdc9d9-ddb5-4fa4-a97d-d965ccfc6d4b" outcome="Passed" testListId="8c84fa94-04c1-424b-9868-57a2d4851a1d" relativeResultsDirectory="173e65d5-77c6-477d-bd04-4d0acd144595" />
    <UnitTestResult executionId="5fea9580-f358-45d2-a1e8-07b822a9fdd9" testId="0da9f8a8-e657-b210-b5f3-ec83c8497b26" testName="TestFileStem" computerName="sjc20-bb714-be9a9e78-8985-4d11-aa46-7f7cc3435662-86C6214C293B" duration="00:00:00.0001364" startTime="2025-09-27T02:14:57.9342190+00:00" endTime="2025-09-27T02:14:57.9343760+00:00" testType="13cdc9d9-ddb5-4fa4-a97d-d965ccfc6d4b" outcome="Passed" testListId="8c84fa94-04c1-424b-9868-57a2d4851a1d" relativeResultsDirectory="5fea9580-f358-45d2-a1e8-07b822a9fdd9" />
    <UnitTestResult executionId="f7cee70f-2ad9-48b4-b671-61f28614527a" testId="4215e5b5-fc3c-3e4d-30ae-01a50b08f468" testName="TestEmptyDirectoryPaths" computerName="sjc20-bb714-be9a9e78-8985-4d11-aa46-7f7cc3435662-86C6214C293B" duration="00:00:00.0005512" startTime="2025-09-27T02:14:57.9324950+00:00" endTime="2025-09-27T02:14:57.9332920+00:00" testType="13cdc9d9-ddb5-4fa4-a97d-d965ccfc6d4b" outcome="Passed" testListId="8c84fa94-04c1-424b-9868-57a2d4851a1d" relativeResultsDirectory="f7cee70f-2ad9-48b4-b671-61f28614527a" />
    <UnitTestResult executionId="c4ea3d6f-2f70-4836-944d-8e586a8982e5" testId="1d8061bb-017e-dbad-4465-67af30ac9b23" testName="TestCreateFileWhenParentDirectoryDoesNotExist" computerName="sjc20-bb714-be9a9e78-8985-4d11-aa46-7f7cc3435662-86C6214C293B" duration="00:00:00.0000240" startTime="2025-09-27T02:15:04.3338240+00:00" endTime="2025-09-27T02:15:04.3346040+00:00" testType="13cdc9d9-ddb5-4fa4-a97d-d965ccfc6d4b" outcome="Passed" testListId="8c84fa94-04c1-424b-9868-57a2d4851a1d" relativeResultsDirectory="c4ea3d6f-2f70-4836-944d-8e586a8982e5" />
    <UnitTestResult executionId="43e4b499-d1f7-4d39-a152-351f8aeda78d" testId="87471bd0-b3d5-4af4-a468-43e113ade7fe" testName="TestFileDelete" computerName="sjc20-bb714-be9a9e78-8985-4d11-aa46-7f7cc3435662-86C6214C293B" duration="00:00:00.0000250" startTime="2025-09-27T02:15:04.3336330+00:00" endTime="2025-09-27T02:15:04.3336840+00:00" testType="13cdc9d9-ddb5-4fa4-a97d-d965ccfc6d4b" outcome="Passed" testListId="8c84fa94-04c1-424b-9868-57a2d4851a1d" relativeResultsDirectory="43e4b499-d1f7-4d39-a152-351f8aeda78d" />
    <UnitTestResult executionId="e574d645-c827-4b39-ac80-3fac6ad848c5" testId="1534deb5-67ec-434a-e4c4-2a3259f0bb39" testName="TestFileOpenReadWrite" computerName="sjc20-bb714-be9a9e78-8985-4d11-aa46-7f7cc3435662-86C6214C293B" duration="00:00:00.0000942" startTime="2025-09-27T02:15:04.3333580+00:00" endTime="2025-09-27T02:15:04.3334820+00:00" testType="13cdc9d9-ddb5-4fa4-a97d-d965ccfc6d4b" outcome="Passed" testListId="8c84fa94-04c1-424b-9868-57a2d4851a1d" relativeResultsDirectory="e574d645-c827-4b39-ac80-3fac6ad848c5" />
    <UnitTestResult executionId="37b4821c-df8f-40dd-bcb9-56f1894405d8" testId="910e1179-c618-ac81-88d3-77979d52ca2e" testName="TestExistsAsync (True)" computerName="sjc20-bb714-be9a9e78-8985-4d11-aa46-7f7cc3435662-86C6214C293B" duration="00:00:00.0526863" startTime="2025-09-27T02:14:57.9784570+00:00" endTime="2025-09-27T02:14:58.0312550+00:00" testType="13cdc9d9-ddb5-4fa4-a97d-d965ccfc6d4b" outcome="Passed" testListId="8c84fa94-04c1-424b-9868-57a2d4851a1d" relativeResultsDirectory="37b4821c-df8f-40dd-bcb9-56f1894405d8" />
    <UnitTestResult executionId="f515eeca-4362-412b-afab-3582beec8009" testId="607da53e-34ec-12fb-53d4-7b9a98141219" testName="TestDeleteAsync" computerName="sjc20-bb714-be9a9e78-8985-4d11-aa46-7f7cc3435662-86C6214C293B" duration="00:00:00.0003224" startTime="2025-09-27T02:14:58.0570410+00:00" endTime="2025-09-27T02:14:58.0573970+00:00" testType="13cdc9d9-ddb5-4fa4-a97d-d965ccfc6d4b" outcome="Passed" testListId="8c84fa94-04c1-424b-9868-57a2d4851a1d" relativeResultsDirectory="f515eeca-4362-412b-afab-3582beec8009" />
    <UnitTestResult executionId="2a869d1c-61c6-4b95-b465-d29d7d17db83" testId="f64eab59-d366-aa12-22f3-ad8e634f95d1" testName="TestFileDelete" computerName="sjc20-bb714-be9a9e78-8985-4d11-aa46-7f7cc3435662-86C6214C293B" duration="00:00:00.0004940" startTime="2025-09-27T02:14:57.9697660+00:00" endTime="2025-09-27T02:14:57.9703030+00:00" testType="13cdc9d9-ddb5-4fa4-a97d-d965ccfc6d4b" outcome="Passed" testListId="8c84fa94-04c1-424b-9868-57a2d4851a1d" relativeResultsDirectory="2a869d1c-61c6-4b95-b465-d29d7d17db83" />
    <UnitTestResult executionId="85bd3538-f9f9-44f7-ba3b-8e3a3484a6f3" testId="40b81683-78f2-804b-e88e-f90513574e2a" testName="TestDirectoryDeleteExistingDirectory" computerName="sjc20-bb714-be9a9e78-8985-4d11-aa46-7f7cc3435662-86C6214C293B" duration="00:00:00.0001075" startTime="2025-09-27T02:15:04.3317320+00:00" endTime="2025-09-27T02:15:04.3318670+00:00" testType="13cdc9d9-ddb5-4fa4-a97d-d965ccfc6d4b" outcome="Passed" testListId="8c84fa94-04c1-424b-9868-57a2d4851a1d" relativeResultsDirectory="85bd3538-f9f9-44f7-ba3b-8e3a3484a6f3" />
    <UnitTestResult executionId="9ce74b5f-609d-4ac3-b29a-987baba0d47f" testId="6484f54f-0ad5-b721-001b-ebf002fed6b2" testName="TestExistsAsyncThrowsIfCancelled" computerName="sjc20-bb714-be9a9e78-8985-4d11-aa46-7f7cc3435662-86C6214C293B" duration="00:00:00.0003585" startTime="2025-09-27T02:14:58.0663040+00:00" endTime="2025-09-27T02:14:58.0666870+00:00" testType="13cdc9d9-ddb5-4fa4-a97d-d965ccfc6d4b" outcome="Passed" testListId="8c84fa94-04c1-424b-9868-57a2d4851a1d" relativeResultsDirectory="9ce74b5f-609d-4ac3-b29a-987baba0d47f" />
    <UnitTestResult executionId="09917743-d032-48a8-9720-e585c6aa3cb8" testId="824069aa-83cd-e2df-af5a-d971bcf9e8ee" testName="TestDeleteNonExistent" computerName="sjc20-bb714-be9a9e78-8985-4d11-aa46-7f7cc3435662-86C6214C293B" duration="00:00:00.0002575" startTime="2025-09-27T02:15:04.3314110+00:00" endTime="2025-09-27T02:15:04.3317130+00:00" testType="13cdc9d9-ddb5-4fa4-a97d-d965ccfc6d4b" outcome="Passed" testListId="8c84fa94-04c1-424b-9868-57a2d4851a1d" relativeResultsDirectory="09917743-d032-48a8-9720-e585c6aa3cb8" />
    <UnitTestResult executionId="22110a0b-b7c3-4eb2-af0f-757ad595f234" testId="3fbe1aef-c231-36db-e42e-599bf3f74565" testName="TestDeleteEmptyPathDirectory" computerName="sjc20-bb714-be9a9e78-8985-4d11-aa46-7f7cc3435662-86C6214C293B" duration="00:00:00.0003350" startTime="2025-09-27T02:15:04.3295890+00:00" endTime="2025-09-27T02:15:04.3300710+00:00" testType="13cdc9d9-ddb5-4fa4-a97d-d965ccfc6d4b" outcome="Passed" testListId="8c84fa94-04c1-424b-9868-57a2d4851a1d" relativeResultsDirectory="22110a0b-b7c3-4eb2-af0f-757ad595f234" />
    <UnitTestResult executionId="509f94a9-f16c-437d-9cab-6155cfaa982d" testId="aa3761b1-576e-01f7-d173-14568b628a0e" testName="TestRootDirectoryExists" computerName="sjc20-bb714-be9a9e78-8985-4d11-aa46-7f7cc3435662-86C6214C293B" duration="00:00:00.0000059" startTime="2025-09-27T02:14:57.9757180+00:00" endTime="2025-09-27T02:14:57.9757450+00:00" testType="13cdc9d9-ddb5-4fa4-a97d-d965ccfc6d4b" outcome="Passed" testListId="8c84fa94-04c1-424b-9868-57a2d4851a1d" relativeResultsDirectory="509f94a9-f16c-437d-9cab-6155cfaa982d" />
    <UnitTestResult executionId="00632d05-a935-48b9-9639-4abdae051a7a" testId="2e325afd-71c3-c013-f9e9-d25d63271309" testName="TestDirectoryFullPathIsConsistent" computerName="sjc20-bb714-be9a9e78-8985-4d11-aa46-7f7cc3435662-86C6214C293B" duration="00:00:00.0000083" startTime="2025-09-27T02:14:57.9745950+00:00" endTime="2025-09-27T02:14:57.9746190+00:00" testType="13cdc9d9-ddb5-4fa4-a97d-d965ccfc6d4b" outcome="Passed" testListId="8c84fa94-04c1-424b-9868-57a2d4851a1d" relativeResultsDirectory="00632d05-a935-48b9-9639-4abdae051a7a" />
    <UnitTestResult executionId="3c323bbc-fda0-4392-93ae-9e78ab34477d" testId="7da6318e-98b7-39f0-4161-e0aaa63e4356" testName="TestFileFullPathIsConsistent" computerName="sjc20-bb714-be9a9e78-8985-4d11-aa46-7f7cc3435662-86C6214C293B" duration="00:00:00.0001561" startTime="2025-09-27T02:14:57.9348420+00:00" endTime="2025-09-27T02:14:57.9350270+00:00" testType="13cdc9d9-ddb5-4fa4-a97d-d965ccfc6d4b" outcome="Passed" testListId="8c84fa94-04c1-424b-9868-57a2d4851a1d" relativeResultsDirectory="3c323bbc-fda0-4392-93ae-9e78ab34477d" />
    <UnitTestResult executionId="1abac93e-a962-4555-b627-8aaa7883c3a4" testId="cef74505-0de5-871e-983a-ff75ebac7980" testName="TestFileExtension" computerName="sjc20-bb714-be9a9e78-8985-4d11-aa46-7f7cc3435662-86C6214C293B" duration="00:00:00.0000354" startTime="2025-09-27T02:15:04.3303500+00:00" endTime="2025-09-27T02:15:04.3304160+00:00" testType="13cdc9d9-ddb5-4fa4-a97d-d965ccfc6d4b" outcome="Passed" testListId="8c84fa94-04c1-424b-9868-57a2d4851a1d" relativeResultsDirectory="1abac93e-a962-4555-b627-8aaa7883c3a4" />
    <UnitTestResult executionId="588fbafd-cbb6-488e-a111-1f6fc1f98f97" testId="1c9877c6-ebfa-9f2c-ee53-ef4e577d1078" testName="TestDeleteAsync" computerName="sjc20-bb714-be9a9e78-8985-4d11-aa46-7f7cc3435662-86C6214C293B" duration="00:00:00.0003149" startTime="2025-09-27T02:14:58.0659480+00:00" endTime="2025-09-27T02:14:58.0662900+00:00" testType="13cdc9d9-ddb5-4fa4-a97d-d965ccfc6d4b" outcome="Passed" testListId="8c84fa94-04c1-424b-9868-57a2d4851a1d" relativeResultsDirectory="588fbafd-cbb6-488e-a111-1f6fc1f98f97" />
    <UnitTestResult executionId="ef477642-1f16-4fcb-bb36-be7d376e5547" testId="9011c160-8b72-47ef-0b19-f1ac4fafc464" testName="TestFileDelete" computerName="sjc20-bb714-be9a9e78-8985-4d11-aa46-7f7cc3435662-86C6214C293B" duration="00:00:00.0000421" startTime="2025-09-27T02:14:57.9774760+00:00" endTime="2025-09-27T02:14:57.9775790+00:00" testType="13cdc9d9-ddb5-4fa4-a97d-d965ccfc6d4b" outcome="Passed" testListId="8c84fa94-04c1-424b-9868-57a2d4851a1d" relativeResultsDirectory="ef477642-1f16-4fcb-bb36-be7d376e5547" />
    <UnitTestResult executionId="0eb4c989-e3e7-42bf-9390-b39bb8d43f30" testId="3bd62bd2-9144-6143-2f62-27a8dcf18fb5" testName="TestEnumerateDirectoriesAsyncThrowsIfCancelled" computerName="sjc20-bb714-be9a9e78-8985-4d11-aa46-7f7cc3435662-86C6214C293B" duration="00:00:00.0007153" startTime="2025-09-27T02:14:58.0603550+00:00" endTime="2025-09-27T02:14:58.0611180+00:00" testType="13cdc9d9-ddb5-4fa4-a97d-d965ccfc6d4b" outcome="Passed" testListId="8c84fa94-04c1-424b-9868-57a2d4851a1d" relativeResultsDirectory="0eb4c989-e3e7-42bf-9390-b39bb8d43f30" />
    <UnitTestResult executionId="9f087022-cee9-41cd-92d7-328eb2c10ec9" testId="071eaba4-a09d-f772-7109-6fc000a80917" testName="TestCompression" computerName="sjc20-bb714-be9a9e78-8985-4d11-aa46-7f7cc3435662-86C6214C293B" duration="00:00:00.0024105" startTime="2025-09-27T02:15:04.3256740+00:00" endTime="2025-09-27T02:15:04.3283910+00:00" testType="13cdc9d9-ddb5-4fa4-a97d-d965ccfc6d4b" outcome="Passed" testListId="8c84fa94-04c1-424b-9868-57a2d4851a1d" relativeResultsDirectory="9f087022-cee9-41cd-92d7-328eb2c10ec9" />
    <UnitTestResult executionId="00301038-0895-4f9f-a7b2-6451a202379b" testId="7d7edaab-f11c-42a8-dc0e-01ee01112f84" testName="TestFileOpenReadWriteExistingFile" computerName="sjc20-bb714-be9a9e78-8985-4d11-aa46-7f7cc3435662-86C6214C293B" duration="00:00:00.0000839" startTime="2025-09-27T02:15:04.3334990+00:00" endTime="2025-09-27T02:15:04.3336160+00:00" testType="13cdc9d9-ddb5-4fa4-a97d-d965ccfc6d4b" outcome="Passed" testListId="8c84fa94-04c1-424b-9868-57a2d4851a1d" relativeResultsDirectory="00301038-0895-4f9f-a7b2-6451a202379b" />
    <UnitTestResult executionId="e535e890-c0a6-4a1f-9bfb-72fcdbf06a4a" testId="a1ac245f-162d-b3d5-902a-73d42908be8b" testName="TestDeleteEmptyPathDirectory" computerName="sjc20-bb714-be9a9e78-8985-4d11-aa46-7f7cc3435662-86C6214C293B" duration="00:00:00.0004699" startTime="2025-09-27T02:14:57.9334780+00:00" endTime="2025-09-27T02:14:57.9339940+00:00" testType="13cdc9d9-ddb5-4fa4-a97d-d965ccfc6d4b" outcome="Passed" testListId="8c84fa94-04c1-424b-9868-57a2d4851a1d" relativeResultsDirectory="e535e890-c0a6-4a1f-9bfb-72fcdbf06a4a" />
    <UnitTestResult executionId="132619f5-71be-401a-ba9f-e892dc500d0c" testId="a89f0bbf-e5bb-9494-34d2-174c60a99834" testName="TestExistsAsync (True)" computerName="sjc20-bb714-be9a9e78-8985-4d11-aa46-7f7cc3435662-86C6214C293B" duration="00:00:00.0009892" startTime="2025-09-27T02:14:58.0623570+00:00" endTime="2025-09-27T02:14:58.0634660+00:00" testType="13cdc9d9-ddb5-4fa4-a97d-d965ccfc6d4b" outcome="Passed" testListId="8c84fa94-04c1-424b-9868-57a2d4851a1d" relativeResultsDirectory="132619f5-71be-401a-ba9f-e892dc500d0c" />
    <UnitTestResult executionId="68a7550e-1611-41ea-b992-f9f92994f807" testId="79c4ff89-0797-e74c-0eb1-6195164e4436" testName="TestParentDirectory" computerName="sjc20-bb714-be9a9e78-8985-4d11-aa46-7f7cc3435662-86C6214C293B" duration="00:00:00.0000769" startTime="2025-09-27T02:14:57.9775870+00:00" endTime="2025-09-27T02:14:57.9776830+00:00" testType="13cdc9d9-ddb5-4fa4-a97d-d965ccfc6d4b" outcome="Passed" testListId="8c84fa94-04c1-424b-9868-57a2d4851a1d" relativeResultsDirectory="68a7550e-1611-41ea-b992-f9f92994f807" />
    <UnitTestResult executionId="b36c4c4a-ffd0-4023-9454-72f6666fc96a" testId="4f6773f6-14de-a05b-1a5d-745be43beb3f" testName="TestFileFullPathIsConsistent" computerName="sjc20-bb714-be9a9e78-8985-4d11-aa46-7f7cc3435662-86C6214C293B" duration="00:00:00.0000165" startTime="2025-09-27T02:14:57.9745540+00:00" endTime="2025-09-27T02:14:57.9745870+00:00" testType="13cdc9d9-ddb5-4fa4-a97d-d965ccfc6d4b" outcome="Passed" testListId="8c84fa94-04c1-424b-9868-57a2d4851a1d" relativeResultsDirectory="b36c4c4a-ffd0-4023-9454-72f6666fc96a" />
    <UnitTestResult executionId="84532d3e-c187-48b3-976f-441bc5f6fdf7" testId="a29289ea-bc1d-0083-5118-54a12526b8af" testName="TestDirectoryCreateExisting" computerName="sjc20-bb714-be9a9e78-8985-4d11-aa46-7f7cc3435662-86C6214C293B" duration="00:00:00.0003878" startTime="2025-09-27T02:14:57.9568130+00:00" endTime="2025-09-27T02:14:57.9572670+00:00" testType="13cdc9d9-ddb5-4fa4-a97d-d965ccfc6d4b" outcome="Passed" testListId="8c84fa94-04c1-424b-9868-57a2d4851a1d" relativeResultsDirectory="84532d3e-c187-48b3-976f-441bc5f6fdf7" />
    <UnitTestResult executionId="582d15eb-4073-4b12-91d3-edee94e824e6" testId="b414c790-0451-ffab-cace-9828ee75369b" testName="TestEmptyDirectoryPaths" computerName="sjc20-bb714-be9a9e78-8985-4d11-aa46-7f7cc3435662-86C6214C293B" duration="00:00:00.0005620" startTime="2025-09-27T02:15:04.3288620+00:00" endTime="2025-09-27T02:15:04.3295230+00:00" testType="13cdc9d9-ddb5-4fa4-a97d-d965ccfc6d4b" outcome="Passed" testListId="8c84fa94-04c1-424b-9868-57a2d4851a1d" relativeResultsDirectory="582d15eb-4073-4b12-91d3-edee94e824e6" />
    <UnitTestResult executionId="4d27a1c2-4609-4b07-92f4-514990ee2ebc" testId="bacbbd13-aba6-615b-798e-fa63927d70ae" testName="TestDirectoryEnumerateFilesDirectories (&quot;dir&quot;)" computerName="sjc20-bb714-be9a9e78-8985-4d11-aa46-7f7cc3435662-86C6214C293B" duration="00:00:00.0010511" startTime="2025-09-27T02:14:57.9757570+00:00" endTime="2025-09-27T02:14:57.9768520+00:00" testType="13cdc9d9-ddb5-4fa4-a97d-d965ccfc6d4b" outcome="Passed" testListId="8c84fa94-04c1-424b-9868-57a2d4851a1d" relativeResultsDirectory="4d27a1c2-4609-4b07-92f4-514990ee2ebc" />
    <UnitTestResult executionId="bc848dfe-48c8-4b7c-a7b9-07d04fc6b195" testId="0e088d27-c7d7-0291-d4f0-8f7b1d9da554" testName="TestDirectoryCreate" computerName="sjc20-bb714-be9a9e78-8985-4d11-aa46-7f7cc3435662-86C6214C293B" duration="00:00:00.0010478" startTime="2025-09-27T02:14:57.9556620+00:00" endTime="2025-09-27T02:14:57.9567700+00:00" testType="13cdc9d9-ddb5-4fa4-a97d-d965ccfc6d4b" outcome="Passed" testListId="8c84fa94-04c1-424b-9868-57a2d4851a1d" relativeResultsDirectory="bc848dfe-48c8-4b7c-a7b9-07d04fc6b195" />
    <UnitTestResult executionId="41c983cb-7023-472e-aa0e-ffe8c56ac994" testId="df1b3604-ffd3-14ba-042b-94c14c177176" testName="TestDirectoryCreate" computerName="sjc20-bb714-be9a9e78-8985-4d11-aa46-7f7cc3435662-86C6214C293B" duration="00:00:00.0002308" startTime="2025-09-27T02:15:04.3310690+00:00" endTime="2025-09-27T02:15:04.3313250+00:00" testType="13cdc9d9-ddb5-4fa4-a97d-d965ccfc6d4b" outcome="Passed" testListId="8c84fa94-04c1-424b-9868-57a2d4851a1d" relativeResultsDirectory="41c983cb-7023-472e-aa0e-ffe8c56ac994" />
    <UnitTestResult executionId="3ec136e3-d980-4c88-b242-ec22e99cbf98" testId="9ee8bdb3-752d-d7fa-92e7-baaf5a6a275d" testName="TestExistsAsync (False)" computerName="sjc20-bb714-be9a9e78-8985-4d11-aa46-7f7cc3435662-86C6214C293B" duration="00:00:00.0009600" startTime="2025-09-27T02:14:58.0313290+00:00" endTime="2025-09-27T02:14:58.0323640+00:00" testType="13cdc9d9-ddb5-4fa4-a97d-d965ccfc6d4b" outcome="Passed" testListId="8c84fa94-04c1-424b-9868-57a2d4851a1d" relativeResultsDirectory="3ec136e3-d980-4c88-b242-ec22e99cbf98" />
  </Results>
  <TestDefinitions>
    <UnitTest name="TestFileOpenReadWriteExistingFile" storage="/users/runner/work/dotnet-monorepo/dotnet-monorepo/src/artifacts/bin/filestorage.tests/release_osx-arm64/filestorage.tests.dll" id="c7897527-4e0e-ad49-b035-f1933297433a">
      <Execution id="f78bfb20-c8e0-4eaa-9442-3baa3a1220bb" />
      <TestMethod codeBase="/Users/runner/work/dotnet-monorepo/dotnet-monorepo/src/artifacts/bin/FileStorage.Tests/release_osx-arm64/FileStorage.Tests.dll" adapterTypeName="executor://mstestadapter/v2" className="FileStorage.Tests.MemoryFileStorageTests" name="TestFileOpenReadWriteExistingFile" />
    </UnitTest>
    <UnitTest name="TestOpenWriteAsyncThrowsIfCancelled" storage="/users/runner/work/dotnet-monorepo/dotnet-monorepo/src/artifacts/bin/filestorage.tests/release_osx-arm64/filestorage.tests.dll" id="df69c3a6-a997-1bec-3536-98911cb3c458">
      <Execution id="1a4e5f84-351d-4a14-98c6-f1e33260a57c" />
      <TestMethod codeBase="/Users/runner/work/dotnet-monorepo/dotnet-monorepo/src/artifacts/bin/FileStorage.Tests/release_osx-arm64/FileStorage.Tests.dll" adapterTypeName="executor://mstestadapter/v2" className="FileStorage.Tests.SyncToAsyncFileAdapterTests" name="TestOpenWriteAsyncThrowsIfCancelled" />
    </UnitTest>
    <UnitTest name="TestFileFullPathIsConsistent" storage="/users/runner/work/dotnet-monorepo/dotnet-monorepo/src/artifacts/bin/filestorage.tests/release_osx-arm64/filestorage.tests.dll" id="7da6318e-98b7-39f0-4161-e0aaa63e4356">
      <Execution id="3c323bbc-fda0-4392-93ae-9e78ab34477d" />
      <TestMethod codeBase="/Users/runner/work/dotnet-monorepo/dotnet-monorepo/src/artifacts/bin/FileStorage.Tests/release_osx-arm64/FileStorage.Tests.dll" adapterTypeName="executor://mstestadapter/v2" className="FileStorage.Tests.FilesystemFileStorageTests" name="TestFileFullPathIsConsistent" />
    </UnitTest>
    <UnitTest name="TestDeleteEmptyPathDirectory" storage="/users/runner/work/dotnet-monorepo/dotnet-monorepo/src/artifacts/bin/filestorage.tests/release_osx-arm64/filestorage.tests.dll" id="3fbe1aef-c231-36db-e42e-599bf3f74565">
      <Execution id="22110a0b-b7c3-4eb2-af0f-757ad595f234" />
      <TestMethod codeBase="/Users/runner/work/dotnet-monorepo/dotnet-monorepo/src/artifacts/bin/FileStorage.Tests/release_osx-arm64/FileStorage.Tests.dll" adapterTypeName="executor://mstestadapter/v2" className="FileStorage.Tests.ZipFileStorageTests" name="TestDeleteEmptyPathDirectory" />
    </UnitTest>
    <UnitTest name="TestDirectoryName" storage="/users/runner/work/dotnet-monorepo/dotnet-monorepo/src/artifacts/bin/filestorage.tests/release_osx-arm64/filestorage.tests.dll" id="618d4b2b-2ac7-22a8-ee48-265a6ddb8150">
      <Execution id="d8215216-ec1a-4b68-8247-db9d55909c3c" />
      <TestMethod codeBase="/Users/runner/work/dotnet-monorepo/dotnet-monorepo/src/artifacts/bin/FileStorage.Tests/release_osx-arm64/FileStorage.Tests.dll" adapterTypeName="executor://mstestadapter/v2" className="FileStorage.Tests.FilesystemFileStorageTests" name="TestDirectoryName" />
    </UnitTest>
    <UnitTest name="TestEmptyFilePaths" storage="/users/runner/work/dotnet-monorepo/dotnet-monorepo/src/artifacts/bin/filestorage.tests/release_osx-arm64/filestorage.tests.dll" id="18605d5f-4c35-09c6-72ca-211e48b57479">
      <Execution id="b5111eb2-544f-4d1c-9d00-4d1f50643e87" />
      <TestMethod codeBase="/Users/runner/work/dotnet-monorepo/dotnet-monorepo/src/artifacts/bin/FileStorage.Tests/release_osx-arm64/FileStorage.Tests.dll" adapterTypeName="executor://mstestadapter/v2" className="FileStorage.Tests.FilesystemFileStorageTests" name="TestEmptyFilePaths" />
    </UnitTest>
    <UnitTest name="TestFileOpenReadWrite" storage="/users/runner/work/dotnet-monorepo/dotnet-monorepo/src/artifacts/bin/filestorage.tests/release_osx-arm64/filestorage.tests.dll" id="1534deb5-67ec-434a-e4c4-2a3259f0bb39">
      <Execution id="e574d645-c827-4b39-ac80-3fac6ad848c5" />
      <TestMethod codeBase="/Users/runner/work/dotnet-monorepo/dotnet-monorepo/src/artifacts/bin/FileStorage.Tests/release_osx-arm64/FileStorage.Tests.dll" adapterTypeName="executor://mstestadapter/v2" className="FileStorage.Tests.ZipFileStorageTests" name="TestFileOpenReadWrite" />
    </UnitTest>
    <UnitTest name="TestDirectoryNameWithDot" storage="/users/runner/work/dotnet-monorepo/dotnet-monorepo/src/artifacts/bin/filestorage.tests/release_osx-arm64/filestorage.tests.dll" id="1e71ad58-a0ad-4cd0-0218-6a992bf4f71a">
      <Execution id="e5cba68d-a412-40af-8096-ac19ce7d7cfc" />
      <TestMethod codeBase="/Users/runner/work/dotnet-monorepo/dotnet-monorepo/src/artifacts/bin/FileStorage.Tests/release_osx-arm64/FileStorage.Tests.dll" adapterTypeName="executor://mstestadapter/v2" className="FileStorage.Tests.MemoryFileStorageTests" name="TestDirectoryNameWithDot" />
    </UnitTest>
    <UnitTest name="TestFileOpenReadWrite" storage="/users/runner/work/dotnet-monorepo/dotnet-monorepo/src/artifacts/bin/filestorage.tests/release_osx-arm64/filestorage.tests.dll" id="8e708a48-e948-fee1-2a70-df94ce5b6a29">
      <Execution id="94163e31-f029-4c50-b438-6f2355092bda" />
      <TestMethod codeBase="/Users/runner/work/dotnet-monorepo/dotnet-monorepo/src/artifacts/bin/FileStorage.Tests/release_osx-arm64/FileStorage.Tests.dll" adapterTypeName="executor://mstestadapter/v2" className="FileStorage.Tests.FilesystemFileStorageTests" name="TestFileOpenReadWrite" />
    </UnitTest>
    <UnitTest name="TestDefaultOutputIsNonDeterministic" storage="/users/runner/work/dotnet-monorepo/dotnet-monorepo/src/artifacts/bin/filestorage.tests/release_osx-arm64/filestorage.tests.dll" id="12d1cb41-6b3b-e919-4920-056dbd3aad76">
      <Execution id="cf6d340f-8d24-4f17-a48b-71bb2ee453f1" />
      <TestMethod codeBase="/Users/runner/work/dotnet-monorepo/dotnet-monorepo/src/artifacts/bin/FileStorage.Tests/release_osx-arm64/FileStorage.Tests.dll" adapterTypeName="executor://mstestadapter/v2" className="FileStorage.Tests.ZipFileStorageTests" name="TestDefaultOutputIsNonDeterministic" />
    </UnitTest>
    <UnitTest name="TestDirectoryCreateExisting" storage="/users/runner/work/dotnet-monorepo/dotnet-monorepo/src/artifacts/bin/filestorage.tests/release_osx-arm64/filestorage.tests.dll" id="a29289ea-bc1d-0083-5118-54a12526b8af">
      <Execution id="84532d3e-c187-48b3-976f-441bc5f6fdf7" />
      <TestMethod codeBase="/Users/runner/work/dotnet-monorepo/dotnet-monorepo/src/artifacts/bin/FileStorage.Tests/release_osx-arm64/FileStorage.Tests.dll" adapterTypeName="executor://mstestadapter/v2" className="FileStorage.Tests.FilesystemFileStorageTests" name="TestDirectoryCreateExisting" />
    </UnitTest>
    <UnitTest name="TestDirectoryEnumerateFilesDirectoriesNested" storage="/users/runner/work/dotnet-monorepo/dotnet-monorepo/src/artifacts/bin/filestorage.tests/release_osx-arm64/filestorage.tests.dll" id="7eb76f2c-21a5-f549-3581-458e2d90bb4e">
      <Execution id="df626bc0-f1da-478d-bcc0-7a05fc6e6137" />
      <TestMethod codeBase="/Users/runner/work/dotnet-monorepo/dotnet-monorepo/src/artifacts/bin/FileStorage.Tests/release_osx-arm64/FileStorage.Tests.dll" adapterTypeName="executor://mstestadapter/v2" className="FileStorage.Tests.FilesystemFileStorageTests" name="TestDirectoryEnumerateFilesDirectoriesNested" />
    </UnitTest>
    <UnitTest name="TestEmptyDirectoryPaths" storage="/users/runner/work/dotnet-monorepo/dotnet-monorepo/src/artifacts/bin/filestorage.tests/release_osx-arm64/filestorage.tests.dll" id="d4d986da-d4bd-08f4-57b5-191f12483e46">
      <Execution id="7fa6f440-7c59-44d8-b096-c2438843ddfc" />
      <TestMethod codeBase="/Users/runner/work/dotnet-monorepo/dotnet-monorepo/src/artifacts/bin/FileStorage.Tests/release_osx-arm64/FileStorage.Tests.dll" adapterTypeName="executor://mstestadapter/v2" className="FileStorage.Tests.MemoryFileStorageTests" name="TestEmptyDirectoryPaths" />
    </UnitTest>
    <UnitTest name="TestExistsAsync (True)" storage="/users/runner/work/dotnet-monorepo/dotnet-monorepo/src/artifacts/bin/filestorage.tests/release_osx-arm64/filestorage.tests.dll" id="910e1179-c618-ac81-88d3-77979d52ca2e">
      <Execution id="37b4821c-df8f-40dd-bcb9-56f1894405d8" />
      <TestMethod codeBase="/Users/runner/work/dotnet-monorepo/dotnet-monorepo/src/artifacts/bin/FileStorage.Tests/release_osx-arm64/FileStorage.Tests.dll" adapterTypeName="executor://mstestadapter/v2" className="FileStorage.Tests.SyncToAsyncDirectoryAdapterTests" name="TestExistsAsync" />
    </UnitTest>
    <UnitTest name="TestDirectoryEnumerateFilesDirectories (&quot;dir&quot;)" storage="/users/runner/work/dotnet-monorepo/dotnet-monorepo/src/artifacts/bin/filestorage.tests/release_osx-arm64/filestorage.tests.dll" id="bacbbd13-aba6-615b-798e-fa63927d70ae">
      <Execution id="4d27a1c2-4609-4b07-92f4-514990ee2ebc" />
      <TestMethod codeBase="/Users/runner/work/dotnet-monorepo/dotnet-monorepo/src/artifacts/bin/FileStorage.Tests/release_osx-arm64/FileStorage.Tests.dll" adapterTypeName="executor://mstestadapter/v2" className="FileStorage.Tests.MemoryFileStorageTests" name="TestDirectoryEnumerateFilesDirectories" />
    </UnitTest>
    <UnitTest name="TestDirectoryName" storage="/users/runner/work/dotnet-monorepo/dotnet-monorepo/src/artifacts/bin/filestorage.tests/release_osx-arm64/filestorage.tests.dll" id="797b8a01-8186-1169-ecab-9b51ad970e5d">
      <Execution id="a1687e3f-5cd1-457f-8f5e-8d82de77226f" />
      <TestMethod codeBase="/Users/runner/work/dotnet-monorepo/dotnet-monorepo/src/artifacts/bin/FileStorage.Tests/release_osx-arm64/FileStorage.Tests.dll" adapterTypeName="executor://mstestadapter/v2" className="FileStorage.Tests.MemoryFileStorageTests" name="TestDirectoryName" />
    </UnitTest>
    <UnitTest name="TestRootDirectoryExists" storage="/users/runner/work/dotnet-monorepo/dotnet-monorepo/src/artifacts/bin/filestorage.tests/release_osx-arm64/filestorage.tests.dll" id="966fde8d-32df-314c-6115-6a9b32ec93b9">
      <Execution id="28f23ea0-5b5e-419b-b794-e387599d16c0" />
      <TestMethod codeBase="/Users/runner/work/dotnet-monorepo/dotnet-monorepo/src/artifacts/bin/FileStorage.Tests/release_osx-arm64/FileStorage.Tests.dll" adapterTypeName="executor://mstestadapter/v2" className="FileStorage.Tests.ZipFileStorageTests" name="TestRootDirectoryExists" />
    </UnitTest>
    <UnitTest name="TestFileName" storage="/users/runner/work/dotnet-monorepo/dotnet-monorepo/src/artifacts/bin/filestorage.tests/release_osx-arm64/filestorage.tests.dll" id="125bc9fc-30db-ee48-7efe-8896541b5651">
      <Execution id="8e4897cc-b1c2-4f98-a03d-a6a663a82cfe" />
      <TestMethod codeBase="/Users/runner/work/dotnet-monorepo/dotnet-monorepo/src/artifacts/bin/FileStorage.Tests/release_osx-arm64/FileStorage.Tests.dll" adapterTypeName="executor://mstestadapter/v2" className="FileStorage.Tests.ZipFileStorageTests" name="TestFileName" />
    </UnitTest>
    <UnitTest name="TestExistsAsyncThrowsIfCancelled" storage="/users/runner/work/dotnet-monorepo/dotnet-monorepo/src/artifacts/bin/filestorage.tests/release_osx-arm64/filestorage.tests.dll" id="c3d2dfed-dafa-3212-4b58-dbe2ec6a248e">
      <Execution id="c9a81f11-617a-4a0a-abab-804575c60baa" />
      <TestMethod codeBase="/Users/runner/work/dotnet-monorepo/dotnet-monorepo/src/artifacts/bin/FileStorage.Tests/release_osx-arm64/FileStorage.Tests.dll" adapterTypeName="executor://mstestadapter/v2" className="FileStorage.Tests.SyncToAsyncDirectoryAdapterTests" name="TestExistsAsyncThrowsIfCancelled" />
    </UnitTest>
    <UnitTest name="TestOutputIsDeterministic" storage="/users/runner/work/dotnet-monorepo/dotnet-monorepo/src/artifacts/bin/filestorage.tests/release_osx-arm64/filestorage.tests.dll" id="f4242541-f62b-6e59-6932-1a9c264c322e">
      <Execution id="be5bad8c-597e-4aa2-ba92-d2fa3e5cb40a" />
      <TestMethod codeBase="/Users/runner/work/dotnet-monorepo/dotnet-monorepo/src/artifacts/bin/FileStorage.Tests/release_osx-arm64/FileStorage.Tests.dll" adapterTypeName="executor://mstestadapter/v2" className="FileStorage.Tests.ZipFileStorageTests" name="TestOutputIsDeterministic" />
    </UnitTest>
    <UnitTest name="TestEmptyFilePaths" storage="/users/runner/work/dotnet-monorepo/dotnet-monorepo/src/artifacts/bin/filestorage.tests/release_osx-arm64/filestorage.tests.dll" id="0ecc2e03-b166-5e66-a255-0a8ecc71ea81">
      <Execution id="091fb589-f54e-41a9-8b0c-d38153174bd1" />
      <TestMethod codeBase="/Users/runner/work/dotnet-monorepo/dotnet-monorepo/src/artifacts/bin/FileStorage.Tests/release_osx-arm64/FileStorage.Tests.dll" adapterTypeName="executor://mstestadapter/v2" className="FileStorage.Tests.ZipFileStorageTests" name="TestEmptyFilePaths" />
    </UnitTest>
    <UnitTest name="TestDirectoryNameWithDot" storage="/users/runner/work/dotnet-monorepo/dotnet-monorepo/src/artifacts/bin/filestorage.tests/release_osx-arm64/filestorage.tests.dll" id="cd0078b3-4b7f-1e54-2b47-dac01f923d15">
      <Execution id="358c40a5-1b6e-45c1-840e-35042f076567" />
      <TestMethod codeBase="/Users/runner/work/dotnet-monorepo/dotnet-monorepo/src/artifacts/bin/FileStorage.Tests/release_osx-arm64/FileStorage.Tests.dll" adapterTypeName="executor://mstestadapter/v2" className="FileStorage.Tests.FilesystemFileStorageTests" name="TestDirectoryNameWithDot" />
    </UnitTest>
    <UnitTest name="TestDirectoryCreate" storage="/users/runner/work/dotnet-monorepo/dotnet-monorepo/src/artifacts/bin/filestorage.tests/release_osx-arm64/filestorage.tests.dll" id="9a8424cd-4f80-220e-7900-daa37175ddae">
      <Execution id="5c95e0a4-4bd4-423c-8be6-351a4c103d76" />
      <TestMethod codeBase="/Users/runner/work/dotnet-monorepo/dotnet-monorepo/src/artifacts/bin/FileStorage.Tests/release_osx-arm64/FileStorage.Tests.dll" adapterTypeName="executor://mstestadapter/v2" className="FileStorage.Tests.MemoryFileStorageTests" name="TestDirectoryCreate" />
    </UnitTest>
    <UnitTest name="TestFileOpenReadWrite" storage="/users/runner/work/dotnet-monorepo/dotnet-monorepo/src/artifacts/bin/filestorage.tests/release_osx-arm64/filestorage.tests.dll" id="fca03aaa-9bd0-d573-60dc-d9376c9ea610">
      <Execution id="ff5c6648-10c7-4197-9664-049e02b5358a" />
      <TestMethod codeBase="/Users/runner/work/dotnet-monorepo/dotnet-monorepo/src/artifacts/bin/FileStorage.Tests/release_osx-arm64/FileStorage.Tests.dll" adapterTypeName="executor://mstestadapter/v2" className="FileStorage.Tests.MemoryFileStorageTests" name="TestFileOpenReadWrite" />
    </UnitTest>
    <UnitTest name="TestDirectoryEnumerateFilesDirectoriesNested" storage="/users/runner/work/dotnet-monorepo/dotnet-monorepo/src/artifacts/bin/filestorage.tests/release_osx-arm64/filestorage.tests.dll" id="f7b478bc-0212-d153-656f-f41f57754de4">
      <Execution id="83f01695-a447-4d78-9129-8f2a533fa98a" />
      <TestMethod codeBase="/Users/runner/work/dotnet-monorepo/dotnet-monorepo/src/artifacts/bin/FileStorage.Tests/release_osx-arm64/FileStorage.Tests.dll" adapterTypeName="executor://mstestadapter/v2" className="FileStorage.Tests.ZipFileStorageTests" name="TestDirectoryEnumerateFilesDirectoriesNested" />
    </UnitTest>
    <UnitTest name="TestDirectoryCreateExisting" storage="/users/runner/work/dotnet-monorepo/dotnet-monorepo/src/artifacts/bin/filestorage.tests/release_osx-arm64/filestorage.tests.dll" id="eff7da53-f6a7-63b0-cc4f-2e2f7ff54c59">
      <Execution id="cfc86fdf-ad86-4319-b9ba-3ae8b112f57d" />
      <TestMethod codeBase="/Users/runner/work/dotnet-monorepo/dotnet-monorepo/src/artifacts/bin/FileStorage.Tests/release_osx-arm64/FileStorage.Tests.dll" adapterTypeName="executor://mstestadapter/v2" className="FileStorage.Tests.ZipFileStorageTests" name="TestDirectoryCreateExisting" />
    </UnitTest>
    <UnitTest name="TestDirectoryName" storage="/users/runner/work/dotnet-monorepo/dotnet-monorepo/src/artifacts/bin/filestorage.tests/release_osx-arm64/filestorage.tests.dll" id="de3b2480-d479-605b-e08b-e52b3f60032b">
      <Execution id="322f339e-b8d8-427b-b230-446723281c0a" />
      <TestMethod codeBase="/Users/runner/work/dotnet-monorepo/dotnet-monorepo/src/artifacts/bin/FileStorage.Tests/release_osx-arm64/FileStorage.Tests.dll" adapterTypeName="executor://mstestadapter/v2" className="FileStorage.Tests.ZipFileStorageTests" name="TestDirectoryName" />
    </UnitTest>
    <UnitTest name="TestEnumerateFilesAsync" storage="/users/runner/work/dotnet-monorepo/dotnet-monorepo/src/artifacts/bin/filestorage.tests/release_osx-arm64/filestorage.tests.dll" id="bda2bfb3-e5c0-2200-50a6-0294fcf407ea">
      <Execution id="9e8d021c-0dda-426f-a919-a520181b6eec" />
      <TestMethod codeBase="/Users/runner/work/dotnet-monorepo/dotnet-monorepo/src/artifacts/bin/FileStorage.Tests/release_osx-arm64/FileStorage.Tests.dll" adapterTypeName="executor://mstestadapter/v2" className="FileStorage.Tests.SyncToAsyncDirectoryAdapterTests" name="TestEnumerateFilesAsync" />
    </UnitTest>
    <UnitTest name="TestCreateFileWhenParentDirectoryDoesNotExist" storage="/users/runner/work/dotnet-monorepo/dotnet-monorepo/src/artifacts/bin/filestorage.tests/release_osx-arm64/filestorage.tests.dll" id="adcd8de1-a2fb-d996-6dae-d799ebeca291">
      <Execution id="f005611b-2f8c-481b-9754-b8563298301b" />
      <TestMethod codeBase="/Users/runner/work/dotnet-monorepo/dotnet-monorepo/src/artifacts/bin/FileStorage.Tests/release_osx-arm64/FileStorage.Tests.dll" adapterTypeName="executor://mstestadapter/v2" className="FileStorage.Tests.FilesystemFileStorageTests" name="TestCreateFileWhenParentDirectoryDoesNotExist" />
    </UnitTest>
    <UnitTest name="TestEmptyDirectoryPaths" storage="/users/runner/work/dotnet-monorepo/dotnet-monorepo/src/artifacts/bin/filestorage.tests/release_osx-arm64/filestorage.tests.dll" id="4215e5b5-fc3c-3e4d-30ae-01a50b08f468">
      <Execution id="f7cee70f-2ad9-48b4-b671-61f28614527a" />
      <TestMethod codeBase="/Users/runner/work/dotnet-monorepo/dotnet-monorepo/src/artifacts/bin/FileStorage.Tests/release_osx-arm64/FileStorage.Tests.dll" adapterTypeName="executor://mstestadapter/v2" className="FileStorage.Tests.FilesystemFileStorageTests" name="TestEmptyDirectoryPaths" />
    </UnitTest>
    <UnitTest name="TestFileStem" storage="/users/runner/work/dotnet-monorepo/dotnet-monorepo/src/artifacts/bin/filestorage.tests/release_osx-arm64/filestorage.tests.dll" id="a3803826-329d-dc6f-fc7d-0e02805b706c">
      <Execution id="505390c1-a055-45f0-a1fd-49761070f455" />
      <TestMethod codeBase="/Users/runner/work/dotnet-monorepo/dotnet-monorepo/src/artifacts/bin/FileStorage.Tests/release_osx-arm64/FileStorage.Tests.dll" adapterTypeName="executor://mstestadapter/v2" className="FileStorage.Tests.MemoryFileStorageTests" name="TestFileStem" />
    </UnitTest>
    <UnitTest name="TestFileDelete" storage="/users/runner/work/dotnet-monorepo/dotnet-monorepo/src/artifacts/bin/filestorage.tests/release_osx-arm64/filestorage.tests.dll" id="9011c160-8b72-47ef-0b19-f1ac4fafc464">
      <Execution id="ef477642-1f16-4fcb-bb36-be7d376e5547" />
      <TestMethod codeBase="/Users/runner/work/dotnet-monorepo/dotnet-monorepo/src/artifacts/bin/FileStorage.Tests/release_osx-arm64/FileStorage.Tests.dll" adapterTypeName="executor://mstestadapter/v2" className="FileStorage.Tests.MemoryFileStorageTests" name="TestFileDelete" />
    </UnitTest>
    <UnitTest name="TestDirectoryDeleteExistingDirectory" storage="/users/runner/work/dotnet-monorepo/dotnet-monorepo/src/artifacts/bin/filestorage.tests/release_osx-arm64/filestorage.tests.dll" id="40b81683-78f2-804b-e88e-f90513574e2a">
      <Execution id="85bd3538-f9f9-44f7-ba3b-8e3a3484a6f3" />
      <TestMethod codeBase="/Users/runner/work/dotnet-monorepo/dotnet-monorepo/src/artifacts/bin/FileStorage.Tests/release_osx-arm64/FileStorage.Tests.dll" adapterTypeName="executor://mstestadapter/v2" className="FileStorage.Tests.ZipFileStorageTests" name="TestDirectoryDeleteExistingDirectory" />
    </UnitTest>
    <UnitTest name="TestFileStem" storage="/users/runner/work/dotnet-monorepo/dotnet-monorepo/src/artifacts/bin/filestorage.tests/release_osx-arm64/filestorage.tests.dll" id="0da9f8a8-e657-b210-b5f3-ec83c8497b26">
      <Execution id="5fea9580-f358-45d2-a1e8-07b822a9fdd9" />
      <TestMethod codeBase="/Users/runner/work/dotnet-monorepo/dotnet-monorepo/src/artifacts/bin/FileStorage.Tests/release_osx-arm64/FileStorage.Tests.dll" adapterTypeName="executor://mstestadapter/v2" className="FileStorage.Tests.FilesystemFileStorageTests" name="TestFileStem" />
    </UnitTest>
    <UnitTest name="TestRootDirectoryExists" storage="/users/runner/work/dotnet-monorepo/dotnet-monorepo/src/artifacts/bin/filestorage.tests/release_osx-arm64/filestorage.tests.dll" id="ff3ef572-f71c-5031-deee-22a40c319a7b">
      <Execution id="6ab1f4be-2126-4c5c-9134-dd894a0ab96c" />
      <TestMethod codeBase="/Users/runner/work/dotnet-monorepo/dotnet-monorepo/src/artifacts/bin/FileStorage.Tests/release_osx-arm64/FileStorage.Tests.dll" adapterTypeName="executor://mstestadapter/v2" className="FileStorage.Tests.FilesystemFileStorageTests" name="TestRootDirectoryExists" />
    </UnitTest>
    <UnitTest name="TestDeleteEmptyPathDirectory" storage="/users/runner/work/dotnet-monorepo/dotnet-monorepo/src/artifacts/bin/filestorage.tests/release_osx-arm64/filestorage.tests.dll" id="a1ac245f-162d-b3d5-902a-73d42908be8b">
      <Execution id="e535e890-c0a6-4a1f-9bfb-72fcdbf06a4a" />
      <TestMethod codeBase="/Users/runner/work/dotnet-monorepo/dotnet-monorepo/src/artifacts/bin/FileStorage.Tests/release_osx-arm64/FileStorage.Tests.dll" adapterTypeName="executor://mstestadapter/v2" className="FileStorage.Tests.FilesystemFileStorageTests" name="TestDeleteEmptyPathDirectory" />
    </UnitTest>
    <UnitTest name="TestFileExtension" storage="/users/runner/work/dotnet-monorepo/dotnet-monorepo/src/artifacts/bin/filestorage.tests/release_osx-arm64/filestorage.tests.dll" id="6e5b91a2-6a19-9c04-8737-fad3d45dfaa1">
      <Execution id="d1f1afa2-8023-490d-b24d-e2edccf5cffc" />
      <TestMethod codeBase="/Users/runner/work/dotnet-monorepo/dotnet-monorepo/src/artifacts/bin/FileStorage.Tests/release_osx-arm64/FileStorage.Tests.dll" adapterTypeName="executor://mstestadapter/v2" className="FileStorage.Tests.MemoryFileStorageTests" name="TestFileExtension" />
    </UnitTest>
    <UnitTest name="TestCreateAsyncThrowsIfCancelled" storage="/users/runner/work/dotnet-monorepo/dotnet-monorepo/src/artifacts/bin/filestorage.tests/release_osx-arm64/filestorage.tests.dll" id="9546a373-c09a-58f7-3312-0de377f90a9a">
      <Execution id="3267230b-5224-49d5-83e7-faf3d8f3539c" />
      <TestMethod codeBase="/Users/runner/work/dotnet-monorepo/dotnet-monorepo/src/artifacts/bin/FileStorage.Tests/release_osx-arm64/FileStorage.Tests.dll" adapterTypeName="executor://mstestadapter/v2" className="FileStorage.Tests.SyncToAsyncDirectoryAdapterTests" name="TestCreateAsyncThrowsIfCancelled" />
    </UnitTest>
    <UnitTest name="TestFileName" storage="/users/runner/work/dotnet-monorepo/dotnet-monorepo/src/artifacts/bin/filestorage.tests/release_osx-arm64/filestorage.tests.dll" id="f8e7277d-d9f8-29f5-60e4-5fbb63d964ed">
      <Execution id="5627832b-1510-4243-8682-9622c88f292e" />
      <TestMethod codeBase="/Users/runner/work/dotnet-monorepo/dotnet-monorepo/src/artifacts/bin/FileStorage.Tests/release_osx-arm64/FileStorage.Tests.dll" adapterTypeName="executor://mstestadapter/v2" className="FileStorage.Tests.MemoryFileStorageTests" name="TestFileName" />
    </UnitTest>
    <UnitTest name="TestEnumerateDirectoriesAsyncThrowsIfCancelled" storage="/users/runner/work/dotnet-monorepo/dotnet-monorepo/src/artifacts/bin/filestorage.tests/release_osx-arm64/filestorage.tests.dll" id="3bd62bd2-9144-6143-2f62-27a8dcf18fb5">
      <Execution id="0eb4c989-e3e7-42bf-9390-b39bb8d43f30" />
      <TestMethod codeBase="/Users/runner/work/dotnet-monorepo/dotnet-monorepo/src/artifacts/bin/FileStorage.Tests/release_osx-arm64/FileStorage.Tests.dll" adapterTypeName="executor://mstestadapter/v2" className="FileStorage.Tests.SyncToAsyncDirectoryAdapterTests" name="TestEnumerateDirectoriesAsyncThrowsIfCancelled" />
    </UnitTest>
    <UnitTest name="TestOpenReadAsyncThrowsIfCancelled" storage="/users/runner/work/dotnet-monorepo/dotnet-monorepo/src/artifacts/bin/filestorage.tests/release_osx-arm64/filestorage.tests.dll" id="cf4b9090-69b3-1690-d9fc-8e30944ebfcc">
      <Execution id="b639e28b-660c-46f2-8007-e8b8f55c2f26" />
      <TestMethod codeBase="/Users/runner/work/dotnet-monorepo/dotnet-monorepo/src/artifacts/bin/FileStorage.Tests/release_osx-arm64/FileStorage.Tests.dll" adapterTypeName="executor://mstestadapter/v2" className="FileStorage.Tests.SyncToAsyncFileAdapterTests" name="TestOpenReadAsyncThrowsIfCancelled" />
    </UnitTest>
    <UnitTest name="TestCreateAsync" storage="/users/runner/work/dotnet-monorepo/dotnet-monorepo/src/artifacts/bin/filestorage.tests/release_osx-arm64/filestorage.tests.dll" id="49fe5267-fc48-c49a-f934-3af546ee163f">
      <Execution id="1ffe8ff8-ab70-45f8-960e-e6ebe933f6f4" />
      <TestMethod codeBase="/Users/runner/work/dotnet-monorepo/dotnet-monorepo/src/artifacts/bin/FileStorage.Tests/release_osx-arm64/FileStorage.Tests.dll" adapterTypeName="executor://mstestadapter/v2" className="FileStorage.Tests.SyncToAsyncDirectoryAdapterTests" name="TestCreateAsync" />
    </UnitTest>
    <UnitTest name="TestParentDirectory" storage="/users/runner/work/dotnet-monorepo/dotnet-monorepo/src/artifacts/bin/filestorage.tests/release_osx-arm64/filestorage.tests.dll" id="79c4ff89-0797-e74c-0eb1-6195164e4436">
      <Execution id="68a7550e-1611-41ea-b992-f9f92994f807" />
      <TestMethod codeBase="/Users/runner/work/dotnet-monorepo/dotnet-monorepo/src/artifacts/bin/FileStorage.Tests/release_osx-arm64/FileStorage.Tests.dll" adapterTypeName="executor://mstestadapter/v2" className="FileStorage.Tests.MemoryFileStorageTests" name="TestParentDirectory" />
    </UnitTest>
    <UnitTest name="TestDirectoryCreate" storage="/users/runner/work/dotnet-monorepo/dotnet-monorepo/src/artifacts/bin/filestorage.tests/release_osx-arm64/filestorage.tests.dll" id="0e088d27-c7d7-0291-d4f0-8f7b1d9da554">
      <Execution id="bc848dfe-48c8-4b7c-a7b9-07d04fc6b195" />
      <TestMethod codeBase="/Users/runner/work/dotnet-monorepo/dotnet-monorepo/src/artifacts/bin/FileStorage.Tests/release_osx-arm64/FileStorage.Tests.dll" adapterTypeName="executor://mstestadapter/v2" className="FileStorage.Tests.FilesystemFileStorageTests" name="TestDirectoryCreate" />
    </UnitTest>
    <UnitTest name="TestFileOpenReadWriteExistingFile" storage="/users/runner/work/dotnet-monorepo/dotnet-monorepo/src/artifacts/bin/filestorage.tests/release_osx-arm64/filestorage.tests.dll" id="7d7edaab-f11c-42a8-dc0e-01ee01112f84">
      <Execution id="00301038-0895-4f9f-a7b2-6451a202379b" />
      <TestMethod codeBase="/Users/runner/work/dotnet-monorepo/dotnet-monorepo/src/artifacts/bin/FileStorage.Tests/release_osx-arm64/FileStorage.Tests.dll" adapterTypeName="executor://mstestadapter/v2" className="FileStorage.Tests.ZipFileStorageTests" name="TestFileOpenReadWriteExistingFile" />
    </UnitTest>
    <UnitTest name="TestEnumerateDirectoriesAsync" storage="/users/runner/work/dotnet-monorepo/dotnet-monorepo/src/artifacts/bin/filestorage.tests/release_osx-arm64/filestorage.tests.dll" id="0f1da9e6-1cbf-8583-2f6b-0061293bebf8">
      <Execution id="df075439-a899-4592-9d96-d5a5e8f14949" />
      <TestMethod codeBase="/Users/runner/work/dotnet-monorepo/dotnet-monorepo/src/artifacts/bin/FileStorage.Tests/release_osx-arm64/FileStorage.Tests.dll" adapterTypeName="executor://mstestadapter/v2" className="FileStorage.Tests.SyncToAsyncDirectoryAdapterTests" name="TestEnumerateDirectoriesAsync" />
    </UnitTest>
    <UnitTest name="TestExistsAsync (False)" storage="/users/runner/work/dotnet-monorepo/dotnet-monorepo/src/artifacts/bin/filestorage.tests/release_osx-arm64/filestorage.tests.dll" id="9ee8bdb3-752d-d7fa-92e7-baaf5a6a275d">
      <Execution id="3ec136e3-d980-4c88-b242-ec22e99cbf98" />
      <TestMethod codeBase="/Users/runner/work/dotnet-monorepo/dotnet-monorepo/src/artifacts/bin/FileStorage.Tests/release_osx-arm64/FileStorage.Tests.dll" adapterTypeName="executor://mstestadapter/v2" className="FileStorage.Tests.SyncToAsyncDirectoryAdapterTests" name="TestExistsAsync" />
    </UnitTest>
    <UnitTest name="TestDirectoryEnumerateFilesDirectories (&quot;&quot;)" storage="/users/runner/work/dotnet-monorepo/dotnet-monorepo/src/artifacts/bin/filestorage.tests/release_osx-arm64/filestorage.tests.dll" id="f8c037a4-86a1-940c-dee2-3812680c280a">
      <Execution id="89d95597-6b7d-4077-8197-e9c3e877f507" />
      <TestMethod codeBase="/Users/runner/work/dotnet-monorepo/dotnet-monorepo/src/artifacts/bin/FileStorage.Tests/release_osx-arm64/FileStorage.Tests.dll" adapterTypeName="executor://mstestadapter/v2" className="FileStorage.Tests.FilesystemFileStorageTests" name="TestDirectoryEnumerateFilesDirectories" />
    </UnitTest>
    <UnitTest name="TestDirectoryNameWithDot" storage="/users/runner/work/dotnet-monorepo/dotnet-monorepo/src/artifacts/bin/filestorage.tests/release_osx-arm64/filestorage.tests.dll" id="51e79817-9cb4-c803-a9cd-be62c5643252">
      <Execution id="553e3976-3ab6-475e-b2e4-3a04f4613289" />
      <TestMethod codeBase="/Users/runner/work/dotnet-monorepo/dotnet-monorepo/src/artifacts/bin/FileStorage.Tests/release_osx-arm64/FileStorage.Tests.dll" adapterTypeName="executor://mstestadapter/v2" className="FileStorage.Tests.ZipFileStorageTests" name="TestDirectoryNameWithDot" />
    </UnitTest>
    <UnitTest name="TestDirectoryCreateExisting" storage="/users/runner/work/dotnet-monorepo/dotnet-monorepo/src/artifacts/bin/filestorage.tests/release_osx-arm64/filestorage.tests.dll" id="5b8af763-c9e7-a7dc-38c5-6c93729daebf">
      <Execution id="4a78da71-5ea6-42fa-8b1a-12b9dc651b46" />
      <TestMethod codeBase="/Users/runner/work/dotnet-monorepo/dotnet-monorepo/src/artifacts/bin/FileStorage.Tests/release_osx-arm64/FileStorage.Tests.dll" adapterTypeName="executor://mstestadapter/v2" className="FileStorage.Tests.MemoryFileStorageTests" name="TestDirectoryCreateExisting" />
    </UnitTest>
    <UnitTest name="TestEmptyFilePaths" storage="/users/runner/work/dotnet-monorepo/dotnet-monorepo/src/artifacts/bin/filestorage.tests/release_osx-arm64/filestorage.tests.dll" id="30b186da-9a79-931d-4ee5-ecdfe5db3c76">
      <Execution id="97a12d17-34da-4d01-83a4-f5bb2cfe37f9" />
      <TestMethod codeBase="/Users/runner/work/dotnet-monorepo/dotnet-monorepo/src/artifacts/bin/FileStorage.Tests/release_osx-arm64/FileStorage.Tests.dll" adapterTypeName="executor://mstestadapter/v2" className="FileStorage.Tests.MemoryFileStorageTests" name="TestEmptyFilePaths" />
    </UnitTest>
    <UnitTest name="TestDeleteEmptyPathDirectory" storage="/users/runner/work/dotnet-monorepo/dotnet-monorepo/src/artifacts/bin/filestorage.tests/release_osx-arm64/filestorage.tests.dll" id="02f617f7-c2f8-ea60-5be7-c053e0a3cf57">
      <Execution id="173e65d5-77c6-477d-bd04-4d0acd144595" />
      <TestMethod codeBase="/Users/runner/work/dotnet-monorepo/dotnet-monorepo/src/artifacts/bin/FileStorage.Tests/release_osx-arm64/FileStorage.Tests.dll" adapterTypeName="executor://mstestadapter/v2" className="FileStorage.Tests.MemoryFileStorageTests" name="TestDeleteEmptyPathDirectory" />
    </UnitTest>
    <UnitTest name="TestDirectoryFullPathIsConsistent" storage="/users/runner/work/dotnet-monorepo/dotnet-monorepo/src/artifacts/bin/filestorage.tests/release_osx-arm64/filestorage.tests.dll" id="2e325afd-71c3-c013-f9e9-d25d63271309">
      <Execution id="00632d05-a935-48b9-9639-4abdae051a7a" />
      <TestMethod codeBase="/Users/runner/work/dotnet-monorepo/dotnet-monorepo/src/artifacts/bin/FileStorage.Tests/release_osx-arm64/FileStorage.Tests.dll" adapterTypeName="executor://mstestadapter/v2" className="FileStorage.Tests.MemoryFileStorageTests" name="TestDirectoryFullPathIsConsistent" />
    </UnitTest>
    <UnitTest name="TestDirectoryEnumerateFilesDirectories (&quot;&quot;)" storage="/users/runner/work/dotnet-monorepo/dotnet-monorepo/src/artifacts/bin/filestorage.tests/release_osx-arm64/filestorage.tests.dll" id="08e0f610-476a-cb6d-5d83-04cfa0bb5513">
      <Execution id="bc540f8e-ba63-4e9e-802a-67bdfe2a3ee2" />
      <TestMethod codeBase="/Users/runner/work/dotnet-monorepo/dotnet-monorepo/src/artifacts/bin/FileStorage.Tests/release_osx-arm64/FileStorage.Tests.dll" adapterTypeName="executor://mstestadapter/v2" className="FileStorage.Tests.ZipFileStorageTests" name="TestDirectoryEnumerateFilesDirectories" />
    </UnitTest>
    <UnitTest name="TestDirectoryFullPathIsConsistent" storage="/users/runner/work/dotnet-monorepo/dotnet-monorepo/src/artifacts/bin/filestorage.tests/release_osx-arm64/filestorage.tests.dll" id="ee7e4fee-92ed-61e3-75da-bff49e330275">
      <Execution id="18df0a66-aa32-46f9-86a3-146bd89d2ed4" />
      <TestMethod codeBase="/Users/runner/work/dotnet-monorepo/dotnet-monorepo/src/artifacts/bin/FileStorage.Tests/release_osx-arm64/FileStorage.Tests.dll" adapterTypeName="executor://mstestadapter/v2" className="FileStorage.Tests.FilesystemFileStorageTests" name="TestDirectoryFullPathIsConsistent" />
    </UnitTest>
    <UnitTest name="TestFileExtension" storage="/users/runner/work/dotnet-monorepo/dotnet-monorepo/src/artifacts/bin/filestorage.tests/release_osx-arm64/filestorage.tests.dll" id="6de70bcc-1fd5-fee6-1433-0f0245c25247">
      <Execution id="95d8e3f4-9ddb-4958-a037-43ce5eb51b03" />
      <TestMethod codeBase="/Users/runner/work/dotnet-monorepo/dotnet-monorepo/src/artifacts/bin/FileStorage.Tests/release_osx-arm64/FileStorage.Tests.dll" adapterTypeName="executor://mstestadapter/v2" className="FileStorage.Tests.FilesystemFileStorageTests" name="TestFileExtension" />
    </UnitTest>
    <UnitTest name="TestDirectoryDeleteExistingDirectory" storage="/users/runner/work/dotnet-monorepo/dotnet-monorepo/src/artifacts/bin/filestorage.tests/release_osx-arm64/filestorage.tests.dll" id="109778f8-1a3f-c921-f480-5b33ec9e404c">
      <Execution id="730041e6-1ac2-488a-af45-1a71966c8def" />
      <TestMethod codeBase="/Users/runner/work/dotnet-monorepo/dotnet-monorepo/src/artifacts/bin/FileStorage.Tests/release_osx-arm64/FileStorage.Tests.dll" adapterTypeName="executor://mstestadapter/v2" className="FileStorage.Tests.FilesystemFileStorageTests" name="TestDirectoryDeleteExistingDirectory" />
    </UnitTest>
    <UnitTest name="TestEmptyDirectoryPaths" storage="/users/runner/work/dotnet-monorepo/dotnet-monorepo/src/artifacts/bin/filestorage.tests/release_osx-arm64/filestorage.tests.dll" id="b414c790-0451-ffab-cace-9828ee75369b">
      <Execution id="582d15eb-4073-4b12-91d3-edee94e824e6" />
      <TestMethod codeBase="/Users/runner/work/dotnet-monorepo/dotnet-monorepo/src/artifacts/bin/FileStorage.Tests/release_osx-arm64/FileStorage.Tests.dll" adapterTypeName="executor://mstestadapter/v2" className="FileStorage.Tests.ZipFileStorageTests" name="TestEmptyDirectoryPaths" />
    </UnitTest>
    <UnitTest name="TestFileName" storage="/users/runner/work/dotnet-monorepo/dotnet-monorepo/src/artifacts/bin/filestorage.tests/release_osx-arm64/filestorage.tests.dll" id="24b7a9df-0abd-14f1-06c9-9d72cbf192b3">
      <Execution id="737c96e5-02bb-4f4f-857a-d731342f2bbf" />
      <TestMethod codeBase="/Users/runner/work/dotnet-monorepo/dotnet-monorepo/src/artifacts/bin/FileStorage.Tests/release_osx-arm64/FileStorage.Tests.dll" adapterTypeName="executor://mstestadapter/v2" className="FileStorage.Tests.FilesystemFileStorageTests" name="TestFileName" />
    </UnitTest>
    <UnitTest name="TestExistsAsyncThrowsIfCancelled" storage="/users/runner/work/dotnet-monorepo/dotnet-monorepo/src/artifacts/bin/filestorage.tests/release_osx-arm64/filestorage.tests.dll" id="6484f54f-0ad5-b721-001b-ebf002fed6b2">
      <Execution id="9ce74b5f-609d-4ac3-b29a-987baba0d47f" />
      <TestMethod codeBase="/Users/runner/work/dotnet-monorepo/dotnet-monorepo/src/artifacts/bin/FileStorage.Tests/release_osx-arm64/FileStorage.Tests.dll" adapterTypeName="executor://mstestadapter/v2" className="FileStorage.Tests.SyncToAsyncFileAdapterTests" name="TestExistsAsyncThrowsIfCancelled" />
    </UnitTest>
    <UnitTest name="TestFileFullPathIsConsistent" storage="/users/runner/work/dotnet-monorepo/dotnet-monorepo/src/artifacts/bin/filestorage.tests/release_osx-arm64/filestorage.tests.dll" id="4f6773f6-14de-a05b-1a5d-745be43beb3f">
      <Execution id="b36c4c4a-ffd0-4023-9454-72f6666fc96a" />
      <TestMethod codeBase="/Users/runner/work/dotnet-monorepo/dotnet-monorepo/src/artifacts/bin/FileStorage.Tests/release_osx-arm64/FileStorage.Tests.dll" adapterTypeName="executor://mstestadapter/v2" className="FileStorage.Tests.MemoryFileStorageTests" name="TestFileFullPathIsConsistent" />
    </UnitTest>
    <UnitTest name="TestParentDirectory" storage="/users/runner/work/dotnet-monorepo/dotnet-monorepo/src/artifacts/bin/filestorage.tests/release_osx-arm64/filestorage.tests.dll" id="c901782e-ef1c-b42b-60f1-435a0351d1c3">
      <Execution id="7ad4b516-0f4a-4127-afa9-ddae5b95d2e4" />
      <TestMethod codeBase="/Users/runner/work/dotnet-monorepo/dotnet-monorepo/src/artifacts/bin/FileStorage.Tests/release_osx-arm64/FileStorage.Tests.dll" adapterTypeName="executor://mstestadapter/v2" className="FileStorage.Tests.ZipFileStorageTests" name="TestParentDirectory" />
    </UnitTest>
    <UnitTest name="TestDeleteAsync" storage="/users/runner/work/dotnet-monorepo/dotnet-monorepo/src/artifacts/bin/filestorage.tests/release_osx-arm64/filestorage.tests.dll" id="1c9877c6-ebfa-9f2c-ee53-ef4e577d1078">
      <Execution id="588fbafd-cbb6-488e-a111-1f6fc1f98f97" />
      <TestMethod codeBase="/Users/runner/work/dotnet-monorepo/dotnet-monorepo/src/artifacts/bin/FileStorage.Tests/release_osx-arm64/FileStorage.Tests.dll" adapterTypeName="executor://mstestadapter/v2" className="FileStorage.Tests.SyncToAsyncFileAdapterTests" name="TestDeleteAsync" />
    </UnitTest>
    <UnitTest name="TestDirectoryFullPathIsConsistent" storage="/users/runner/work/dotnet-monorepo/dotnet-monorepo/src/artifacts/bin/filestorage.tests/release_osx-arm64/filestorage.tests.dll" id="45544f1a-d7a2-d9e7-5fa3-60036434748b">
      <Execution id="23801389-cee3-4c9a-94b3-3b94814ba826" />
      <TestMethod codeBase="/Users/runner/work/dotnet-monorepo/dotnet-monorepo/src/artifacts/bin/FileStorage.Tests/release_osx-arm64/FileStorage.Tests.dll" adapterTypeName="executor://mstestadapter/v2" className="FileStorage.Tests.ZipFileStorageTests" name="TestDirectoryFullPathIsConsistent" />
    </UnitTest>
    <UnitTest name="TestDeleteNonExistent" storage="/users/runner/work/dotnet-monorepo/dotnet-monorepo/src/artifacts/bin/filestorage.tests/release_osx-arm64/filestorage.tests.dll" id="009a2387-0a42-469f-a4ba-4b5d7815ce64">
      <Execution id="cf4a4109-c112-4852-8355-272a3d015a77" />
      <TestMethod codeBase="/Users/runner/work/dotnet-monorepo/dotnet-monorepo/src/artifacts/bin/FileStorage.Tests/release_osx-arm64/FileStorage.Tests.dll" adapterTypeName="executor://mstestadapter/v2" className="FileStorage.Tests.FilesystemFileStorageTests" name="TestDeleteNonExistent" />
    </UnitTest>
    <UnitTest name="TestExistsAsync (True)" storage="/users/runner/work/dotnet-monorepo/dotnet-monorepo/src/artifacts/bin/filestorage.tests/release_osx-arm64/filestorage.tests.dll" id="a89f0bbf-e5bb-9494-34d2-174c60a99834">
      <Execution id="132619f5-71be-401a-ba9f-e892dc500d0c" />
      <TestMethod codeBase="/Users/runner/work/dotnet-monorepo/dotnet-monorepo/src/artifacts/bin/FileStorage.Tests/release_osx-arm64/FileStorage.Tests.dll" adapterTypeName="executor://mstestadapter/v2" className="FileStorage.Tests.SyncToAsyncFileAdapterTests" name="TestExistsAsync" />
    </UnitTest>
    <UnitTest name="TestDirectoryDeleteExistingDirectory" storage="/users/runner/work/dotnet-monorepo/dotnet-monorepo/src/artifacts/bin/filestorage.tests/release_osx-arm64/filestorage.tests.dll" id="fe70811c-eba8-dd1f-7c22-0fa4e60d4aa2">
      <Execution id="226a14f9-aa8b-42c0-b483-9acdea250aa6" />
      <TestMethod codeBase="/Users/runner/work/dotnet-monorepo/dotnet-monorepo/src/artifacts/bin/FileStorage.Tests/release_osx-arm64/FileStorage.Tests.dll" adapterTypeName="executor://mstestadapter/v2" className="FileStorage.Tests.MemoryFileStorageTests" name="TestDirectoryDeleteExistingDirectory" />
    </UnitTest>
    <UnitTest name="TestCompression" storage="/users/runner/work/dotnet-monorepo/dotnet-monorepo/src/artifacts/bin/filestorage.tests/release_osx-arm64/filestorage.tests.dll" id="071eaba4-a09d-f772-7109-6fc000a80917">
      <Execution id="9f087022-cee9-41cd-92d7-328eb2c10ec9" />
      <TestMethod codeBase="/Users/runner/work/dotnet-monorepo/dotnet-monorepo/src/artifacts/bin/FileStorage.Tests/release_osx-arm64/FileStorage.Tests.dll" adapterTypeName="executor://mstestadapter/v2" className="FileStorage.Tests.ZipFileStorageTests" name="TestCompression" />
    </UnitTest>
    <UnitTest name="TestDeleteAsyncThrowsIfCancelled" storage="/users/runner/work/dotnet-monorepo/dotnet-monorepo/src/artifacts/bin/filestorage.tests/release_osx-arm64/filestorage.tests.dll" id="5e7e342f-9a2b-efbe-0225-541455a94587">
      <Execution id="8c37c767-908b-4f76-afaa-1d4b4fbcc9f6" />
      <TestMethod codeBase="/Users/runner/work/dotnet-monorepo/dotnet-monorepo/src/artifacts/bin/FileStorage.Tests/release_osx-arm64/FileStorage.Tests.dll" adapterTypeName="executor://mstestadapter/v2" className="FileStorage.Tests.SyncToAsyncFileAdapterTests" name="TestDeleteAsyncThrowsIfCancelled" />
    </UnitTest>
    <UnitTest name="TestFileFullPathIsConsistent" storage="/users/runner/work/dotnet-monorepo/dotnet-monorepo/src/artifacts/bin/filestorage.tests/release_osx-arm64/filestorage.tests.dll" id="8b81bd82-dc36-2cda-229b-b5072167dddf">
      <Execution id="8d502ed8-2f1f-46d9-acc5-195ba5b32a0e" />
      <TestMethod codeBase="/Users/runner/work/dotnet-monorepo/dotnet-monorepo/src/artifacts/bin/FileStorage.Tests/release_osx-arm64/FileStorage.Tests.dll" adapterTypeName="executor://mstestadapter/v2" className="FileStorage.Tests.ZipFileStorageTests" name="TestFileFullPathIsConsistent" />
    </UnitTest>
    <UnitTest name="TestFileExtension" storage="/users/runner/work/dotnet-monorepo/dotnet-monorepo/src/artifacts/bin/filestorage.tests/release_osx-arm64/filestorage.tests.dll" id="cef74505-0de5-871e-983a-ff75ebac7980">
      <Execution id="1abac93e-a962-4555-b627-8aaa7883c3a4" />
      <TestMethod codeBase="/Users/runner/work/dotnet-monorepo/dotnet-monorepo/src/artifacts/bin/FileStorage.Tests/release_osx-arm64/FileStorage.Tests.dll" adapterTypeName="executor://mstestadapter/v2" className="FileStorage.Tests.ZipFileStorageTests" name="TestFileExtension" />
    </UnitTest>
    <UnitTest name="TestDirectoryEnumerateFilesDirectoriesNested" storage="/users/runner/work/dotnet-monorepo/dotnet-monorepo/src/artifacts/bin/filestorage.tests/release_osx-arm64/filestorage.tests.dll" id="9fab18c8-de42-5edf-89cb-38fe842efdcb">
      <Execution id="2a66112d-7384-41b1-a97e-81a6529bb661" />
      <TestMethod codeBase="/Users/runner/work/dotnet-monorepo/dotnet-monorepo/src/artifacts/bin/FileStorage.Tests/release_osx-arm64/FileStorage.Tests.dll" adapterTypeName="executor://mstestadapter/v2" className="FileStorage.Tests.MemoryFileStorageTests" name="TestDirectoryEnumerateFilesDirectoriesNested" />
    </UnitTest>
    <UnitTest name="TestEnumerateFilesAsyncThrowsIfCancelled" storage="/users/runner/work/dotnet-monorepo/dotnet-monorepo/src/artifacts/bin/filestorage.tests/release_osx-arm64/filestorage.tests.dll" id="8eec9c63-7a9d-7281-f2f2-9be7c1791458">
      <Execution id="f42f1d20-4479-4457-9f04-97485a49100d" />
      <TestMethod codeBase="/Users/runner/work/dotnet-monorepo/dotnet-monorepo/src/artifacts/bin/FileStorage.Tests/release_osx-arm64/FileStorage.Tests.dll" adapterTypeName="executor://mstestadapter/v2" className="FileStorage.Tests.SyncToAsyncDirectoryAdapterTests" name="TestEnumerateFilesAsyncThrowsIfCancelled" />
    </UnitTest>
    <UnitTest name="TestDirectoryCreate" storage="/users/runner/work/dotnet-monorepo/dotnet-monorepo/src/artifacts/bin/filestorage.tests/release_osx-arm64/filestorage.tests.dll" id="df1b3604-ffd3-14ba-042b-94c14c177176">
      <Execution id="41c983cb-7023-472e-aa0e-ffe8c56ac994" />
      <TestMethod codeBase="/Users/runner/work/dotnet-monorepo/dotnet-monorepo/src/artifacts/bin/FileStorage.Tests/release_osx-arm64/FileStorage.Tests.dll" adapterTypeName="executor://mstestadapter/v2" className="FileStorage.Tests.ZipFileStorageTests" name="TestDirectoryCreate" />
    </UnitTest>
    <UnitTest name="TestDirectoryEnumerateFilesDirectories (&quot;dir&quot;)" storage="/users/runner/work/dotnet-monorepo/dotnet-monorepo/src/artifacts/bin/filestorage.tests/release_osx-arm64/filestorage.tests.dll" id="43f0a9d2-6fe6-601a-864c-33da0d2f9754">
      <Execution id="a71797fc-adf3-4785-806d-75680ab9eec8" />
      <TestMethod codeBase="/Users/runner/work/dotnet-monorepo/dotnet-monorepo/src/artifacts/bin/FileStorage.Tests/release_osx-arm64/FileStorage.Tests.dll" adapterTypeName="executor://mstestadapter/v2" className="FileStorage.Tests.FilesystemFileStorageTests" name="TestDirectoryEnumerateFilesDirectories" />
    </UnitTest>
    <UnitTest name="TestRootDirectoryExists" storage="/users/runner/work/dotnet-monorepo/dotnet-monorepo/src/artifacts/bin/filestorage.tests/release_osx-arm64/filestorage.tests.dll" id="aa3761b1-576e-01f7-d173-14568b628a0e">
      <Execution id="509f94a9-f16c-437d-9cab-6155cfaa982d" />
      <TestMethod codeBase="/Users/runner/work/dotnet-monorepo/dotnet-monorepo/src/artifacts/bin/FileStorage.Tests/release_osx-arm64/FileStorage.Tests.dll" adapterTypeName="executor://mstestadapter/v2" className="FileStorage.Tests.MemoryFileStorageTests" name="TestRootDirectoryExists" />
    </UnitTest>
    <UnitTest name="TestExistsAsync (False)" storage="/users/runner/work/dotnet-monorepo/dotnet-monorepo/src/artifacts/bin/filestorage.tests/release_osx-arm64/filestorage.tests.dll" id="6cfcf509-16b7-8279-725f-a4ce45ea80aa">
      <Execution id="fc1929cf-7cb0-4dac-ae03-392785f2fee9" />
      <TestMethod codeBase="/Users/runner/work/dotnet-monorepo/dotnet-monorepo/src/artifacts/bin/FileStorage.Tests/release_osx-arm64/FileStorage.Tests.dll" adapterTypeName="executor://mstestadapter/v2" className="FileStorage.Tests.SyncToAsyncFileAdapterTests" name="TestExistsAsync" />
    </UnitTest>
    <UnitTest name="TestFileDelete" storage="/users/runner/work/dotnet-monorepo/dotnet-monorepo/src/artifacts/bin/filestorage.tests/release_osx-arm64/filestorage.tests.dll" id="87471bd0-b3d5-4af4-a468-43e113ade7fe">
      <Execution id="43e4b499-d1f7-4d39-a152-351f8aeda78d" />
      <TestMethod codeBase="/Users/runner/work/dotnet-monorepo/dotnet-monorepo/src/artifacts/bin/FileStorage.Tests/release_osx-arm64/FileStorage.Tests.dll" adapterTypeName="executor://mstestadapter/v2" className="FileStorage.Tests.ZipFileStorageTests" name="TestFileDelete" />
    </UnitTest>
    <UnitTest name="TestDeleteAsyncThrowsIfCancelled" storage="/users/runner/work/dotnet-monorepo/dotnet-monorepo/src/artifacts/bin/filestorage.tests/release_osx-arm64/filestorage.tests.dll" id="4d032d6c-078a-e068-f521-7e2b2c0e37e2">
      <Execution id="79c94b69-492c-4146-adac-1829ec92fc1e" />
      <TestMethod codeBase="/Users/runner/work/dotnet-monorepo/dotnet-monorepo/src/artifacts/bin/FileStorage.Tests/release_osx-arm64/FileStorage.Tests.dll" adapterTypeName="executor://mstestadapter/v2" className="FileStorage.Tests.SyncToAsyncDirectoryAdapterTests" name="TestDeleteAsyncThrowsIfCancelled" />
    </UnitTest>
    <UnitTest name="TestParentDirectory" storage="/users/runner/work/dotnet-monorepo/dotnet-monorepo/src/artifacts/bin/filestorage.tests/release_osx-arm64/filestorage.tests.dll" id="1e8ef867-c861-69f4-badf-30af80491de8">
      <Execution id="4de0e66d-6645-45a7-819c-65dbca9e070d" />
      <TestMethod codeBase="/Users/runner/work/dotnet-monorepo/dotnet-monorepo/src/artifacts/bin/FileStorage.Tests/release_osx-arm64/FileStorage.Tests.dll" adapterTypeName="executor://mstestadapter/v2" className="FileStorage.Tests.FilesystemFileStorageTests" name="TestParentDirectory" />
    </UnitTest>
    <UnitTest name="TestDirectoryEnumerateFilesDirectories (&quot;dir&quot;)" storage="/users/runner/work/dotnet-monorepo/dotnet-monorepo/src/artifacts/bin/filestorage.tests/release_osx-arm64/filestorage.tests.dll" id="64552f8d-56bd-dece-2bde-38ac338fdf57">
      <Execution id="fd6a36e6-d76d-4da5-badb-b0c35173c6be" />
      <TestMethod codeBase="/Users/runner/work/dotnet-monorepo/dotnet-monorepo/src/artifacts/bin/FileStorage.Tests/release_osx-arm64/FileStorage.Tests.dll" adapterTypeName="executor://mstestadapter/v2" className="FileStorage.Tests.ZipFileStorageTests" name="TestDirectoryEnumerateFilesDirectories" />
    </UnitTest>
    <UnitTest name="TestCreateFileWhenParentDirectoryDoesNotExist" storage="/users/runner/work/dotnet-monorepo/dotnet-monorepo/src/artifacts/bin/filestorage.tests/release_osx-arm64/filestorage.tests.dll" id="23d07cc4-2758-a52f-fbcc-4554ce4384ec">
      <Execution id="944934f5-0fbc-4f2d-acc6-8c5cd18d35ed" />
      <TestMethod codeBase="/Users/runner/work/dotnet-monorepo/dotnet-monorepo/src/artifacts/bin/FileStorage.Tests/release_osx-arm64/FileStorage.Tests.dll" adapterTypeName="executor://mstestadapter/v2" className="FileStorage.Tests.MemoryFileStorageTests" name="TestCreateFileWhenParentDirectoryDoesNotExist" />
    </UnitTest>
    <UnitTest name="TestDeleteNonExistent" storage="/users/runner/work/dotnet-monorepo/dotnet-monorepo/src/artifacts/bin/filestorage.tests/release_osx-arm64/filestorage.tests.dll" id="a0d6016a-1d15-01ec-b35a-338af9cc5112">
      <Execution id="17e6925e-b0f6-48d6-9da1-8c8c8ff185eb" />
      <TestMethod codeBase="/Users/runner/work/dotnet-monorepo/dotnet-monorepo/src/artifacts/bin/FileStorage.Tests/release_osx-arm64/FileStorage.Tests.dll" adapterTypeName="executor://mstestadapter/v2" className="FileStorage.Tests.MemoryFileStorageTests" name="TestDeleteNonExistent" />
    </UnitTest>
    <UnitTest name="TestFileDelete" storage="/users/runner/work/dotnet-monorepo/dotnet-monorepo/src/artifacts/bin/filestorage.tests/release_osx-arm64/filestorage.tests.dll" id="f64eab59-d366-aa12-22f3-ad8e634f95d1">
      <Execution id="2a869d1c-61c6-4b95-b465-d29d7d17db83" />
      <TestMethod codeBase="/Users/runner/work/dotnet-monorepo/dotnet-monorepo/src/artifacts/bin/FileStorage.Tests/release_osx-arm64/FileStorage.Tests.dll" adapterTypeName="executor://mstestadapter/v2" className="FileStorage.Tests.FilesystemFileStorageTests" name="TestFileDelete" />
    </UnitTest>
    <UnitTest name="TestDeleteNonExistent" storage="/users/runner/work/dotnet-monorepo/dotnet-monorepo/src/artifacts/bin/filestorage.tests/release_osx-arm64/filestorage.tests.dll" id="824069aa-83cd-e2df-af5a-d971bcf9e8ee">
      <Execution id="09917743-d032-48a8-9720-e585c6aa3cb8" />
      <TestMethod codeBase="/Users/runner/work/dotnet-monorepo/dotnet-monorepo/src/artifacts/bin/FileStorage.Tests/release_osx-arm64/FileStorage.Tests.dll" adapterTypeName="executor://mstestadapter/v2" className="FileStorage.Tests.ZipFileStorageTests" name="TestDeleteNonExistent" />
    </UnitTest>
    <UnitTest name="TestOpenWriteAsync" storage="/users/runner/work/dotnet-monorepo/dotnet-monorepo/src/artifacts/bin/filestorage.tests/release_osx-arm64/filestorage.tests.dll" id="c37f7643-1974-730c-ff6e-4fb586696ec1">
      <Execution id="cd156611-cd2a-47d1-b513-3b1eae7ec7ff" />
      <TestMethod codeBase="/Users/runner/work/dotnet-monorepo/dotnet-monorepo/src/artifacts/bin/FileStorage.Tests/release_osx-arm64/FileStorage.Tests.dll" adapterTypeName="executor://mstestadapter/v2" className="FileStorage.Tests.SyncToAsyncFileAdapterTests" name="TestOpenWriteAsync" />
    </UnitTest>
    <UnitTest name="TestFileStem" storage="/users/runner/work/dotnet-monorepo/dotnet-monorepo/src/artifacts/bin/filestorage.tests/release_osx-arm64/filestorage.tests.dll" id="dafc721a-fc0a-0484-9bd5-7a2ec5a3197f">
      <Execution id="5755253f-647f-4507-90ad-11594d558591" />
      <TestMethod codeBase="/Users/runner/work/dotnet-monorepo/dotnet-monorepo/src/artifacts/bin/FileStorage.Tests/release_osx-arm64/FileStorage.Tests.dll" adapterTypeName="executor://mstestadapter/v2" className="FileStorage.Tests.ZipFileStorageTests" name="TestFileStem" />
    </UnitTest>
    <UnitTest name="TestOpenReadAsync" storage="/users/runner/work/dotnet-monorepo/dotnet-monorepo/src/artifacts/bin/filestorage.tests/release_osx-arm64/filestorage.tests.dll" id="1f720387-7182-1f7e-79cf-5e42f1b3a177">
      <Execution id="7f1fc001-76a2-4e77-a98d-4d7de6da086f" />
      <TestMethod codeBase="/Users/runner/work/dotnet-monorepo/dotnet-monorepo/src/artifacts/bin/FileStorage.Tests/release_osx-arm64/FileStorage.Tests.dll" adapterTypeName="executor://mstestadapter/v2" className="FileStorage.Tests.SyncToAsyncFileAdapterTests" name="TestOpenReadAsync" />
    </UnitTest>
    <UnitTest name="TestDeleteAsync" storage="/users/runner/work/dotnet-monorepo/dotnet-monorepo/src/artifacts/bin/filestorage.tests/release_osx-arm64/filestorage.tests.dll" id="607da53e-34ec-12fb-53d4-7b9a98141219">
      <Execution id="f515eeca-4362-412b-afab-3582beec8009" />
      <TestMethod codeBase="/Users/runner/work/dotnet-monorepo/dotnet-monorepo/src/artifacts/bin/FileStorage.Tests/release_osx-arm64/FileStorage.Tests.dll" adapterTypeName="executor://mstestadapter/v2" className="FileStorage.Tests.SyncToAsyncDirectoryAdapterTests" name="TestDeleteAsync" />
    </UnitTest>
    <UnitTest name="TestFileOpenReadWriteExistingFile" storage="/users/runner/work/dotnet-monorepo/dotnet-monorepo/src/artifacts/bin/filestorage.tests/release_osx-arm64/filestorage.tests.dll" id="80da2137-b6cc-609b-971f-7e7a4fdb564d">
      <Execution id="db41aeaa-7b3d-4951-80a2-291589c9c0bb" />
      <TestMethod codeBase="/Users/runner/work/dotnet-monorepo/dotnet-monorepo/src/artifacts/bin/FileStorage.Tests/release_osx-arm64/FileStorage.Tests.dll" adapterTypeName="executor://mstestadapter/v2" className="FileStorage.Tests.FilesystemFileStorageTests" name="TestFileOpenReadWriteExistingFile" />
    </UnitTest>
    <UnitTest name="TestDirectoryEnumerateFilesDirectories (&quot;&quot;)" storage="/users/runner/work/dotnet-monorepo/dotnet-monorepo/src/artifacts/bin/filestorage.tests/release_osx-arm64/filestorage.tests.dll" id="2b565eab-d7f1-591c-d1b8-d74976982623">
      <Execution id="9064fbd9-96a3-41d9-a32d-be98953b9f97" />
      <TestMethod codeBase="/Users/runner/work/dotnet-monorepo/dotnet-monorepo/src/artifacts/bin/FileStorage.Tests/release_osx-arm64/FileStorage.Tests.dll" adapterTypeName="executor://mstestadapter/v2" className="FileStorage.Tests.MemoryFileStorageTests" name="TestDirectoryEnumerateFilesDirectories" />
    </UnitTest>
    <UnitTest name="TestCreateFileWhenParentDirectoryDoesNotExist" storage="/users/runner/work/dotnet-monorepo/dotnet-monorepo/src/artifacts/bin/filestorage.tests/release_osx-arm64/filestorage.tests.dll" id="1d8061bb-017e-dbad-4465-67af30ac9b23">
      <Execution id="c4ea3d6f-2f70-4836-944d-8e586a8982e5" />
      <TestMethod codeBase="/Users/runner/work/dotnet-monorepo/dotnet-monorepo/src/artifacts/bin/FileStorage.Tests/release_osx-arm64/FileStorage.Tests.dll" adapterTypeName="executor://mstestadapter/v2" className="FileStorage.Tests.ZipFileStorageTests" name="TestCreateFileWhenParentDirectoryDoesNotExist" />
    </UnitTest>
  </TestDefinitions>
  <TestEntries>
    <TestEntry testId="c37f7643-1974-730c-ff6e-4fb586696ec1" executionId="cd156611-cd2a-47d1-b513-3b1eae7ec7ff" testListId="8c84fa94-04c1-424b-9868-57a2d4851a1d" />
    <TestEntry testId="0ecc2e03-b166-5e66-a255-0a8ecc71ea81" executionId="091fb589-f54e-41a9-8b0c-d38153174bd1" testListId="8c84fa94-04c1-424b-9868-57a2d4851a1d" />
    <TestEntry testId="ee7e4fee-92ed-61e3-75da-bff49e330275" executionId="18df0a66-aa32-46f9-86a3-146bd89d2ed4" testListId="8c84fa94-04c1-424b-9868-57a2d4851a1d" />
    <TestEntry testId="c901782e-ef1c-b42b-60f1-435a0351d1c3" executionId="7ad4b516-0f4a-4127-afa9-ddae5b95d2e4" testListId="8c84fa94-04c1-424b-9868-57a2d4851a1d" />
    <TestEntry testId="dafc721a-fc0a-0484-9bd5-7a2ec5a3197f" executionId="5755253f-647f-4507-90ad-11594d558591" testListId="8c84fa94-04c1-424b-9868-57a2d4851a1d" />
    <TestEntry testId="df69c3a6-a997-1bec-3536-98911cb3c458" executionId="1a4e5f84-351d-4a14-98c6-f1e33260a57c" testListId="8c84fa94-04c1-424b-9868-57a2d4851a1d" />
    <TestEntry testId="2b565eab-d7f1-591c-d1b8-d74976982623" executionId="9064fbd9-96a3-41d9-a32d-be98953b9f97" testListId="8c84fa94-04c1-424b-9868-57a2d4851a1d" />
    <TestEntry testId="43f0a9d2-6fe6-601a-864c-33da0d2f9754" executionId="a71797fc-adf3-4785-806d-75680ab9eec8" testListId="8c84fa94-04c1-424b-9868-57a2d4851a1d" />
    <TestEntry testId="a0d6016a-1d15-01ec-b35a-338af9cc5112" executionId="17e6925e-b0f6-48d6-9da1-8c8c8ff185eb" testListId="8c84fa94-04c1-424b-9868-57a2d4851a1d" />
    <TestEntry testId="7eb76f2c-21a5-f549-3581-458e2d90bb4e" executionId="df626bc0-f1da-478d-bcc0-7a05fc6e6137" testListId="8c84fa94-04c1-424b-9868-57a2d4851a1d" />
    <TestEntry testId="fe70811c-eba8-dd1f-7c22-0fa4e60d4aa2" executionId="226a14f9-aa8b-42c0-b483-9acdea250aa6" testListId="8c84fa94-04c1-424b-9868-57a2d4851a1d" />
    <TestEntry testId="009a2387-0a42-469f-a4ba-4b5d7815ce64" executionId="cf4a4109-c112-4852-8355-272a3d015a77" testListId="8c84fa94-04c1-424b-9868-57a2d4851a1d" />
    <TestEntry testId="8eec9c63-7a9d-7281-f2f2-9be7c1791458" executionId="f42f1d20-4479-4457-9f04-97485a49100d" testListId="8c84fa94-04c1-424b-9868-57a2d4851a1d" />
    <TestEntry testId="51e79817-9cb4-c803-a9cd-be62c5643252" executionId="553e3976-3ab6-475e-b2e4-3a04f4613289" testListId="8c84fa94-04c1-424b-9868-57a2d4851a1d" />
    <TestEntry testId="30b186da-9a79-931d-4ee5-ecdfe5db3c76" executionId="97a12d17-34da-4d01-83a4-f5bb2cfe37f9" testListId="8c84fa94-04c1-424b-9868-57a2d4851a1d" />
    <TestEntry testId="49fe5267-fc48-c49a-f934-3af546ee163f" executionId="1ffe8ff8-ab70-45f8-960e-e6ebe933f6f4" testListId="8c84fa94-04c1-424b-9868-57a2d4851a1d" />
    <TestEntry testId="fca03aaa-9bd0-d573-60dc-d9376c9ea610" executionId="ff5c6648-10c7-4197-9664-049e02b5358a" testListId="8c84fa94-04c1-424b-9868-57a2d4851a1d" />
    <TestEntry testId="adcd8de1-a2fb-d996-6dae-d799ebeca291" executionId="f005611b-2f8c-481b-9754-b8563298301b" testListId="8c84fa94-04c1-424b-9868-57a2d4851a1d" />
    <TestEntry testId="45544f1a-d7a2-d9e7-5fa3-60036434748b" executionId="23801389-cee3-4c9a-94b3-3b94814ba826" testListId="8c84fa94-04c1-424b-9868-57a2d4851a1d" />
    <TestEntry testId="6de70bcc-1fd5-fee6-1433-0f0245c25247" executionId="95d8e3f4-9ddb-4958-a037-43ce5eb51b03" testListId="8c84fa94-04c1-424b-9868-57a2d4851a1d" />
    <TestEntry testId="f8c037a4-86a1-940c-dee2-3812680c280a" executionId="89d95597-6b7d-4077-8197-e9c3e877f507" testListId="8c84fa94-04c1-424b-9868-57a2d4851a1d" />
    <TestEntry testId="797b8a01-8186-1169-ecab-9b51ad970e5d" executionId="a1687e3f-5cd1-457f-8f5e-8d82de77226f" testListId="8c84fa94-04c1-424b-9868-57a2d4851a1d" />
    <TestEntry testId="d4d986da-d4bd-08f4-57b5-191f12483e46" executionId="7fa6f440-7c59-44d8-b096-c2438843ddfc" testListId="8c84fa94-04c1-424b-9868-57a2d4851a1d" />
    <TestEntry testId="23d07cc4-2758-a52f-fbcc-4554ce4384ec" executionId="944934f5-0fbc-4f2d-acc6-8c5cd18d35ed" testListId="8c84fa94-04c1-424b-9868-57a2d4851a1d" />
    <TestEntry testId="1f720387-7182-1f7e-79cf-5e42f1b3a177" executionId="7f1fc001-76a2-4e77-a98d-4d7de6da086f" testListId="8c84fa94-04c1-424b-9868-57a2d4851a1d" />
    <TestEntry testId="f7b478bc-0212-d153-656f-f41f57754de4" executionId="83f01695-a447-4d78-9129-8f2a533fa98a" testListId="8c84fa94-04c1-424b-9868-57a2d4851a1d" />
    <TestEntry testId="9a8424cd-4f80-220e-7900-daa37175ddae" executionId="5c95e0a4-4bd4-423c-8be6-351a4c103d76" testListId="8c84fa94-04c1-424b-9868-57a2d4851a1d" />
    <TestEntry testId="0f1da9e6-1cbf-8583-2f6b-0061293bebf8" executionId="df075439-a899-4592-9d96-d5a5e8f14949" testListId="8c84fa94-04c1-424b-9868-57a2d4851a1d" />
    <TestEntry testId="ff3ef572-f71c-5031-deee-22a40c319a7b" executionId="6ab1f4be-2126-4c5c-9134-dd894a0ab96c" testListId="8c84fa94-04c1-424b-9868-57a2d4851a1d" />
    <TestEntry testId="966fde8d-32df-314c-6115-6a9b32ec93b9" executionId="28f23ea0-5b5e-419b-b794-e387599d16c0" testListId="8c84fa94-04c1-424b-9868-57a2d4851a1d" />
    <TestEntry testId="bda2bfb3-e5c0-2200-50a6-0294fcf407ea" executionId="9e8d021c-0dda-426f-a919-a520181b6eec" testListId="8c84fa94-04c1-424b-9868-57a2d4851a1d" />
    <TestEntry testId="125bc9fc-30db-ee48-7efe-8896541b5651" executionId="8e4897cc-b1c2-4f98-a03d-a6a663a82cfe" testListId="8c84fa94-04c1-424b-9868-57a2d4851a1d" />
    <TestEntry testId="5e7e342f-9a2b-efbe-0225-541455a94587" executionId="8c37c767-908b-4f76-afaa-1d4b4fbcc9f6" testListId="8c84fa94-04c1-424b-9868-57a2d4851a1d" />
    <TestEntry testId="8b81bd82-dc36-2cda-229b-b5072167dddf" executionId="8d502ed8-2f1f-46d9-acc5-195ba5b32a0e" testListId="8c84fa94-04c1-424b-9868-57a2d4851a1d" />
    <TestEntry testId="80da2137-b6cc-609b-971f-7e7a4fdb564d" executionId="db41aeaa-7b3d-4951-80a2-291589c9c0bb" testListId="8c84fa94-04c1-424b-9868-57a2d4851a1d" />
    <TestEntry testId="12d1cb41-6b3b-e919-4920-056dbd3aad76" executionId="cf6d340f-8d24-4f17-a48b-71bb2ee453f1" testListId="8c84fa94-04c1-424b-9868-57a2d4851a1d" />
    <TestEntry testId="f8e7277d-d9f8-29f5-60e4-5fbb63d964ed" executionId="5627832b-1510-4243-8682-9622c88f292e" testListId="8c84fa94-04c1-424b-9868-57a2d4851a1d" />
    <TestEntry testId="1e8ef867-c861-69f4-badf-30af80491de8" executionId="4de0e66d-6645-45a7-819c-65dbca9e070d" testListId="8c84fa94-04c1-424b-9868-57a2d4851a1d" />
    <TestEntry testId="8e708a48-e948-fee1-2a70-df94ce5b6a29" executionId="94163e31-f029-4c50-b438-6f2355092bda" testListId="8c84fa94-04c1-424b-9868-57a2d4851a1d" />
    <TestEntry testId="1e71ad58-a0ad-4cd0-0218-6a992bf4f71a" executionId="e5cba68d-a412-40af-8096-ac19ce7d7cfc" testListId="8c84fa94-04c1-424b-9868-57a2d4851a1d" />
    <TestEntry testId="64552f8d-56bd-dece-2bde-38ac338fdf57" executionId="fd6a36e6-d76d-4da5-badb-b0c35173c6be" testListId="8c84fa94-04c1-424b-9868-57a2d4851a1d" />
    <TestEntry testId="6e5b91a2-6a19-9c04-8737-fad3d45dfaa1" executionId="d1f1afa2-8023-490d-b24d-e2edccf5cffc" testListId="8c84fa94-04c1-424b-9868-57a2d4851a1d" />
    <TestEntry testId="eff7da53-f6a7-63b0-cc4f-2e2f7ff54c59" executionId="cfc86fdf-ad86-4319-b9ba-3ae8b112f57d" testListId="8c84fa94-04c1-424b-9868-57a2d4851a1d" />
    <TestEntry testId="618d4b2b-2ac7-22a8-ee48-265a6ddb8150" executionId="d8215216-ec1a-4b68-8247-db9d55909c3c" testListId="8c84fa94-04c1-424b-9868-57a2d4851a1d" />
    <TestEntry testId="9546a373-c09a-58f7-3312-0de377f90a9a" executionId="3267230b-5224-49d5-83e7-faf3d8f3539c" testListId="8c84fa94-04c1-424b-9868-57a2d4851a1d" />
    <TestEntry testId="24b7a9df-0abd-14f1-06c9-9d72cbf192b3" executionId="737c96e5-02bb-4f4f-857a-d731342f2bbf" testListId="8c84fa94-04c1-424b-9868-57a2d4851a1d" />
    <TestEntry testId="cd0078b3-4b7f-1e54-2b47-dac01f923d15" executionId="358c40a5-1b6e-45c1-840e-35042f076567" testListId="8c84fa94-04c1-424b-9868-57a2d4851a1d" />
    <TestEntry testId="5b8af763-c9e7-a7dc-38c5-6c93729daebf" executionId="4a78da71-5ea6-42fa-8b1a-12b9dc651b46" testListId="8c84fa94-04c1-424b-9868-57a2d4851a1d" />
    <TestEntry testId="de3b2480-d479-605b-e08b-e52b3f60032b" executionId="322f339e-b8d8-427b-b230-446723281c0a" testListId="8c84fa94-04c1-424b-9868-57a2d4851a1d" />
    <TestEntry testId="9fab18c8-de42-5edf-89cb-38fe842efdcb" executionId="2a66112d-7384-41b1-a97e-81a6529bb661" testListId="8c84fa94-04c1-424b-9868-57a2d4851a1d" />
    <TestEntry testId="18605d5f-4c35-09c6-72ca-211e48b57479" executionId="b5111eb2-544f-4d1c-9d00-4d1f50643e87" testListId="8c84fa94-04c1-424b-9868-57a2d4851a1d" />
    <TestEntry testId="c7897527-4e0e-ad49-b035-f1933297433a" executionId="f78bfb20-c8e0-4eaa-9442-3baa3a1220bb" testListId="8c84fa94-04c1-424b-9868-57a2d4851a1d" />
    <TestEntry testId="6cfcf509-16b7-8279-725f-a4ce45ea80aa" executionId="fc1929cf-7cb0-4dac-ae03-392785f2fee9" testListId="8c84fa94-04c1-424b-9868-57a2d4851a1d" />
    <TestEntry testId="f4242541-f62b-6e59-6932-1a9c264c322e" executionId="be5bad8c-597e-4aa2-ba92-d2fa3e5cb40a" testListId="8c84fa94-04c1-424b-9868-57a2d4851a1d" />
    <TestEntry testId="c3d2dfed-dafa-3212-4b58-dbe2ec6a248e" executionId="c9a81f11-617a-4a0a-abab-804575c60baa" testListId="8c84fa94-04c1-424b-9868-57a2d4851a1d" />
    <TestEntry testId="08e0f610-476a-cb6d-5d83-04cfa0bb5513" executionId="bc540f8e-ba63-4e9e-802a-67bdfe2a3ee2" testListId="8c84fa94-04c1-424b-9868-57a2d4851a1d" />
    <TestEntry testId="109778f8-1a3f-c921-f480-5b33ec9e404c" executionId="730041e6-1ac2-488a-af45-1a71966c8def" testListId="8c84fa94-04c1-424b-9868-57a2d4851a1d" />
    <TestEntry testId="a3803826-329d-dc6f-fc7d-0e02805b706c" executionId="505390c1-a055-45f0-a1fd-49761070f455" testListId="8c84fa94-04c1-424b-9868-57a2d4851a1d" />
    <TestEntry testId="4d032d6c-078a-e068-f521-7e2b2c0e37e2" executionId="79c94b69-492c-4146-adac-1829ec92fc1e" testListId="8c84fa94-04c1-424b-9868-57a2d4851a1d" />
    <TestEntry testId="cf4b9090-69b3-1690-d9fc-8e30944ebfcc" executionId="b639e28b-660c-46f2-8007-e8b8f55c2f26" testListId="8c84fa94-04c1-424b-9868-57a2d4851a1d" />
    <TestEntry testId="02f617f7-c2f8-ea60-5be7-c053e0a3cf57" executionId="173e65d5-77c6-477d-bd04-4d0acd144595" testListId="8c84fa94-04c1-424b-9868-57a2d4851a1d" />
    <TestEntry testId="0da9f8a8-e657-b210-b5f3-ec83c8497b26" executionId="5fea9580-f358-45d2-a1e8-07b822a9fdd9" testListId="8c84fa94-04c1-424b-9868-57a2d4851a1d" />
    <TestEntry testId="4215e5b5-fc3c-3e4d-30ae-01a50b08f468" executionId="f7cee70f-2ad9-48b4-b671-61f28614527a" testListId="8c84fa94-04c1-424b-9868-57a2d4851a1d" />
    <TestEntry testId="1d8061bb-017e-dbad-4465-67af30ac9b23" executionId="c4ea3d6f-2f70-4836-944d-8e586a8982e5" testListId="8c84fa94-04c1-424b-9868-57a2d4851a1d" />
    <TestEntry testId="87471bd0-b3d5-4af4-a468-43e113ade7fe" executionId="43e4b499-d1f7-4d39-a152-351f8aeda78d" testListId="8c84fa94-04c1-424b-9868-57a2d4851a1d" />
    <TestEntry testId="1534deb5-67ec-434a-e4c4-2a3259f0bb39" executionId="e574d645-c827-4b39-ac80-3fac6ad848c5" testListId="8c84fa94-04c1-424b-9868-57a2d4851a1d" />
    <TestEntry testId="910e1179-c618-ac81-88d3-77979d52ca2e" executionId="37b4821c-df8f-40dd-bcb9-56f1894405d8" testListId="8c84fa94-04c1-424b-9868-57a2d4851a1d" />
    <TestEntry testId="607da53e-34ec-12fb-53d4-7b9a98141219" executionId="f515eeca-4362-412b-afab-3582beec8009" testListId="8c84fa94-04c1-424b-9868-57a2d4851a1d" />
    <TestEntry testId="f64eab59-d366-aa12-22f3-ad8e634f95d1" executionId="2a869d1c-61c6-4b95-b465-d29d7d17db83" testListId="8c84fa94-04c1-424b-9868-57a2d4851a1d" />
    <TestEntry testId="40b81683-78f2-804b-e88e-f90513574e2a" executionId="85bd3538-f9f9-44f7-ba3b-8e3a3484a6f3" testListId="8c84fa94-04c1-424b-9868-57a2d4851a1d" />
    <TestEntry testId="6484f54f-0ad5-b721-001b-ebf002fed6b2" executionId="9ce74b5f-609d-4ac3-b29a-987baba0d47f" testListId="8c84fa94-04c1-424b-9868-57a2d4851a1d" />
    <TestEntry testId="824069aa-83cd-e2df-af5a-d971bcf9e8ee" executionId="09917743-d032-48a8-9720-e585c6aa3cb8" testListId="8c84fa94-04c1-424b-9868-57a2d4851a1d" />
    <TestEntry testId="3fbe1aef-c231-36db-e42e-599bf3f74565" executionId="22110a0b-b7c3-4eb2-af0f-757ad595f234" testListId="8c84fa94-04c1-424b-9868-57a2d4851a1d" />
    <TestEntry testId="aa3761b1-576e-01f7-d173-14568b628a0e" executionId="509f94a9-f16c-437d-9cab-6155cfaa982d" testListId="8c84fa94-04c1-424b-9868-57a2d4851a1d" />
    <TestEntry testId="2e325afd-71c3-c013-f9e9-d25d63271309" executionId="00632d05-a935-48b9-9639-4abdae051a7a" testListId="8c84fa94-04c1-424b-9868-57a2d4851a1d" />
    <TestEntry testId="7da6318e-98b7-39f0-4161-e0aaa63e4356" executionId="3c323bbc-fda0-4392-93ae-9e78ab34477d" testListId="8c84fa94-04c1-424b-9868-57a2d4851a1d" />
    <TestEntry testId="cef74505-0de5-871e-983a-ff75ebac7980" executionId="1abac93e-a962-4555-b627-8aaa7883c3a4" testListId="8c84fa94-04c1-424b-9868-57a2d4851a1d" />
    <TestEntry testId="1c9877c6-ebfa-9f2c-ee53-ef4e577d1078" executionId="588fbafd-cbb6-488e-a111-1f6fc1f98f97" testListId="8c84fa94-04c1-424b-9868-57a2d4851a1d" />
    <TestEntry testId="9011c160-8b72-47ef-0b19-f1ac4fafc464" executionId="ef477642-1f16-4fcb-bb36-be7d376e5547" testListId="8c84fa94-04c1-424b-9868-57a2d4851a1d" />
    <TestEntry testId="3bd62bd2-9144-6143-2f62-27a8dcf18fb5" executionId="0eb4c989-e3e7-42bf-9390-b39bb8d43f30" testListId="8c84fa94-04c1-424b-9868-57a2d4851a1d" />
    <TestEntry testId="071eaba4-a09d-f772-7109-6fc000a80917" executionId="9f087022-cee9-41cd-92d7-328eb2c10ec9" testListId="8c84fa94-04c1-424b-9868-57a2d4851a1d" />
    <TestEntry testId="7d7edaab-f11c-42a8-dc0e-01ee01112f84" executionId="00301038-0895-4f9f-a7b2-6451a202379b" testListId="8c84fa94-04c1-424b-9868-57a2d4851a1d" />
    <TestEntry testId="a1ac245f-162d-b3d5-902a-73d42908be8b" executionId="e535e890-c0a6-4a1f-9bfb-72fcdbf06a4a" testListId="8c84fa94-04c1-424b-9868-57a2d4851a1d" />
    <TestEntry testId="a89f0bbf-e5bb-9494-34d2-174c60a99834" executionId="132619f5-71be-401a-ba9f-e892dc500d0c" testListId="8c84fa94-04c1-424b-9868-57a2d4851a1d" />
    <TestEntry testId="79c4ff89-0797-e74c-0eb1-6195164e4436" executionId="68a7550e-1611-41ea-b992-f9f92994f807" testListId="8c84fa94-04c1-424b-9868-57a2d4851a1d" />
    <TestEntry testId="4f6773f6-14de-a05b-1a5d-745be43beb3f" executionId="b36c4c4a-ffd0-4023-9454-72f6666fc96a" testListId="8c84fa94-04c1-424b-9868-57a2d4851a1d" />
    <TestEntry testId="a29289ea-bc1d-0083-5118-54a12526b8af" executionId="84532d3e-c187-48b3-976f-441bc5f6fdf7" testListId="8c84fa94-04c1-424b-9868-57a2d4851a1d" />
    <TestEntry testId="b414c790-0451-ffab-cace-9828ee75369b" executionId="582d15eb-4073-4b12-91d3-edee94e824e6" testListId="8c84fa94-04c1-424b-9868-57a2d4851a1d" />
    <TestEntry testId="bacbbd13-aba6-615b-798e-fa63927d70ae" executionId="4d27a1c2-4609-4b07-92f4-514990ee2ebc" testListId="8c84fa94-04c1-424b-9868-57a2d4851a1d" />
    <TestEntry testId="0e088d27-c7d7-0291-d4f0-8f7b1d9da554" executionId="bc848dfe-48c8-4b7c-a7b9-07d04fc6b195" testListId="8c84fa94-04c1-424b-9868-57a2d4851a1d" />
    <TestEntry testId="df1b3604-ffd3-14ba-042b-94c14c177176" executionId="41c983cb-7023-472e-aa0e-ffe8c56ac994" testListId="8c84fa94-04c1-424b-9868-57a2d4851a1d" />
    <TestEntry testId="9ee8bdb3-752d-d7fa-92e7-baaf5a6a275d" executionId="3ec136e3-d980-4c88-b242-ec22e99cbf98" testListId="8c84fa94-04c1-424b-9868-57a2d4851a1d" />
  </TestEntries>
  <TestLists>
    <TestList name="Results Not in a List" id="8c84fa94-04c1-424b-9868-57a2d4851a1d" />
    <TestList name="All Loaded Results" id="19431567-8539-422a-85d7-44ee4e166bda" />
  </TestLists>
  <ResultSummary outcome="Completed">
    <Counters total="92" executed="92" passed="92" failed="0" error="0" timeout="0" aborted="0" inconclusive="0" passedButRunAborted="0" notRunnable="0" notExecuted="0" disconnected="0" warning="0" completed="0" inProgress="0" pending="0" />
  </ResultSummary>
</TestRun>