<?xml version="1.0" encoding="utf-8"?>
<TestRun id="fc1414c7-6493-4433-9c16-9ef054adb1d4" name="@runnervm3ublj 2025-09-27 02:14:36" xmlns="http://microsoft.com/schemas/VisualStudio/TeamTest/2010">
  <Times creation="2025-09-27T02:14:36.4901706+00:00" queuing="2025-09-27T02:14:36.4901707+00:00" start="2025-09-27T02:14:35.9482938+00:00" finish="2025-09-27T02:14:42.6444351+00:00" />
  <TestSettings name="default" id="dbefbc7f-bacd-402d-8c8a-7d091c19234b">
    <Deployment runDeploymentRoot="_runnervm3ublj_2025-09-27_02_14_36" />
  </TestSettings>
  <Results>
    <UnitTestResult executionId="a939668e-4c88-44be-9bdc-74fadfbe61b7" testId="08e0f610-476a-cb6d-5d83-04cfa0bb5513" testName="TestDirectoryEnumerateFilesDirectories (&quot;&quot;)" computerName="runnervm3ublj" duration="00:00:00.0002572" startTime="2025-09-27T02:14:42.5901268+00:00" endTime="2025-09-27T02:14:42.5904610+00:00" testType="13cdc9d9-ddb5-4fa4-a97d-d965ccfc6d4b" outcome="Passed" testListId="8c84fa94-04c1-424b-9868-57a2d4851a1d" relativeResultsDirectory="a939668e-4c88-44be-9bdc-74fadfbe61b7" />
    <UnitTestResult executionId="5406075b-6bf9-4c9a-837f-39d9ddfb43c5" testId="607da53e-34ec-12fb-53d4-7b9a98141219" testName="TestDeleteAsync" computerName="runnervm3ublj" duration="00:00:00.0005925" startTime="2025-09-27T02:14:36.5588096+00:00" endTime="2025-09-27T02:14:36.5594602+00:00" testType="13cdc9d9-ddb5-4fa4-a97d-d965ccfc6d4b" outcome="Passed" testListId="8c84fa94-04c1-424b-9868-57a2d4851a1d" relativeResultsDirectory="5406075b-6bf9-4c9a-837f-39d9ddfb43c5" />
    <UnitTestResult executionId="9951885a-acb0-4a63-afad-700208e59eda" testId="df69c3a6-a997-1bec-3536-98911cb3c458" testName="TestOpenWriteAsyncThrowsIfCancelled" computerName="runnervm3ublj" duration="00:00:00.0004837" startTime="2025-09-27T02:14:36.5732325+00:00" endTime="2025-09-27T02:14:36.5737818+00:00" testType="13cdc9d9-ddb5-4fa4-a97d-d965ccfc6d4b" outcome="Passed" testListId="8c84fa94-04c1-424b-9868-57a2d4851a1d" relativeResultsDirectory="9951885a-acb0-4a63-afad-700208e59eda" />
    <UnitTestResult executionId="ef965675-da40-4bf8-a6c6-a9f4438b6d58" testId="23d07cc4-2758-a52f-fbcc-4554ce4384ec" testName="TestCreateFileWhenParentDirectoryDoesNotExist" computerName="runnervm3ublj" duration="00:00:00.0000388" startTime="2025-09-27T02:14:36.4756703+00:00" endTime="2025-09-27T02:14:36.4757741+00:00" testType="13cdc9d9-ddb5-4fa4-a97d-d965ccfc6d4b" outcome="Passed" testListId="8c84fa94-04c1-424b-9868-57a2d4851a1d" relativeResultsDirectory="ef965675-da40-4bf8-a6c6-a9f4438b6d58" />
    <UnitTestResult executionId="35c9cd24-222b-4842-89b4-1a523f7650c2" testId="adcd8de1-a2fb-d996-6dae-d799ebeca291" testName="TestCreateFileWhenParentDirectoryDoesNotExist" computerName="runnervm3ublj" duration="00:00:00.0004517" startTime="2025-09-27T02:14:36.4645880+00:00" endTime="2025-09-27T02:14:36.4656436+00:00" testType="13cdc9d9-ddb5-4fa4-a97d-d965ccfc6d4b" outcome="Passed" testListId="8c84fa94-04c1-424b-9868-57a2d4851a1d" relativeResultsDirectory="35c9cd24-222b-4842-89b4-1a523f7650c2" />
    <UnitTestResult executionId="c3aa5eee-4810-4d64-8dc2-f2424f5a3b0a" testId="1c9877c6-ebfa-9f2c-ee53-ef4e577d1078" testName="TestDeleteAsync" computerName="runnervm3ublj" duration="00:00:00.0005571" startTime="2025-09-27T02:14:36.5704922+00:00" endTime="2025-09-27T02:14:36.5711115+00:00" testType="13cdc9d9-ddb5-4fa4-a97d-d965ccfc6d4b" outcome="Passed" testListId="8c84fa94-04c1-424b-9868-57a2d4851a1d" relativeResultsDirectory="c3aa5eee-4810-4d64-8dc2-f2424f5a3b0a" />
    <UnitTestResult executionId="de0c32b0-7b7b-4228-83e5-75580e065f42" testId="2e325afd-71c3-c013-f9e9-d25d63271309" testName="TestDirectoryFullPathIsConsistent" computerName="runnervm3ublj" duration="00:00:00.0000147" startTime="2025-09-27T02:14:36.4694277+00:00" endTime="2025-09-27T02:14:36.4694911+00:00" testType="13cdc9d9-ddb5-4fa4-a97d-d965ccfc6d4b" outcome="Passed" testListId="8c84fa94-04c1-424b-9868-57a2d4851a1d" relativeResultsDirectory="de0c32b0-7b7b-4228-83e5-75580e065f42" />
    <UnitTestResult executionId="b26cadf2-57c8-47d3-a4d9-55a2754fb5f4" testId="0f1da9e6-1cbf-8583-2f6b-0061293bebf8" testName="TestEnumerateDirectoriesAsync" computerName="runnervm3ublj" duration="00:00:00.0017377" startTime="2025-09-27T02:14:36.5544501+00:00" endTime="2025-09-27T02:14:36.5562636+00:00" testType="13cdc9d9-ddb5-4fa4-a97d-d965ccfc6d4b" outcome="Passed" testListId="8c84fa94-04c1-424b-9868-57a2d4851a1d" relativeResultsDirectory="b26cadf2-57c8-47d3-a4d9-55a2754fb5f4" />
    <UnitTestResult executionId="f30bd3d4-0ec3-4d70-9277-d3287a33ce0d" testId="cef74505-0de5-871e-983a-ff75ebac7980" testName="TestFileExtension" computerName="runnervm3ublj" duration="00:00:00.0000630" startTime="2025-09-27T02:14:42.5863186+00:00" endTime="2025-09-27T02:14:42.5864433+00:00" testType="13cdc9d9-ddb5-4fa4-a97d-d965ccfc6d4b" outcome="Passed" testListId="8c84fa94-04c1-424b-9868-57a2d4851a1d" relativeResultsDirectory="f30bd3d4-0ec3-4d70-9277-d3287a33ce0d" />
    <UnitTestResult executionId="f2155769-b5e4-4780-bf00-c242158d72fc" testId="8eec9c63-7a9d-7281-f2f2-9be7c1791458" testName="TestEnumerateFilesAsyncThrowsIfCancelled" computerName="runnervm3ublj" duration="00:00:00.0010221" startTime="2025-09-27T02:14:36.5626469+00:00" endTime="2025-09-27T02:14:36.5637331+00:00" testType="13cdc9d9-ddb5-4fa4-a97d-d965ccfc6d4b" outcome="Passed" testListId="8c84fa94-04c1-424b-9868-57a2d4851a1d" relativeResultsDirectory="f2155769-b5e4-4780-bf00-c242158d72fc" />
    <UnitTestResult executionId="50def5ba-4a27-43d5-a91a-f2885e21157a" testId="cd0078b3-4b7f-1e54-2b47-dac01f923d15" testName="TestDirectoryNameWithDot" computerName="runnervm3ublj" duration="00:00:00.0002040" startTime="2025-09-27T02:14:36.4148620+00:00" endTime="2025-09-27T02:14:36.4151234+00:00" testType="13cdc9d9-ddb5-4fa4-a97d-d965ccfc6d4b" outcome="Passed" testListId="8c84fa94-04c1-424b-9868-57a2d4851a1d" relativeResultsDirectory="50def5ba-4a27-43d5-a91a-f2885e21157a" />
    <UnitTestResult executionId="841464ff-6856-4510-9450-d9a60b626773" testId="f8c037a4-86a1-940c-dee2-3812680c280a" testName="TestDirectoryEnumerateFilesDirectories (&quot;&quot;)" computerName="runnervm3ublj" duration="00:00:00.0005528" startTime="2025-09-27T02:14:36.4563376+00:00" endTime="2025-09-27T02:14:36.4569658+00:00" testType="13cdc9d9-ddb5-4fa4-a97d-d965ccfc6d4b" outcome="Passed" testListId="8c84fa94-04c1-424b-9868-57a2d4851a1d" relativeResultsDirectory="841464ff-6856-4510-9450-d9a60b626773" />
    <UnitTestResult executionId="98261c3e-c37e-4ac1-aeb3-e5c92457cb78" testId="9a8424cd-4f80-220e-7900-daa37175ddae" testName="TestDirectoryCreate" computerName="runnervm3ublj" duration="00:00:00.0004325" startTime="2025-09-27T02:14:36.4695146+00:00" endTime="2025-09-27T02:14:36.4699937+00:00" testType="13cdc9d9-ddb5-4fa4-a97d-d965ccfc6d4b" outcome="Passed" testListId="8c84fa94-04c1-424b-9868-57a2d4851a1d" relativeResultsDirectory="98261c3e-c37e-4ac1-aeb3-e5c92457cb78" />
    <UnitTestResult executionId="7e5c7ba3-1168-49b0-ac55-110c7fffae72" testId="1f720387-7182-1f7e-79cf-5e42f1b3a177" testName="TestOpenReadAsync" computerName="runnervm3ublj" duration="00:00:00.0012785" startTime="2025-09-27T02:14:36.5682390+00:00" endTime="2025-09-27T02:14:36.5695792+00:00" testType="13cdc9d9-ddb5-4fa4-a97d-d965ccfc6d4b" outcome="Passed" testListId="8c84fa94-04c1-424b-9868-57a2d4851a1d" relativeResultsDirectory="7e5c7ba3-1168-49b0-ac55-110c7fffae72" />
    <UnitTestResult executionId="e0d58211-dfd4-4f67-874e-bd4567bc21fc" testId="4d032d6c-078a-e068-f521-7e2b2c0e37e2" testName="TestDeleteAsyncThrowsIfCancelled" computerName="runnervm3ublj" duration="00:00:00.0005314" startTime="2025-09-27T02:14:36.5662527+00:00" endTime="2025-09-27T02:14:36.5668441+00:00" testType="13cdc9d9-ddb5-4fa4-a97d-d965ccfc6d4b" outcome="Passed" testListId="8c84fa94-04c1-424b-9868-57a2d4851a1d" relativeResultsDirectory="e0d58211-dfd4-4f67-874e-bd4567bc21fc" />
    <UnitTestResult executionId="f63325c1-6167-4358-a718-76273fbf2b1c" testId="3fbe1aef-c231-36db-e42e-599bf3f74565" testName="TestDeleteEmptyPathDirectory" computerName="runnervm3ublj" duration="00:00:00.0003022" startTime="2025-09-27T02:14:42.5855063+00:00" endTime="2025-09-27T02:14:42.5858830+00:00" testType="13cdc9d9-ddb5-4fa4-a97d-d965ccfc6d4b" outcome="Passed" testListId="8c84fa94-04c1-424b-9868-57a2d4851a1d" relativeResultsDirectory="f63325c1-6167-4358-a718-76273fbf2b1c" />
    <UnitTestResult executionId="8932da8d-a2d2-40b7-9942-8fb5b529e4fa" testId="7eb76f2c-21a5-f549-3581-458e2d90bb4e" testName="TestDirectoryEnumerateFilesDirectoriesNested" computerName="runnervm3ublj" duration="00:00:00.0022189" startTime="2025-09-27T02:14:36.4569976+00:00" endTime="2025-09-27T02:14:36.4592757+00:00" testType="13cdc9d9-ddb5-4fa4-a97d-d965ccfc6d4b" outcome="Passed" testListId="8c84fa94-04c1-424b-9868-57a2d4851a1d" relativeResultsDirectory="8932da8d-a2d2-40b7-9942-8fb5b529e4fa" />
    <UnitTestResult executionId="2a5741a2-ab9a-4a87-8b62-b5dfc06613fb" testId="f8e7277d-d9f8-29f5-60e4-5fbb63d964ed" testName="TestFileName" computerName="runnervm3ublj" duration="00:00:00.0000273" startTime="2025-09-27T02:14:36.4678085+00:00" endTime="2025-09-27T02:14:36.4678884+00:00" testType="13cdc9d9-ddb5-4fa4-a97d-d965ccfc6d4b" outcome="Passed" testListId="8c84fa94-04c1-424b-9868-57a2d4851a1d" relativeResultsDirectory="2a5741a2-ab9a-4a87-8b62-b5dfc06613fb" />
    <UnitTestResult executionId="6d92022a-8ff5-4d24-acc3-965091c8bb4e" testId="8b81bd82-dc36-2cda-229b-b5072167dddf" testName="TestFileFullPathIsConsistent" computerName="runnervm3ublj" duration="00:00:00.0000352" startTime="2025-09-27T02:14:42.5873722+00:00" endTime="2025-09-27T02:14:42.5874935+00:00" testType="13cdc9d9-ddb5-4fa4-a97d-d965ccfc6d4b" outcome="Passed" testListId="8c84fa94-04c1-424b-9868-57a2d4851a1d" relativeResultsDirectory="6d92022a-8ff5-4d24-acc3-965091c8bb4e" />
    <UnitTestResult executionId="e10d9fb1-0280-4c0a-8a42-d762120a395a" testId="6cfcf509-16b7-8279-725f-a4ce45ea80aa" testName="TestExistsAsync (False)" computerName="runnervm3ublj" duration="00:00:00.0003373" startTime="2025-09-27T02:14:36.5678116+00:00" endTime="2025-09-27T02:14:36.5682072+00:00" testType="13cdc9d9-ddb5-4fa4-a97d-d965ccfc6d4b" outcome="Passed" testListId="8c84fa94-04c1-424b-9868-57a2d4851a1d" relativeResultsDirectory="e10d9fb1-0280-4c0a-8a42-d762120a395a" />
    <UnitTestResult executionId="1fa9497a-6efa-4630-824a-1cb65e66fd84" testId="1e71ad58-a0ad-4cd0-0218-6a992bf4f71a" testName="TestDirectoryNameWithDot" computerName="runnervm3ublj" duration="00:00:00.0000316" startTime="2025-09-27T02:14:36.4692398+00:00" endTime="2025-09-27T02:14:36.4693122+00:00" testType="13cdc9d9-ddb5-4fa4-a97d-d965ccfc6d4b" outcome="Passed" testListId="8c84fa94-04c1-424b-9868-57a2d4851a1d" relativeResultsDirectory="1fa9497a-6efa-4630-824a-1cb65e66fd84" />
    <UnitTestResult executionId="8d4b3981-0a3f-437d-8a1e-5c4799cfb83d" testId="6de70bcc-1fd5-fee6-1433-0f0245c25247" testName="TestFileExtension" computerName="runnervm3ublj" duration="00:00:00.0002015" startTime="2025-09-27T02:14:36.4142787+00:00" endTime="2025-09-27T02:14:36.4145467+00:00" testType="13cdc9d9-ddb5-4fa4-a97d-d965ccfc6d4b" outcome="Passed" testListId="8c84fa94-04c1-424b-9868-57a2d4851a1d" relativeResultsDirectory="8d4b3981-0a3f-437d-8a1e-5c4799cfb83d" />
    <UnitTestResult executionId="4d0df8d0-a632-46a7-86dd-1f1bcd43b5cf" testId="071eaba4-a09d-f772-7109-6fc000a80917" testName="TestCompression" computerName="runnervm3ublj" duration="00:00:00.0015876" startTime="2025-09-27T02:14:42.5831100+00:00" endTime="2025-09-27T02:14:42.5848574+00:00" testType="13cdc9d9-ddb5-4fa4-a97d-d965ccfc6d4b" outcome="Passed" testListId="8c84fa94-04c1-424b-9868-57a2d4851a1d" relativeResultsDirectory="4d0df8d0-a632-46a7-86dd-1f1bcd43b5cf" />
    <UnitTestResult executionId="d2744808-7650-464b-a92d-dbbbf19f1d32" testId="0e088d27-c7d7-0291-d4f0-8f7b1d9da554" testName="TestDirectoryCreate" computerName="runnervm3ublj" duration="00:00:00.0012431" startTime="2025-09-27T02:14:36.4483714+00:00" endTime="2025-09-27T02:14:36.4496734+00:00" testType="13cdc9d9-ddb5-4fa4-a97d-d965ccfc6d4b" outcome="Passed" testListId="8c84fa94-04c1-424b-9868-57a2d4851a1d" relativeResultsDirectory="d2744808-7650-464b-a92d-dbbbf19f1d32" />
    <UnitTestResult executionId="0cb72305-253f-4be7-acf3-61b4825c4737" testId="7d7edaab-f11c-42a8-dc0e-01ee01112f84" testName="TestFileOpenReadWriteExistingFile" computerName="runnervm3ublj" duration="00:00:00.0001594" startTime="2025-09-27T02:14:42.5915669+00:00" endTime="2025-09-27T02:14:42.5918187+00:00" testType="13cdc9d9-ddb5-4fa4-a97d-d965ccfc6d4b" outcome="Passed" testListId="8c84fa94-04c1-424b-9868-57a2d4851a1d" relativeResultsDirectory="0cb72305-253f-4be7-acf3-61b4825c4737" />
    <UnitTestResult executionId="4cf3049e-9c5e-4b1a-b80b-4bc381927191" testId="c37f7643-1974-730c-ff6e-4fb586696ec1" testName="TestOpenWriteAsync" computerName="runnervm3ublj" duration="00:00:00.0007977" startTime="2025-09-27T02:14:36.5696058+00:00" endTime="2025-09-27T02:14:36.5704659+00:00" testType="13cdc9d9-ddb5-4fa4-a97d-d965ccfc6d4b" outcome="Passed" testListId="8c84fa94-04c1-424b-9868-57a2d4851a1d" relativeResultsDirectory="4cf3049e-9c5e-4b1a-b80b-4bc381927191" />
    <UnitTestResult executionId="1cbdf38e-4d8a-492b-a0af-467ea48ea9a1" testId="49fe5267-fc48-c49a-f934-3af546ee163f" testName="TestCreateAsync" computerName="runnervm3ublj" duration="00:00:00.0024159" startTime="2025-09-27T02:14:36.5562964+00:00" endTime="2025-09-27T02:14:36.5587764+00:00" testType="13cdc9d9-ddb5-4fa4-a97d-d965ccfc6d4b" outcome="Passed" testListId="8c84fa94-04c1-424b-9868-57a2d4851a1d" relativeResultsDirectory="1cbdf38e-4d8a-492b-a0af-467ea48ea9a1" />
    <UnitTestResult executionId="9f111f41-3295-4730-b7a7-db3ce64234d6" testId="de3b2480-d479-605b-e08b-e52b3f60032b" testName="TestDirectoryName" computerName="runnervm3ublj" duration="00:00:00.0000623" startTime="2025-09-27T02:14:42.5864819+00:00" endTime="2025-09-27T02:14:42.5866073+00:00" testType="13cdc9d9-ddb5-4fa4-a97d-d965ccfc6d4b" outcome="Passed" testListId="8c84fa94-04c1-424b-9868-57a2d4851a1d" relativeResultsDirectory="9f111f41-3295-4730-b7a7-db3ce64234d6" />
    <UnitTestResult executionId="e2612b98-c3e2-4c32-9f45-d011c1aeb452" testId="12d1cb41-6b3b-e919-4920-056dbd3aad76" testName="TestDefaultOutputIsNonDeterministic" computerName="runnervm3ublj" duration="00:00:03.0058206" startTime="2025-09-27T02:14:36.5744099+00:00" endTime="2025-09-27T02:14:39.5803796+00:00" testType="13cdc9d9-ddb5-4fa4-a97d-d965ccfc6d4b" outcome="Passed" testListId="8c84fa94-04c1-424b-9868-57a2d4851a1d" relativeResultsDirectory="e2612b98-c3e2-4c32-9f45-d011c1aeb452" />
    <UnitTestResult executionId="5dc7c35f-59c6-4a41-8f3b-f1eab1f1a6d1" testId="2b565eab-d7f1-591c-d1b8-d74976982623" testName="TestDirectoryEnumerateFilesDirectories (&quot;&quot;)" computerName="runnervm3ublj" duration="00:00:00.0001858" startTime="2025-09-27T02:14:36.4731753+00:00" endTime="2025-09-27T02:14:36.4734261+00:00" testType="13cdc9d9-ddb5-4fa4-a97d-d965ccfc6d4b" outcome="Passed" testListId="8c84fa94-04c1-424b-9868-57a2d4851a1d" relativeResultsDirectory="5dc7c35f-59c6-4a41-8f3b-f1eab1f1a6d1" />
    <UnitTestResult executionId="04b1285e-9fc4-4f40-834e-58fb6adcd815" testId="fca03aaa-9bd0-d573-60dc-d9376c9ea610" testName="TestFileOpenReadWrite" computerName="runnervm3ublj" duration="00:00:00.0003082" startTime="2025-09-27T02:14:36.4736691+00:00" endTime="2025-09-27T02:14:36.4740300+00:00" testType="13cdc9d9-ddb5-4fa4-a97d-d965ccfc6d4b" outcome="Passed" testListId="8c84fa94-04c1-424b-9868-57a2d4851a1d" relativeResultsDirectory="04b1285e-9fc4-4f40-834e-58fb6adcd815" />
    <UnitTestResult executionId="23fbc3a1-6dff-44f7-bc64-10786898eff4" testId="dafc721a-fc0a-0484-9bd5-7a2ec5a3197f" testName="TestFileStem" computerName="runnervm3ublj" duration="00:00:00.0000727" startTime="2025-09-27T02:14:42.5861232+00:00" endTime="2025-09-27T02:14:42.5862788+00:00" testType="13cdc9d9-ddb5-4fa4-a97d-d965ccfc6d4b" outcome="Passed" testListId="8c84fa94-04c1-424b-9868-57a2d4851a1d" relativeResultsDirectory="23fbc3a1-6dff-44f7-bc64-10786898eff4" />
    <UnitTestResult executionId="2ac4bf2b-40ab-4d0a-a170-6c5e9821a912" testId="64552f8d-56bd-dece-2bde-38ac338fdf57" testName="TestDirectoryEnumerateFilesDirectories (&quot;dir&quot;)" computerName="runnervm3ublj" duration="00:00:00.0008740" startTime="2025-09-27T02:14:42.5891049+00:00" endTime="2025-09-27T02:14:42.5900845+00:00" testType="13cdc9d9-ddb5-4fa4-a97d-d965ccfc6d4b" outcome="Passed" testListId="8c84fa94-04c1-424b-9868-57a2d4851a1d" relativeResultsDirectory="2ac4bf2b-40ab-4d0a-a170-6c5e9821a912" />
    <UnitTestResult executionId="7d14cbb1-6c7b-49b0-90b0-7599314a6673" testId="5b8af763-c9e7-a7dc-38c5-6c93729daebf" testName="TestDirectoryCreateExisting" computerName="runnervm3ublj" duration="00:00:00.0000243" startTime="2025-09-27T02:14:36.4700252+00:00" endTime="2025-09-27T02:14:36.4701383+00:00" testType="13cdc9d9-ddb5-4fa4-a97d-d965ccfc6d4b" outcome="Passed" testListId="8c84fa94-04c1-424b-9868-57a2d4851a1d" relativeResultsDirectory="7d14cbb1-6c7b-49b0-90b0-7599314a6673" />
    <UnitTestResult executionId="20bf0899-67af-42f5-ae0d-ad515c6cb235" testId="80da2137-b6cc-609b-971f-7e7a4fdb564d" testName="TestFileOpenReadWriteExistingFile" computerName="runnervm3ublj" duration="00:00:00.0009654" startTime="2025-09-27T02:14:36.4621630+00:00" endTime="2025-09-27T02:14:36.4631946+00:00" testType="13cdc9d9-ddb5-4fa4-a97d-d965ccfc6d4b" outcome="Passed" testListId="8c84fa94-04c1-424b-9868-57a2d4851a1d" relativeResultsDirectory="20bf0899-67af-42f5-ae0d-ad515c6cb235" />
    <UnitTestResult executionId="a3f9b8f6-5003-4dab-8cce-11347c46cdad" testId="40b81683-78f2-804b-e88e-f90513574e2a" testName="TestDirectoryDeleteExistingDirectory" computerName="runnervm3ublj" duration="00:00:00.0001288" startTime="2025-09-27T02:14:42.5887322+00:00" endTime="2025-09-27T02:14:42.5889337+00:00" testType="13cdc9d9-ddb5-4fa4-a97d-d965ccfc6d4b" outcome="Passed" testListId="8c84fa94-04c1-424b-9868-57a2d4851a1d" relativeResultsDirectory="a3f9b8f6-5003-4dab-8cce-11347c46cdad" />
    <UnitTestResult executionId="fd0cad5d-b778-4cd1-89ff-90d281d3bbc8" testId="bacbbd13-aba6-615b-798e-fa63927d70ae" testName="TestDirectoryEnumerateFilesDirectories (&quot;dir&quot;)" computerName="runnervm3ublj" duration="00:00:00.0016801" startTime="2025-09-27T02:14:36.4713918+00:00" endTime="2025-09-27T02:14:36.4731475+00:00" testType="13cdc9d9-ddb5-4fa4-a97d-d965ccfc6d4b" outcome="Passed" testListId="8c84fa94-04c1-424b-9868-57a2d4851a1d" relativeResultsDirectory="fd0cad5d-b778-4cd1-89ff-90d281d3bbc8" />
    <UnitTestResult executionId="a858db5c-d2bb-43d4-8bdb-6ca05fe77f19" testId="24b7a9df-0abd-14f1-06c9-9d72cbf192b3" testName="TestFileName" computerName="runnervm3ublj" duration="00:00:00.0002594" startTime="2025-09-27T02:14:36.4135895+00:00" endTime="2025-09-27T02:14:36.4139236+00:00" testType="13cdc9d9-ddb5-4fa4-a97d-d965ccfc6d4b" outcome="Passed" testListId="8c84fa94-04c1-424b-9868-57a2d4851a1d" relativeResultsDirectory="a858db5c-d2bb-43d4-8bdb-6ca05fe77f19" />
    <UnitTestResult executionId="280c8990-0f8b-4ecd-bda3-b29b2a35458d" testId="1e8ef867-c861-69f4-badf-30af80491de8" testName="TestParentDirectory" computerName="runnervm3ublj" duration="00:00:00.0008485" startTime="2025-09-27T02:14:36.4636561+00:00" endTime="2025-09-27T02:14:36.4645619+00:00" testType="13cdc9d9-ddb5-4fa4-a97d-d965ccfc6d4b" outcome="Passed" testListId="8c84fa94-04c1-424b-9868-57a2d4851a1d" relativeResultsDirectory="280c8990-0f8b-4ecd-bda3-b29b2a35458d" />
    <UnitTestResult executionId="252d100f-f309-4569-9252-b9bea041047a" testId="824069aa-83cd-e2df-af5a-d971bcf9e8ee" testName="TestDeleteNonExistent" computerName="runnervm3ublj" duration="00:00:00.0003164" startTime="2025-09-27T02:14:42.5882814+00:00" endTime="2025-09-27T02:14:42.5886986+00:00" testType="13cdc9d9-ddb5-4fa4-a97d-d965ccfc6d4b" outcome="Passed" testListId="8c84fa94-04c1-424b-9868-57a2d4851a1d" relativeResultsDirectory="252d100f-f309-4569-9252-b9bea041047a" />
    <UnitTestResult executionId="f9c23949-21c9-4fc8-bc58-582be24b9b2c" testId="6e5b91a2-6a19-9c04-8737-fad3d45dfaa1" testName="TestFileExtension" computerName="runnervm3ublj" duration="00:00:00.0000577" startTime="2025-09-27T02:14:36.4689573+00:00" endTime="2025-09-27T02:14:36.4691013+00:00" testType="13cdc9d9-ddb5-4fa4-a97d-d965ccfc6d4b" outcome="Passed" testListId="8c84fa94-04c1-424b-9868-57a2d4851a1d" relativeResultsDirectory="f9c23949-21c9-4fc8-bc58-582be24b9b2c" />
    <UnitTestResult executionId="145d974f-c27d-4620-8f7b-4a17c857d6ab" testId="6484f54f-0ad5-b721-001b-ebf002fed6b2" testName="TestExistsAsyncThrowsIfCancelled" computerName="runnervm3ublj" duration="00:00:00.0005147" startTime="2025-09-27T02:14:36.5711369+00:00" endTime="2025-09-27T02:14:36.5717076+00:00" testType="13cdc9d9-ddb5-4fa4-a97d-d965ccfc6d4b" outcome="Passed" testListId="8c84fa94-04c1-424b-9868-57a2d4851a1d" relativeResultsDirectory="145d974f-c27d-4620-8f7b-4a17c857d6ab" />
    <UnitTestResult executionId="d7141390-237c-44af-b5b8-002d94857c57" testId="ee7e4fee-92ed-61e3-75da-bff49e330275" testName="TestDirectoryFullPathIsConsistent" computerName="runnervm3ublj" duration="00:00:00.0003130" startTime="2025-09-27T02:14:36.4479487+00:00" endTime="2025-09-27T02:14:36.4483426+00:00" testType="13cdc9d9-ddb5-4fa4-a97d-d965ccfc6d4b" outcome="Passed" testListId="8c84fa94-04c1-424b-9868-57a2d4851a1d" relativeResultsDirectory="d7141390-237c-44af-b5b8-002d94857c57" />
    <UnitTestResult executionId="19a88ec2-3b77-490e-b8f9-cb4cc6e43f38" testId="8e708a48-e948-fee1-2a70-df94ce5b6a29" testName="TestFileOpenReadWrite" computerName="runnervm3ublj" duration="00:00:00.0011673" startTime="2025-09-27T02:14:36.4608957+00:00" endTime="2025-09-27T02:14:36.4621363+00:00" testType="13cdc9d9-ddb5-4fa4-a97d-d965ccfc6d4b" outcome="Passed" testListId="8c84fa94-04c1-424b-9868-57a2d4851a1d" relativeResultsDirectory="19a88ec2-3b77-490e-b8f9-cb4cc6e43f38" />
    <UnitTestResult executionId="8e9f3ea6-e6d3-4294-85a1-2bf6eeb33657" testId="3bd62bd2-9144-6143-2f62-27a8dcf18fb5" testName="TestEnumerateDirectoriesAsyncThrowsIfCancelled" computerName="runnervm3ublj" duration="00:00:00.0008438" startTime="2025-09-27T02:14:36.5646911+00:00" endTime="2025-09-27T02:14:36.5656101+00:00" testType="13cdc9d9-ddb5-4fa4-a97d-d965ccfc6d4b" outcome="Passed" testListId="8c84fa94-04c1-424b-9868-57a2d4851a1d" relativeResultsDirectory="8e9f3ea6-e6d3-4294-85a1-2bf6eeb33657" />
    <UnitTestResult executionId="dae25a30-d1a7-44ad-8c50-705e2690fdd6" testId="a1ac245f-162d-b3d5-902a-73d42908be8b" testName="TestDeleteEmptyPathDirectory" computerName="runnervm3ublj" duration="00:00:00.0008475" startTime="2025-09-27T02:14:36.4126292+00:00" endTime="2025-09-27T02:14:36.4135594+00:00" testType="13cdc9d9-ddb5-4fa4-a97d-d965ccfc6d4b" outcome="Passed" testListId="8c84fa94-04c1-424b-9868-57a2d4851a1d" relativeResultsDirectory="dae25a30-d1a7-44ad-8c50-705e2690fdd6" />
    <UnitTestResult executionId="6bd26932-cfcc-4fa5-ab8b-3f21d84b38a8" testId="c901782e-ef1c-b42b-60f1-435a0351d1c3" testName="TestParentDirectory" computerName="runnervm3ublj" duration="00:00:00.0001244" startTime="2025-09-27T02:14:42.5920246+00:00" endTime="2025-09-27T02:14:42.5922388+00:00" testType="13cdc9d9-ddb5-4fa4-a97d-d965ccfc6d4b" outcome="Passed" testListId="8c84fa94-04c1-424b-9868-57a2d4851a1d" relativeResultsDirectory="6bd26932-cfcc-4fa5-ab8b-3f21d84b38a8" />
    <UnitTestResult executionId="f6176215-60d6-40ff-9f69-466ca2907391" testId="f4242541-f62b-6e59-6932-1a9c264c322e" testName="TestOutputIsDeterministic" computerName="runnervm3ublj" duration="00:00:03.0012854" startTime="2025-09-27T02:14:39.5810404+00:00" endTime="2025-09-27T02:14:42.5826685+00:00" testType="13cdc9d9-ddb5-4fa4-a97d-d965ccfc6d4b" outcome="Passed" testListId="8c84fa94-04c1-424b-9868-57a2d4851a1d" relativeResultsDirectory="f6176215-60d6-40ff-9f69-466ca2907391" />
    <UnitTestResult executionId="f355248f-1621-48af-81c6-451a0ddf70c2" testId="c3d2dfed-dafa-3212-4b58-dbe2ec6a248e" testName="TestExistsAsyncThrowsIfCancelled" computerName="runnervm3ublj" duration="00:00:00.0030541" startTime="2025-09-27T02:14:36.5594859+00:00" endTime="2025-09-27T02:14:36.5626195+00:00" testType="13cdc9d9-ddb5-4fa4-a97d-d965ccfc6d4b" outcome="Passed" testListId="8c84fa94-04c1-424b-9868-57a2d4851a1d" relativeResultsDirectory="f355248f-1621-48af-81c6-451a0ddf70c2" />
    <UnitTestResult executionId="9ca21dfd-b2bd-44e3-a9c5-0194dd4b5a16" testId="125bc9fc-30db-ee48-7efe-8896541b5651" testName="TestFileName" computerName="runnervm3ublj" duration="00:00:00.0000797" startTime="2025-09-27T02:14:42.5859161+00:00" endTime="2025-09-27T02:14:42.5860899+00:00" testType="13cdc9d9-ddb5-4fa4-a97d-d965ccfc6d4b" outcome="Passed" testListId="8c84fa94-04c1-424b-9868-57a2d4851a1d" relativeResultsDirectory="9ca21dfd-b2bd-44e3-a9c5-0194dd4b5a16" />
    <UnitTestResult executionId="3336bf89-d611-4259-8bc0-22135aeb1f6c" testId="f7b478bc-0212-d153-656f-f41f57754de4" testName="TestDirectoryEnumerateFilesDirectoriesNested" computerName="runnervm3ublj" duration="00:00:00.0002550" startTime="2025-09-27T02:14:42.5909872+00:00" endTime="2025-09-27T02:14:42.5913177+00:00" testType="13cdc9d9-ddb5-4fa4-a97d-d965ccfc6d4b" outcome="Passed" testListId="8c84fa94-04c1-424b-9868-57a2d4851a1d" relativeResultsDirectory="3336bf89-d611-4259-8bc0-22135aeb1f6c" />
    <UnitTestResult executionId="d21edaa7-efe0-452c-9b97-ac431b424ea8" testId="a29289ea-bc1d-0083-5118-54a12526b8af" testName="TestDirectoryCreateExisting" computerName="runnervm3ublj" duration="00:00:00.0003696" startTime="2025-09-27T02:14:36.4497072+00:00" endTime="2025-09-27T02:14:36.4501360+00:00" testType="13cdc9d9-ddb5-4fa4-a97d-d965ccfc6d4b" outcome="Passed" testListId="8c84fa94-04c1-424b-9868-57a2d4851a1d" relativeResultsDirectory="d21edaa7-efe0-452c-9b97-ac431b424ea8" />
    <UnitTestResult executionId="f0f8b1ce-b6c3-4e3a-a58e-7a464a96ade9" testId="009a2387-0a42-469f-a4ba-4b5d7815ce64" testName="TestDeleteNonExistent" computerName="runnervm3ublj" duration="00:00:00.0002298" startTime="2025-09-27T02:14:36.4501677+00:00" endTime="2025-09-27T02:14:36.4504532+00:00" testType="13cdc9d9-ddb5-4fa4-a97d-d965ccfc6d4b" outcome="Passed" testListId="8c84fa94-04c1-424b-9868-57a2d4851a1d" relativeResultsDirectory="f0f8b1ce-b6c3-4e3a-a58e-7a464a96ade9" />
    <UnitTestResult executionId="e2e8c443-8a05-44c3-b297-4f4704b65d00" testId="c7897527-4e0e-ad49-b035-f1933297433a" testName="TestFileOpenReadWriteExistingFile" computerName="runnervm3ublj" duration="00:00:00.0000371" startTime="2025-09-27T02:14:36.4740802+00:00" endTime="2025-09-27T02:14:36.4741747+00:00" testType="13cdc9d9-ddb5-4fa4-a97d-d965ccfc6d4b" outcome="Passed" testListId="8c84fa94-04c1-424b-9868-57a2d4851a1d" relativeResultsDirectory="e2e8c443-8a05-44c3-b297-4f4704b65d00" />
    <UnitTestResult executionId="1ae3af28-d017-42a3-8cbf-1573fdddd482" testId="02f617f7-c2f8-ea60-5be7-c053e0a3cf57" testName="TestDeleteEmptyPathDirectory" computerName="runnervm3ublj" duration="00:00:00.0003301" startTime="2025-09-27T02:14:36.4673966+00:00" endTime="2025-09-27T02:14:36.4677829+00:00" testType="13cdc9d9-ddb5-4fa4-a97d-d965ccfc6d4b" outcome="Passed" testListId="8c84fa94-04c1-424b-9868-57a2d4851a1d" relativeResultsDirectory="1ae3af28-d017-42a3-8cbf-1573fdddd482" />
    <UnitTestResult executionId="0e050795-025f-45c0-aa90-73ba8baadf2b" testId="43f0a9d2-6fe6-601a-864c-33da0d2f9754" testName="TestDirectoryEnumerateFilesDirectories (&quot;dir&quot;)" computerName="runnervm3ublj" duration="00:00:00.0038531" startTime="2025-09-27T02:14:36.4510549+00:00" endTime="2025-09-27T02:14:36.4563088+00:00" testType="13cdc9d9-ddb5-4fa4-a97d-d965ccfc6d4b" outcome="Passed" testListId="8c84fa94-04c1-424b-9868-57a2d4851a1d" relativeResultsDirectory="0e050795-025f-45c0-aa90-73ba8baadf2b" />
    <UnitTestResult executionId="de184462-602f-4694-a773-bf3968c56e40" testId="4215e5b5-fc3c-3e4d-30ae-01a50b08f468" testName="TestEmptyDirectoryPaths" computerName="runnervm3ublj" duration="00:00:00.0009911" startTime="2025-09-27T02:14:36.4108165+00:00" endTime="2025-09-27T02:14:36.4122918+00:00" testType="13cdc9d9-ddb5-4fa4-a97d-d965ccfc6d4b" outcome="Passed" testListId="8c84fa94-04c1-424b-9868-57a2d4851a1d" relativeResultsDirectory="de184462-602f-4694-a773-bf3968c56e40" />
    <UnitTestResult executionId="408bed4b-f9e9-4eaf-a67a-39a9a1a3055b" testId="fe70811c-eba8-dd1f-7c22-0fa4e60d4aa2" testName="TestDirectoryDeleteExistingDirectory" computerName="runnervm3ublj" duration="00:00:00.0000916" startTime="2025-09-27T02:14:36.4711163+00:00" endTime="2025-09-27T02:14:36.4712787+00:00" testType="13cdc9d9-ddb5-4fa4-a97d-d965ccfc6d4b" outcome="Passed" testListId="8c84fa94-04c1-424b-9868-57a2d4851a1d" relativeResultsDirectory="408bed4b-f9e9-4eaf-a67a-39a9a1a3055b" />
    <UnitTestResult executionId="15a7a23a-d24a-49cd-afab-13ebf2a69299" testId="9546a373-c09a-58f7-3312-0de377f90a9a" testName="TestCreateAsyncThrowsIfCancelled" computerName="runnervm3ublj" duration="00:00:00.0005166" startTime="2025-09-27T02:14:36.5656371+00:00" endTime="2025-09-27T02:14:36.5662261+00:00" testType="13cdc9d9-ddb5-4fa4-a97d-d965ccfc6d4b" outcome="Passed" testListId="8c84fa94-04c1-424b-9868-57a2d4851a1d" relativeResultsDirectory="15a7a23a-d24a-49cd-afab-13ebf2a69299" />
    <UnitTestResult executionId="1068539b-76ac-4492-aa6c-2a32abe4d693" testId="b414c790-0451-ffab-cace-9828ee75369b" testName="TestEmptyDirectoryPaths" computerName="runnervm3ublj" duration="00:00:00.0002738" startTime="2025-09-27T02:14:42.5851194+00:00" endTime="2025-09-27T02:14:42.5854722+00:00" testType="13cdc9d9-ddb5-4fa4-a97d-d965ccfc6d4b" outcome="Passed" testListId="8c84fa94-04c1-424b-9868-57a2d4851a1d" relativeResultsDirectory="1068539b-76ac-4492-aa6c-2a32abe4d693" />
    <UnitTestResult executionId="f9424a0b-940c-4bee-b149-2c969ce6d9e1" testId="9ee8bdb3-752d-d7fa-92e7-baaf5a6a275d" testName="TestExistsAsync (False)" computerName="runnervm3ublj" duration="00:00:00.0015416" startTime="2025-09-27T02:14:36.5432206+00:00" endTime="2025-09-27T02:14:36.5448625+00:00" testType="13cdc9d9-ddb5-4fa4-a97d-d965ccfc6d4b" outcome="Passed" testListId="8c84fa94-04c1-424b-9868-57a2d4851a1d" relativeResultsDirectory="f9424a0b-940c-4bee-b149-2c969ce6d9e1" />
    <UnitTestResult executionId="b95aeee2-0b54-47a3-8538-91c2eac23960" testId="df1b3604-ffd3-14ba-042b-94c14c177176" testName="TestDirectoryCreate" computerName="runnervm3ublj" duration="00:00:00.0003514" startTime="2025-09-27T02:14:42.5876566+00:00" endTime="2025-09-27T02:14:42.5880885+00:00" testType="13cdc9d9-ddb5-4fa4-a97d-d965ccfc6d4b" outcome="Passed" testListId="8c84fa94-04c1-424b-9868-57a2d4851a1d" relativeResultsDirectory="b95aeee2-0b54-47a3-8538-91c2eac23960" />
    <UnitTestResult executionId="9a4e8783-e3c5-4013-8b01-8c4393936c66" testId="79c4ff89-0797-e74c-0eb1-6195164e4436" testName="TestParentDirectory" computerName="runnervm3ublj" duration="00:00:00.0001561" startTime="2025-09-27T02:14:36.4743884+00:00" endTime="2025-09-27T02:14:36.4746046+00:00" testType="13cdc9d9-ddb5-4fa4-a97d-d965ccfc6d4b" outcome="Passed" testListId="8c84fa94-04c1-424b-9868-57a2d4851a1d" relativeResultsDirectory="9a4e8783-e3c5-4013-8b01-8c4393936c66" />
    <UnitTestResult executionId="853fb14e-a9f2-489d-a630-382f46b48831" testId="4f6773f6-14de-a05b-1a5d-745be43beb3f" testName="TestFileFullPathIsConsistent" computerName="runnervm3ublj" duration="00:00:00.0000322" startTime="2025-09-27T02:14:36.4693326+00:00" endTime="2025-09-27T02:14:36.4694092+00:00" testType="13cdc9d9-ddb5-4fa4-a97d-d965ccfc6d4b" outcome="Passed" testListId="8c84fa94-04c1-424b-9868-57a2d4851a1d" relativeResultsDirectory="853fb14e-a9f2-489d-a630-382f46b48831" />
    <UnitTestResult executionId="cc79011f-f8e5-403e-9c34-bcd148e0d74d" testId="a89f0bbf-e5bb-9494-34d2-174c60a99834" testName="TestExistsAsync (True)" computerName="runnervm3ublj" duration="00:00:00.0007962" startTime="2025-09-27T02:14:36.5668785+00:00" endTime="2025-09-27T02:14:36.5677836+00:00" testType="13cdc9d9-ddb5-4fa4-a97d-d965ccfc6d4b" outcome="Passed" testListId="8c84fa94-04c1-424b-9868-57a2d4851a1d" relativeResultsDirectory="cc79011f-f8e5-403e-9c34-bcd148e0d74d" />
    <UnitTestResult executionId="eee04d7c-25fb-4130-aacc-2b8a02ff3d78" testId="966fde8d-32df-314c-6115-6a9b32ec93b9" testName="TestRootDirectoryExists" computerName="runnervm3ublj" duration="00:00:00.0000257" startTime="2025-09-27T02:14:42.5889642+00:00" endTime="2025-09-27T02:14:42.5890558+00:00" testType="13cdc9d9-ddb5-4fa4-a97d-d965ccfc6d4b" outcome="Passed" testListId="8c84fa94-04c1-424b-9868-57a2d4851a1d" relativeResultsDirectory="eee04d7c-25fb-4130-aacc-2b8a02ff3d78" />
    <UnitTestResult executionId="e649b799-cbe4-4c1c-a820-42eb23e06788" testId="797b8a01-8186-1169-ecab-9b51ad970e5d" testName="TestDirectoryName" computerName="runnervm3ublj" duration="00:00:00.0000227" startTime="2025-09-27T02:14:36.4691289+00:00" endTime="2025-09-27T02:14:36.4692198+00:00" testType="13cdc9d9-ddb5-4fa4-a97d-d965ccfc6d4b" outcome="Passed" testListId="8c84fa94-04c1-424b-9868-57a2d4851a1d" relativeResultsDirectory="e649b799-cbe4-4c1c-a820-42eb23e06788" />
    <UnitTestResult executionId="2d86323b-b5eb-494a-83e7-2c2a85dc6635" testId="d4d986da-d4bd-08f4-57b5-191f12483e46" testName="TestEmptyDirectoryPaths" computerName="runnervm3ublj" duration="00:00:00.0004750" startTime="2025-09-27T02:14:36.4668381+00:00" endTime="2025-09-27T02:14:36.4673706+00:00" testType="13cdc9d9-ddb5-4fa4-a97d-d965ccfc6d4b" outcome="Passed" testListId="8c84fa94-04c1-424b-9868-57a2d4851a1d" relativeResultsDirectory="2d86323b-b5eb-494a-83e7-2c2a85dc6635" />
    <UnitTestResult executionId="592f9a30-fbc7-4c49-ba72-283ffa272d4d" testId="aa3761b1-576e-01f7-d173-14568b628a0e" testName="TestRootDirectoryExists" computerName="runnervm3ublj" duration="00:00:00.0000140" startTime="2025-09-27T02:14:36.4713036+00:00" endTime="2025-09-27T02:14:36.4713707+00:00" testType="13cdc9d9-ddb5-4fa4-a97d-d965ccfc6d4b" outcome="Passed" testListId="8c84fa94-04c1-424b-9868-57a2d4851a1d" relativeResultsDirectory="592f9a30-fbc7-4c49-ba72-283ffa272d4d" />
    <UnitTestResult executionId="24f42362-e935-496e-8dbb-043f88ede36a" testId="18605d5f-4c35-09c6-72ca-211e48b57479" testName="TestEmptyFilePaths" computerName="runnervm3ublj" duration="00:00:00.0080096" startTime="2025-09-27T02:14:36.3832834+00:00" endTime="2025-09-27T02:14:36.4059620+00:00" testType="13cdc9d9-ddb5-4fa4-a97d-d965ccfc6d4b" outcome="Passed" testListId="8c84fa94-04c1-424b-9868-57a2d4851a1d" relativeResultsDirectory="24f42362-e935-496e-8dbb-043f88ede36a" />
    <UnitTestResult executionId="197c4a5d-344f-40ea-bd89-3c5a77b9eca7" testId="51e79817-9cb4-c803-a9cd-be62c5643252" testName="TestDirectoryNameWithDot" computerName="runnervm3ublj" duration="00:00:00.0000352" startTime="2025-09-27T02:14:42.5866458+00:00" endTime="2025-09-27T02:14:42.5867840+00:00" testType="13cdc9d9-ddb5-4fa4-a97d-d965ccfc6d4b" outcome="Passed" testListId="8c84fa94-04c1-424b-9868-57a2d4851a1d" relativeResultsDirectory="197c4a5d-344f-40ea-bd89-3c5a77b9eca7" />
    <UnitTestResult executionId="80a046f9-322c-4133-8623-932a55f3a9f0" testId="87471bd0-b3d5-4af4-a468-43e113ade7fe" testName="TestFileDelete" computerName="runnervm3ublj" duration="00:00:00.0000653" startTime="2025-09-27T02:14:42.5918602+00:00" endTime="2025-09-27T02:14:42.5919890+00:00" testType="13cdc9d9-ddb5-4fa4-a97d-d965ccfc6d4b" outcome="Passed" testListId="8c84fa94-04c1-424b-9868-57a2d4851a1d" relativeResultsDirectory="80a046f9-322c-4133-8623-932a55f3a9f0" />
    <UnitTestResult executionId="9f38d257-e9f9-47af-b0c6-befe9e993b04" testId="eff7da53-f6a7-63b0-cc4f-2e2f7ff54c59" testName="TestDirectoryCreateExisting" computerName="runnervm3ublj" duration="00:00:00.0000442" startTime="2025-09-27T02:14:42.5881278+00:00" endTime="2025-09-27T02:14:42.5882401+00:00" testType="13cdc9d9-ddb5-4fa4-a97d-d965ccfc6d4b" outcome="Passed" testListId="8c84fa94-04c1-424b-9868-57a2d4851a1d" relativeResultsDirectory="9f38d257-e9f9-47af-b0c6-befe9e993b04" />
    <UnitTestResult executionId="7418f213-6372-4419-9fa4-b8b68618c3dc" testId="5e7e342f-9a2b-efbe-0225-541455a94587" testName="TestDeleteAsyncThrowsIfCancelled" computerName="runnervm3ublj" duration="00:00:00.0005129" startTime="2025-09-27T02:14:36.5738147+00:00" endTime="2025-09-27T02:14:36.5743839+00:00" testType="13cdc9d9-ddb5-4fa4-a97d-d965ccfc6d4b" outcome="Passed" testListId="8c84fa94-04c1-424b-9868-57a2d4851a1d" relativeResultsDirectory="7418f213-6372-4419-9fa4-b8b68618c3dc" />
    <UnitTestResult executionId="cebeb481-241d-49bb-810d-fb77751f45ce" testId="618d4b2b-2ac7-22a8-ee48-265a6ddb8150" testName="TestDirectoryName" computerName="runnervm3ublj" duration="00:00:00.0002106" startTime="2025-09-27T02:14:36.4145715+00:00" endTime="2025-09-27T02:14:36.4148372+00:00" testType="13cdc9d9-ddb5-4fa4-a97d-d965ccfc6d4b" outcome="Passed" testListId="8c84fa94-04c1-424b-9868-57a2d4851a1d" relativeResultsDirectory="cebeb481-241d-49bb-810d-fb77751f45ce" />
    <UnitTestResult executionId="226da4a1-cf66-4070-968d-24bcceb6c98d" testId="a0d6016a-1d15-01ec-b35a-338af9cc5112" testName="TestDeleteNonExistent" computerName="runnervm3ublj" duration="00:00:00.0000451" startTime="2025-09-27T02:14:36.4701672+00:00" endTime="2025-09-27T02:14:36.4702588+00:00" testType="13cdc9d9-ddb5-4fa4-a97d-d965ccfc6d4b" outcome="Passed" testListId="8c84fa94-04c1-424b-9868-57a2d4851a1d" relativeResultsDirectory="226da4a1-cf66-4070-968d-24bcceb6c98d" />
    <UnitTestResult executionId="667f6259-8ce4-436d-8bf0-177f4976b337" testId="9011c160-8b72-47ef-0b19-f1ac4fafc464" testName="TestFileDelete" computerName="runnervm3ublj" duration="00:00:00.0001019" startTime="2025-09-27T02:14:36.4741958+00:00" endTime="2025-09-27T02:14:36.4743641+00:00" testType="13cdc9d9-ddb5-4fa4-a97d-d965ccfc6d4b" outcome="Passed" testListId="8c84fa94-04c1-424b-9868-57a2d4851a1d" relativeResultsDirectory="667f6259-8ce4-436d-8bf0-177f4976b337" />
    <UnitTestResult executionId="b0312a17-6094-4b16-a062-b44a2fc99176" testId="30b186da-9a79-931d-4ee5-ecdfe5db3c76" testName="TestEmptyFilePaths" computerName="runnervm3ublj" duration="00:00:00.0010125" startTime="2025-09-27T02:14:36.4656726+00:00" endTime="2025-09-27T02:14:36.4668060+00:00" testType="13cdc9d9-ddb5-4fa4-a97d-d965ccfc6d4b" outcome="Passed" testListId="8c84fa94-04c1-424b-9868-57a2d4851a1d" relativeResultsDirectory="b0312a17-6094-4b16-a062-b44a2fc99176" />
    <UnitTestResult executionId="4feddc5d-be49-4813-a9f8-daebb9b46f53" testId="0da9f8a8-e657-b210-b5f3-ec83c8497b26" testName="TestFileStem" computerName="runnervm3ublj" duration="00:00:00.0002408" startTime="2025-09-27T02:14:36.4139493+00:00" endTime="2025-09-27T02:14:36.4142527+00:00" testType="13cdc9d9-ddb5-4fa4-a97d-d965ccfc6d4b" outcome="Passed" testListId="8c84fa94-04c1-424b-9868-57a2d4851a1d" relativeResultsDirectory="4feddc5d-be49-4813-a9f8-daebb9b46f53" />
    <UnitTestResult executionId="3982540f-7fa1-4887-9dbf-c2c07fcb20f5" testId="f64eab59-d366-aa12-22f3-ad8e634f95d1" testName="TestFileDelete" computerName="runnervm3ublj" duration="00:00:00.0003446" startTime="2025-09-27T02:14:36.4632213+00:00" endTime="2025-09-27T02:14:36.4636309+00:00" testType="13cdc9d9-ddb5-4fa4-a97d-d965ccfc6d4b" outcome="Passed" testListId="8c84fa94-04c1-424b-9868-57a2d4851a1d" relativeResultsDirectory="3982540f-7fa1-4887-9dbf-c2c07fcb20f5" />
    <UnitTestResult executionId="66046d2e-42a5-48d6-ab8d-0efffdc8ea70" testId="109778f8-1a3f-c921-f480-5b33ec9e404c" testName="TestDirectoryDeleteExistingDirectory" computerName="runnervm3ublj" duration="00:00:00.0002343" startTime="2025-09-27T02:14:36.4504786+00:00" endTime="2025-09-27T02:14:36.4507729+00:00" testType="13cdc9d9-ddb5-4fa4-a97d-d965ccfc6d4b" outcome="Passed" testListId="8c84fa94-04c1-424b-9868-57a2d4851a1d" relativeResultsDirectory="66046d2e-42a5-48d6-ab8d-0efffdc8ea70" />
    <UnitTestResult executionId="d0393261-c7fc-4cb9-b9d1-8f1c357d5da4" testId="a3803826-329d-dc6f-fc7d-0e02805b706c" testName="TestFileStem" computerName="runnervm3ublj" duration="00:00:00.0000690" startTime="2025-09-27T02:14:36.4687795+00:00" endTime="2025-09-27T02:14:36.4689206+00:00" testType="13cdc9d9-ddb5-4fa4-a97d-d965ccfc6d4b" outcome="Passed" testListId="8c84fa94-04c1-424b-9868-57a2d4851a1d" relativeResultsDirectory="d0393261-c7fc-4cb9-b9d1-8f1c357d5da4" />
    <UnitTestResult executionId="3a024c89-2e56-4c05-8a12-dc00959f11b3" testId="910e1179-c618-ac81-88d3-77979d52ca2e" testName="TestExistsAsync (True)" computerName="runnervm3ublj" duration="00:00:00.0672405" startTime="2025-09-27T02:14:36.4757999+00:00" endTime="2025-09-27T02:14:36.5431618+00:00" testType="13cdc9d9-ddb5-4fa4-a97d-d965ccfc6d4b" outcome="Passed" testListId="8c84fa94-04c1-424b-9868-57a2d4851a1d" relativeResultsDirectory="3a024c89-2e56-4c05-8a12-dc00959f11b3" />
    <UnitTestResult executionId="b848af56-171b-4ba6-8da1-67751ac512a6" testId="1d8061bb-017e-dbad-4465-67af30ac9b23" testName="TestCreateFileWhenParentDirectoryDoesNotExist" computerName="runnervm3ublj" duration="00:00:00.0000528" startTime="2025-09-27T02:14:42.5922716+00:00" endTime="2025-09-27T02:14:42.5931696+00:00" testType="13cdc9d9-ddb5-4fa4-a97d-d965ccfc6d4b" outcome="Passed" testListId="8c84fa94-04c1-424b-9868-57a2d4851a1d" relativeResultsDirectory="b848af56-171b-4ba6-8da1-67751ac512a6" />
    <UnitTestResult executionId="26f84fb6-38c2-4c78-8c9e-ad3e337004b2" testId="1534deb5-67ec-434a-e4c4-2a3259f0bb39" testName="TestFileOpenReadWrite" computerName="runnervm3ublj" duration="00:00:00.0001179" startTime="2025-09-27T02:14:42.5913482+00:00" endTime="2025-09-27T02:14:42.5915365+00:00" testType="13cdc9d9-ddb5-4fa4-a97d-d965ccfc6d4b" outcome="Passed" testListId="8c84fa94-04c1-424b-9868-57a2d4851a1d" relativeResultsDirectory="26f84fb6-38c2-4c78-8c9e-ad3e337004b2" />
    <UnitTestResult executionId="0d8bbf61-c801-467a-a879-ae69b03a38f9" testId="9fab18c8-de42-5edf-89cb-38fe842efdcb" testName="TestDirectoryEnumerateFilesDirectoriesNested" computerName="runnervm3ublj" duration="00:00:00.0001306" startTime="2025-09-27T02:14:36.4734566+00:00" endTime="2025-09-27T02:14:36.4736469+00:00" testType="13cdc9d9-ddb5-4fa4-a97d-d965ccfc6d4b" outcome="Passed" testListId="8c84fa94-04c1-424b-9868-57a2d4851a1d" relativeResultsDirectory="0d8bbf61-c801-467a-a879-ae69b03a38f9" />
    <UnitTestResult executionId="94014373-f9fe-40a2-b531-4b2e9677a6af" testId="7da6318e-98b7-39f0-4161-e0aaa63e4356" testName="TestFileFullPathIsConsistent" computerName="runnervm3ublj" duration="00:00:00.0002251" startTime="2025-09-27T02:14:36.4151482+00:00" endTime="2025-09-27T02:14:36.4154300+00:00" testType="13cdc9d9-ddb5-4fa4-a97d-d965ccfc6d4b" outcome="Passed" testListId="8c84fa94-04c1-424b-9868-57a2d4851a1d" relativeResultsDirectory="94014373-f9fe-40a2-b531-4b2e9677a6af" />
    <UnitTestResult executionId="823f1e71-0619-449b-b8ab-27299e903998" testId="bda2bfb3-e5c0-2200-50a6-0294fcf407ea" testName="TestEnumerateFilesAsync" computerName="runnervm3ublj" duration="00:00:00.0094629" startTime="2025-09-27T02:14:36.5448894+00:00" endTime="2025-09-27T02:14:36.5544182+00:00" testType="13cdc9d9-ddb5-4fa4-a97d-d965ccfc6d4b" outcome="Passed" testListId="8c84fa94-04c1-424b-9868-57a2d4851a1d" relativeResultsDirectory="823f1e71-0619-449b-b8ab-27299e903998" />
    <UnitTestResult executionId="7f998dbf-bbee-45df-9817-8eaf8e31aca3" testId="cf4b9090-69b3-1690-d9fc-8e30944ebfcc" testName="TestOpenReadAsyncThrowsIfCancelled" computerName="runnervm3ublj" duration="00:00:00.0005674" startTime="2025-09-27T02:14:36.5725673+00:00" endTime="2025-09-27T02:14:36.5732007+00:00" testType="13cdc9d9-ddb5-4fa4-a97d-d965ccfc6d4b" outcome="Passed" testListId="8c84fa94-04c1-424b-9868-57a2d4851a1d" relativeResultsDirectory="7f998dbf-bbee-45df-9817-8eaf8e31aca3" />
    <UnitTestResult executionId="51fff384-dbff-490e-a510-f1423c57a39a" testId="0ecc2e03-b166-5e66-a255-0a8ecc71ea81" testName="TestEmptyFilePaths" computerName="runnervm3ublj" duration="00:00:00.0000526" startTime="2025-09-27T02:14:42.5849017+00:00" endTime="2025-09-27T02:14:42.5850595+00:00" testType="13cdc9d9-ddb5-4fa4-a97d-d965ccfc6d4b" outcome="Passed" testListId="8c84fa94-04c1-424b-9868-57a2d4851a1d" relativeResultsDirectory="51fff384-dbff-490e-a510-f1423c57a39a" />
    <UnitTestResult executionId="2a8ae4d8-5e1f-4870-b22d-682490c35522" testId="ff3ef572-f71c-5031-deee-22a40c319a7b" testName="TestRootDirectoryExists" computerName="runnervm3ublj" duration="00:00:00.0001670" startTime="2025-09-27T02:14:36.4507982+00:00" endTime="2025-09-27T02:14:36.4510273+00:00" testType="13cdc9d9-ddb5-4fa4-a97d-d965ccfc6d4b" outcome="Passed" testListId="8c84fa94-04c1-424b-9868-57a2d4851a1d" relativeResultsDirectory="2a8ae4d8-5e1f-4870-b22d-682490c35522" />
    <UnitTestResult executionId="9cf833a6-36ee-446e-87ff-2cfeb1927dc8" testId="45544f1a-d7a2-d9e7-5fa3-60036434748b" testName="TestDirectoryFullPathIsConsistent" computerName="runnervm3ublj" duration="00:00:00.0000374" startTime="2025-09-27T02:14:42.5875289+00:00" endTime="2025-09-27T02:14:42.5876275+00:00" testType="13cdc9d9-ddb5-4fa4-a97d-d965ccfc6d4b" outcome="Passed" testListId="8c84fa94-04c1-424b-9868-57a2d4851a1d" relativeResultsDirectory="9cf833a6-36ee-446e-87ff-2cfeb1927dc8" />
  </Results>
  <TestDefinitions>
    <UnitTest name="TestFileOpenReadWriteExistingFile" storage="/home/runner/work/dotnet-monorepo/dotnet-monorepo/src/artifacts/bin/filestorage.tests/release_linux-x64/filestorage.tests.dll" id="c7897527-4e0e-ad49-b035-f1933297433a">
      <Execution id="e2e8c443-8a05-44c3-b297-4f4704b65d00" />
      <TestMethod codeBase="/home/runner/work/dotnet-monorepo/dotnet-monorepo/src/artifacts/bin/FileStorage.Tests/release_linux-x64/FileStorage.Tests.dll" adapterTypeName="executor://mstestadapter/v2" className="FileStorage.Tests.MemoryFileStorageTests" name="TestFileOpenReadWriteExistingFile" />
    </UnitTest>
    <UnitTest name="TestOpenWriteAsyncThrowsIfCancelled" storage="/home/runner/work/dotnet-monorepo/dotnet-monorepo/src/artifacts/bin/filestorage.tests/release_linux-x64/filestorage.tests.dll" id="df69c3a6-a997-1bec-3536-98911cb3c458">
      <Execution id="9951885a-acb0-4a63-afad-700208e59eda" />
      <TestMethod codeBase="/home/runner/work/dotnet-monorepo/dotnet-monorepo/src/artifacts/bin/FileStorage.Tests/release_linux-x64/FileStorage.Tests.dll" adapterTypeName="executor://mstestadapter/v2" className="FileStorage.Tests.SyncToAsyncFileAdapterTests" name="TestOpenWriteAsyncThrowsIfCancelled" />
    </UnitTest>
    <UnitTest name="TestFileFullPathIsConsistent" storage="/home/runner/work/dotnet-monorepo/dotnet-monorepo/src/artifacts/bin/filestorage.tests/release_linux-x64/filestorage.tests.dll" id="7da6318e-98b7-39f0-4161-e0aaa63e4356">
      <Execution id="94014373-f9fe-40a2-b531-4b2e9677a6af" />
      <TestMethod codeBase="/home/runner/work/dotnet-monorepo/dotnet-monorepo/src/artifacts/bin/FileStorage.Tests/release_linux-x64/FileStorage.Tests.dll" adapterTypeName="executor://mstestadapter/v2" className="FileStorage.Tests.FilesystemFileStorageTests" name="TestFileFullPathIsConsistent" />
    </UnitTest>
    <UnitTest name="TestDeleteEmptyPathDirectory" storage="/home/runner/work/dotnet-monorepo/dotnet-monorepo/src/artifacts/bin/filestorage.tests/release_linux-x64/filestorage.tests.dll" id="3fbe1aef-c231-36db-e42e-599bf3f74565">
      <Execution id="f63325c1-6167-4358-a718-76273fbf2b1c" />
      <TestMethod codeBase="/home/runner/work/dotnet-monorepo/dotnet-monorepo/src/artifacts/bin/FileStorage.Tests/release_linux-x64/FileStorage.Tests.dll" adapterTypeName="executor://mstestadapter/v2" className="FileStorage.Tests.ZipFileStorageTests" name="TestDeleteEmptyPathDirectory" />
    </UnitTest>
    <UnitTest name="TestDirectoryName" storage="/home/runner/work/dotnet-monorepo/dotnet-monorepo/src/artifacts/bin/filestorage.tests/release_linux-x64/filestorage.tests.dll" id="618d4b2b-2ac7-22a8-ee48-265a6ddb8150">
      <Execution id="cebeb481-241d-49bb-810d-fb77751f45ce" />
      <TestMethod codeBase="/home/runner/work/dotnet-monorepo/dotnet-monorepo/src/artifacts/bin/FileStorage.Tests/release_linux-x64/FileStorage.Tests.dll" adapterTypeName="executor://mstestadapter/v2" className="FileStorage.Tests.FilesystemFileStorageTests" name="TestDirectoryName" />
    </UnitTest>
    <UnitTest name="TestEmptyFilePaths" storage="/home/runner/work/dotnet-monorepo/dotnet-monorepo/src/artifacts/bin/filestorage.tests/release_linux-x64/filestorage.tests.dll" id="18605d5f-4c35-09c6-72ca-211e48b57479">
      <Execution id="24f42362-e935-496e-8dbb-043f88ede36a" />
      <TestMethod codeBase="/home/runner/work/dotnet-monorepo/dotnet-monorepo/src/artifacts/bin/FileStorage.Tests/release_linux-x64/FileStorage.Tests.dll" adapterTypeName="executor://mstestadapter/v2" className="FileStorage.Tests.FilesystemFileStorageTests" name="TestEmptyFilePaths" />
    </UnitTest>
    <UnitTest name="TestFileOpenReadWrite" storage="/home/runner/work/dotnet-monorepo/dotnet-monorepo/src/artifacts/bin/filestorage.tests/release_linux-x64/filestorage.tests.dll" id="1534deb5-67ec-434a-e4c4-2a3259f0bb39">
      <Execution id="26f84fb6-38c2-4c78-8c9e-ad3e337004b2" />
      <TestMethod codeBase="/home/runner/work/dotnet-monorepo/dotnet-monorepo/src/artifacts/bin/FileStorage.Tests/release_linux-x64/FileStorage.Tests.dll" adapterTypeName="executor://mstestadapter/v2" className="FileStorage.Tests.ZipFileStorageTests" name="TestFileOpenReadWrite" />
    </UnitTest>
    <UnitTest name="TestDirectoryNameWithDot" storage="/home/runner/work/dotnet-monorepo/dotnet-monorepo/src/artifacts/bin/filestorage.tests/release_linux-x64/filestorage.tests.dll" id="1e71ad58-a0ad-4cd0-0218-6a992bf4f71a">
      <Execution id="1fa9497a-6efa-4630-824a-1cb65e66fd84" />
      <TestMethod codeBase="/home/runner/work/dotnet-monorepo/dotnet-monorepo/src/artifacts/bin/FileStorage.Tests/release_linux-x64/FileStorage.Tests.dll" adapterTypeName="executor://mstestadapter/v2" className="FileStorage.Tests.MemoryFileStorageTests" name="TestDirectoryNameWithDot" />
    </UnitTest>
    <UnitTest name="TestFileOpenReadWrite" storage="/home/runner/work/dotnet-monorepo/dotnet-monorepo/src/artifacts/bin/filestorage.tests/release_linux-x64/filestorage.tests.dll" id="8e708a48-e948-fee1-2a70-df94ce5b6a29">
      <Execution id="19a88ec2-3b77-490e-b8f9-cb4cc6e43f38" />
      <TestMethod codeBase="/home/runner/work/dotnet-monorepo/dotnet-monorepo/src/artifacts/bin/FileStorage.Tests/release_linux-x64/FileStorage.Tests.dll" adapterTypeName="executor://mstestadapter/v2" className="FileStorage.Tests.FilesystemFileStorageTests" name="TestFileOpenReadWrite" />
    </UnitTest>
    <UnitTest name="TestDefaultOutputIsNonDeterministic" storage="/home/runner/work/dotnet-monorepo/dotnet-monorepo/src/artifacts/bin/filestorage.tests/release_linux-x64/filestorage.tests.dll" id="12d1cb41-6b3b-e919-4920-056dbd3aad76">
      <Execution id="e2612b98-c3e2-4c32-9f45-d011c1aeb452" />
      <TestMethod codeBase="/home/runner/work/dotnet-monorepo/dotnet-monorepo/src/artifacts/bin/FileStorage.Tests/release_linux-x64/FileStorage.Tests.dll" adapterTypeName="executor://mstestadapter/v2" className="FileStorage.Tests.ZipFileStorageTests" name="TestDefaultOutputIsNonDeterministic" />
    </UnitTest>
    <UnitTest name="TestDirectoryCreateExisting" storage="/home/runner/work/dotnet-monorepo/dotnet-monorepo/src/artifacts/bin/filestorage.tests/release_linux-x64/filestorage.tests.dll" id="a29289ea-bc1d-0083-5118-54a12526b8af">
      <Execution id="d21edaa7-efe0-452c-9b97-ac431b424ea8" />
      <TestMethod codeBase="/home/runner/work/dotnet-monorepo/dotnet-monorepo/src/artifacts/bin/FileStorage.Tests/release_linux-x64/FileStorage.Tests.dll" adapterTypeName="executor://mstestadapter/v2" className="FileStorage.Tests.FilesystemFileStorageTests" name="TestDirectoryCreateExisting" />
    </UnitTest>
    <UnitTest name="TestDirectoryEnumerateFilesDirectoriesNested" storage="/home/runner/work/dotnet-monorepo/dotnet-monorepo/src/artifacts/bin/filestorage.tests/release_linux-x64/filestorage.tests.dll" id="7eb76f2c-21a5-f549-3581-458e2d90bb4e">
      <Execution id="8932da8d-a2d2-40b7-9942-8fb5b529e4fa" />
      <TestMethod codeBase="/home/runner/work/dotnet-monorepo/dotnet-monorepo/src/artifacts/bin/FileStorage.Tests/release_linux-x64/FileStorage.Tests.dll" adapterTypeName="executor://mstestadapter/v2" className="FileStorage.Tests.FilesystemFileStorageTests" name="TestDirectoryEnumerateFilesDirectoriesNested" />
    </UnitTest>
    <UnitTest name="TestEmptyDirectoryPaths" storage="/home/runner/work/dotnet-monorepo/dotnet-monorepo/src/artifacts/bin/filestorage.tests/release_linux-x64/filestorage.tests.dll" id="d4d986da-d4bd-08f4-57b5-191f12483e46">
      <Execution id="2d86323b-b5eb-494a-83e7-2c2a85dc6635" />
      <TestMethod codeBase="/home/runner/work/dotnet-monorepo/dotnet-monorepo/src/artifacts/bin/FileStorage.Tests/release_linux-x64/FileStorage.Tests.dll" adapterTypeName="executor://mstestadapter/v2" className="FileStorage.Tests.MemoryFileStorageTests" name="TestEmptyDirectoryPaths" />
    </UnitTest>
    <UnitTest name="TestExistsAsync (True)" storage="/home/runner/work/dotnet-monorepo/dotnet-monorepo/src/artifacts/bin/filestorage.tests/release_linux-x64/filestorage.tests.dll" id="910e1179-c618-ac81-88d3-77979d52ca2e">
      <Execution id="3a024c89-2e56-4c05-8a12-dc00959f11b3" />
      <TestMethod codeBase="/home/runner/work/dotnet-monorepo/dotnet-monorepo/src/artifacts/bin/FileStorage.Tests/release_linux-x64/FileStorage.Tests.dll" adapterTypeName="executor://mstestadapter/v2" className="FileStorage.Tests.SyncToAsyncDirectoryAdapterTests" name="TestExistsAsync" />
    </UnitTest>
    <UnitTest name="TestDirectoryEnumerateFilesDirectories (&quot;dir&quot;)" storage="/home/runner/work/dotnet-monorepo/dotnet-monorepo/src/artifacts/bin/filestorage.tests/release_linux-x64/filestorage.tests.dll" id="bacbbd13-aba6-615b-798e-fa63927d70ae">
      <Execution id="fd0cad5d-b778-4cd1-89ff-90d281d3bbc8" />
      <TestMethod codeBase="/home/runner/work/dotnet-monorepo/dotnet-monorepo/src/artifacts/bin/FileStorage.Tests/release_linux-x64/FileStorage.Tests.dll" adapterTypeName="executor://mstestadapter/v2" className="FileStorage.Tests.MemoryFileStorageTests" name="TestDirectoryEnumerateFilesDirectories" />
    </UnitTest>
    <UnitTest name="TestDirectoryName" storage="/home/runner/work/dotnet-monorepo/dotnet-monorepo/src/artifacts/bin/filestorage.tests/release_linux-x64/filestorage.tests.dll" id="797b8a01-8186-1169-ecab-9b51ad970e5d">
      <Execution id="e649b799-cbe4-4c1c-a820-42eb23e06788" />
      <TestMethod codeBase="/home/runner/work/dotnet-monorepo/dotnet-monorepo/src/artifacts/bin/FileStorage.Tests/release_linux-x64/FileStorage.Tests.dll" adapterTypeName="executor://mstestadapter/v2" className="FileStorage.Tests.MemoryFileStorageTests" name="TestDirectoryName" />
    </UnitTest>
    <UnitTest name="TestRootDirectoryExists" storage="/home/runner/work/dotnet-monorepo/dotnet-monorepo/src/artifacts/bin/filestorage.tests/release_linux-x64/filestorage.tests.dll" id="966fde8d-32df-314c-6115-6a9b32ec93b9">
      <Execution id="eee04d7c-25fb-4130-aacc-2b8a02ff3d78" />
      <TestMethod codeBase="/home/runner/work/dotnet-monorepo/dotnet-monorepo/src/artifacts/bin/FileStorage.Tests/release_linux-x64/FileStorage.Tests.dll" adapterTypeName="executor://mstestadapter/v2" className="FileStorage.Tests.ZipFileStorageTests" name="TestRootDirectoryExists" />
    </UnitTest>
    <UnitTest name="TestFileName" storage="/home/runner/work/dotnet-monorepo/dotnet-monorepo/src/artifacts/bin/filestorage.tests/release_linux-x64/filestorage.tests.dll" id="125bc9fc-30db-ee48-7efe-8896541b5651">
      <Execution id="9ca21dfd-b2bd-44e3-a9c5-0194dd4b5a16" />
      <TestMethod codeBase="/home/runner/work/dotnet-monorepo/dotnet-monorepo/src/artifacts/bin/FileStorage.Tests/release_linux-x64/FileStorage.Tests.dll" adapterTypeName="executor://mstestadapter/v2" className="FileStorage.Tests.ZipFileStorageTests" name="TestFileName" />
    </UnitTest>
    <UnitTest name="TestExistsAsyncThrowsIfCancelled" storage="/home/runner/work/dotnet-monorepo/dotnet-monorepo/src/artifacts/bin/filestorage.tests/release_linux-x64/filestorage.tests.dll" id="c3d2dfed-dafa-3212-4b58-dbe2ec6a248e">
      <Execution id="f355248f-1621-48af-81c6-451a0ddf70c2" />
      <TestMethod codeBase="/home/runner/work/dotnet-monorepo/dotnet-monorepo/src/artifacts/bin/FileStorage.Tests/release_linux-x64/FileStorage.Tests.dll" adapterTypeName="executor://mstestadapter/v2" className="FileStorage.Tests.SyncToAsyncDirectoryAdapterTests" name="TestExistsAsyncThrowsIfCancelled" />
    </UnitTest>
    <UnitTest name="TestOutputIsDeterministic" storage="/home/runner/work/dotnet-monorepo/dotnet-monorepo/src/artifacts/bin/filestorage.tests/release_linux-x64/filestorage.tests.dll" id="f4242541-f62b-6e59-6932-1a9c264c322e">
      <Execution id="f6176215-60d6-40ff-9f69-466ca2907391" />
      <TestMethod codeBase="/home/runner/work/dotnet-monorepo/dotnet-monorepo/src/artifacts/bin/FileStorage.Tests/release_linux-x64/FileStorage.Tests.dll" adapterTypeName="executor://mstestadapter/v2" className="FileStorage.Tests.ZipFileStorageTests" name="TestOutputIsDeterministic" />
    </UnitTest>
    <UnitTest name="TestEmptyFilePaths" storage="/home/runner/work/dotnet-monorepo/dotnet-monorepo/src/artifacts/bin/filestorage.tests/release_linux-x64/filestorage.tests.dll" id="0ecc2e03-b166-5e66-a255-0a8ecc71ea81">
      <Execution id="51fff384-dbff-490e-a510-f1423c57a39a" />
      <TestMethod codeBase="/home/runner/work/dotnet-monorepo/dotnet-monorepo/src/artifacts/bin/FileStorage.Tests/release_linux-x64/FileStorage.Tests.dll" adapterTypeName="executor://mstestadapter/v2" className="FileStorage.Tests.ZipFileStorageTests" name="TestEmptyFilePaths" />
    </UnitTest>
    <UnitTest name="TestDirectoryNameWithDot" storage="/home/runner/work/dotnet-monorepo/dotnet-monorepo/src/artifacts/bin/filestorage.tests/release_linux-x64/filestorage.tests.dll" id="cd0078b3-4b7f-1e54-2b47-dac01f923d15">
      <Execution id="50def5ba-4a27-43d5-a91a-f2885e21157a" />
      <TestMethod codeBase="/home/runner/work/dotnet-monorepo/dotnet-monorepo/src/artifacts/bin/FileStorage.Tests/release_linux-x64/FileStorage.Tests.dll" adapterTypeName="executor://mstestadapter/v2" className="FileStorage.Tests.FilesystemFileStorageTests" name="TestDirectoryNameWithDot" />
    </UnitTest>
    <UnitTest name="TestDirectoryCreate" storage="/home/runner/work/dotnet-monorepo/dotnet-monorepo/src/artifacts/bin/filestorage.tests/release_linux-x64/filestorage.tests.dll" id="9a8424cd-4f80-220e-7900-daa37175ddae">
      <Execution id="98261c3e-c37e-4ac1-aeb3-e5c92457cb78" />
      <TestMethod codeBase="/home/runner/work/dotnet-monorepo/dotnet-monorepo/src/artifacts/bin/FileStorage.Tests/release_linux-x64/FileStorage.Tests.dll" adapterTypeName="executor://mstestadapter/v2" className="FileStorage.Tests.MemoryFileStorageTests" name="TestDirectoryCreate" />
    </UnitTest>
    <UnitTest name="TestFileOpenReadWrite" storage="/home/runner/work/dotnet-monorepo/dotnet-monorepo/src/artifacts/bin/filestorage.tests/release_linux-x64/filestorage.tests.dll" id="fca03aaa-9bd0-d573-60dc-d9376c9ea610">
      <Execution id="04b1285e-9fc4-4f40-834e-58fb6adcd815" />
      <TestMethod codeBase="/home/runner/work/dotnet-monorepo/dotnet-monorepo/src/artifacts/bin/FileStorage.Tests/release_linux-x64/FileStorage.Tests.dll" adapterTypeName="executor://mstestadapter/v2" className="FileStorage.Tests.MemoryFileStorageTests" name="TestFileOpenReadWrite" />
    </UnitTest>
    <UnitTest name="TestDirectoryEnumerateFilesDirectoriesNested" storage="/home/runner/work/dotnet-monorepo/dotnet-monorepo/src/artifacts/bin/filestorage.tests/release_linux-x64/filestorage.tests.dll" id="f7b478bc-0212-d153-656f-f41f57754de4">
      <Execution id="3336bf89-d611-4259-8bc0-22135aeb1f6c" />
      <TestMethod codeBase="/home/runner/work/dotnet-monorepo/dotnet-monorepo/src/artifacts/bin/FileStorage.Tests/release_linux-x64/FileStorage.Tests.dll" adapterTypeName="executor://mstestadapter/v2" className="FileStorage.Tests.ZipFileStorageTests" name="TestDirectoryEnumerateFilesDirectoriesNested" />
    </UnitTest>
    <UnitTest name="TestDirectoryCreateExisting" storage="/home/runner/work/dotnet-monorepo/dotnet-monorepo/src/artifacts/bin/filestorage.tests/release_linux-x64/filestorage.tests.dll" id="eff7da53-f6a7-63b0-cc4f-2e2f7ff54c59">
      <Execution id="9f38d257-e9f9-47af-b0c6-befe9e993b04" />
      <TestMethod codeBase="/home/runner/work/dotnet-monorepo/dotnet-monorepo/src/artifacts/bin/FileStorage.Tests/release_linux-x64/FileStorage.Tests.dll" adapterTypeName="executor://mstestadapter/v2" className="FileStorage.Tests.ZipFileStorageTests" name="TestDirectoryCreateExisting" />
    </UnitTest>
    <UnitTest name="TestDirectoryName" storage="/home/runner/work/dotnet-monorepo/dotnet-monorepo/src/artifacts/bin/filestorage.tests/release_linux-x64/filestorage.tests.dll" id="de3b2480-d479-605b-e08b-e52b3f60032b">
      <Execution id="9f111f41-3295-4730-b7a7-db3ce64234d6" />
      <TestMethod codeBase="/home/runner/work/dotnet-monorepo/dotnet-monorepo/src/artifacts/bin/FileStorage.Tests/release_linux-x64/FileStorage.Tests.dll" adapterTypeName="executor://mstestadapter/v2" className="FileStorage.Tests.ZipFileStorageTests" name="TestDirectoryName" />
    </UnitTest>
    <UnitTest name="TestEnumerateFilesAsync" storage="/home/runner/work/dotnet-monorepo/dotnet-monorepo/src/artifacts/bin/filestorage.tests/release_linux-x64/filestorage.tests.dll" id="bda2bfb3-e5c0-2200-50a6-0294fcf407ea">
      <Execution id="823f1e71-0619-449b-b8ab-27299e903998" />
      <TestMethod codeBase="/home/runner/work/dotnet-monorepo/dotnet-monorepo/src/artifacts/bin/FileStorage.Tests/release_linux-x64/FileStorage.Tests.dll" adapterTypeName="executor://mstestadapter/v2" className="FileStorage.Tests.SyncToAsyncDirectoryAdapterTests" name="TestEnumerateFilesAsync" />
    </UnitTest>
    <UnitTest name="TestCreateFileWhenParentDirectoryDoesNotExist" storage="/home/runner/work/dotnet-monorepo/dotnet-monorepo/src/artifacts/bin/filestorage.tests/release_linux-x64/filestorage.tests.dll" id="adcd8de1-a2fb-d996-6dae-d799ebeca291">
      <Execution id="35c9cd24-222b-4842-89b4-1a523f7650c2" />
      <TestMethod codeBase="/home/runner/work/dotnet-monorepo/dotnet-monorepo/src/artifacts/bin/FileStorage.Tests/release_linux-x64/FileStorage.Tests.dll" adapterTypeName="executor://mstestadapter/v2" className="FileStorage.Tests.FilesystemFileStorageTests" name="TestCreateFileWhenParentDirectoryDoesNotExist" />
    </UnitTest>
    <UnitTest name="TestEmptyDirectoryPaths" storage="/home/runner/work/dotnet-monorepo/dotnet-monorepo/src/artifacts/bin/filestorage.tests/release_linux-x64/filestorage.tests.dll" id="4215e5b5-fc3c-3e4d-30ae-01a50b08f468">
      <Execution id="de184462-602f-4694-a773-bf3968c56e40" />
      <TestMethod codeBase="/home/runner/work/dotnet-monorepo/dotnet-monorepo/src/artifacts/bin/FileStorage.Tests/release_linux-x64/FileStorage.Tests.dll" adapterTypeName="executor://mstestadapter/v2" className="FileStorage.Tests.FilesystemFileStorageTests" name="TestEmptyDirectoryPaths" />
    </UnitTest>
    <UnitTest name="TestFileStem" storage="/home/runner/work/dotnet-monorepo/dotnet-monorepo/src/artifacts/bin/filestorage.tests/release_linux-x64/filestorage.tests.dll" id="a3803826-329d-dc6f-fc7d-0e02805b706c">
      <Execution id="d0393261-c7fc-4cb9-b9d1-8f1c357d5da4" />
      <TestMethod codeBase="/home/runner/work/dotnet-monorepo/dotnet-monorepo/src/artifacts/bin/FileStorage.Tests/release_linux-x64/FileStorage.Tests.dll" adapterTypeName="executor://mstestadapter/v2" className="FileStorage.Tests.MemoryFileStorageTests" name="TestFileStem" />
    </UnitTest>
    <UnitTest name="TestFileDelete" storage="/home/runner/work/dotnet-monorepo/dotnet-monorepo/src/artifacts/bin/filestorage.tests/release_linux-x64/filestorage.tests.dll" id="9011c160-8b72-47ef-0b19-f1ac4fafc464">
      <Execution id="667f6259-8ce4-436d-8bf0-177f4976b337" />
      <TestMethod codeBase="/home/runner/work/dotnet-monorepo/dotnet-monorepo/src/artifacts/bin/FileStorage.Tests/release_linux-x64/FileStorage.Tests.dll" adapterTypeName="executor://mstestadapter/v2" className="FileStorage.Tests.MemoryFileStorageTests" name="TestFileDelete" />
    </UnitTest>
    <UnitTest name="TestDirectoryDeleteExistingDirectory" storage="/home/runner/work/dotnet-monorepo/dotnet-monorepo/src/artifacts/bin/filestorage.tests/release_linux-x64/filestorage.tests.dll" id="40b81683-78f2-804b-e88e-f90513574e2a">
      <Execution id="a3f9b8f6-5003-4dab-8cce-11347c46cdad" />
      <TestMethod codeBase="/home/runner/work/dotnet-monorepo/dotnet-monorepo/src/artifacts/bin/FileStorage.Tests/release_linux-x64/FileStorage.Tests.dll" adapterTypeName="executor://mstestadapter/v2" className="FileStorage.Tests.ZipFileStorageTests" name="TestDirectoryDeleteExistingDirectory" />
    </UnitTest>
    <UnitTest name="TestFileStem" storage="/home/runner/work/dotnet-monorepo/dotnet-monorepo/src/artifacts/bin/filestorage.tests/release_linux-x64/filestorage.tests.dll" id="0da9f8a8-e657-b210-b5f3-ec83c8497b26">
      <Execution id="4feddc5d-be49-4813-a9f8-daebb9b46f53" />
      <TestMethod codeBase="/home/runner/work/dotnet-monorepo/dotnet-monorepo/src/artifacts/bin/FileStorage.Tests/release_linux-x64/FileStorage.Tests.dll" adapterTypeName="executor://mstestadapter/v2" className="FileStorage.Tests.FilesystemFileStorageTests" name="TestFileStem" />
    </UnitTest>
    <UnitTest name="TestRootDirectoryExists" storage="/home/runner/work/dotnet-monorepo/dotnet-monorepo/src/artifacts/bin/filestorage.tests/release_linux-x64/filestorage.tests.dll" id="ff3ef572-f71c-5031-deee-22a40c319a7b">
      <Execution id="2a8ae4d8-5e1f-4870-b22d-682490c35522" />
      <TestMethod codeBase="/home/runner/work/dotnet-monorepo/dotnet-monorepo/src/artifacts/bin/FileStorage.Tests/release_linux-x64/FileStorage.Tests.dll" adapterTypeName="executor://mstestadapter/v2" className="FileStorage.Tests.FilesystemFileStorageTests" name="TestRootDirectoryExists" />
    </UnitTest>
    <UnitTest name="TestDeleteEmptyPathDirectory" storage="/home/runner/work/dotnet-monorepo/dotnet-monorepo/src/artifacts/bin/filestorage.tests/release_linux-x64/filestorage.tests.dll" id="a1ac245f-162d-b3d5-902a-73d42908be8b">
      <Execution id="dae25a30-d1a7-44ad-8c50-705e2690fdd6" />
      <TestMethod codeBase="/home/runner/work/dotnet-monorepo/dotnet-monorepo/src/artifacts/bin/FileStorage.Tests/release_linux-x64/FileStorage.Tests.dll" adapterTypeName="executor://mstestadapter/v2" className="FileStorage.Tests.FilesystemFileStorageTests" name="TestDeleteEmptyPathDirectory" />
    </UnitTest>
    <UnitTest name="TestFileExtension" storage="/home/runner/work/dotnet-monorepo/dotnet-monorepo/src/artifacts/bin/filestorage.tests/release_linux-x64/filestorage.tests.dll" id="6e5b91a2-6a19-9c04-8737-fad3d45dfaa1">
      <Execution id="f9c23949-21c9-4fc8-bc58-582be24b9b2c" />
      <TestMethod codeBase="/home/runner/work/dotnet-monorepo/dotnet-monorepo/src/artifacts/bin/FileStorage.Tests/release_linux-x64/FileStorage.Tests.dll" adapterTypeName="executor://mstestadapter/v2" className="FileStorage.Tests.MemoryFileStorageTests" name="TestFileExtension" />
    </UnitTest>
    <UnitTest name="TestCreateAsyncThrowsIfCancelled" storage="/home/runner/work/dotnet-monorepo/dotnet-monorepo/src/artifacts/bin/filestorage.tests/release_linux-x64/filestorage.tests.dll" id="9546a373-c09a-58f7-3312-0de377f90a9a">
      <Execution id="15a7a23a-d24a-49cd-afab-13ebf2a69299" />
      <TestMethod codeBase="/home/runner/work/dotnet-monorepo/dotnet-monorepo/src/artifacts/bin/FileStorage.Tests/release_linux-x64/FileStorage.Tests.dll" adapterTypeName="executor://mstestadapter/v2" className="FileStorage.Tests.SyncToAsyncDirectoryAdapterTests" name="TestCreateAsyncThrowsIfCancelled" />
    </UnitTest>
    <UnitTest name="TestEnumerateDirectoriesAsyncThrowsIfCancelled" storage="/home/runner/work/dotnet-monorepo/dotnet-monorepo/src/artifacts/bin/filestorage.tests/release_linux-x64/filestorage.tests.dll" id="3bd62bd2-9144-6143-2f62-27a8dcf18fb5">
      <Execution id="8e9f3ea6-e6d3-4294-85a1-2bf6eeb33657" />
      <TestMethod codeBase="/home/runner/work/dotnet-monorepo/dotnet-monorepo/src/artifacts/bin/FileStorage.Tests/release_linux-x64/FileStorage.Tests.dll" adapterTypeName="executor://mstestadapter/v2" className="FileStorage.Tests.SyncToAsyncDirectoryAdapterTests" name="TestEnumerateDirectoriesAsyncThrowsIfCancelled" />
    </UnitTest>
    <UnitTest name="TestFileName" storage="/home/runner/work/dotnet-monorepo/dotnet-monorepo/src/artifacts/bin/filestorage.tests/release_linux-x64/filestorage.tests.dll" id="f8e7277d-d9f8-29f5-60e4-5fbb63d964ed">
      <Execution id="2a5741a2-ab9a-4a87-8b62-b5dfc06613fb" />
      <TestMethod codeBase="/home/runner/work/dotnet-monorepo/dotnet-monorepo/src/artifacts/bin/FileStorage.Tests/release_linux-x64/FileStorage.Tests.dll" adapterTypeName="executor://mstestadapter/v2" className="FileStorage.Tests.MemoryFileStorageTests" name="TestFileName" />
    </UnitTest>
    <UnitTest name="TestOpenReadAsyncThrowsIfCancelled" storage="/home/runner/work/dotnet-monorepo/dotnet-monorepo/src/artifacts/bin/filestorage.tests/release_linux-x64/filestorage.tests.dll" id="cf4b9090-69b3-1690-d9fc-8e30944ebfcc">
      <Execution id="7f998dbf-bbee-45df-9817-8eaf8e31aca3" />
      <TestMethod codeBase="/home/runner/work/dotnet-monorepo/dotnet-monorepo/src/artifacts/bin/FileStorage.Tests/release_linux-x64/FileStorage.Tests.dll" adapterTypeName="executor://mstestadapter/v2" className="FileStorage.Tests.SyncToAsyncFileAdapterTests" name="TestOpenReadAsyncThrowsIfCancelled" />
    </UnitTest>
    <UnitTest name="TestCreateAsync" storage="/home/runner/work/dotnet-monorepo/dotnet-monorepo/src/artifacts/bin/filestorage.tests/release_linux-x64/filestorage.tests.dll" id="49fe5267-fc48-c49a-f934-3af546ee163f">
      <Execution id="1cbdf38e-4d8a-492b-a0af-467ea48ea9a1" />
      <TestMethod codeBase="/home/runner/work/dotnet-monorepo/dotnet-monorepo/src/artifacts/bin/FileStorage.Tests/release_linux-x64/FileStorage.Tests.dll" adapterTypeName="executor://mstestadapter/v2" className="FileStorage.Tests.SyncToAsyncDirectoryAdapterTests" name="TestCreateAsync" />
    </UnitTest>
    <UnitTest name="TestParentDirectory" storage="/home/runner/work/dotnet-monorepo/dotnet-monorepo/src/artifacts/bin/filestorage.tests/release_linux-x64/filestorage.tests.dll" id="79c4ff89-0797-e74c-0eb1-6195164e4436">
      <Execution id="9a4e8783-e3c5-4013-8b01-8c4393936c66" />
      <TestMethod codeBase="/home/runner/work/dotnet-monorepo/dotnet-monorepo/src/artifacts/bin/FileStorage.Tests/release_linux-x64/FileStorage.Tests.dll" adapterTypeName="executor://mstestadapter/v2" className="FileStorage.Tests.MemoryFileStorageTests" name="TestParentDirectory" />
    </UnitTest>
    <UnitTest name="TestDirectoryCreate" storage="/home/runner/work/dotnet-monorepo/dotnet-monorepo/src/artifacts/bin/filestorage.tests/release_linux-x64/filestorage.tests.dll" id="0e088d27-c7d7-0291-d4f0-8f7b1d9da554">
      <Execution id="d2744808-7650-464b-a92d-dbbbf19f1d32" />
      <TestMethod codeBase="/home/runner/work/dotnet-monorepo/dotnet-monorepo/src/artifacts/bin/FileStorage.Tests/release_linux-x64/FileStorage.Tests.dll" adapterTypeName="executor://mstestadapter/v2" className="FileStorage.Tests.FilesystemFileStorageTests" name="TestDirectoryCreate" />
    </UnitTest>
    <UnitTest name="TestFileOpenReadWriteExistingFile" storage="/home/runner/work/dotnet-monorepo/dotnet-monorepo/src/artifacts/bin/filestorage.tests/release_linux-x64/filestorage.tests.dll" id="7d7edaab-f11c-42a8-dc0e-01ee01112f84">
      <Execution id="0cb72305-253f-4be7-acf3-61b4825c4737" />
      <TestMethod codeBase="/home/runner/work/dotnet-monorepo/dotnet-monorepo/src/artifacts/bin/FileStorage.Tests/release_linux-x64/FileStorage.Tests.dll" adapterTypeName="executor://mstestadapter/v2" className="FileStorage.Tests.ZipFileStorageTests" name="TestFileOpenReadWriteExistingFile" />
    </UnitTest>
    <UnitTest name="TestEnumerateDirectoriesAsync" storage="/home/runner/work/dotnet-monorepo/dotnet-monorepo/src/artifacts/bin/filestorage.tests/release_linux-x64/filestorage.tests.dll" id="0f1da9e6-1cbf-8583-2f6b-0061293bebf8">
      <Execution id="b26cadf2-57c8-47d3-a4d9-55a2754fb5f4" />
      <TestMethod codeBase="/home/runner/work/dotnet-monorepo/dotnet-monorepo/src/artifacts/bin/FileStorage.Tests/release_linux-x64/FileStorage.Tests.dll" adapterTypeName="executor://mstestadapter/v2" className="FileStorage.Tests.SyncToAsyncDirectoryAdapterTests" name="TestEnumerateDirectoriesAsync" />
    </UnitTest>
    <UnitTest name="TestExistsAsync (False)" storage="/home/runner/work/dotnet-monorepo/dotnet-monorepo/src/artifacts/bin/filestorage.tests/release_linux-x64/filestorage.tests.dll" id="9ee8bdb3-752d-d7fa-92e7-baaf5a6a275d">
      <Execution id="f9424a0b-940c-4bee-b149-2c969ce6d9e1" />
      <TestMethod codeBase="/home/runner/work/dotnet-monorepo/dotnet-monorepo/src/artifacts/bin/FileStorage.Tests/release_linux-x64/FileStorage.Tests.dll" adapterTypeName="executor://mstestadapter/v2" className="FileStorage.Tests.SyncToAsyncDirectoryAdapterTests" name="TestExistsAsync" />
    </UnitTest>
    <UnitTest name="TestDirectoryEnumerateFilesDirectories (&quot;&quot;)" storage="/home/runner/work/dotnet-monorepo/dotnet-monorepo/src/artifacts/bin/filestorage.tests/release_linux-x64/filestorage.tests.dll" id="f8c037a4-86a1-940c-dee2-3812680c280a">
      <Execution id="841464ff-6856-4510-9450-d9a60b626773" />
      <TestMethod codeBase="/home/runner/work/dotnet-monorepo/dotnet-monorepo/src/artifacts/bin/FileStorage.Tests/release_linux-x64/FileStorage.Tests.dll" adapterTypeName="executor://mstestadapter/v2" className="FileStorage.Tests.FilesystemFileStorageTests" name="TestDirectoryEnumerateFilesDirectories" />
    </UnitTest>
    <UnitTest name="TestDirectoryNameWithDot" storage="/home/runner/work/dotnet-monorepo/dotnet-monorepo/src/artifacts/bin/filestorage.tests/release_linux-x64/filestorage.tests.dll" id="51e79817-9cb4-c803-a9cd-be62c5643252">
      <Execution id="197c4a5d-344f-40ea-bd89-3c5a77b9eca7" />
      <TestMethod codeBase="/home/runner/work/dotnet-monorepo/dotnet-monorepo/src/artifacts/bin/FileStorage.Tests/release_linux-x64/FileStorage.Tests.dll" adapterTypeName="executor://mstestadapter/v2" className="FileStorage.Tests.ZipFileStorageTests" name="TestDirectoryNameWithDot" />
    </UnitTest>
    <UnitTest name="TestDirectoryCreateExisting" storage="/home/runner/work/dotnet-monorepo/dotnet-monorepo/src/artifacts/bin/filestorage.tests/release_linux-x64/filestorage.tests.dll" id="5b8af763-c9e7-a7dc-38c5-6c93729daebf">
      <Execution id="7d14cbb1-6c7b-49b0-90b0-7599314a6673" />
      <TestMethod codeBase="/home/runner/work/dotnet-monorepo/dotnet-monorepo/src/artifacts/bin/FileStorage.Tests/release_linux-x64/FileStorage.Tests.dll" adapterTypeName="executor://mstestadapter/v2" className="FileStorage.Tests.MemoryFileStorageTests" name="TestDirectoryCreateExisting" />
    </UnitTest>
    <UnitTest name="TestEmptyFilePaths" storage="/home/runner/work/dotnet-monorepo/dotnet-monorepo/src/artifacts/bin/filestorage.tests/release_linux-x64/filestorage.tests.dll" id="30b186da-9a79-931d-4ee5-ecdfe5db3c76">
      <Execution id="b0312a17-6094-4b16-a062-b44a2fc99176" />
      <TestMethod codeBase="/home/runner/work/dotnet-monorepo/dotnet-monorepo/src/artifacts/bin/FileStorage.Tests/release_linux-x64/FileStorage.Tests.dll" adapterTypeName="executor://mstestadapter/v2" className="FileStorage.Tests.MemoryFileStorageTests" name="TestEmptyFilePaths" />
    </UnitTest>
    <UnitTest name="TestDeleteEmptyPathDirectory" storage="/home/runner/work/dotnet-monorepo/dotnet-monorepo/src/artifacts/bin/filestorage.tests/release_linux-x64/filestorage.tests.dll" id="02f617f7-c2f8-ea60-5be7-c053e0a3cf57">
      <Execution id="1ae3af28-d017-42a3-8cbf-1573fdddd482" />
      <TestMethod codeBase="/home/runner/work/dotnet-monorepo/dotnet-monorepo/src/artifacts/bin/FileStorage.Tests/release_linux-x64/FileStorage.Tests.dll" adapterTypeName="executor://mstestadapter/v2" className="FileStorage.Tests.MemoryFileStorageTests" name="TestDeleteEmptyPathDirectory" />
    </UnitTest>
    <UnitTest name="TestDirectoryFullPathIsConsistent" storage="/home/runner/work/dotnet-monorepo/dotnet-monorepo/src/artifacts/bin/filestorage.tests/release_linux-x64/filestorage.tests.dll" id="2e325afd-71c3-c013-f9e9-d25d63271309">
      <Execution id="de0c32b0-7b7b-4228-83e5-75580e065f42" />
      <TestMethod codeBase="/home/runner/work/dotnet-monorepo/dotnet-monorepo/src/artifacts/bin/FileStorage.Tests/release_linux-x64/FileStorage.Tests.dll" adapterTypeName="executor://mstestadapter/v2" className="FileStorage.Tests.MemoryFileStorageTests" name="TestDirectoryFullPathIsConsistent" />
    </UnitTest>
    <UnitTest name="TestDirectoryEnumerateFilesDirectories (&quot;&quot;)" storage="/home/runner/work/dotnet-monorepo/dotnet-monorepo/src/artifacts/bin/filestorage.tests/release_linux-x64/filestorage.tests.dll" id="08e0f610-476a-cb6d-5d83-04cfa0bb5513">
      <Execution id="a939668e-4c88-44be-9bdc-74fadfbe61b7" />
      <TestMethod codeBase="/home/runner/work/dotnet-monorepo/dotnet-monorepo/src/artifacts/bin/FileStorage.Tests/release_linux-x64/FileStorage.Tests.dll" adapterTypeName="executor://mstestadapter/v2" className="FileStorage.Tests.ZipFileStorageTests" name="TestDirectoryEnumerateFilesDirectories" />
    </UnitTest>
    <UnitTest name="TestDirectoryFullPathIsConsistent" storage="/home/runner/work/dotnet-monorepo/dotnet-monorepo/src/artifacts/bin/filestorage.tests/release_linux-x64/filestorage.tests.dll" id="ee7e4fee-92ed-61e3-75da-bff49e330275">
      <Execution id="d7141390-237c-44af-b5b8-002d94857c57" />
      <TestMethod codeBase="/home/runner/work/dotnet-monorepo/dotnet-monorepo/src/artifacts/bin/FileStorage.Tests/release_linux-x64/FileStorage.Tests.dll" adapterTypeName="executor://mstestadapter/v2" className="FileStorage.Tests.FilesystemFileStorageTests" name="TestDirectoryFullPathIsConsistent" />
    </UnitTest>
    <UnitTest name="TestFileExtension" storage="/home/runner/work/dotnet-monorepo/dotnet-monorepo/src/artifacts/bin/filestorage.tests/release_linux-x64/filestorage.tests.dll" id="6de70bcc-1fd5-fee6-1433-0f0245c25247">
      <Execution id="8d4b3981-0a3f-437d-8a1e-5c4799cfb83d" />
      <TestMethod codeBase="/home/runner/work/dotnet-monorepo/dotnet-monorepo/src/artifacts/bin/FileStorage.Tests/release_linux-x64/FileStorage.Tests.dll" adapterTypeName="executor://mstestadapter/v2" className="FileStorage.Tests.FilesystemFileStorageTests" name="TestFileExtension" />
    </UnitTest>
    <UnitTest name="TestDirectoryDeleteExistingDirectory" storage="/home/runner/work/dotnet-monorepo/dotnet-monorepo/src/artifacts/bin/filestorage.tests/release_linux-x64/filestorage.tests.dll" id="109778f8-1a3f-c921-f480-5b33ec9e404c">
      <Execution id="66046d2e-42a5-48d6-ab8d-0efffdc8ea70" />
      <TestMethod codeBase="/home/runner/work/dotnet-monorepo/dotnet-monorepo/src/artifacts/bin/FileStorage.Tests/release_linux-x64/FileStorage.Tests.dll" adapterTypeName="executor://mstestadapter/v2" className="FileStorage.Tests.FilesystemFileStorageTests" name="TestDirectoryDeleteExistingDirectory" />
    </UnitTest>
    <UnitTest name="TestEmptyDirectoryPaths" storage="/home/runner/work/dotnet-monorepo/dotnet-monorepo/src/artifacts/bin/filestorage.tests/release_linux-x64/filestorage.tests.dll" id="b414c790-0451-ffab-cace-9828ee75369b">
      <Execution id="1068539b-76ac-4492-aa6c-2a32abe4d693" />
      <TestMethod codeBase="/home/runner/work/dotnet-monorepo/dotnet-monorepo/src/artifacts/bin/FileStorage.Tests/release_linux-x64/FileStorage.Tests.dll" adapterTypeName="executor://mstestadapter/v2" className="FileStorage.Tests.ZipFileStorageTests" name="TestEmptyDirectoryPaths" />
    </UnitTest>
    <UnitTest name="TestFileName" storage="/home/runner/work/dotnet-monorepo/dotnet-monorepo/src/artifacts/bin/filestorage.tests/release_linux-x64/filestorage.tests.dll" id="24b7a9df-0abd-14f1-06c9-9d72cbf192b3">
      <Execution id="a858db5c-d2bb-43d4-8bdb-6ca05fe77f19" />
      <TestMethod codeBase="/home/runner/work/dotnet-monorepo/dotnet-monorepo/src/artifacts/bin/FileStorage.Tests/release_linux-x64/FileStorage.Tests.dll" adapterTypeName="executor://mstestadapter/v2" className="FileStorage.Tests.FilesystemFileStorageTests" name="TestFileName" />
    </UnitTest>
    <UnitTest name="TestExistsAsyncThrowsIfCancelled" storage="/home/runner/work/dotnet-monorepo/dotnet-monorepo/src/artifacts/bin/filestorage.tests/release_linux-x64/filestorage.tests.dll" id="6484f54f-0ad5-b721-001b-ebf002fed6b2">
      <Execution id="145d974f-c27d-4620-8f7b-4a17c857d6ab" />
      <TestMethod codeBase="/home/runner/work/dotnet-monorepo/dotnet-monorepo/src/artifacts/bin/FileStorage.Tests/release_linux-x64/FileStorage.Tests.dll" adapterTypeName="executor://mstestadapter/v2" className="FileStorage.Tests.SyncToAsyncFileAdapterTests" name="TestExistsAsyncThrowsIfCancelled" />
    </UnitTest>
    <UnitTest name="TestFileFullPathIsConsistent" storage="/home/runner/work/dotnet-monorepo/dotnet-monorepo/src/artifacts/bin/filestorage.tests/release_linux-x64/filestorage.tests.dll" id="4f6773f6-14de-a05b-1a5d-745be43beb3f">
      <Execution id="853fb14e-a9f2-489d-a630-382f46b48831" />
      <TestMethod codeBase="/home/runner/work/dotnet-monorepo/dotnet-monorepo/src/artifacts/bin/FileStorage.Tests/release_linux-x64/FileStorage.Tests.dll" adapterTypeName="executor://mstestadapter/v2" className="FileStorage.Tests.MemoryFileStorageTests" name="TestFileFullPathIsConsistent" />
    </UnitTest>
    <UnitTest name="TestParentDirectory" storage="/home/runner/work/dotnet-monorepo/dotnet-monorepo/src/artifacts/bin/filestorage.tests/release_linux-x64/filestorage.tests.dll" id="c901782e-ef1c-b42b-60f1-435a0351d1c3">
      <Execution id="6bd26932-cfcc-4fa5-ab8b-3f21d84b38a8" />
      <TestMethod codeBase="/home/runner/work/dotnet-monorepo/dotnet-monorepo/src/artifacts/bin/FileStorage.Tests/release_linux-x64/FileStorage.Tests.dll" adapterTypeName="executor://mstestadapter/v2" className="FileStorage.Tests.ZipFileStorageTests" name="TestParentDirectory" />
    </UnitTest>
    <UnitTest name="TestDeleteAsync" storage="/home/runner/work/dotnet-monorepo/dotnet-monorepo/src/artifacts/bin/filestorage.tests/release_linux-x64/filestorage.tests.dll" id="1c9877c6-ebfa-9f2c-ee53-ef4e577d1078">
      <Execution id="c3aa5eee-4810-4d64-8dc2-f2424f5a3b0a" />
      <TestMethod codeBase="/home/runner/work/dotnet-monorepo/dotnet-monorepo/src/artifacts/bin/FileStorage.Tests/release_linux-x64/FileStorage.Tests.dll" adapterTypeName="executor://mstestadapter/v2" className="FileStorage.Tests.SyncToAsyncFileAdapterTests" name="TestDeleteAsync" />
    </UnitTest>
    <UnitTest name="TestDirectoryFullPathIsConsistent" storage="/home/runner/work/dotnet-monorepo/dotnet-monorepo/src/artifacts/bin/filestorage.tests/release_linux-x64/filestorage.tests.dll" id="45544f1a-d7a2-d9e7-5fa3-60036434748b">
      <Execution id="9cf833a6-36ee-446e-87ff-2cfeb1927dc8" />
      <TestMethod codeBase="/home/runner/work/dotnet-monorepo/dotnet-monorepo/src/artifacts/bin/FileStorage.Tests/release_linux-x64/FileStorage.Tests.dll" adapterTypeName="executor://mstestadapter/v2" className="FileStorage.Tests.ZipFileStorageTests" name="TestDirectoryFullPathIsConsistent" />
    </UnitTest>
    <UnitTest name="TestDeleteNonExistent" storage="/home/runner/work/dotnet-monorepo/dotnet-monorepo/src/artifacts/bin/filestorage.tests/release_linux-x64/filestorage.tests.dll" id="009a2387-0a42-469f-a4ba-4b5d7815ce64">
      <Execution id="f0f8b1ce-b6c3-4e3a-a58e-7a464a96ade9" />
      <TestMethod codeBase="/home/runner/work/dotnet-monorepo/dotnet-monorepo/src/artifacts/bin/FileStorage.Tests/release_linux-x64/FileStorage.Tests.dll" adapterTypeName="executor://mstestadapter/v2" className="FileStorage.Tests.FilesystemFileStorageTests" name="TestDeleteNonExistent" />
    </UnitTest>
    <UnitTest name="TestExistsAsync (True)" storage="/home/runner/work/dotnet-monorepo/dotnet-monorepo/src/artifacts/bin/filestorage.tests/release_linux-x64/filestorage.tests.dll" id="a89f0bbf-e5bb-9494-34d2-174c60a99834">
      <Execution id="cc79011f-f8e5-403e-9c34-bcd148e0d74d" />
      <TestMethod codeBase="/home/runner/work/dotnet-monorepo/dotnet-monorepo/src/artifacts/bin/FileStorage.Tests/release_linux-x64/FileStorage.Tests.dll" adapterTypeName="executor://mstestadapter/v2" className="FileStorage.Tests.SyncToAsyncFileAdapterTests" name="TestExistsAsync" />
    </UnitTest>
    <UnitTest name="TestDirectoryDeleteExistingDirectory" storage="/home/runner/work/dotnet-monorepo/dotnet-monorepo/src/artifacts/bin/filestorage.tests/release_linux-x64/filestorage.tests.dll" id="fe70811c-eba8-dd1f-7c22-0fa4e60d4aa2">
      <Execution id="408bed4b-f9e9-4eaf-a67a-39a9a1a3055b" />
      <TestMethod codeBase="/home/runner/work/dotnet-monorepo/dotnet-monorepo/src/artifacts/bin/FileStorage.Tests/release_linux-x64/FileStorage.Tests.dll" adapterTypeName="executor://mstestadapter/v2" className="FileStorage.Tests.MemoryFileStorageTests" name="TestDirectoryDeleteExistingDirectory" />
    </UnitTest>
    <UnitTest name="TestCompression" storage="/home/runner/work/dotnet-monorepo/dotnet-monorepo/src/artifacts/bin/filestorage.tests/release_linux-x64/filestorage.tests.dll" id="071eaba4-a09d-f772-7109-6fc000a80917">
      <Execution id="4d0df8d0-a632-46a7-86dd-1f1bcd43b5cf" />
      <TestMethod codeBase="/home/runner/work/dotnet-monorepo/dotnet-monorepo/src/artifacts/bin/FileStorage.Tests/release_linux-x64/FileStorage.Tests.dll" adapterTypeName="executor://mstestadapter/v2" className="FileStorage.Tests.ZipFileStorageTests" name="TestCompression" />
    </UnitTest>
    <UnitTest name="TestDeleteAsyncThrowsIfCancelled" storage="/home/runner/work/dotnet-monorepo/dotnet-monorepo/src/artifacts/bin/filestorage.tests/release_linux-x64/filestorage.tests.dll" id="5e7e342f-9a2b-efbe-0225-541455a94587">
      <Execution id="7418f213-6372-4419-9fa4-b8b68618c3dc" />
      <TestMethod codeBase="/home/runner/work/dotnet-monorepo/dotnet-monorepo/src/artifacts/bin/FileStorage.Tests/release_linux-x64/FileStorage.Tests.dll" adapterTypeName="executor://mstestadapter/v2" className="FileStorage.Tests.SyncToAsyncFileAdapterTests" name="TestDeleteAsyncThrowsIfCancelled" />
    </UnitTest>
    <UnitTest name="TestFileFullPathIsConsistent" storage="/home/runner/work/dotnet-monorepo/dotnet-monorepo/src/artifacts/bin/filestorage.tests/release_linux-x64/filestorage.tests.dll" id="8b81bd82-dc36-2cda-229b-b5072167dddf">
      <Execution id="6d92022a-8ff5-4d24-acc3-965091c8bb4e" />
      <TestMethod codeBase="/home/runner/work/dotnet-monorepo/dotnet-monorepo/src/artifacts/bin/FileStorage.Tests/release_linux-x64/FileStorage.Tests.dll" adapterTypeName="executor://mstestadapter/v2" className="FileStorage.Tests.ZipFileStorageTests" name="TestFileFullPathIsConsistent" />
    </UnitTest>
    <UnitTest name="TestFileExtension" storage="/home/runner/work/dotnet-monorepo/dotnet-monorepo/src/artifacts/bin/filestorage.tests/release_linux-x64/filestorage.tests.dll" id="cef74505-0de5-871e-983a-ff75ebac7980">
      <Execution id="f30bd3d4-0ec3-4d70-9277-d3287a33ce0d" />
      <TestMethod codeBase="/home/runner/work/dotnet-monorepo/dotnet-monorepo/src/artifacts/bin/FileStorage.Tests/release_linux-x64/FileStorage.Tests.dll" adapterTypeName="executor://mstestadapter/v2" className="FileStorage.Tests.ZipFileStorageTests" name="TestFileExtension" />
    </UnitTest>
    <UnitTest name="TestDirectoryEnumerateFilesDirectoriesNested" storage="/home/runner/work/dotnet-monorepo/dotnet-monorepo/src/artifacts/bin/filestorage.tests/release_linux-x64/filestorage.tests.dll" id="9fab18c8-de42-5edf-89cb-38fe842efdcb">
      <Execution id="0d8bbf61-c801-467a-a879-ae69b03a38f9" />
      <TestMethod codeBase="/home/runner/work/dotnet-monorepo/dotnet-monorepo/src/artifacts/bin/FileStorage.Tests/release_linux-x64/FileStorage.Tests.dll" adapterTypeName="executor://mstestadapter/v2" className="FileStorage.Tests.MemoryFileStorageTests" name="TestDirectoryEnumerateFilesDirectoriesNested" />
    </UnitTest>
    <UnitTest name="TestEnumerateFilesAsyncThrowsIfCancelled" storage="/home/runner/work/dotnet-monorepo/dotnet-monorepo/src/artifacts/bin/filestorage.tests/release_linux-x64/filestorage.tests.dll" id="8eec9c63-7a9d-7281-f2f2-9be7c1791458">
      <Execution id="f2155769-b5e4-4780-bf00-c242158d72fc" />
      <TestMethod codeBase="/home/runner/work/dotnet-monorepo/dotnet-monorepo/src/artifacts/bin/FileStorage.Tests/release_linux-x64/FileStorage.Tests.dll" adapterTypeName="executor://mstestadapter/v2" className="FileStorage.Tests.SyncToAsyncDirectoryAdapterTests" name="TestEnumerateFilesAsyncThrowsIfCancelled" />
    </UnitTest>
    <UnitTest name="TestDirectoryCreate" storage="/home/runner/work/dotnet-monorepo/dotnet-monorepo/src/artifacts/bin/filestorage.tests/release_linux-x64/filestorage.tests.dll" id="df1b3604-ffd3-14ba-042b-94c14c177176">
      <Execution id="b95aeee2-0b54-47a3-8538-91c2eac23960" />
      <TestMethod codeBase="/home/runner/work/dotnet-monorepo/dotnet-monorepo/src/artifacts/bin/FileStorage.Tests/release_linux-x64/FileStorage.Tests.dll" adapterTypeName="executor://mstestadapter/v2" className="FileStorage.Tests.ZipFileStorageTests" name="TestDirectoryCreate" />
    </UnitTest>
    <UnitTest name="TestDirectoryEnumerateFilesDirectories (&quot;dir&quot;)" storage="/home/runner/work/dotnet-monorepo/dotnet-monorepo/src/artifacts/bin/filestorage.tests/release_linux-x64/filestorage.tests.dll" id="43f0a9d2-6fe6-601a-864c-33da0d2f9754">
      <Execution id="0e050795-025f-45c0-aa90-73ba8baadf2b" />
      <TestMethod codeBase="/home/runner/work/dotnet-monorepo/dotnet-monorepo/src/artifacts/bin/FileStorage.Tests/release_linux-x64/FileStorage.Tests.dll" adapterTypeName="executor://mstestadapter/v2" className="FileStorage.Tests.FilesystemFileStorageTests" name="TestDirectoryEnumerateFilesDirectories" />
    </UnitTest>
    <UnitTest name="TestRootDirectoryExists" storage="/home/runner/work/dotnet-monorepo/dotnet-monorepo/src/artifacts/bin/filestorage.tests/release_linux-x64/filestorage.tests.dll" id="aa3761b1-576e-01f7-d173-14568b628a0e">
      <Execution id="592f9a30-fbc7-4c49-ba72-283ffa272d4d" />
      <TestMethod codeBase="/home/runner/work/dotnet-monorepo/dotnet-monorepo/src/artifacts/bin/FileStorage.Tests/release_linux-x64/FileStorage.Tests.dll" adapterTypeName="executor://mstestadapter/v2" className="FileStorage.Tests.MemoryFileStorageTests" name="TestRootDirectoryExists" />
    </UnitTest>
    <UnitTest name="TestExistsAsync (False)" storage="/home/runner/work/dotnet-monorepo/dotnet-monorepo/src/artifacts/bin/filestorage.tests/release_linux-x64/filestorage.tests.dll" id="6cfcf509-16b7-8279-725f-a4ce45ea80aa">
      <Execution id="e10d9fb1-0280-4c0a-8a42-d762120a395a" />
      <TestMethod codeBase="/home/runner/work/dotnet-monorepo/dotnet-monorepo/src/artifacts/bin/FileStorage.Tests/release_linux-x64/FileStorage.Tests.dll" adapterTypeName="executor://mstestadapter/v2" className="FileStorage.Tests.SyncToAsyncFileAdapterTests" name="TestExistsAsync" />
    </UnitTest>
    <UnitTest name="TestFileDelete" storage="/home/runner/work/dotnet-monorepo/dotnet-monorepo/src/artifacts/bin/filestorage.tests/release_linux-x64/filestorage.tests.dll" id="87471bd0-b3d5-4af4-a468-43e113ade7fe">
      <Execution id="80a046f9-322c-4133-8623-932a55f3a9f0" />
      <TestMethod codeBase="/home/runner/work/dotnet-monorepo/dotnet-monorepo/src/artifacts/bin/FileStorage.Tests/release_linux-x64/FileStorage.Tests.dll" adapterTypeName="executor://mstestadapter/v2" className="FileStorage.Tests.ZipFileStorageTests" name="TestFileDelete" />
    </UnitTest>
    <UnitTest name="TestDeleteAsyncThrowsIfCancelled" storage="/home/runner/work/dotnet-monorepo/dotnet-monorepo/src/artifacts/bin/filestorage.tests/release_linux-x64/filestorage.tests.dll" id="4d032d6c-078a-e068-f521-7e2b2c0e37e2">
      <Execution id="e0d58211-dfd4-4f67-874e-bd4567bc21fc" />
      <TestMethod codeBase="/home/runner/work/dotnet-monorepo/dotnet-monorepo/src/artifacts/bin/FileStorage.Tests/release_linux-x64/FileStorage.Tests.dll" adapterTypeName="executor://mstestadapter/v2" className="FileStorage.Tests.SyncToAsyncDirectoryAdapterTests" name="TestDeleteAsyncThrowsIfCancelled" />
    </UnitTest>
    <UnitTest name="TestParentDirectory" storage="/home/runner/work/dotnet-monorepo/dotnet-monorepo/src/artifacts/bin/filestorage.tests/release_linux-x64/filestorage.tests.dll" id="1e8ef867-c861-69f4-badf-30af80491de8">
      <Execution id="280c8990-0f8b-4ecd-bda3-b29b2a35458d" />
      <TestMethod codeBase="/home/runner/work/dotnet-monorepo/dotnet-monorepo/src/artifacts/bin/FileStorage.Tests/release_linux-x64/FileStorage.Tests.dll" adapterTypeName="executor://mstestadapter/v2" className="FileStorage.Tests.FilesystemFileStorageTests" name="TestParentDirectory" />
    </UnitTest>
    <UnitTest name="TestDirectoryEnumerateFilesDirectories (&quot;dir&quot;)" storage="/home/runner/work/dotnet-monorepo/dotnet-monorepo/src/artifacts/bin/filestorage.tests/release_linux-x64/filestorage.tests.dll" id="64552f8d-56bd-dece-2bde-38ac338fdf57">
      <Execution id="2ac4bf2b-40ab-4d0a-a170-6c5e9821a912" />
      <TestMethod codeBase="/home/runner/work/dotnet-monorepo/dotnet-monorepo/src/artifacts/bin/FileStorage.Tests/release_linux-x64/FileStorage.Tests.dll" adapterTypeName="executor://mstestadapter/v2" className="FileStorage.Tests.ZipFileStorageTests" name="TestDirectoryEnumerateFilesDirectories" />
    </UnitTest>
    <UnitTest name="TestCreateFileWhenParentDirectoryDoesNotExist" storage="/home/runner/work/dotnet-monorepo/dotnet-monorepo/src/artifacts/bin/filestorage.tests/release_linux-x64/filestorage.tests.dll" id="23d07cc4-2758-a52f-fbcc-4554ce4384ec">
      <Execution id="ef965675-da40-4bf8-a6c6-a9f4438b6d58" />
      <TestMethod codeBase="/home/runner/work/dotnet-monorepo/dotnet-monorepo/src/artifacts/bin/FileStorage.Tests/release_linux-x64/FileStorage.Tests.dll" adapterTypeName="executor://mstestadapter/v2" className="FileStorage.Tests.MemoryFileStorageTests" name="TestCreateFileWhenParentDirectoryDoesNotExist" />
    </UnitTest>
    <UnitTest name="TestDeleteNonExistent" storage="/home/runner/work/dotnet-monorepo/dotnet-monorepo/src/artifacts/bin/filestorage.tests/release_linux-x64/filestorage.tests.dll" id="a0d6016a-1d15-01ec-b35a-338af9cc5112">
      <Execution id="226da4a1-cf66-4070-968d-24bcceb6c98d" />
      <TestMethod codeBase="/home/runner/work/dotnet-monorepo/dotnet-monorepo/src/artifacts/bin/FileStorage.Tests/release_linux-x64/FileStorage.Tests.dll" adapterTypeName="executor://mstestadapter/v2" className="FileStorage.Tests.MemoryFileStorageTests" name="TestDeleteNonExistent" />
    </UnitTest>
    <UnitTest name="TestFileDelete" storage="/home/runner/work/dotnet-monorepo/dotnet-monorepo/src/artifacts/bin/filestorage.tests/release_linux-x64/filestorage.tests.dll" id="f64eab59-d366-aa12-22f3-ad8e634f95d1">
      <Execution id="3982540f-7fa1-4887-9dbf-c2c07fcb20f5" />
      <TestMethod codeBase="/home/runner/work/dotnet-monorepo/dotnet-monorepo/src/artifacts/bin/FileStorage.Tests/release_linux-x64/FileStorage.Tests.dll" adapterTypeName="executor://mstestadapter/v2" className="FileStorage.Tests.FilesystemFileStorageTests" name="TestFileDelete" />
    </UnitTest>
    <UnitTest name="TestDeleteNonExistent" storage="/home/runner/work/dotnet-monorepo/dotnet-monorepo/src/artifacts/bin/filestorage.tests/release_linux-x64/filestorage.tests.dll" id="824069aa-83cd-e2df-af5a-d971bcf9e8ee">
      <Execution id="252d100f-f309-4569-9252-b9bea041047a" />
      <TestMethod codeBase="/home/runner/work/dotnet-monorepo/dotnet-monorepo/src/artifacts/bin/FileStorage.Tests/release_linux-x64/FileStorage.Tests.dll" adapterTypeName="executor://mstestadapter/v2" className="FileStorage.Tests.ZipFileStorageTests" name="TestDeleteNonExistent" />
    </UnitTest>
    <UnitTest name="TestOpenWriteAsync" storage="/home/runner/work/dotnet-monorepo/dotnet-monorepo/src/artifacts/bin/filestorage.tests/release_linux-x64/filestorage.tests.dll" id="c37f7643-1974-730c-ff6e-4fb586696ec1">
      <Execution id="4cf3049e-9c5e-4b1a-b80b-4bc381927191" />
      <TestMethod codeBase="/home/runner/work/dotnet-monorepo/dotnet-monorepo/src/artifacts/bin/FileStorage.Tests/release_linux-x64/FileStorage.Tests.dll" adapterTypeName="executor://mstestadapter/v2" className="FileStorage.Tests.SyncToAsyncFileAdapterTests" name="TestOpenWriteAsync" />
    </UnitTest>
    <UnitTest name="TestFileStem" storage="/home/runner/work/dotnet-monorepo/dotnet-monorepo/src/artifacts/bin/filestorage.tests/release_linux-x64/filestorage.tests.dll" id="dafc721a-fc0a-0484-9bd5-7a2ec5a3197f">
      <Execution id="23fbc3a1-6dff-44f7-bc64-10786898eff4" />
      <TestMethod codeBase="/home/runner/work/dotnet-monorepo/dotnet-monorepo/src/artifacts/bin/FileStorage.Tests/release_linux-x64/FileStorage.Tests.dll" adapterTypeName="executor://mstestadapter/v2" className="FileStorage.Tests.ZipFileStorageTests" name="TestFileStem" />
    </UnitTest>
    <UnitTest name="TestOpenReadAsync" storage="/home/runner/work/dotnet-monorepo/dotnet-monorepo/src/artifacts/bin/filestorage.tests/release_linux-x64/filestorage.tests.dll" id="1f720387-7182-1f7e-79cf-5e42f1b3a177">
      <Execution id="7e5c7ba3-1168-49b0-ac55-110c7fffae72" />
      <TestMethod codeBase="/home/runner/work/dotnet-monorepo/dotnet-monorepo/src/artifacts/bin/FileStorage.Tests/release_linux-x64/FileStorage.Tests.dll" adapterTypeName="executor://mstestadapter/v2" className="FileStorage.Tests.SyncToAsyncFileAdapterTests" name="TestOpenReadAsync" />
    </UnitTest>
    <UnitTest name="TestDeleteAsync" storage="/home/runner/work/dotnet-monorepo/dotnet-monorepo/src/artifacts/bin/filestorage.tests/release_linux-x64/filestorage.tests.dll" id="607da53e-34ec-12fb-53d4-7b9a98141219">
      <Execution id="5406075b-6bf9-4c9a-837f-39d9ddfb43c5" />
      <TestMethod codeBase="/home/runner/work/dotnet-monorepo/dotnet-monorepo/src/artifacts/bin/FileStorage.Tests/release_linux-x64/FileStorage.Tests.dll" adapterTypeName="executor://mstestadapter/v2" className="FileStorage.Tests.SyncToAsyncDirectoryAdapterTests" name="TestDeleteAsync" />
    </UnitTest>
    <UnitTest name="TestFileOpenReadWriteExistingFile" storage="/home/runner/work/dotnet-monorepo/dotnet-monorepo/src/artifacts/bin/filestorage.tests/release_linux-x64/filestorage.tests.dll" id="80da2137-b6cc-609b-971f-7e7a4fdb564d">
      <Execution id="20bf0899-67af-42f5-ae0d-ad515c6cb235" />
      <TestMethod codeBase="/home/runner/work/dotnet-monorepo/dotnet-monorepo/src/artifacts/bin/FileStorage.Tests/release_linux-x64/FileStorage.Tests.dll" adapterTypeName="executor://mstestadapter/v2" className="FileStorage.Tests.FilesystemFileStorageTests" name="TestFileOpenReadWriteExistingFile" />
    </UnitTest>
    <UnitTest name="TestDirectoryEnumerateFilesDirectories (&quot;&quot;)" storage="/home/runner/work/dotnet-monorepo/dotnet-monorepo/src/artifacts/bin/filestorage.tests/release_linux-x64/filestorage.tests.dll" id="2b565eab-d7f1-591c-d1b8-d74976982623">
      <Execution id="5dc7c35f-59c6-4a41-8f3b-f1eab1f1a6d1" />
      <TestMethod codeBase="/home/runner/work/dotnet-monorepo/dotnet-monorepo/src/artifacts/bin/FileStorage.Tests/release_linux-x64/FileStorage.Tests.dll" adapterTypeName="executor://mstestadapter/v2" className="FileStorage.Tests.MemoryFileStorageTests" name="TestDirectoryEnumerateFilesDirectories" />
    </UnitTest>
    <UnitTest name="TestCreateFileWhenParentDirectoryDoesNotExist" storage="/home/runner/work/dotnet-monorepo/dotnet-monorepo/src/artifacts/bin/filestorage.tests/release_linux-x64/filestorage.tests.dll" id="1d8061bb-017e-dbad-4465-67af30ac9b23">
      <Execution id="b848af56-171b-4ba6-8da1-67751ac512a6" />
      <TestMethod codeBase="/home/runner/work/dotnet-monorepo/dotnet-monorepo/src/artifacts/bin/FileStorage.Tests/release_linux-x64/FileStorage.Tests.dll" adapterTypeName="executor://mstestadapter/v2" className="FileStorage.Tests.ZipFileStorageTests" name="TestCreateFileWhenParentDirectoryDoesNotExist" />
    </UnitTest>
  </TestDefinitions>
  <TestEntries>
    <TestEntry testId="08e0f610-476a-cb6d-5d83-04cfa0bb5513" executionId="a939668e-4c88-44be-9bdc-74fadfbe61b7" testListId="8c84fa94-04c1-424b-9868-57a2d4851a1d" />
    <TestEntry testId="607da53e-34ec-12fb-53d4-7b9a98141219" executionId="5406075b-6bf9-4c9a-837f-39d9ddfb43c5" testListId="8c84fa94-04c1-424b-9868-57a2d4851a1d" />
    <TestEntry testId="df69c3a6-a997-1bec-3536-98911cb3c458" executionId="9951885a-acb0-4a63-afad-700208e59eda" testListId="8c84fa94-04c1-424b-9868-57a2d4851a1d" />
    <TestEntry testId="23d07cc4-2758-a52f-fbcc-4554ce4384ec" executionId="ef965675-da40-4bf8-a6c6-a9f4438b6d58" testListId="8c84fa94-04c1-424b-9868-57a2d4851a1d" />
    <TestEntry testId="adcd8de1-a2fb-d996-6dae-d799ebeca291" executionId="35c9cd24-222b-4842-89b4-1a523f7650c2" testListId="8c84fa94-04c1-424b-9868-57a2d4851a1d" />
    <TestEntry testId="1c9877c6-ebfa-9f2c-ee53-ef4e577d1078" executionId="c3aa5eee-4810-4d64-8dc2-f2424f5a3b0a" testListId="8c84fa94-04c1-424b-9868-57a2d4851a1d" />
    <TestEntry testId="2e325afd-71c3-c013-f9e9-d25d63271309" executionId="de0c32b0-7b7b-4228-83e5-75580e065f42" testListId="8c84fa94-04c1-424b-9868-57a2d4851a1d" />
    <TestEntry testId="0f1da9e6-1cbf-8583-2f6b-0061293bebf8" executionId="b26cadf2-57c8-47d3-a4d9-55a2754fb5f4" testListId="8c84fa94-04c1-424b-9868-57a2d4851a1d" />
    <TestEntry testId="cef74505-0de5-871e-983a-ff75ebac7980" executionId="f30bd3d4-0ec3-4d70-9277-d3287a33ce0d" testListId="8c84fa94-04c1-424b-9868-57a2d4851a1d" />
    <TestEntry testId="8eec9c63-7a9d-7281-f2f2-9be7c1791458" executionId="f2155769-b5e4-4780-bf00-c242158d72fc" testListId="8c84fa94-04c1-424b-9868-57a2d4851a1d" />
    <TestEntry testId="cd0078b3-4b7f-1e54-2b47-dac01f923d15" executionId="50def5ba-4a27-43d5-a91a-f2885e21157a" testListId="8c84fa94-04c1-424b-9868-57a2d4851a1d" />
    <TestEntry testId="f8c037a4-86a1-940c-dee2-3812680c280a" executionId="841464ff-6856-4510-9450-d9a60b626773" testListId="8c84fa94-04c1-424b-9868-57a2d4851a1d" />
    <TestEntry testId="9a8424cd-4f80-220e-7900-daa37175ddae" executionId="98261c3e-c37e-4ac1-aeb3-e5c92457cb78" testListId="8c84fa94-04c1-424b-9868-57a2d4851a1d" />
    <TestEntry testId="1f720387-7182-1f7e-79cf-5e42f1b3a177" executionId="7e5c7ba3-1168-49b0-ac55-110c7fffae72" testListId="8c84fa94-04c1-424b-9868-57a2d4851a1d" />
    <TestEntry testId="4d032d6c-078a-e068-f521-7e2b2c0e37e2" executionId="e0d58211-dfd4-4f67-874e-bd4567bc21fc" testListId="8c84fa94-04c1-424b-9868-57a2d4851a1d" />
    <TestEntry testId="3fbe1aef-c231-36db-e42e-599bf3f74565" executionId="f63325c1-6167-4358-a718-76273fbf2b1c" testListId="8c84fa94-04c1-424b-9868-57a2d4851a1d" />
    <TestEntry testId="7eb76f2c-21a5-f549-3581-458e2d90bb4e" executionId="8932da8d-a2d2-40b7-9942-8fb5b529e4fa" testListId="8c84fa94-04c1-424b-9868-57a2d4851a1d" />
    <TestEntry testId="f8e7277d-d9f8-29f5-60e4-5fbb63d964ed" executionId="2a5741a2-ab9a-4a87-8b62-b5dfc06613fb" testListId="8c84fa94-04c1-424b-9868-57a2d4851a1d" />
    <TestEntry testId="8b81bd82-dc36-2cda-229b-b5072167dddf" executionId="6d92022a-8ff5-4d24-acc3-965091c8bb4e" testListId="8c84fa94-04c1-424b-9868-57a2d4851a1d" />
    <TestEntry testId="6cfcf509-16b7-8279-725f-a4ce45ea80aa" executionId="e10d9fb1-0280-4c0a-8a42-d762120a395a" testListId="8c84fa94-04c1-424b-9868-57a2d4851a1d" />
    <TestEntry testId="1e71ad58-a0ad-4cd0-0218-6a992bf4f71a" executionId="1fa9497a-6efa-4630-824a-1cb65e66fd84" testListId="8c84fa94-04c1-424b-9868-57a2d4851a1d" />
    <TestEntry testId="6de70bcc-1fd5-fee6-1433-0f0245c25247" executionId="8d4b3981-0a3f-437d-8a1e-5c4799cfb83d" testListId="8c84fa94-04c1-424b-9868-57a2d4851a1d" />
    <TestEntry testId="071eaba4-a09d-f772-7109-6fc000a80917" executionId="4d0df8d0-a632-46a7-86dd-1f1bcd43b5cf" testListId="8c84fa94-04c1-424b-9868-57a2d4851a1d" />
    <TestEntry testId="0e088d27-c7d7-0291-d4f0-8f7b1d9da554" executionId="d2744808-7650-464b-a92d-dbbbf19f1d32" testListId="8c84fa94-04c1-424b-9868-57a2d4851a1d" />
    <TestEntry testId="7d7edaab-f11c-42a8-dc0e-01ee01112f84" executionId="0cb72305-253f-4be7-acf3-61b4825c4737" testListId="8c84fa94-04c1-424b-9868-57a2d4851a1d" />
    <TestEntry testId="c37f7643-1974-730c-ff6e-4fb586696ec1" executionId="4cf3049e-9c5e-4b1a-b80b-4bc381927191" testListId="8c84fa94-04c1-424b-9868-57a2d4851a1d" />
    <TestEntry testId="49fe5267-fc48-c49a-f934-3af546ee163f" executionId="1cbdf38e-4d8a-492b-a0af-467ea48ea9a1" testListId="8c84fa94-04c1-424b-9868-57a2d4851a1d" />
    <TestEntry testId="de3b2480-d479-605b-e08b-e52b3f60032b" executionId="9f111f41-3295-4730-b7a7-db3ce64234d6" testListId="8c84fa94-04c1-424b-9868-57a2d4851a1d" />
    <TestEntry testId="12d1cb41-6b3b-e919-4920-056dbd3aad76" executionId="e2612b98-c3e2-4c32-9f45-d011c1aeb452" testListId="8c84fa94-04c1-424b-9868-57a2d4851a1d" />
    <TestEntry testId="2b565eab-d7f1-591c-d1b8-d74976982623" executionId="5dc7c35f-59c6-4a41-8f3b-f1eab1f1a6d1" testListId="8c84fa94-04c1-424b-9868-57a2d4851a1d" />
    <TestEntry testId="fca03aaa-9bd0-d573-60dc-d9376c9ea610" executionId="04b1285e-9fc4-4f40-834e-58fb6adcd815" testListId="8c84fa94-04c1-424b-9868-57a2d4851a1d" />
    <TestEntry testId="dafc721a-fc0a-0484-9bd5-7a2ec5a3197f" executionId="23fbc3a1-6dff-44f7-bc64-10786898eff4" testListId="8c84fa94-04c1-424b-9868-57a2d4851a1d" />
    <TestEntry testId="64552f8d-56bd-dece-2bde-38ac338fdf57" executionId="2ac4bf2b-40ab-4d0a-a170-6c5e9821a912" testListId="8c84fa94-04c1-424b-9868-57a2d4851a1d" />
    <TestEntry testId="5b8af763-c9e7-a7dc-38c5-6c93729daebf" executionId="7d14cbb1-6c7b-49b0-90b0-7599314a6673" testListId="8c84fa94-04c1-424b-9868-57a2d4851a1d" />
    <TestEntry testId="80da2137-b6cc-609b-971f-7e7a4fdb564d" executionId="20bf0899-67af-42f5-ae0d-ad515c6cb235" testListId="8c84fa94-04c1-424b-9868-57a2d4851a1d" />
    <TestEntry testId="40b81683-78f2-804b-e88e-f90513574e2a" executionId="a3f9b8f6-5003-4dab-8cce-11347c46cdad" testListId="8c84fa94-04c1-424b-9868-57a2d4851a1d" />
    <TestEntry testId="bacbbd13-aba6-615b-798e-fa63927d70ae" executionId="fd0cad5d-b778-4cd1-89ff-90d281d3bbc8" testListId="8c84fa94-04c1-424b-9868-57a2d4851a1d" />
    <TestEntry testId="24b7a9df-0abd-14f1-06c9-9d72cbf192b3" executionId="a858db5c-d2bb-43d4-8bdb-6ca05fe77f19" testListId="8c84fa94-04c1-424b-9868-57a2d4851a1d" />
    <TestEntry testId="1e8ef867-c861-69f4-badf-30af80491de8" executionId="280c8990-0f8b-4ecd-bda3-b29b2a35458d" testListId="8c84fa94-04c1-424b-9868-57a2d4851a1d" />
    <TestEntry testId="824069aa-83cd-e2df-af5a-d971bcf9e8ee" executionId="252d100f-f309-4569-9252-b9bea041047a" testListId="8c84fa94-04c1-424b-9868-57a2d4851a1d" />
    <TestEntry testId="6e5b91a2-6a19-9c04-8737-fad3d45dfaa1" executionId="f9c23949-21c9-4fc8-bc58-582be24b9b2c" testListId="8c84fa94-04c1-424b-9868-57a2d4851a1d" />
    <TestEntry testId="6484f54f-0ad5-b721-001b-ebf002fed6b2" executionId="145d974f-c27d-4620-8f7b-4a17c857d6ab" testListId="8c84fa94-04c1-424b-9868-57a2d4851a1d" />
    <TestEntry testId="ee7e4fee-92ed-61e3-75da-bff49e330275" executionId="d7141390-237c-44af-b5b8-002d94857c57" testListId="8c84fa94-04c1-424b-9868-57a2d4851a1d" />
    <TestEntry testId="8e708a48-e948-fee1-2a70-df94ce5b6a29" executionId="19a88ec2-3b77-490e-b8f9-cb4cc6e43f38" testListId="8c84fa94-04c1-424b-9868-57a2d4851a1d" />
    <TestEntry testId="3bd62bd2-9144-6143-2f62-27a8dcf18fb5" executionId="8e9f3ea6-e6d3-4294-85a1-2bf6eeb33657" testListId="8c84fa94-04c1-424b-9868-57a2d4851a1d" />
    <TestEntry testId="a1ac245f-162d-b3d5-902a-73d42908be8b" executionId="dae25a30-d1a7-44ad-8c50-705e2690fdd6" testListId="8c84fa94-04c1-424b-9868-57a2d4851a1d" />
    <TestEntry testId="c901782e-ef1c-b42b-60f1-435a0351d1c3" executionId="6bd26932-cfcc-4fa5-ab8b-3f21d84b38a8" testListId="8c84fa94-04c1-424b-9868-57a2d4851a1d" />
    <TestEntry testId="f4242541-f62b-6e59-6932-1a9c264c322e" executionId="f6176215-60d6-40ff-9f69-466ca2907391" testListId="8c84fa94-04c1-424b-9868-57a2d4851a1d" />
    <TestEntry testId="c3d2dfed-dafa-3212-4b58-dbe2ec6a248e" executionId="f355248f-1621-48af-81c6-451a0ddf70c2" testListId="8c84fa94-04c1-424b-9868-57a2d4851a1d" />
    <TestEntry testId="125bc9fc-30db-ee48-7efe-8896541b5651" executionId="9ca21dfd-b2bd-44e3-a9c5-0194dd4b5a16" testListId="8c84fa94-04c1-424b-9868-57a2d4851a1d" />
    <TestEntry testId="f7b478bc-0212-d153-656f-f41f57754de4" executionId="3336bf89-d611-4259-8bc0-22135aeb1f6c" testListId="8c84fa94-04c1-424b-9868-57a2d4851a1d" />
    <TestEntry testId="a29289ea-bc1d-0083-5118-54a12526b8af" executionId="d21edaa7-efe0-452c-9b97-ac431b424ea8" testListId="8c84fa94-04c1-424b-9868-57a2d4851a1d" />
    <TestEntry testId="009a2387-0a42-469f-a4ba-4b5d7815ce64" executionId="f0f8b1ce-b6c3-4e3a-a58e-7a464a96ade9" testListId="8c84fa94-04c1-424b-9868-57a2d4851a1d" />
    <TestEntry testId="c7897527-4e0e-ad49-b035-f1933297433a" executionId="e2e8c443-8a05-44c3-b297-4f4704b65d00" testListId="8c84fa94-04c1-424b-9868-57a2d4851a1d" />
    <TestEntry testId="02f617f7-c2f8-ea60-5be7-c053e0a3cf57" executionId="1ae3af28-d017-42a3-8cbf-1573fdddd482" testListId="8c84fa94-04c1-424b-9868-57a2d4851a1d" />
    <TestEntry testId="43f0a9d2-6fe6-601a-864c-33da0d2f9754" executionId="0e050795-025f-45c0-aa90-73ba8baadf2b" testListId="8c84fa94-04c1-424b-9868-57a2d4851a1d" />
    <TestEntry testId="4215e5b5-fc3c-3e4d-30ae-01a50b08f468" executionId="de184462-602f-4694-a773-bf3968c56e40" testListId="8c84fa94-04c1-424b-9868-57a2d4851a1d" />
    <TestEntry testId="fe70811c-eba8-dd1f-7c22-0fa4e60d4aa2" executionId="408bed4b-f9e9-4eaf-a67a-39a9a1a3055b" testListId="8c84fa94-04c1-424b-9868-57a2d4851a1d" />
    <TestEntry testId="9546a373-c09a-58f7-3312-0de377f90a9a" executionId="15a7a23a-d24a-49cd-afab-13ebf2a69299" testListId="8c84fa94-04c1-424b-9868-57a2d4851a1d" />
    <TestEntry testId="b414c790-0451-ffab-cace-9828ee75369b" executionId="1068539b-76ac-4492-aa6c-2a32abe4d693" testListId="8c84fa94-04c1-424b-9868-57a2d4851a1d" />
    <TestEntry testId="9ee8bdb3-752d-d7fa-92e7-baaf5a6a275d" executionId="f9424a0b-940c-4bee-b149-2c969ce6d9e1" testListId="8c84fa94-04c1-424b-9868-57a2d4851a1d" />
    <TestEntry testId="df1b3604-ffd3-14ba-042b-94c14c177176" executionId="b95aeee2-0b54-47a3-8538-91c2eac23960" testListId="8c84fa94-04c1-424b-9868-57a2d4851a1d" />
    <TestEntry testId="79c4ff89-0797-e74c-0eb1-6195164e4436" executionId="9a4e8783-e3c5-4013-8b01-8c4393936c66" testListId="8c84fa94-04c1-424b-9868-57a2d4851a1d" />
    <TestEntry testId="4f6773f6-14de-a05b-1a5d-745be43beb3f" executionId="853fb14e-a9f2-489d-a630-382f46b48831" testListId="8c84fa94-04c1-424b-9868-57a2d4851a1d" />
    <TestEntry testId="a89f0bbf-e5bb-9494-34d2-174c60a99834" executionId="cc79011f-f8e5-403e-9c34-bcd148e0d74d" testListId="8c84fa94-04c1-424b-9868-57a2d4851a1d" />
    <TestEntry testId="966fde8d-32df-314c-6115-6a9b32ec93b9" executionId="eee04d7c-25fb-4130-aacc-2b8a02ff3d78" testListId="8c84fa94-04c1-424b-9868-57a2d4851a1d" />
    <TestEntry testId="797b8a01-8186-1169-ecab-9b51ad970e5d" executionId="e649b799-cbe4-4c1c-a820-42eb23e06788" testListId="8c84fa94-04c1-424b-9868-57a2d4851a1d" />
    <TestEntry testId="d4d986da-d4bd-08f4-57b5-191f12483e46" executionId="2d86323b-b5eb-494a-83e7-2c2a85dc6635" testListId="8c84fa94-04c1-424b-9868-57a2d4851a1d" />
    <TestEntry testId="aa3761b1-576e-01f7-d173-14568b628a0e" executionId="592f9a30-fbc7-4c49-ba72-283ffa272d4d" testListId="8c84fa94-04c1-424b-9868-57a2d4851a1d" />
    <TestEntry testId="18605d5f-4c35-09c6-72ca-211e48b57479" executionId="24f42362-e935-496e-8dbb-043f88ede36a" testListId="8c84fa94-04c1-424b-9868-57a2d4851a1d" />
    <TestEntry testId="51e79817-9cb4-c803-a9cd-be62c5643252" executionId="197c4a5d-344f-40ea-bd89-3c5a77b9eca7" testListId="8c84fa94-04c1-424b-9868-57a2d4851a1d" />
    <TestEntry testId="87471bd0-b3d5-4af4-a468-43e113ade7fe" executionId="80a046f9-322c-4133-8623-932a55f3a9f0" testListId="8c84fa94-04c1-424b-9868-57a2d4851a1d" />
    <TestEntry testId="eff7da53-f6a7-63b0-cc4f-2e2f7ff54c59" executionId="9f38d257-e9f9-47af-b0c6-befe9e993b04" testListId="8c84fa94-04c1-424b-9868-57a2d4851a1d" />
    <TestEntry testId="5e7e342f-9a2b-efbe-0225-541455a94587" executionId="7418f213-6372-4419-9fa4-b8b68618c3dc" testListId="8c84fa94-04c1-424b-9868-57a2d4851a1d" />
    <TestEntry testId="618d4b2b-2ac7-22a8-ee48-265a6ddb8150" executionId="cebeb481-241d-49bb-810d-fb77751f45ce" testListId="8c84fa94-04c1-424b-9868-57a2d4851a1d" />
    <TestEntry testId="a0d6016a-1d15-01ec-b35a-338af9cc5112" executionId="226da4a1-cf66-4070-968d-24bcceb6c98d" testListId="8c84fa94-04c1-424b-9868-57a2d4851a1d" />
    <TestEntry testId="9011c160-8b72-47ef-0b19-f1ac4fafc464" executionId="667f6259-8ce4-436d-8bf0-177f4976b337" testListId="8c84fa94-04c1-424b-9868-57a2d4851a1d" />
    <TestEntry testId="30b186da-9a79-931d-4ee5-ecdfe5db3c76" executionId="b0312a17-6094-4b16-a062-b44a2fc99176" testListId="8c84fa94-04c1-424b-9868-57a2d4851a1d" />
    <TestEntry testId="0da9f8a8-e657-b210-b5f3-ec83c8497b26" executionId="4feddc5d-be49-4813-a9f8-daebb9b46f53" testListId="8c84fa94-04c1-424b-9868-57a2d4851a1d" />
    <TestEntry testId="f64eab59-d366-aa12-22f3-ad8e634f95d1" executionId="3982540f-7fa1-4887-9dbf-c2c07fcb20f5" testListId="8c84fa94-04c1-424b-9868-57a2d4851a1d" />
    <TestEntry testId="109778f8-1a3f-c921-f480-5b33ec9e404c" executionId="66046d2e-42a5-48d6-ab8d-0efffdc8ea70" testListId="8c84fa94-04c1-424b-9868-57a2d4851a1d" />
    <TestEntry testId="a3803826-329d-dc6f-fc7d-0e02805b706c" executionId="d0393261-c7fc-4cb9-b9d1-8f1c357d5da4" testListId="8c84fa94-04c1-424b-9868-57a2d4851a1d" />
    <TestEntry testId="910e1179-c618-ac81-88d3-77979d52ca2e" executionId="3a024c89-2e56-4c05-8a12-dc00959f11b3" testListId="8c84fa94-04c1-424b-9868-57a2d4851a1d" />
    <TestEntry testId="1d8061bb-017e-dbad-4465-67af30ac9b23" executionId="b848af56-171b-4ba6-8da1-67751ac512a6" testListId="8c84fa94-04c1-424b-9868-57a2d4851a1d" />
    <TestEntry testId="1534deb5-67ec-434a-e4c4-2a3259f0bb39" executionId="26f84fb6-38c2-4c78-8c9e-ad3e337004b2" testListId="8c84fa94-04c1-424b-9868-57a2d4851a1d" />
    <TestEntry testId="9fab18c8-de42-5edf-89cb-38fe842efdcb" executionId="0d8bbf61-c801-467a-a879-ae69b03a38f9" testListId="8c84fa94-04c1-424b-9868-57a2d4851a1d" />
    <TestEntry testId="7da6318e-98b7-39f0-4161-e0aaa63e4356" executionId="94014373-f9fe-40a2-b531-4b2e9677a6af" testListId="8c84fa94-04c1-424b-9868-57a2d4851a1d" />
    <TestEntry testId="bda2bfb3-e5c0-2200-50a6-0294fcf407ea" executionId="823f1e71-0619-449b-b8ab-27299e903998" testListId="8c84fa94-04c1-424b-9868-57a2d4851a1d" />
    <TestEntry testId="cf4b9090-69b3-1690-d9fc-8e30944ebfcc" executionId="7f998dbf-bbee-45df-9817-8eaf8e31aca3" testListId="8c84fa94-04c1-424b-9868-57a2d4851a1d" />
    <TestEntry testId="0ecc2e03-b166-5e66-a255-0a8ecc71ea81" executionId="51fff384-dbff-490e-a510-f1423c57a39a" testListId="8c84fa94-04c1-424b-9868-57a2d4851a1d" />
    <TestEntry testId="ff3ef572-f71c-5031-deee-22a40c319a7b" executionId="2a8ae4d8-5e1f-4870-b22d-682490c35522" testListId="8c84fa94-04c1-424b-9868-57a2d4851a1d" />
    <TestEntry testId="45544f1a-d7a2-d9e7-5fa3-60036434748b" executionId="9cf833a6-36ee-446e-87ff-2cfeb1927dc8" testListId="8c84fa94-04c1-424b-9868-57a2d4851a1d" />
  </TestEntries>
  <TestLists>
    <TestList name="Results Not in a List" id="8c84fa94-04c1-424b-9868-57a2d4851a1d" />
    <TestList name="All Loaded Results" id="19431567-8539-422a-85d7-44ee4e166bda" />
  </TestLists>
  <ResultSummary outcome="Completed">
    <Counters total="92" executed="92" passed="92" failed="0" error="0" timeout="0" aborted="0" inconclusive="0" passedButRunAborted="0" notRunnable="0" notExecuted="0" disconnected="0" warning="0" completed="0" inProgress="0" pending="0" />
  </ResultSummary>
</TestRun>