<?xml version="1.0" encoding="utf-8"?>
<TestRun id="85a65eac-cd7d-4cb8-9de8-553a861ca4d7" name="@Mac-1758936894240 2025-09-27 02:19:37" xmlns="http://microsoft.com/schemas/VisualStudio/TeamTest/2010">
  <Times creation="2025-09-27T02:19:37.3937810+00:00" queuing="2025-09-27T02:19:37.3937810+00:00" start="2025-09-27T02:19:34.3006660+00:00" finish="2025-09-27T02:19:39.5620590+00:00" />
  <TestSettings name="default" id="5299e3a5-cf10-4272-abab-da658950de6c">
    <Deployment runDeploymentRoot="_Mac-1758936894240_2025-09-27_02_19_37" />
  </TestSettings>
  <Results>
    <UnitTestResult executionId="84627265-490f-4070-9230-f20299044da0" testId="2eefcad6-faf7-7cc7-9c2f-dca48c77896c" testName="TestGetNonexistentUserAsync" computerName="Mac-1758936894240" duration="00:00:00.2113951" startTime="2025-09-27T02:19:39.2619780+00:00" endTime="2025-09-27T02:19:39.4748050+00:00" testType="13cdc9d9-ddb5-4fa4-a97d-d965ccfc6d4b" outcome="Passed" testListId="8c84fa94-04c1-424b-9868-57a2d4851a1d" relativeResultsDirectory="84627265-490f-4070-9230-f20299044da0" />
    <UnitTestResult executionId="00386f88-8f56-4f85-99f2-5638d27a2086" testId="fa4561c9-2a7e-735f-4063-3029bfedba0b" testName="TestGetRepositoryAsync" computerName="Mac-1758936894240" duration="00:00:00.3407701" startTime="2025-09-27T02:19:38.2509310+00:00" endTime="2025-09-27T02:19:38.5921030+00:00" testType="13cdc9d9-ddb5-4fa4-a97d-d965ccfc6d4b" outcome="Passed" testListId="8c84fa94-04c1-424b-9868-57a2d4851a1d" relativeResultsDirectory="00386f88-8f56-4f85-99f2-5638d27a2086" />
    <UnitTestResult executionId="285ae892-7c30-4a31-be26-4a5d613a3318" testId="2000ca48-da97-6fa3-733d-4dd9907e20f2" testName="TestGetUserAsync" computerName="Mac-1758936894240" duration="00:00:00.2939465" startTime="2025-09-27T02:19:38.9677760+00:00" endTime="2025-09-27T02:19:39.2618850+00:00" testType="13cdc9d9-ddb5-4fa4-a97d-d965ccfc6d4b" outcome="Passed" testListId="8c84fa94-04c1-424b-9868-57a2d4851a1d" relativeResultsDirectory="285ae892-7c30-4a31-be26-4a5d613a3318" />
    <UnitTestResult executionId="c8c4732f-aa61-483d-bbf7-57d9b1f0c739" testId="18e3bf83-b852-f57a-8be8-d3201868483f" testName="TestGetAuthenticatedUser" computerName="Mac-1758936894240" duration="00:00:00.1662262" startTime="2025-09-27T02:19:38.8012100+00:00" endTime="2025-09-27T02:19:38.9676810+00:00" testType="13cdc9d9-ddb5-4fa4-a97d-d965ccfc6d4b" outcome="Passed" testListId="8c84fa94-04c1-424b-9868-57a2d4851a1d" relativeResultsDirectory="c8c4732f-aa61-483d-bbf7-57d9b1f0c739" />
    <UnitTestResult executionId="d1da523a-44c9-4957-9d9b-7c08726dfeac" testId="92c7dc40-b765-efc1-18fc-5f4b1ac0111f" testName="TestGetReleasesAsync" computerName="Mac-1758936894240" duration="00:00:01.8744953" startTime="2025-09-27T02:19:35.1073810+00:00" endTime="2025-09-27T02:19:36.9864630+00:00" testType="13cdc9d9-ddb5-4fa4-a97d-d965ccfc6d4b" outcome="Passed" testListId="8c84fa94-04c1-424b-9868-57a2d4851a1d" relativeResultsDirectory="d1da523a-44c9-4957-9d9b-7c08726dfeac" />
    <UnitTestResult executionId="8506d4e4-596d-46dc-a55a-7ece48e0934b" testId="6d99fdb5-4856-aa0f-b6de-3f28ad0663eb" testName="TestGetNonexistentRepositoryAsync" computerName="Mac-1758936894240" duration="00:00:00.2077216" startTime="2025-09-27T02:19:38.5922160+00:00" endTime="2025-09-27T02:19:38.8011080+00:00" testType="13cdc9d9-ddb5-4fa4-a97d-d965ccfc6d4b" outcome="Passed" testListId="8c84fa94-04c1-424b-9868-57a2d4851a1d" relativeResultsDirectory="8506d4e4-596d-46dc-a55a-7ece48e0934b" />
    <UnitTestResult executionId="5e726947-f5ef-4161-a1bf-0a4897db214e" testId="7cd10470-c134-ff49-b160-52fb039d37a7" testName="TestGetReleaseAssetsAsync" computerName="Mac-1758936894240" duration="00:00:00.7076387" startTime="2025-09-27T02:19:36.9909110+00:00" endTime="2025-09-27T02:19:37.7011360+00:00" testType="13cdc9d9-ddb5-4fa4-a97d-d965ccfc6d4b" outcome="Passed" testListId="8c84fa94-04c1-424b-9868-57a2d4851a1d" relativeResultsDirectory="5e726947-f5ef-4161-a1bf-0a4897db214e" />
    <UnitTestResult executionId="d96e0d2f-cce2-43fb-93c2-c0c2cdd31179" testId="a927e0e6-cfb7-42b0-d7b8-248ae94ffe95" testName="TestDownloadReleaseAsync" computerName="Mac-1758936894240" duration="00:00:00.5491302" startTime="2025-09-27T02:19:37.7013130+00:00" endTime="2025-09-27T02:19:38.2507290+00:00" testType="13cdc9d9-ddb5-4fa4-a97d-d965ccfc6d4b" outcome="Passed" testListId="8c84fa94-04c1-424b-9868-57a2d4851a1d" relativeResultsDirectory="d96e0d2f-cce2-43fb-93c2-c0c2cdd31179" />
    <UnitTestResult executionId="9ffa4cc7-f38a-4bba-8b83-5fc3c62dacce" testId="28f7566a-9810-bcfe-c1c2-5fcfb197ba6d" testName="TestGetNextUri" computerName="Mac-1758936894240" duration="00:00:00.0108988" startTime="2025-09-27T02:19:35.0668660+00:00" endTime="2025-09-27T02:19:35.1013360+00:00" testType="13cdc9d9-ddb5-4fa4-a97d-d965ccfc6d4b" outcome="Passed" testListId="8c84fa94-04c1-424b-9868-57a2d4851a1d" relativeResultsDirectory="9ffa4cc7-f38a-4bba-8b83-5fc3c62dacce" />
  </Results>
  <TestDefinitions>
    <UnitTest name="TestGetUserAsync" storage="/users/runner/work/dotnet-monorepo/dotnet-monorepo/src/artifacts/bin/githubapi.tests/release_osx-x64/githubapi.tests.dll" id="2000ca48-da97-6fa3-733d-4dd9907e20f2">
      <Execution id="285ae892-7c30-4a31-be26-4a5d613a3318" />
      <TestMethod codeBase="/Users/runner/work/dotnet-monorepo/dotnet-monorepo/src/artifacts/bin/GithubApi.Tests/release_osx-x64/GithubApi.Tests.dll" adapterTypeName="executor://mstestadapter/v2" className="GithubApi.Tests.UsersIntegrationTests" name="TestGetUserAsync" />
    </UnitTest>
    <UnitTest name="TestGetNonexistentRepositoryAsync" storage="/users/runner/work/dotnet-monorepo/dotnet-monorepo/src/artifacts/bin/githubapi.tests/release_osx-x64/githubapi.tests.dll" id="6d99fdb5-4856-aa0f-b6de-3f28ad0663eb">
      <Execution id="8506d4e4-596d-46dc-a55a-7ece48e0934b" />
      <TestMethod codeBase="/Users/runner/work/dotnet-monorepo/dotnet-monorepo/src/artifacts/bin/GithubApi.Tests/release_osx-x64/GithubApi.Tests.dll" adapterTypeName="executor://mstestadapter/v2" className="GithubApi.Tests.RepositoriesIntegrationTests" name="TestGetNonexistentRepositoryAsync" />
    </UnitTest>
    <UnitTest name="TestDownloadReleaseAsync" storage="/users/runner/work/dotnet-monorepo/dotnet-monorepo/src/artifacts/bin/githubapi.tests/release_osx-x64/githubapi.tests.dll" id="a927e0e6-cfb7-42b0-d7b8-248ae94ffe95">
      <Execution id="d96e0d2f-cce2-43fb-93c2-c0c2cdd31179" />
      <TestMethod codeBase="/Users/runner/work/dotnet-monorepo/dotnet-monorepo/src/artifacts/bin/GithubApi.Tests/release_osx-x64/GithubApi.Tests.dll" adapterTypeName="executor://mstestadapter/v2" className="GithubApi.Tests.ReleasesIntegrationTests" name="TestDownloadReleaseAsync" />
    </UnitTest>
    <UnitTest name="TestGetRepositoryAsync" storage="/users/runner/work/dotnet-monorepo/dotnet-monorepo/src/artifacts/bin/githubapi.tests/release_osx-x64/githubapi.tests.dll" id="fa4561c9-2a7e-735f-4063-3029bfedba0b">
      <Execution id="00386f88-8f56-4f85-99f2-5638d27a2086" />
      <TestMethod codeBase="/Users/runner/work/dotnet-monorepo/dotnet-monorepo/src/artifacts/bin/GithubApi.Tests/release_osx-x64/GithubApi.Tests.dll" adapterTypeName="executor://mstestadapter/v2" className="GithubApi.Tests.RepositoriesIntegrationTests" name="TestGetRepositoryAsync" />
    </UnitTest>
    <UnitTest name="TestGetReleasesAsync" storage="/users/runner/work/dotnet-monorepo/dotnet-monorepo/src/artifacts/bin/githubapi.tests/release_osx-x64/githubapi.tests.dll" id="92c7dc40-b765-efc1-18fc-5f4b1ac0111f">
      <Execution id="d1da523a-44c9-4957-9d9b-7c08726dfeac" />
      <TestMethod codeBase="/Users/runner/work/dotnet-monorepo/dotnet-monorepo/src/artifacts/bin/GithubApi.Tests/release_osx-x64/GithubApi.Tests.dll" adapterTypeName="executor://mstestadapter/v2" className="GithubApi.Tests.ReleasesIntegrationTests" name="TestGetReleasesAsync" />
    </UnitTest>
    <UnitTest name="TestGetNextUri" storage="/users/runner/work/dotnet-monorepo/dotnet-monorepo/src/artifacts/bin/githubapi.tests/release_osx-x64/githubapi.tests.dll" id="28f7566a-9810-bcfe-c1c2-5fcfb197ba6d">
      <Execution id="9ffa4cc7-f38a-4bba-8b83-5fc3c62dacce" />
      <TestMethod codeBase="/Users/runner/work/dotnet-monorepo/dotnet-monorepo/src/artifacts/bin/GithubApi.Tests/release_osx-x64/GithubApi.Tests.dll" adapterTypeName="executor://mstestadapter/v2" className="GithubApi.Tests.LinkParserTests" name="TestGetNextUri" />
    </UnitTest>
    <UnitTest name="TestGetAuthenticatedUser" storage="/users/runner/work/dotnet-monorepo/dotnet-monorepo/src/artifacts/bin/githubapi.tests/release_osx-x64/githubapi.tests.dll" id="18e3bf83-b852-f57a-8be8-d3201868483f">
      <Execution id="c8c4732f-aa61-483d-bbf7-57d9b1f0c739" />
      <TestMethod codeBase="/Users/runner/work/dotnet-monorepo/dotnet-monorepo/src/artifacts/bin/GithubApi.Tests/release_osx-x64/GithubApi.Tests.dll" adapterTypeName="executor://mstestadapter/v2" className="GithubApi.Tests.UsersIntegrationTests" name="TestGetAuthenticatedUser" />
    </UnitTest>
    <UnitTest name="TestGetNonexistentUserAsync" storage="/users/runner/work/dotnet-monorepo/dotnet-monorepo/src/artifacts/bin/githubapi.tests/release_osx-x64/githubapi.tests.dll" id="2eefcad6-faf7-7cc7-9c2f-dca48c77896c">
      <Execution id="84627265-490f-4070-9230-f20299044da0" />
      <TestMethod codeBase="/Users/runner/work/dotnet-monorepo/dotnet-monorepo/src/artifacts/bin/GithubApi.Tests/release_osx-x64/GithubApi.Tests.dll" adapterTypeName="executor://mstestadapter/v2" className="GithubApi.Tests.UsersIntegrationTests" name="TestGetNonexistentUserAsync" />
    </UnitTest>
    <UnitTest name="TestGetReleaseAssetsAsync" storage="/users/runner/work/dotnet-monorepo/dotnet-monorepo/src/artifacts/bin/githubapi.tests/release_osx-x64/githubapi.tests.dll" id="7cd10470-c134-ff49-b160-52fb039d37a7">
      <Execution id="5e726947-f5ef-4161-a1bf-0a4897db214e" />
      <TestMethod codeBase="/Users/runner/work/dotnet-monorepo/dotnet-monorepo/src/artifacts/bin/GithubApi.Tests/release_osx-x64/GithubApi.Tests.dll" adapterTypeName="executor://mstestadapter/v2" className="GithubApi.Tests.ReleasesIntegrationTests" name="TestGetReleaseAssetsAsync" />
    </UnitTest>
  </TestDefinitions>
  <TestEntries>
    <TestEntry testId="2eefcad6-faf7-7cc7-9c2f-dca48c77896c" executionId="84627265-490f-4070-9230-f20299044da0" testListId="8c84fa94-04c1-424b-9868-57a2d4851a1d" />
    <TestEntry testId="fa4561c9-2a7e-735f-4063-3029bfedba0b" executionId="00386f88-8f56-4f85-99f2-5638d27a2086" testListId="8c84fa94-04c1-424b-9868-57a2d4851a1d" />
    <TestEntry testId="2000ca48-da97-6fa3-733d-4dd9907e20f2" executionId="285ae892-7c30-4a31-be26-4a5d613a3318" testListId="8c84fa94-04c1-424b-9868-57a2d4851a1d" />
    <TestEntry testId="18e3bf83-b852-f57a-8be8-d3201868483f" executionId="c8c4732f-aa61-483d-bbf7-57d9b1f0c739" testListId="8c84fa94-04c1-424b-9868-57a2d4851a1d" />
    <TestEntry testId="92c7dc40-b765-efc1-18fc-5f4b1ac0111f" executionId="d1da523a-44c9-4957-9d9b-7c08726dfeac" testListId="8c84fa94-04c1-424b-9868-57a2d4851a1d" />
    <TestEntry testId="6d99fdb5-4856-aa0f-b6de-3f28ad0663eb" executionId="8506d4e4-596d-46dc-a55a-7ece48e0934b" testListId="8c84fa94-04c1-424b-9868-57a2d4851a1d" />
    <TestEntry testId="7cd10470-c134-ff49-b160-52fb039d37a7" executionId="5e726947-f5ef-4161-a1bf-0a4897db214e" testListId="8c84fa94-04c1-424b-9868-57a2d4851a1d" />
    <TestEntry testId="a927e0e6-cfb7-42b0-d7b8-248ae94ffe95" executionId="d96e0d2f-cce2-43fb-93c2-c0c2cdd31179" testListId="8c84fa94-04c1-424b-9868-57a2d4851a1d" />
    <TestEntry testId="28f7566a-9810-bcfe-c1c2-5fcfb197ba6d" executionId="9ffa4cc7-f38a-4bba-8b83-5fc3c62dacce" testListId="8c84fa94-04c1-424b-9868-57a2d4851a1d" />
  </TestEntries>
  <TestLists>
    <TestList name="Results Not in a List" id="8c84fa94-04c1-424b-9868-57a2d4851a1d" />
    <TestList name="All Loaded Results" id="19431567-8539-422a-85d7-44ee4e166bda" />
  </TestLists>
  <ResultSummary outcome="Completed">
    <Counters total="9" executed="9" passed="9" failed="0" error="0" timeout="0" aborted="0" inconclusive="0" passedButRunAborted="0" notRunnable="0" notExecuted="0" disconnected="0" warning="0" completed="0" inProgress="0" pending="0" />
  </ResultSummary>
</TestRun>