<?xml version="1.0" encoding="utf-8"?>
<TestRun id="9c11f353-fe40-42ee-8ba3-1d1ba5efb237" name="@runnervm3ublj 2025-09-27 02:14:52" xmlns="http://microsoft.com/schemas/VisualStudio/TeamTest/2010">
  <Times creation="2025-09-27T02:14:52.2177887+00:00" queuing="2025-09-27T02:14:52.2177887+00:00" start="2025-09-27T02:14:50.3216128+00:00" finish="2025-09-27T02:14:54.3736142+00:00" />
  <TestSettings name="default" id="5661694c-fcde-49b3-8630-af28d2cb8691">
    <Deployment runDeploymentRoot="_runnervm3ublj_2025-09-27_02_14_52" />
  </TestSettings>
  <Results>
    <UnitTestResult executionId="ac98fd62-a5c0-4430-9a0d-bb8463c89c51" testId="2000ca48-da97-6fa3-733d-4dd9907e20f2" testName="TestGetUserAsync" computerName="runnervm3ublj" duration="00:00:00.2475743" startTime="2025-09-27T02:14:53.8525103+00:00" endTime="2025-09-27T02:14:54.1003112+00:00" testType="13cdc9d9-ddb5-4fa4-a97d-d965ccfc6d4b" outcome="Passed" testListId="8c84fa94-04c1-424b-9868-57a2d4851a1d" relativeResultsDirectory="ac98fd62-a5c0-4430-9a0d-bb8463c89c51" />
    <UnitTestResult executionId="b323bac4-4572-4317-b77a-ce9341c7fcb2" testId="28f7566a-9810-bcfe-c1c2-5fcfb197ba6d" testName="TestGetNextUri" computerName="runnervm3ublj" duration="00:00:00.0069666" startTime="2025-09-27T02:14:50.7485017+00:00" endTime="2025-09-27T02:14:50.7709595+00:00" testType="13cdc9d9-ddb5-4fa4-a97d-d965ccfc6d4b" outcome="Passed" testListId="8c84fa94-04c1-424b-9868-57a2d4851a1d" relativeResultsDirectory="b323bac4-4572-4317-b77a-ce9341c7fcb2" />
    <UnitTestResult executionId="fb1f7a8c-d1f3-4427-b3f7-c0f5b77fb686" testId="a927e0e6-cfb7-42b0-d7b8-248ae94ffe95" testName="TestDownloadReleaseAsync" computerName="runnervm3ublj" duration="00:00:00.3675850" startTime="2025-09-27T02:14:52.7700107+00:00" endTime="2025-09-27T02:14:53.1378184+00:00" testType="13cdc9d9-ddb5-4fa4-a97d-d965ccfc6d4b" outcome="Passed" testListId="8c84fa94-04c1-424b-9868-57a2d4851a1d" relativeResultsDirectory="fb1f7a8c-d1f3-4427-b3f7-c0f5b77fb686" />
    <UnitTestResult executionId="b5d08581-9153-4685-a2ec-47237f01c48e" testId="18e3bf83-b852-f57a-8be8-d3201868483f" testName="TestGetAuthenticatedUser" computerName="runnervm3ublj" duration="00:00:00.1600225" startTime="2025-09-27T02:14:53.6921191+00:00" endTime="2025-09-27T02:14:53.8524225+00:00" testType="13cdc9d9-ddb5-4fa4-a97d-d965ccfc6d4b" outcome="Passed" testListId="8c84fa94-04c1-424b-9868-57a2d4851a1d" relativeResultsDirectory="b5d08581-9153-4685-a2ec-47237f01c48e" />
    <UnitTestResult executionId="33702fe8-3d41-4264-af69-ac09bd74d4f3" testId="6d99fdb5-4856-aa0f-b6de-3f28ad0663eb" testName="TestGetNonexistentRepositoryAsync" computerName="runnervm3ublj" duration="00:00:00.2278486" startTime="2025-09-27T02:14:53.4639722+00:00" endTime="2025-09-27T02:14:53.6920115+00:00" testType="13cdc9d9-ddb5-4fa4-a97d-d965ccfc6d4b" outcome="Passed" testListId="8c84fa94-04c1-424b-9868-57a2d4851a1d" relativeResultsDirectory="33702fe8-3d41-4264-af69-ac09bd74d4f3" />
    <UnitTestResult executionId="67221512-62c4-49e9-8adf-c824873abae5" testId="92c7dc40-b765-efc1-18fc-5f4b1ac0111f" testName="TestGetReleasesAsync" computerName="runnervm3ublj" duration="00:00:01.5094004" startTime="2025-09-27T02:14:50.7748477+00:00" endTime="2025-09-27T02:14:52.2862871+00:00" testType="13cdc9d9-ddb5-4fa4-a97d-d965ccfc6d4b" outcome="Passed" testListId="8c84fa94-04c1-424b-9868-57a2d4851a1d" relativeResultsDirectory="67221512-62c4-49e9-8adf-c824873abae5" />
    <UnitTestResult executionId="c3b0ab34-e99a-4c58-a274-dacf27622187" testId="2eefcad6-faf7-7cc7-9c2f-dca48c77896c" testName="TestGetNonexistentUserAsync" computerName="runnervm3ublj" duration="00:00:00.2160767" startTime="2025-09-27T02:14:54.1004413+00:00" endTime="2025-09-27T02:14:54.3176719+00:00" testType="13cdc9d9-ddb5-4fa4-a97d-d965ccfc6d4b" outcome="Passed" testListId="8c84fa94-04c1-424b-9868-57a2d4851a1d" relativeResultsDirectory="c3b0ab34-e99a-4c58-a274-dacf27622187" />
    <UnitTestResult executionId="96600cee-d0b1-4fcb-ba29-f6b42bdca80d" testId="fa4561c9-2a7e-735f-4063-3029bfedba0b" testName="TestGetRepositoryAsync" computerName="runnervm3ublj" duration="00:00:00.3255844" startTime="2025-09-27T02:14:53.1379183+00:00" endTime="2025-09-27T02:14:53.4638571+00:00" testType="13cdc9d9-ddb5-4fa4-a97d-d965ccfc6d4b" outcome="Passed" testListId="8c84fa94-04c1-424b-9868-57a2d4851a1d" relativeResultsDirectory="96600cee-d0b1-4fcb-ba29-f6b42bdca80d" />
    <UnitTestResult executionId="fe301b7c-a68e-4d29-9629-5f1ecfc44cb9" testId="7cd10470-c134-ff49-b160-52fb039d37a7" testName="TestGetReleaseAssetsAsync" computerName="runnervm3ublj" duration="00:00:00.4826053" startTime="2025-09-27T02:14:52.2866602+00:00" endTime="2025-09-27T02:14:52.7699083+00:00" testType="13cdc9d9-ddb5-4fa4-a97d-d965ccfc6d4b" outcome="Passed" testListId="8c84fa94-04c1-424b-9868-57a2d4851a1d" relativeResultsDirectory="fe301b7c-a68e-4d29-9629-5f1ecfc44cb9" />
  </Results>
  <TestDefinitions>
    <UnitTest name="TestGetUserAsync" storage="/home/runner/work/dotnet-monorepo/dotnet-monorepo/src/artifacts/bin/githubapi.tests/release_linux-x64/githubapi.tests.dll" id="2000ca48-da97-6fa3-733d-4dd9907e20f2">
      <Execution id="ac98fd62-a5c0-4430-9a0d-bb8463c89c51" />
      <TestMethod codeBase="/home/runner/work/dotnet-monorepo/dotnet-monorepo/src/artifacts/bin/GithubApi.Tests/release_linux-x64/GithubApi.Tests.dll" adapterTypeName="executor://mstestadapter/v2" className="GithubApi.Tests.UsersIntegrationTests" name="TestGetUserAsync" />
    </UnitTest>
    <UnitTest name="TestGetNonexistentRepositoryAsync" storage="/home/runner/work/dotnet-monorepo/dotnet-monorepo/src/artifacts/bin/githubapi.tests/release_linux-x64/githubapi.tests.dll" id="6d99fdb5-4856-aa0f-b6de-3f28ad0663eb">
      <Execution id="33702fe8-3d41-4264-af69-ac09bd74d4f3" />
      <TestMethod codeBase="/home/runner/work/dotnet-monorepo/dotnet-monorepo/src/artifacts/bin/GithubApi.Tests/release_linux-x64/GithubApi.Tests.dll" adapterTypeName="executor://mstestadapter/v2" className="GithubApi.Tests.RepositoriesIntegrationTests" name="TestGetNonexistentRepositoryAsync" />
    </UnitTest>
    <UnitTest name="TestDownloadReleaseAsync" storage="/home/runner/work/dotnet-monorepo/dotnet-monorepo/src/artifacts/bin/githubapi.tests/release_linux-x64/githubapi.tests.dll" id="a927e0e6-cfb7-42b0-d7b8-248ae94ffe95">
      <Execution id="fb1f7a8c-d1f3-4427-b3f7-c0f5b77fb686" />
      <TestMethod codeBase="/home/runner/work/dotnet-monorepo/dotnet-monorepo/src/artifacts/bin/GithubApi.Tests/release_linux-x64/GithubApi.Tests.dll" adapterTypeName="executor://mstestadapter/v2" className="GithubApi.Tests.ReleasesIntegrationTests" name="TestDownloadReleaseAsync" />
    </UnitTest>
    <UnitTest name="TestGetRepositoryAsync" storage="/home/runner/work/dotnet-monorepo/dotnet-monorepo/src/artifacts/bin/githubapi.tests/release_linux-x64/githubapi.tests.dll" id="fa4561c9-2a7e-735f-4063-3029bfedba0b">
      <Execution id="96600cee-d0b1-4fcb-ba29-f6b42bdca80d" />
      <TestMethod codeBase="/home/runner/work/dotnet-monorepo/dotnet-monorepo/src/artifacts/bin/GithubApi.Tests/release_linux-x64/GithubApi.Tests.dll" adapterTypeName="executor://mstestadapter/v2" className="GithubApi.Tests.RepositoriesIntegrationTests" name="TestGetRepositoryAsync" />
    </UnitTest>
    <UnitTest name="TestGetReleasesAsync" storage="/home/runner/work/dotnet-monorepo/dotnet-monorepo/src/artifacts/bin/githubapi.tests/release_linux-x64/githubapi.tests.dll" id="92c7dc40-b765-efc1-18fc-5f4b1ac0111f">
      <Execution id="67221512-62c4-49e9-8adf-c824873abae5" />
      <TestMethod codeBase="/home/runner/work/dotnet-monorepo/dotnet-monorepo/src/artifacts/bin/GithubApi.Tests/release_linux-x64/GithubApi.Tests.dll" adapterTypeName="executor://mstestadapter/v2" className="GithubApi.Tests.ReleasesIntegrationTests" name="TestGetReleasesAsync" />
    </UnitTest>
    <UnitTest name="TestGetNextUri" storage="/home/runner/work/dotnet-monorepo/dotnet-monorepo/src/artifacts/bin/githubapi.tests/release_linux-x64/githubapi.tests.dll" id="28f7566a-9810-bcfe-c1c2-5fcfb197ba6d">
      <Execution id="b323bac4-4572-4317-b77a-ce9341c7fcb2" />
      <TestMethod codeBase="/home/runner/work/dotnet-monorepo/dotnet-monorepo/src/artifacts/bin/GithubApi.Tests/release_linux-x64/GithubApi.Tests.dll" adapterTypeName="executor://mstestadapter/v2" className="GithubApi.Tests.LinkParserTests" name="TestGetNextUri" />
    </UnitTest>
    <UnitTest name="TestGetAuthenticatedUser" storage="/home/runner/work/dotnet-monorepo/dotnet-monorepo/src/artifacts/bin/githubapi.tests/release_linux-x64/githubapi.tests.dll" id="18e3bf83-b852-f57a-8be8-d3201868483f">
      <Execution id="b5d08581-9153-4685-a2ec-47237f01c48e" />
      <TestMethod codeBase="/home/runner/work/dotnet-monorepo/dotnet-monorepo/src/artifacts/bin/GithubApi.Tests/release_linux-x64/GithubApi.Tests.dll" adapterTypeName="executor://mstestadapter/v2" className="GithubApi.Tests.UsersIntegrationTests" name="TestGetAuthenticatedUser" />
    </UnitTest>
    <UnitTest name="TestGetNonexistentUserAsync" storage="/home/runner/work/dotnet-monorepo/dotnet-monorepo/src/artifacts/bin/githubapi.tests/release_linux-x64/githubapi.tests.dll" id="2eefcad6-faf7-7cc7-9c2f-dca48c77896c">
      <Execution id="c3b0ab34-e99a-4c58-a274-dacf27622187" />
      <TestMethod codeBase="/home/runner/work/dotnet-monorepo/dotnet-monorepo/src/artifacts/bin/GithubApi.Tests/release_linux-x64/GithubApi.Tests.dll" adapterTypeName="executor://mstestadapter/v2" className="GithubApi.Tests.UsersIntegrationTests" name="TestGetNonexistentUserAsync" />
    </UnitTest>
    <UnitTest name="TestGetReleaseAssetsAsync" storage="/home/runner/work/dotnet-monorepo/dotnet-monorepo/src/artifacts/bin/githubapi.tests/release_linux-x64/githubapi.tests.dll" id="7cd10470-c134-ff49-b160-52fb039d37a7">
      <Execution id="fe301b7c-a68e-4d29-9629-5f1ecfc44cb9" />
      <TestMethod codeBase="/home/runner/work/dotnet-monorepo/dotnet-monorepo/src/artifacts/bin/GithubApi.Tests/release_linux-x64/GithubApi.Tests.dll" adapterTypeName="executor://mstestadapter/v2" className="GithubApi.Tests.ReleasesIntegrationTests" name="TestGetReleaseAssetsAsync" />
    </UnitTest>
  </TestDefinitions>
  <TestEntries>
    <TestEntry testId="2000ca48-da97-6fa3-733d-4dd9907e20f2" executionId="ac98fd62-a5c0-4430-9a0d-bb8463c89c51" testListId="8c84fa94-04c1-424b-9868-57a2d4851a1d" />
    <TestEntry testId="28f7566a-9810-bcfe-c1c2-5fcfb197ba6d" executionId="b323bac4-4572-4317-b77a-ce9341c7fcb2" testListId="8c84fa94-04c1-424b-9868-57a2d4851a1d" />
    <TestEntry testId="a927e0e6-cfb7-42b0-d7b8-248ae94ffe95" executionId="fb1f7a8c-d1f3-4427-b3f7-c0f5b77fb686" testListId="8c84fa94-04c1-424b-9868-57a2d4851a1d" />
    <TestEntry testId="18e3bf83-b852-f57a-8be8-d3201868483f" executionId="b5d08581-9153-4685-a2ec-47237f01c48e" testListId="8c84fa94-04c1-424b-9868-57a2d4851a1d" />
    <TestEntry testId="6d99fdb5-4856-aa0f-b6de-3f28ad0663eb" executionId="33702fe8-3d41-4264-af69-ac09bd74d4f3" testListId="8c84fa94-04c1-424b-9868-57a2d4851a1d" />
    <TestEntry testId="92c7dc40-b765-efc1-18fc-5f4b1ac0111f" executionId="67221512-62c4-49e9-8adf-c824873abae5" testListId="8c84fa94-04c1-424b-9868-57a2d4851a1d" />
    <TestEntry testId="2eefcad6-faf7-7cc7-9c2f-dca48c77896c" executionId="c3b0ab34-e99a-4c58-a274-dacf27622187" testListId="8c84fa94-04c1-424b-9868-57a2d4851a1d" />
    <TestEntry testId="fa4561c9-2a7e-735f-4063-3029bfedba0b" executionId="96600cee-d0b1-4fcb-ba29-f6b42bdca80d" testListId="8c84fa94-04c1-424b-9868-57a2d4851a1d" />
    <TestEntry testId="7cd10470-c134-ff49-b160-52fb039d37a7" executionId="fe301b7c-a68e-4d29-9629-5f1ecfc44cb9" testListId="8c84fa94-04c1-424b-9868-57a2d4851a1d" />
  </TestEntries>
  <TestLists>
    <TestList name="Results Not in a List" id="8c84fa94-04c1-424b-9868-57a2d4851a1d" />
    <TestList name="All Loaded Results" id="19431567-8539-422a-85d7-44ee4e166bda" />
  </TestLists>
  <ResultSummary outcome="Completed">
    <Counters total="9" executed="9" passed="9" failed="0" error="0" timeout="0" aborted="0" inconclusive="0" passedButRunAborted="0" notRunnable="0" notExecuted="0" disconnected="0" warning="0" completed="0" inProgress="0" pending="0" />
  </ResultSummary>
</TestRun>