<?xml version="1.0" encoding="utf-8"?>
<TestRun id="b27ee248-1557-496d-921d-39df48cc67d4" name="runneradmin@runnervm747y6 2025-09-27 02:16:36" runUser="runnervm747y6\runneradmin" xmlns="http://microsoft.com/schemas/VisualStudio/TeamTest/2010">
  <Times creation="2025-09-27T02:16:36.2292853+00:00" queuing="2025-09-27T02:16:36.2292854+00:00" start="2025-09-27T02:16:34.2930307+00:00" finish="2025-09-27T02:16:36.8392328+00:00" />
  <TestSettings name="default" id="72b73236-dea7-4c5f-9fd8-fb6321813b92">
    <Deployment runDeploymentRoot="runneradmin_runnervm747y6_2025-09-27_02_16_36" />
  </TestSettings>
  <Results>
    <UnitTestResult executionId="48009bca-2df2-4d07-aa4a-81e6fd2f25ff" testId="2eefcad6-faf7-7cc7-9c2f-dca48c77896c" testName="TestGetNonexistentUserAsync" computerName="runnervm747y6" duration="00:00:00.0735220" startTime="2025-09-27T02:16:36.7066549+00:00" endTime="2025-09-27T02:16:36.7810786+00:00" testType="13cdc9d9-ddb5-4fa4-a97d-d965ccfc6d4b" outcome="Passed" testListId="8c84fa94-04c1-424b-9868-57a2d4851a1d" relativeResultsDirectory="48009bca-2df2-4d07-aa4a-81e6fd2f25ff" />
    <UnitTestResult executionId="47014e75-98f5-4cbd-b195-b574167767c0" testId="92c7dc40-b765-efc1-18fc-5f4b1ac0111f" testName="TestGetReleasesAsync" computerName="runnervm747y6" duration="00:00:01.0818732" startTime="2025-09-27T02:16:34.7891134+00:00" endTime="2025-09-27T02:16:35.8730271+00:00" testType="13cdc9d9-ddb5-4fa4-a97d-d965ccfc6d4b" outcome="Passed" testListId="8c84fa94-04c1-424b-9868-57a2d4851a1d" relativeResultsDirectory="47014e75-98f5-4cbd-b195-b574167767c0" />
    <UnitTestResult executionId="a6378256-9e10-49ea-ac53-25f5af1d0d1c" testId="2000ca48-da97-6fa3-733d-4dd9907e20f2" testName="TestGetUserAsync" computerName="runnervm747y6" duration="00:00:00.1219250" startTime="2025-09-27T02:16:36.5845130+00:00" endTime="2025-09-27T02:16:36.7065940+00:00" testType="13cdc9d9-ddb5-4fa4-a97d-d965ccfc6d4b" outcome="Passed" testListId="8c84fa94-04c1-424b-9868-57a2d4851a1d" relativeResultsDirectory="a6378256-9e10-49ea-ac53-25f5af1d0d1c" />
    <UnitTestResult executionId="d4172221-ab0d-4258-b1da-6a47ef58e01c" testId="18e3bf83-b852-f57a-8be8-d3201868483f" testName="TestGetAuthenticatedUser" computerName="runnervm747y6" duration="00:00:00.0256279" startTime="2025-09-27T02:16:36.5586621+00:00" endTime="2025-09-27T02:16:36.5844587+00:00" testType="13cdc9d9-ddb5-4fa4-a97d-d965ccfc6d4b" outcome="Passed" testListId="8c84fa94-04c1-424b-9868-57a2d4851a1d" relativeResultsDirectory="d4172221-ab0d-4258-b1da-6a47ef58e01c" />
    <UnitTestResult executionId="d84fd1f9-bcf6-4c84-a703-2f0b81079e52" testId="6d99fdb5-4856-aa0f-b6de-3f28ad0663eb" testName="TestGetNonexistentRepositoryAsync" computerName="runnervm747y6" duration="00:00:00.0787010" startTime="2025-09-27T02:16:36.4797549+00:00" endTime="2025-09-27T02:16:36.5585908+00:00" testType="13cdc9d9-ddb5-4fa4-a97d-d965ccfc6d4b" outcome="Passed" testListId="8c84fa94-04c1-424b-9868-57a2d4851a1d" relativeResultsDirectory="d84fd1f9-bcf6-4c84-a703-2f0b81079e52" />
    <UnitTestResult executionId="fde1177a-f95b-45d5-b2f9-7f749990d015" testId="28f7566a-9810-bcfe-c1c2-5fcfb197ba6d" testName="TestGetNextUri" computerName="runnervm747y6" duration="00:00:00.0071941" startTime="2025-09-27T02:16:34.7612036+00:00" endTime="2025-09-27T02:16:34.7851608+00:00" testType="13cdc9d9-ddb5-4fa4-a97d-d965ccfc6d4b" outcome="Passed" testListId="8c84fa94-04c1-424b-9868-57a2d4851a1d" relativeResultsDirectory="fde1177a-f95b-45d5-b2f9-7f749990d015" />
    <UnitTestResult executionId="a81fb14d-97c3-40e6-89f6-50fbfa0142ba" testId="a927e0e6-cfb7-42b0-d7b8-248ae94ffe95" testName="TestDownloadReleaseAsync" computerName="runnervm747y6" duration="00:00:00.1536105" startTime="2025-09-27T02:16:36.1187314+00:00" endTime="2025-09-27T02:16:36.2725200+00:00" testType="13cdc9d9-ddb5-4fa4-a97d-d965ccfc6d4b" outcome="Passed" testListId="8c84fa94-04c1-424b-9868-57a2d4851a1d" relativeResultsDirectory="a81fb14d-97c3-40e6-89f6-50fbfa0142ba" />
    <UnitTestResult executionId="058c2ccb-d16b-40be-8ce5-41fa9068eb24" testId="fa4561c9-2a7e-735f-4063-3029bfedba0b" testName="TestGetRepositoryAsync" computerName="runnervm747y6" duration="00:00:00.2068558" startTime="2025-09-27T02:16:36.2725968+00:00" endTime="2025-09-27T02:16:36.4796832+00:00" testType="13cdc9d9-ddb5-4fa4-a97d-d965ccfc6d4b" outcome="Passed" testListId="8c84fa94-04c1-424b-9868-57a2d4851a1d" relativeResultsDirectory="058c2ccb-d16b-40be-8ce5-41fa9068eb24" />
    <UnitTestResult executionId="9d997bb7-fa17-4091-973d-e78ffa5967d3" testId="7cd10470-c134-ff49-b160-52fb039d37a7" testName="TestGetReleaseAssetsAsync" computerName="runnervm747y6" duration="00:00:00.2445554" startTime="2025-09-27T02:16:35.8733536+00:00" endTime="2025-09-27T02:16:36.1186428+00:00" testType="13cdc9d9-ddb5-4fa4-a97d-d965ccfc6d4b" outcome="Passed" testListId="8c84fa94-04c1-424b-9868-57a2d4851a1d" relativeResultsDirectory="9d997bb7-fa17-4091-973d-e78ffa5967d3" />
  </Results>
  <TestDefinitions>
    <UnitTest name="TestGetUserAsync" storage="d:\a\dotnet-monorepo\dotnet-monorepo\src\artifacts\bin\githubapi.tests\release_win-x64\githubapi.tests.dll" id="2000ca48-da97-6fa3-733d-4dd9907e20f2">
      <Execution id="a6378256-9e10-49ea-ac53-25f5af1d0d1c" />
      <TestMethod codeBase="D:\a\dotnet-monorepo\dotnet-monorepo\src\artifacts\bin\GithubApi.Tests\release_win-x64\GithubApi.Tests.dll" adapterTypeName="executor://mstestadapter/v2" className="GithubApi.Tests.UsersIntegrationTests" name="TestGetUserAsync" />
    </UnitTest>
    <UnitTest name="TestGetNonexistentRepositoryAsync" storage="d:\a\dotnet-monorepo\dotnet-monorepo\src\artifacts\bin\githubapi.tests\release_win-x64\githubapi.tests.dll" id="6d99fdb5-4856-aa0f-b6de-3f28ad0663eb">
      <Execution id="d84fd1f9-bcf6-4c84-a703-2f0b81079e52" />
      <TestMethod codeBase="D:\a\dotnet-monorepo\dotnet-monorepo\src\artifacts\bin\GithubApi.Tests\release_win-x64\GithubApi.Tests.dll" adapterTypeName="executor://mstestadapter/v2" className="GithubApi.Tests.RepositoriesIntegrationTests" name="TestGetNonexistentRepositoryAsync" />
    </UnitTest>
    <UnitTest name="TestDownloadReleaseAsync" storage="d:\a\dotnet-monorepo\dotnet-monorepo\src\artifacts\bin\githubapi.tests\release_win-x64\githubapi.tests.dll" id="a927e0e6-cfb7-42b0-d7b8-248ae94ffe95">
      <Execution id="a81fb14d-97c3-40e6-89f6-50fbfa0142ba" />
      <TestMethod codeBase="D:\a\dotnet-monorepo\dotnet-monorepo\src\artifacts\bin\GithubApi.Tests\release_win-x64\GithubApi.Tests.dll" adapterTypeName="executor://mstestadapter/v2" className="GithubApi.Tests.ReleasesIntegrationTests" name="TestDownloadReleaseAsync" />
    </UnitTest>
    <UnitTest name="TestGetRepositoryAsync" storage="d:\a\dotnet-monorepo\dotnet-monorepo\src\artifacts\bin\githubapi.tests\release_win-x64\githubapi.tests.dll" id="fa4561c9-2a7e-735f-4063-3029bfedba0b">
      <Execution id="058c2ccb-d16b-40be-8ce5-41fa9068eb24" />
      <TestMethod codeBase="D:\a\dotnet-monorepo\dotnet-monorepo\src\artifacts\bin\GithubApi.Tests\release_win-x64\GithubApi.Tests.dll" adapterTypeName="executor://mstestadapter/v2" className="GithubApi.Tests.RepositoriesIntegrationTests" name="TestGetRepositoryAsync" />
    </UnitTest>
    <UnitTest name="TestGetReleasesAsync" storage="d:\a\dotnet-monorepo\dotnet-monorepo\src\artifacts\bin\githubapi.tests\release_win-x64\githubapi.tests.dll" id="92c7dc40-b765-efc1-18fc-5f4b1ac0111f">
      <Execution id="47014e75-98f5-4cbd-b195-b574167767c0" />
      <TestMethod codeBase="D:\a\dotnet-monorepo\dotnet-monorepo\src\artifacts\bin\GithubApi.Tests\release_win-x64\GithubApi.Tests.dll" adapterTypeName="executor://mstestadapter/v2" className="GithubApi.Tests.ReleasesIntegrationTests" name="TestGetReleasesAsync" />
    </UnitTest>
    <UnitTest name="TestGetNextUri" storage="d:\a\dotnet-monorepo\dotnet-monorepo\src\artifacts\bin\githubapi.tests\release_win-x64\githubapi.tests.dll" id="28f7566a-9810-bcfe-c1c2-5fcfb197ba6d">
      <Execution id="fde1177a-f95b-45d5-b2f9-7f749990d015" />
      <TestMethod codeBase="D:\a\dotnet-monorepo\dotnet-monorepo\src\artifacts\bin\GithubApi.Tests\release_win-x64\GithubApi.Tests.dll" adapterTypeName="executor://mstestadapter/v2" className="GithubApi.Tests.LinkParserTests" name="TestGetNextUri" />
    </UnitTest>
    <UnitTest name="TestGetAuthenticatedUser" storage="d:\a\dotnet-monorepo\dotnet-monorepo\src\artifacts\bin\githubapi.tests\release_win-x64\githubapi.tests.dll" id="18e3bf83-b852-f57a-8be8-d3201868483f">
      <Execution id="d4172221-ab0d-4258-b1da-6a47ef58e01c" />
      <TestMethod codeBase="D:\a\dotnet-monorepo\dotnet-monorepo\src\artifacts\bin\GithubApi.Tests\release_win-x64\GithubApi.Tests.dll" adapterTypeName="executor://mstestadapter/v2" className="GithubApi.Tests.UsersIntegrationTests" name="TestGetAuthenticatedUser" />
    </UnitTest>
    <UnitTest name="TestGetNonexistentUserAsync" storage="d:\a\dotnet-monorepo\dotnet-monorepo\src\artifacts\bin\githubapi.tests\release_win-x64\githubapi.tests.dll" id="2eefcad6-faf7-7cc7-9c2f-dca48c77896c">
      <Execution id="48009bca-2df2-4d07-aa4a-81e6fd2f25ff" />
      <TestMethod codeBase="D:\a\dotnet-monorepo\dotnet-monorepo\src\artifacts\bin\GithubApi.Tests\release_win-x64\GithubApi.Tests.dll" adapterTypeName="executor://mstestadapter/v2" className="GithubApi.Tests.UsersIntegrationTests" name="TestGetNonexistentUserAsync" />
    </UnitTest>
    <UnitTest name="TestGetReleaseAssetsAsync" storage="d:\a\dotnet-monorepo\dotnet-monorepo\src\artifacts\bin\githubapi.tests\release_win-x64\githubapi.tests.dll" id="7cd10470-c134-ff49-b160-52fb039d37a7">
      <Execution id="9d997bb7-fa17-4091-973d-e78ffa5967d3" />
      <TestMethod codeBase="D:\a\dotnet-monorepo\dotnet-monorepo\src\artifacts\bin\GithubApi.Tests\release_win-x64\GithubApi.Tests.dll" adapterTypeName="executor://mstestadapter/v2" className="GithubApi.Tests.ReleasesIntegrationTests" name="TestGetReleaseAssetsAsync" />
    </UnitTest>
  </TestDefinitions>
  <TestEntries>
    <TestEntry testId="2eefcad6-faf7-7cc7-9c2f-dca48c77896c" executionId="48009bca-2df2-4d07-aa4a-81e6fd2f25ff" testListId="8c84fa94-04c1-424b-9868-57a2d4851a1d" />
    <TestEntry testId="92c7dc40-b765-efc1-18fc-5f4b1ac0111f" executionId="47014e75-98f5-4cbd-b195-b574167767c0" testListId="8c84fa94-04c1-424b-9868-57a2d4851a1d" />
    <TestEntry testId="2000ca48-da97-6fa3-733d-4dd9907e20f2" executionId="a6378256-9e10-49ea-ac53-25f5af1d0d1c" testListId="8c84fa94-04c1-424b-9868-57a2d4851a1d" />
    <TestEntry testId="18e3bf83-b852-f57a-8be8-d3201868483f" executionId="d4172221-ab0d-4258-b1da-6a47ef58e01c" testListId="8c84fa94-04c1-424b-9868-57a2d4851a1d" />
    <TestEntry testId="6d99fdb5-4856-aa0f-b6de-3f28ad0663eb" executionId="d84fd1f9-bcf6-4c84-a703-2f0b81079e52" testListId="8c84fa94-04c1-424b-9868-57a2d4851a1d" />
    <TestEntry testId="28f7566a-9810-bcfe-c1c2-5fcfb197ba6d" executionId="fde1177a-f95b-45d5-b2f9-7f749990d015" testListId="8c84fa94-04c1-424b-9868-57a2d4851a1d" />
    <TestEntry testId="a927e0e6-cfb7-42b0-d7b8-248ae94ffe95" executionId="a81fb14d-97c3-40e6-89f6-50fbfa0142ba" testListId="8c84fa94-04c1-424b-9868-57a2d4851a1d" />
    <TestEntry testId="fa4561c9-2a7e-735f-4063-3029bfedba0b" executionId="058c2ccb-d16b-40be-8ce5-41fa9068eb24" testListId="8c84fa94-04c1-424b-9868-57a2d4851a1d" />
    <TestEntry testId="7cd10470-c134-ff49-b160-52fb039d37a7" executionId="9d997bb7-fa17-4091-973d-e78ffa5967d3" testListId="8c84fa94-04c1-424b-9868-57a2d4851a1d" />
  </TestEntries>
  <TestLists>
    <TestList name="Results Not in a List" id="8c84fa94-04c1-424b-9868-57a2d4851a1d" />
    <TestList name="All Loaded Results" id="19431567-8539-422a-85d7-44ee4e166bda" />
  </TestLists>
  <ResultSummary outcome="Completed">
    <Counters total="9" executed="9" passed="9" failed="0" error="0" timeout="0" aborted="0" inconclusive="0" passedButRunAborted="0" notRunnable="0" notExecuted="0" disconnected="0" warning="0" completed="0" inProgress="0" pending="0" />
  </ResultSummary>
</TestRun>