<?xml version="1.0" encoding="utf-8"?>
<TestRun id="a76c8d79-3078-41f0-b7fd-515b83263870" name="@sjc20-bb714-be9a9e78-8985-4d11-aa46-7f7cc3435662-86C6214C293B 2025-09-27 02:15:08" xmlns="http://microsoft.com/schemas/VisualStudio/TeamTest/2010">
  <Times creation="2025-09-27T02:15:08.4808560+00:00" queuing="2025-09-27T02:15:08.4808560+00:00" start="2025-09-27T02:15:06.5331570+00:00" finish="2025-09-27T02:15:11.0072540+00:00" />
  <TestSettings name="default" id="258a537c-eb82-4fa7-a546-f66e869c836a">
    <Deployment runDeploymentRoot="_sjc20-bb714-be9a9e78-8985-4d11-aa46-7f7cc3435662-86C6214C293B_2025-09-27_02_15_08" />
  </TestSettings>
  <Results>
    <UnitTestResult executionId="5e15f9d3-cd02-4e7a-b4a6-6187544114eb" testId="92c7dc40-b765-efc1-18fc-5f4b1ac0111f" testName="TestGetReleasesAsync" computerName="sjc20-bb714-be9a9e78-8985-4d11-aa46-7f7cc3435662-86C6214C293B" duration="00:00:01.8286056" startTime="2025-09-27T02:15:07.1022010+00:00" endTime="2025-09-27T02:15:08.9324770+00:00" testType="13cdc9d9-ddb5-4fa4-a97d-d965ccfc6d4b" outcome="Passed" testListId="8c84fa94-04c1-424b-9868-57a2d4851a1d" relativeResultsDirectory="5e15f9d3-cd02-4e7a-b4a6-6187544114eb" />
    <UnitTestResult executionId="a67a4c8d-e2ce-4f8a-bb62-e3386c780ab6" testId="6d99fdb5-4856-aa0f-b6de-3f28ad0663eb" testName="TestGetNonexistentRepositoryAsync" computerName="sjc20-bb714-be9a9e78-8985-4d11-aa46-7f7cc3435662-86C6214C293B" duration="00:00:00.2175140" startTime="2025-09-27T02:15:10.1280500+00:00" endTime="2025-09-27T02:15:10.3457360+00:00" testType="13cdc9d9-ddb5-4fa4-a97d-d965ccfc6d4b" outcome="Passed" testListId="8c84fa94-04c1-424b-9868-57a2d4851a1d" relativeResultsDirectory="a67a4c8d-e2ce-4f8a-bb62-e3386c780ab6" />
    <UnitTestResult executionId="7aff1254-2649-4cb4-9646-9303661f7e9d" testId="fa4561c9-2a7e-735f-4063-3029bfedba0b" testName="TestGetRepositoryAsync" computerName="sjc20-bb714-be9a9e78-8985-4d11-aa46-7f7cc3435662-86C6214C293B" duration="00:00:00.3146516" startTime="2025-09-27T02:15:09.8130130+00:00" endTime="2025-09-27T02:15:10.1279660+00:00" testType="13cdc9d9-ddb5-4fa4-a97d-d965ccfc6d4b" outcome="Passed" testListId="8c84fa94-04c1-424b-9868-57a2d4851a1d" relativeResultsDirectory="7aff1254-2649-4cb4-9646-9303661f7e9d" />
    <UnitTestResult executionId="54f622c2-e64a-4d86-a711-7b3792dc947e" testId="28f7566a-9810-bcfe-c1c2-5fcfb197ba6d" testName="TestGetNextUri" computerName="sjc20-bb714-be9a9e78-8985-4d11-aa46-7f7cc3435662-86C6214C293B" duration="00:00:00.0067364" startTime="2025-09-27T02:15:07.0833310+00:00" endTime="2025-09-27T02:15:07.0997130+00:00" testType="13cdc9d9-ddb5-4fa4-a97d-d965ccfc6d4b" outcome="Passed" testListId="8c84fa94-04c1-424b-9868-57a2d4851a1d" relativeResultsDirectory="54f622c2-e64a-4d86-a711-7b3792dc947e" />
    <UnitTestResult executionId="f18a4e8a-d9a7-4a50-9a2f-d1dd943b3af4" testId="18e3bf83-b852-f57a-8be8-d3201868483f" testName="TestGetAuthenticatedUser" computerName="sjc20-bb714-be9a9e78-8985-4d11-aa46-7f7cc3435662-86C6214C293B" duration="00:00:00.1519989" startTime="2025-09-27T02:15:10.3458170+00:00" endTime="2025-09-27T02:15:10.4980040+00:00" testType="13cdc9d9-ddb5-4fa4-a97d-d965ccfc6d4b" outcome="Passed" testListId="8c84fa94-04c1-424b-9868-57a2d4851a1d" relativeResultsDirectory="f18a4e8a-d9a7-4a50-9a2f-d1dd943b3af4" />
    <UnitTestResult executionId="83479a9e-ab76-4076-baef-9b664f8a4a71" testId="a927e0e6-cfb7-42b0-d7b8-248ae94ffe95" testName="TestDownloadReleaseAsync" computerName="sjc20-bb714-be9a9e78-8985-4d11-aa46-7f7cc3435662-86C6214C293B" duration="00:00:00.3960088" startTime="2025-09-27T02:15:09.4167530+00:00" endTime="2025-09-27T02:15:09.8128930+00:00" testType="13cdc9d9-ddb5-4fa4-a97d-d965ccfc6d4b" outcome="Passed" testListId="8c84fa94-04c1-424b-9868-57a2d4851a1d" relativeResultsDirectory="83479a9e-ab76-4076-baef-9b664f8a4a71" />
    <UnitTestResult executionId="f42ba73d-53e0-49e7-8c19-64a147c19325" testId="7cd10470-c134-ff49-b160-52fb039d37a7" testName="TestGetReleaseAssetsAsync" computerName="sjc20-bb714-be9a9e78-8985-4d11-aa46-7f7cc3435662-86C6214C293B" duration="00:00:00.4834620" startTime="2025-09-27T02:15:08.9327850+00:00" endTime="2025-09-27T02:15:09.4166760+00:00" testType="13cdc9d9-ddb5-4fa4-a97d-d965ccfc6d4b" outcome="Passed" testListId="8c84fa94-04c1-424b-9868-57a2d4851a1d" relativeResultsDirectory="f42ba73d-53e0-49e7-8c19-64a147c19325" />
    <UnitTestResult executionId="e26d9e1d-9078-47a6-9094-f64cb4cf4f46" testId="2000ca48-da97-6fa3-733d-4dd9907e20f2" testName="TestGetUserAsync" computerName="sjc20-bb714-be9a9e78-8985-4d11-aa46-7f7cc3435662-86C6214C293B" duration="00:00:00.2418275" startTime="2025-09-27T02:15:10.4980770+00:00" endTime="2025-09-27T02:15:10.7400390+00:00" testType="13cdc9d9-ddb5-4fa4-a97d-d965ccfc6d4b" outcome="Passed" testListId="8c84fa94-04c1-424b-9868-57a2d4851a1d" relativeResultsDirectory="e26d9e1d-9078-47a6-9094-f64cb4cf4f46" />
    <UnitTestResult executionId="45a6b47f-ae9f-4b84-b0cc-46a6db32973e" testId="2eefcad6-faf7-7cc7-9c2f-dca48c77896c" testName="TestGetNonexistentUserAsync" computerName="sjc20-bb714-be9a9e78-8985-4d11-aa46-7f7cc3435662-86C6214C293B" duration="00:00:00.2101082" startTime="2025-09-27T02:15:10.7401350+00:00" endTime="2025-09-27T02:15:10.9507970+00:00" testType="13cdc9d9-ddb5-4fa4-a97d-d965ccfc6d4b" outcome="Passed" testListId="8c84fa94-04c1-424b-9868-57a2d4851a1d" relativeResultsDirectory="45a6b47f-ae9f-4b84-b0cc-46a6db32973e" />
  </Results>
  <TestDefinitions>
    <UnitTest name="TestGetUserAsync" storage="/users/runner/work/dotnet-monorepo/dotnet-monorepo/src/artifacts/bin/githubapi.tests/release_osx-arm64/githubapi.tests.dll" id="2000ca48-da97-6fa3-733d-4dd9907e20f2">
      <Execution id="e26d9e1d-9078-47a6-9094-f64cb4cf4f46" />
      <TestMethod codeBase="/Users/runner/work/dotnet-monorepo/dotnet-monorepo/src/artifacts/bin/GithubApi.Tests/release_osx-arm64/GithubApi.Tests.dll" adapterTypeName="executor://mstestadapter/v2" className="GithubApi.Tests.UsersIntegrationTests" name="TestGetUserAsync" />
    </UnitTest>
    <UnitTest name="TestGetNonexistentRepositoryAsync" storage="/users/runner/work/dotnet-monorepo/dotnet-monorepo/src/artifacts/bin/githubapi.tests/release_osx-arm64/githubapi.tests.dll" id="6d99fdb5-4856-aa0f-b6de-3f28ad0663eb">
      <Execution id="a67a4c8d-e2ce-4f8a-bb62-e3386c780ab6" />
      <TestMethod codeBase="/Users/runner/work/dotnet-monorepo/dotnet-monorepo/src/artifacts/bin/GithubApi.Tests/release_osx-arm64/GithubApi.Tests.dll" adapterTypeName="executor://mstestadapter/v2" className="GithubApi.Tests.RepositoriesIntegrationTests" name="TestGetNonexistentRepositoryAsync" />
    </UnitTest>
    <UnitTest name="TestDownloadReleaseAsync" storage="/users/runner/work/dotnet-monorepo/dotnet-monorepo/src/artifacts/bin/githubapi.tests/release_osx-arm64/githubapi.tests.dll" id="a927e0e6-cfb7-42b0-d7b8-248ae94ffe95">
      <Execution id="83479a9e-ab76-4076-baef-9b664f8a4a71" />
      <TestMethod codeBase="/Users/runner/work/dotnet-monorepo/dotnet-monorepo/src/artifacts/bin/GithubApi.Tests/release_osx-arm64/GithubApi.Tests.dll" adapterTypeName="executor://mstestadapter/v2" className="GithubApi.Tests.ReleasesIntegrationTests" name="TestDownloadReleaseAsync" />
    </UnitTest>
    <UnitTest name="TestGetRepositoryAsync" storage="/users/runner/work/dotnet-monorepo/dotnet-monorepo/src/artifacts/bin/githubapi.tests/release_osx-arm64/githubapi.tests.dll" id="fa4561c9-2a7e-735f-4063-3029bfedba0b">
      <Execution id="7aff1254-2649-4cb4-9646-9303661f7e9d" />
      <TestMethod codeBase="/Users/runner/work/dotnet-monorepo/dotnet-monorepo/src/artifacts/bin/GithubApi.Tests/release_osx-arm64/GithubApi.Tests.dll" adapterTypeName="executor://mstestadapter/v2" className="GithubApi.Tests.RepositoriesIntegrationTests" name="TestGetRepositoryAsync" />
    </UnitTest>
    <UnitTest name="TestGetReleasesAsync" storage="/users/runner/work/dotnet-monorepo/dotnet-monorepo/src/artifacts/bin/githubapi.tests/release_osx-arm64/githubapi.tests.dll" id="92c7dc40-b765-efc1-18fc-5f4b1ac0111f">
      <Execution id="5e15f9d3-cd02-4e7a-b4a6-6187544114eb" />
      <TestMethod codeBase="/Users/runner/work/dotnet-monorepo/dotnet-monorepo/src/artifacts/bin/GithubApi.Tests/release_osx-arm64/GithubApi.Tests.dll" adapterTypeName="executor://mstestadapter/v2" className="GithubApi.Tests.ReleasesIntegrationTests" name="TestGetReleasesAsync" />
    </UnitTest>
    <UnitTest name="TestGetNextUri" storage="/users/runner/work/dotnet-monorepo/dotnet-monorepo/src/artifacts/bin/githubapi.tests/release_osx-arm64/githubapi.tests.dll" id="28f7566a-9810-bcfe-c1c2-5fcfb197ba6d">
      <Execution id="54f622c2-e64a-4d86-a711-7b3792dc947e" />
      <TestMethod codeBase="/Users/runner/work/dotnet-monorepo/dotnet-monorepo/src/artifacts/bin/GithubApi.Tests/release_osx-arm64/GithubApi.Tests.dll" adapterTypeName="executor://mstestadapter/v2" className="GithubApi.Tests.LinkParserTests" name="TestGetNextUri" />
    </UnitTest>
    <UnitTest name="TestGetAuthenticatedUser" storage="/users/runner/work/dotnet-monorepo/dotnet-monorepo/src/artifacts/bin/githubapi.tests/release_osx-arm64/githubapi.tests.dll" id="18e3bf83-b852-f57a-8be8-d3201868483f">
      <Execution id="f18a4e8a-d9a7-4a50-9a2f-d1dd943b3af4" />
      <TestMethod codeBase="/Users/runner/work/dotnet-monorepo/dotnet-monorepo/src/artifacts/bin/GithubApi.Tests/release_osx-arm64/GithubApi.Tests.dll" adapterTypeName="executor://mstestadapter/v2" className="GithubApi.Tests.UsersIntegrationTests" name="TestGetAuthenticatedUser" />
    </UnitTest>
    <UnitTest name="TestGetNonexistentUserAsync" storage="/users/runner/work/dotnet-monorepo/dotnet-monorepo/src/artifacts/bin/githubapi.tests/release_osx-arm64/githubapi.tests.dll" id="2eefcad6-faf7-7cc7-9c2f-dca48c77896c">
      <Execution id="45a6b47f-ae9f-4b84-b0cc-46a6db32973e" />
      <TestMethod codeBase="/Users/runner/work/dotnet-monorepo/dotnet-monorepo/src/artifacts/bin/GithubApi.Tests/release_osx-arm64/GithubApi.Tests.dll" adapterTypeName="executor://mstestadapter/v2" className="GithubApi.Tests.UsersIntegrationTests" name="TestGetNonexistentUserAsync" />
    </UnitTest>
    <UnitTest name="TestGetReleaseAssetsAsync" storage="/users/runner/work/dotnet-monorepo/dotnet-monorepo/src/artifacts/bin/githubapi.tests/release_osx-arm64/githubapi.tests.dll" id="7cd10470-c134-ff49-b160-52fb039d37a7">
      <Execution id="f42ba73d-53e0-49e7-8c19-64a147c19325" />
      <TestMethod codeBase="/Users/runner/work/dotnet-monorepo/dotnet-monorepo/src/artifacts/bin/GithubApi.Tests/release_osx-arm64/GithubApi.Tests.dll" adapterTypeName="executor://mstestadapter/v2" className="GithubApi.Tests.ReleasesIntegrationTests" name="TestGetReleaseAssetsAsync" />
    </UnitTest>
  </TestDefinitions>
  <TestEntries>
    <TestEntry testId="92c7dc40-b765-efc1-18fc-5f4b1ac0111f" executionId="5e15f9d3-cd02-4e7a-b4a6-6187544114eb" testListId="8c84fa94-04c1-424b-9868-57a2d4851a1d" />
    <TestEntry testId="6d99fdb5-4856-aa0f-b6de-3f28ad0663eb" executionId="a67a4c8d-e2ce-4f8a-bb62-e3386c780ab6" testListId="8c84fa94-04c1-424b-9868-57a2d4851a1d" />
    <TestEntry testId="fa4561c9-2a7e-735f-4063-3029bfedba0b" executionId="7aff1254-2649-4cb4-9646-9303661f7e9d" testListId="8c84fa94-04c1-424b-9868-57a2d4851a1d" />
    <TestEntry testId="28f7566a-9810-bcfe-c1c2-5fcfb197ba6d" executionId="54f622c2-e64a-4d86-a711-7b3792dc947e" testListId="8c84fa94-04c1-424b-9868-57a2d4851a1d" />
    <TestEntry testId="18e3bf83-b852-f57a-8be8-d3201868483f" executionId="f18a4e8a-d9a7-4a50-9a2f-d1dd943b3af4" testListId="8c84fa94-04c1-424b-9868-57a2d4851a1d" />
    <TestEntry testId="a927e0e6-cfb7-42b0-d7b8-248ae94ffe95" executionId="83479a9e-ab76-4076-baef-9b664f8a4a71" testListId="8c84fa94-04c1-424b-9868-57a2d4851a1d" />
    <TestEntry testId="7cd10470-c134-ff49-b160-52fb039d37a7" executionId="f42ba73d-53e0-49e7-8c19-64a147c19325" testListId="8c84fa94-04c1-424b-9868-57a2d4851a1d" />
    <TestEntry testId="2000ca48-da97-6fa3-733d-4dd9907e20f2" executionId="e26d9e1d-9078-47a6-9094-f64cb4cf4f46" testListId="8c84fa94-04c1-424b-9868-57a2d4851a1d" />
    <TestEntry testId="2eefcad6-faf7-7cc7-9c2f-dca48c77896c" executionId="45a6b47f-ae9f-4b84-b0cc-46a6db32973e" testListId="8c84fa94-04c1-424b-9868-57a2d4851a1d" />
  </TestEntries>
  <TestLists>
    <TestList name="Results Not in a List" id="8c84fa94-04c1-424b-9868-57a2d4851a1d" />
    <TestList name="All Loaded Results" id="19431567-8539-422a-85d7-44ee4e166bda" />
  </TestLists>
  <ResultSummary outcome="Completed">
    <Counters total="9" executed="9" passed="9" failed="0" error="0" timeout="0" aborted="0" inconclusive="0" passedButRunAborted="0" notRunnable="0" notExecuted="0" disconnected="0" warning="0" completed="0" inProgress="0" pending="0" />
  </ResultSummary>
</TestRun>