<?xml version="1.0" encoding="utf-8"?>
<TestRun id="5198bc5a-d83e-447a-8b19-02db7ee3d7c3" name="@sjc20-bb714-be9a9e78-8985-4d11-aa46-7f7cc3435662-86C6214C293B 2025-09-27 02:14:54" xmlns="http://microsoft.com/schemas/VisualStudio/TeamTest/2010">
  <Times creation="2025-09-27T02:14:54.6092590+00:00" queuing="2025-09-27T02:14:54.6092590+00:00" start="2025-09-27T02:14:53.6887850+00:00" finish="2025-09-27T02:14:54.6592330+00:00" />
  <TestSettings name="default" id="9721e8cd-c4f6-4b33-9c21-3b18981a210b">
    <Deployment runDeploymentRoot="_sjc20-bb714-be9a9e78-8985-4d11-aa46-7f7cc3435662-86C6214C293B_2025-09-27_02_14_54" />
  </TestSettings>
  <Results>
    <UnitTestResult executionId="03734e95-fd18-4b23-b54e-54ec1c03c1ed" testId="dfe29475-5c15-fd7c-5326-8c444cf55067" testName="TestInvalidHeight" computerName="sjc20-bb714-be9a9e78-8985-4d11-aa46-7f7cc3435662-86C6214C293B" duration="00:00:00.0000952" startTime="2025-09-27T02:14:54.5683300+00:00" endTime="2025-09-27T02:14:54.5688730+00:00" testType="13cdc9d9-ddb5-4fa4-a97d-d965ccfc6d4b" outcome="Passed" testListId="8c84fa94-04c1-424b-9868-57a2d4851a1d" relativeResultsDirectory="03734e95-fd18-4b23-b54e-54ec1c03c1ed" />
    <UnitTestResult executionId="69e8cb32-0799-4a82-9c84-cf49dc14cbd9" testId="c7425364-8484-0570-01de-9423c65e9d48" testName="TestWidthHeight (10,5,2,1)" computerName="sjc20-bb714-be9a9e78-8985-4d11-aa46-7f7cc3435662-86C6214C293B" duration="00:00:00.0002157" startTime="2025-09-27T02:14:54.5659340+00:00" endTime="2025-09-27T02:14:54.5662020+00:00" testType="13cdc9d9-ddb5-4fa4-a97d-d965ccfc6d4b" outcome="Passed" testListId="8c84fa94-04c1-424b-9868-57a2d4851a1d" relativeResultsDirectory="69e8cb32-0799-4a82-9c84-cf49dc14cbd9" />
    <UnitTestResult executionId="d28ea533-ff79-4ad0-b383-2c601004ee14" testId="f05589c3-1c84-a6ae-301a-447e9266e7ec" testName="TestWidthHeight (1,1,1,1)" computerName="sjc20-bb714-be9a9e78-8985-4d11-aa46-7f7cc3435662-86C6214C293B" duration="00:00:00.0000952" startTime="2025-09-27T02:14:54.5657310+00:00" endTime="2025-09-27T02:14:54.5659140+00:00" testType="13cdc9d9-ddb5-4fa4-a97d-d965ccfc6d4b" outcome="Passed" testListId="8c84fa94-04c1-424b-9868-57a2d4851a1d" relativeResultsDirectory="d28ea533-ff79-4ad0-b383-2c601004ee14" />
    <UnitTestResult executionId="cdda969c-e40e-4fc1-85d5-f6cda51da4b1" testId="7a356ec5-3a84-9858-a682-b6618b661294" testName="TestGrid ([null,(50, 100),(50, 100)],1,null,True,1,3,50,100,150,100)" computerName="sjc20-bb714-be9a9e78-8985-4d11-aa46-7f7cc3435662-86C6214C293B" duration="00:00:00.0001392" startTime="2025-09-27T02:14:54.5649510+00:00" endTime="2025-09-27T02:14:54.5656650+00:00" testType="13cdc9d9-ddb5-4fa4-a97d-d965ccfc6d4b" outcome="Passed" testListId="8c84fa94-04c1-424b-9868-57a2d4851a1d" relativeResultsDirectory="cdda969c-e40e-4fc1-85d5-f6cda51da4b1" />
    <UnitTestResult executionId="90fe5e59-6f3b-402f-8645-7662ef38e7c7" testId="93775079-4445-1e3a-7bc9-149b99667e42" testName="TestWidthHeight (5,10,1,2)" computerName="sjc20-bb714-be9a9e78-8985-4d11-aa46-7f7cc3435662-86C6214C293B" duration="00:00:00.0000026" startTime="2025-09-27T02:14:54.5662190+00:00" endTime="2025-09-27T02:14:54.5662480+00:00" testType="13cdc9d9-ddb5-4fa4-a97d-d965ccfc6d4b" outcome="Passed" testListId="8c84fa94-04c1-424b-9868-57a2d4851a1d" relativeResultsDirectory="90fe5e59-6f3b-402f-8645-7662ef38e7c7" />
    <UnitTestResult executionId="495034a4-25ef-4d8e-9a50-a7bb057ac9fa" testId="cf8785e3-514d-8dea-5e12-6140428c94c8" testName="TestGrid ([null,null,null,null,(50, 100)],null,null,True,3,3,50,100,150,300)" computerName="sjc20-bb714-be9a9e78-8985-4d11-aa46-7f7cc3435662-86C6214C293B" duration="00:00:00.0000288" startTime="2025-09-27T02:14:54.5425760+00:00" endTime="2025-09-27T02:14:54.5426470+00:00" testType="13cdc9d9-ddb5-4fa4-a97d-d965ccfc6d4b" outcome="Passed" testListId="8c84fa94-04c1-424b-9868-57a2d4851a1d" relativeResultsDirectory="495034a4-25ef-4d8e-9a50-a7bb057ac9fa" />
    <UnitTestResult executionId="3cb5543a-c1f5-4568-82fe-908b186cdf5d" testId="57a3604a-cdef-fe64-7ee8-fc38cbeacdc4" testName="TestGrid ([(50, 100),(50, 100),(50, 100),(50, 100),(50, 100)],null,null,True,3,3,50,100,150,300)" computerName="sjc20-bb714-be9a9e78-8985-4d11-aa46-7f7cc3435662-86C6214C293B" duration="00:00:00.0002248" startTime="2025-09-27T02:14:54.5416470+00:00" endTime="2025-09-27T02:14:54.5419290+00:00" testType="13cdc9d9-ddb5-4fa4-a97d-d965ccfc6d4b" outcome="Passed" testListId="8c84fa94-04c1-424b-9868-57a2d4851a1d" relativeResultsDirectory="3cb5543a-c1f5-4568-82fe-908b186cdf5d" />
    <UnitTestResult executionId="4fc19cef-ba05-4428-a603-fb316149c61d" testId="0b7b51e0-cc89-12c3-1047-6e5048d835c9" testName="TestGrid ([(50, 100),(50, 100),(100, 50)],null,null,True,2,2,50,100,100,200)" computerName="sjc20-bb714-be9a9e78-8985-4d11-aa46-7f7cc3435662-86C6214C293B" duration="00:00:00.0005192" startTime="2025-09-27T02:14:54.5399410+00:00" endTime="2025-09-27T02:14:54.5408120+00:00" testType="13cdc9d9-ddb5-4fa4-a97d-d965ccfc6d4b" outcome="Passed" testListId="8c84fa94-04c1-424b-9868-57a2d4851a1d" relativeResultsDirectory="4fc19cef-ba05-4428-a603-fb316149c61d" />
    <UnitTestResult executionId="34c88bca-12fb-4bf5-9e7c-b6e678a3a60f" testId="87aff5fd-3d66-8fb8-d6ad-1c85228f9012" testName="TestGrid ([(50, 100),(50, 100),(50, 100),(50, 100),(50, 100)],2,null,True,2,3,50,100,150,200)" computerName="sjc20-bb714-be9a9e78-8985-4d11-aa46-7f7cc3435662-86C6214C293B" duration="00:00:00.0001355" startTime="2025-09-27T02:14:54.5420200+00:00" endTime="2025-09-27T02:14:54.5422020+00:00" testType="13cdc9d9-ddb5-4fa4-a97d-d965ccfc6d4b" outcome="Passed" testListId="8c84fa94-04c1-424b-9868-57a2d4851a1d" relativeResultsDirectory="34c88bca-12fb-4bf5-9e7c-b6e678a3a60f" />
    <UnitTestResult executionId="e8976082-8c4e-4d2a-8382-2a20604d4544" testId="1ab1b195-88a3-0321-d70a-3b31f3751420" testName="TestInvalidWidth" computerName="sjc20-bb714-be9a9e78-8985-4d11-aa46-7f7cc3435662-86C6214C293B" duration="00:00:00.0008203" startTime="2025-09-27T02:14:54.5662600+00:00" endTime="2025-09-27T02:14:54.5682780+00:00" testType="13cdc9d9-ddb5-4fa4-a97d-d965ccfc6d4b" outcome="Passed" testListId="8c84fa94-04c1-424b-9868-57a2d4851a1d" relativeResultsDirectory="e8976082-8c4e-4d2a-8382-2a20604d4544" />
    <UnitTestResult executionId="6a4fc0a6-4730-4ea7-a4c9-3e1bd2f44921" testId="3fcd9612-0f06-7b9c-12d3-2abb9046fbd3" testName="TestGrid ([(50, 100),(100, 50),(100, 50)],null,null,True,2,2,100,50,200,100)" computerName="sjc20-bb714-be9a9e78-8985-4d11-aa46-7f7cc3435662-86C6214C293B" duration="00:00:00.0000920" startTime="2025-09-27T02:14:54.5410470+00:00" endTime="2025-09-27T02:14:54.5412210+00:00" testType="13cdc9d9-ddb5-4fa4-a97d-d965ccfc6d4b" outcome="Passed" testListId="8c84fa94-04c1-424b-9868-57a2d4851a1d" relativeResultsDirectory="6a4fc0a6-4730-4ea7-a4c9-3e1bd2f44921" />
    <UnitTestResult executionId="a8247080-1e53-43ea-9316-3bd4fff6fe88" testId="ca8196de-7878-f17d-bea7-cffcdf83710a" testName="TestGrid ([(50, 100),(50, 100),(50, 100)],null,null,True,2,2,50,100,100,200)" computerName="sjc20-bb714-be9a9e78-8985-4d11-aa46-7f7cc3435662-86C6214C293B" duration="00:00:00.1367590" startTime="2025-09-27T02:14:54.3808160+00:00" endTime="2025-09-27T02:14:54.5297950+00:00" testType="13cdc9d9-ddb5-4fa4-a97d-d965ccfc6d4b" outcome="Passed" testListId="8c84fa94-04c1-424b-9868-57a2d4851a1d" relativeResultsDirectory="a8247080-1e53-43ea-9316-3bd4fff6fe88" />
    <UnitTestResult executionId="c590d35a-949f-417b-b4be-7a624879b1f4" testId="963607af-3659-54b4-b8b0-8e932d52b380" testName="TestGrid ([(50, 100),(50, 100),(50, 100),(50, 100),(50, 100)],null,2,True,3,2,50,100,100,300)" computerName="sjc20-bb714-be9a9e78-8985-4d11-aa46-7f7cc3435662-86C6214C293B" duration="00:00:00.0001089" startTime="2025-09-27T02:14:54.5422220+00:00" endTime="2025-09-27T02:14:54.5423830+00:00" testType="13cdc9d9-ddb5-4fa4-a97d-d965ccfc6d4b" outcome="Passed" testListId="8c84fa94-04c1-424b-9868-57a2d4851a1d" relativeResultsDirectory="c590d35a-949f-417b-b4be-7a624879b1f4" />
    <UnitTestResult executionId="babb0559-75e1-45bb-adfb-1bbca6ec9052" testId="029854dc-f0bd-f878-58d8-d92151ec4155" testName="TestGrid ([(50, 100),(50, 100),(50, 100)],null,null,False,2,2,25,50,50,100)" computerName="sjc20-bb714-be9a9e78-8985-4d11-aa46-7f7cc3435662-86C6214C293B" duration="00:00:00.0002638" startTime="2025-09-27T02:14:54.5412530+00:00" endTime="2025-09-27T02:14:54.5416220+00:00" testType="13cdc9d9-ddb5-4fa4-a97d-d965ccfc6d4b" outcome="Passed" testListId="8c84fa94-04c1-424b-9868-57a2d4851a1d" relativeResultsDirectory="babb0559-75e1-45bb-adfb-1bbca6ec9052" />
    <UnitTestResult executionId="f2a1a4e6-ba17-46e4-af79-0af2d1d8b40a" testId="963607af-3659-54b4-b8b0-8e932d52b380" testName="TestGrid ([(50, 100),(50, 100),(50, 100),(50, 100),(50, 100)],null,2,True,3,2,50,100,100,300)" computerName="sjc20-bb714-be9a9e78-8985-4d11-aa46-7f7cc3435662-86C6214C293B" duration="00:00:00.0001002" startTime="2025-09-27T02:14:54.5424020+00:00" endTime="2025-09-27T02:14:54.5425590+00:00" testType="13cdc9d9-ddb5-4fa4-a97d-d965ccfc6d4b" outcome="Passed" testListId="8c84fa94-04c1-424b-9868-57a2d4851a1d" relativeResultsDirectory="f2a1a4e6-ba17-46e4-af79-0af2d1d8b40a" />
  </Results>
  <TestDefinitions>
    <UnitTest name="TestWidthHeight (5,10,1,2)" storage="/users/runner/work/dotnet-monorepo/dotnet-monorepo/src/artifacts/bin/images.tests/release_osx-arm64/images.tests.dll" id="93775079-4445-1e3a-7bc9-149b99667e42">
      <Execution id="90fe5e59-6f3b-402f-8645-7662ef38e7c7" />
      <TestMethod codeBase="/Users/runner/work/dotnet-monorepo/dotnet-monorepo/src/artifacts/bin/Images.Tests/release_osx-arm64/Images.Tests.dll" adapterTypeName="executor://mstestadapter/v2" className="Images.Tests.SizeTests" name="TestWidthHeight" />
    </UnitTest>
    <UnitTest name="TestWidthHeight (10,5,2,1)" storage="/users/runner/work/dotnet-monorepo/dotnet-monorepo/src/artifacts/bin/images.tests/release_osx-arm64/images.tests.dll" id="c7425364-8484-0570-01de-9423c65e9d48">
      <Execution id="69e8cb32-0799-4a82-9c84-cf49dc14cbd9" />
      <TestMethod codeBase="/Users/runner/work/dotnet-monorepo/dotnet-monorepo/src/artifacts/bin/Images.Tests/release_osx-arm64/Images.Tests.dll" adapterTypeName="executor://mstestadapter/v2" className="Images.Tests.SizeTests" name="TestWidthHeight" />
    </UnitTest>
    <UnitTest name="TestGrid ([(50, 100),(50, 100),(50, 100),(50, 100),(50, 100)],null,null,True,3,3,50,100,150,300)" storage="/users/runner/work/dotnet-monorepo/dotnet-monorepo/src/artifacts/bin/images.tests/release_osx-arm64/images.tests.dll" id="57a3604a-cdef-fe64-7ee8-fc38cbeacdc4">
      <Execution id="3cb5543a-c1f5-4568-82fe-908b186cdf5d" />
      <TestMethod codeBase="/Users/runner/work/dotnet-monorepo/dotnet-monorepo/src/artifacts/bin/Images.Tests/release_osx-arm64/Images.Tests.dll" adapterTypeName="executor://mstestadapter/v2" className="Images.Tests.GridTests" name="TestGrid" />
    </UnitTest>
    <UnitTest name="TestGrid ([(50, 100),(100, 50),(100, 50)],null,null,True,2,2,100,50,200,100)" storage="/users/runner/work/dotnet-monorepo/dotnet-monorepo/src/artifacts/bin/images.tests/release_osx-arm64/images.tests.dll" id="3fcd9612-0f06-7b9c-12d3-2abb9046fbd3">
      <Execution id="6a4fc0a6-4730-4ea7-a4c9-3e1bd2f44921" />
      <TestMethod codeBase="/Users/runner/work/dotnet-monorepo/dotnet-monorepo/src/artifacts/bin/Images.Tests/release_osx-arm64/Images.Tests.dll" adapterTypeName="executor://mstestadapter/v2" className="Images.Tests.GridTests" name="TestGrid" />
    </UnitTest>
    <UnitTest name="TestGrid ([null,null,null,null,(50, 100)],null,null,True,3,3,50,100,150,300)" storage="/users/runner/work/dotnet-monorepo/dotnet-monorepo/src/artifacts/bin/images.tests/release_osx-arm64/images.tests.dll" id="cf8785e3-514d-8dea-5e12-6140428c94c8">
      <Execution id="495034a4-25ef-4d8e-9a50-a7bb057ac9fa" />
      <TestMethod codeBase="/Users/runner/work/dotnet-monorepo/dotnet-monorepo/src/artifacts/bin/Images.Tests/release_osx-arm64/Images.Tests.dll" adapterTypeName="executor://mstestadapter/v2" className="Images.Tests.GridTests" name="TestGrid" />
    </UnitTest>
    <UnitTest name="TestInvalidWidth" storage="/users/runner/work/dotnet-monorepo/dotnet-monorepo/src/artifacts/bin/images.tests/release_osx-arm64/images.tests.dll" id="1ab1b195-88a3-0321-d70a-3b31f3751420">
      <Execution id="e8976082-8c4e-4d2a-8382-2a20604d4544" />
      <TestMethod codeBase="/Users/runner/work/dotnet-monorepo/dotnet-monorepo/src/artifacts/bin/Images.Tests/release_osx-arm64/Images.Tests.dll" adapterTypeName="executor://mstestadapter/v2" className="Images.Tests.SizeTests" name="TestInvalidWidth" />
    </UnitTest>
    <UnitTest name="TestGrid ([(50, 100),(50, 100),(50, 100)],null,null,True,2,2,50,100,100,200)" storage="/users/runner/work/dotnet-monorepo/dotnet-monorepo/src/artifacts/bin/images.tests/release_osx-arm64/images.tests.dll" id="ca8196de-7878-f17d-bea7-cffcdf83710a">
      <Execution id="a8247080-1e53-43ea-9316-3bd4fff6fe88" />
      <TestMethod codeBase="/Users/runner/work/dotnet-monorepo/dotnet-monorepo/src/artifacts/bin/Images.Tests/release_osx-arm64/Images.Tests.dll" adapterTypeName="executor://mstestadapter/v2" className="Images.Tests.GridTests" name="TestGrid" />
    </UnitTest>
    <UnitTest name="TestGrid ([(50, 100),(50, 100),(50, 100),(50, 100),(50, 100)],null,2,True,3,2,50,100,100,300)" storage="/users/runner/work/dotnet-monorepo/dotnet-monorepo/src/artifacts/bin/images.tests/release_osx-arm64/images.tests.dll" id="963607af-3659-54b4-b8b0-8e932d52b380">
      <Execution id="c590d35a-949f-417b-b4be-7a624879b1f4" />
      <TestMethod codeBase="/Users/runner/work/dotnet-monorepo/dotnet-monorepo/src/artifacts/bin/Images.Tests/release_osx-arm64/Images.Tests.dll" adapterTypeName="executor://mstestadapter/v2" className="Images.Tests.GridTests" name="TestGrid" />
    </UnitTest>
    <UnitTest name="TestInvalidHeight" storage="/users/runner/work/dotnet-monorepo/dotnet-monorepo/src/artifacts/bin/images.tests/release_osx-arm64/images.tests.dll" id="dfe29475-5c15-fd7c-5326-8c444cf55067">
      <Execution id="03734e95-fd18-4b23-b54e-54ec1c03c1ed" />
      <TestMethod codeBase="/Users/runner/work/dotnet-monorepo/dotnet-monorepo/src/artifacts/bin/Images.Tests/release_osx-arm64/Images.Tests.dll" adapterTypeName="executor://mstestadapter/v2" className="Images.Tests.SizeTests" name="TestInvalidHeight" />
    </UnitTest>
    <UnitTest name="TestWidthHeight (1,1,1,1)" storage="/users/runner/work/dotnet-monorepo/dotnet-monorepo/src/artifacts/bin/images.tests/release_osx-arm64/images.tests.dll" id="f05589c3-1c84-a6ae-301a-447e9266e7ec">
      <Execution id="d28ea533-ff79-4ad0-b383-2c601004ee14" />
      <TestMethod codeBase="/Users/runner/work/dotnet-monorepo/dotnet-monorepo/src/artifacts/bin/Images.Tests/release_osx-arm64/Images.Tests.dll" adapterTypeName="executor://mstestadapter/v2" className="Images.Tests.SizeTests" name="TestWidthHeight" />
    </UnitTest>
    <UnitTest name="TestGrid ([(50, 100),(50, 100),(50, 100),(50, 100),(50, 100)],2,null,True,2,3,50,100,150,200)" storage="/users/runner/work/dotnet-monorepo/dotnet-monorepo/src/artifacts/bin/images.tests/release_osx-arm64/images.tests.dll" id="87aff5fd-3d66-8fb8-d6ad-1c85228f9012">
      <Execution id="34c88bca-12fb-4bf5-9e7c-b6e678a3a60f" />
      <TestMethod codeBase="/Users/runner/work/dotnet-monorepo/dotnet-monorepo/src/artifacts/bin/Images.Tests/release_osx-arm64/Images.Tests.dll" adapterTypeName="executor://mstestadapter/v2" className="Images.Tests.GridTests" name="TestGrid" />
    </UnitTest>
    <UnitTest name="TestGrid ([(50, 100),(50, 100),(50, 100)],null,null,False,2,2,25,50,50,100)" storage="/users/runner/work/dotnet-monorepo/dotnet-monorepo/src/artifacts/bin/images.tests/release_osx-arm64/images.tests.dll" id="029854dc-f0bd-f878-58d8-d92151ec4155">
      <Execution id="babb0559-75e1-45bb-adfb-1bbca6ec9052" />
      <TestMethod codeBase="/Users/runner/work/dotnet-monorepo/dotnet-monorepo/src/artifacts/bin/Images.Tests/release_osx-arm64/Images.Tests.dll" adapterTypeName="executor://mstestadapter/v2" className="Images.Tests.GridTests" name="TestGrid" />
    </UnitTest>
    <UnitTest name="TestGrid ([null,(50, 100),(50, 100)],1,null,True,1,3,50,100,150,100)" storage="/users/runner/work/dotnet-monorepo/dotnet-monorepo/src/artifacts/bin/images.tests/release_osx-arm64/images.tests.dll" id="7a356ec5-3a84-9858-a682-b6618b661294">
      <Execution id="cdda969c-e40e-4fc1-85d5-f6cda51da4b1" />
      <TestMethod codeBase="/Users/runner/work/dotnet-monorepo/dotnet-monorepo/src/artifacts/bin/Images.Tests/release_osx-arm64/Images.Tests.dll" adapterTypeName="executor://mstestadapter/v2" className="Images.Tests.GridTests" name="TestGrid" />
    </UnitTest>
    <UnitTest name="TestGrid ([(50, 100),(50, 100),(100, 50)],null,null,True,2,2,50,100,100,200)" storage="/users/runner/work/dotnet-monorepo/dotnet-monorepo/src/artifacts/bin/images.tests/release_osx-arm64/images.tests.dll" id="0b7b51e0-cc89-12c3-1047-6e5048d835c9">
      <Execution id="4fc19cef-ba05-4428-a603-fb316149c61d" />
      <TestMethod codeBase="/Users/runner/work/dotnet-monorepo/dotnet-monorepo/src/artifacts/bin/Images.Tests/release_osx-arm64/Images.Tests.dll" adapterTypeName="executor://mstestadapter/v2" className="Images.Tests.GridTests" name="TestGrid" />
    </UnitTest>
  </TestDefinitions>
  <TestEntries>
    <TestEntry testId="dfe29475-5c15-fd7c-5326-8c444cf55067" executionId="03734e95-fd18-4b23-b54e-54ec1c03c1ed" testListId="8c84fa94-04c1-424b-9868-57a2d4851a1d" />
    <TestEntry testId="c7425364-8484-0570-01de-9423c65e9d48" executionId="69e8cb32-0799-4a82-9c84-cf49dc14cbd9" testListId="8c84fa94-04c1-424b-9868-57a2d4851a1d" />
    <TestEntry testId="f05589c3-1c84-a6ae-301a-447e9266e7ec" executionId="d28ea533-ff79-4ad0-b383-2c601004ee14" testListId="8c84fa94-04c1-424b-9868-57a2d4851a1d" />
    <TestEntry testId="7a356ec5-3a84-9858-a682-b6618b661294" executionId="cdda969c-e40e-4fc1-85d5-f6cda51da4b1" testListId="8c84fa94-04c1-424b-9868-57a2d4851a1d" />
    <TestEntry testId="93775079-4445-1e3a-7bc9-149b99667e42" executionId="90fe5e59-6f3b-402f-8645-7662ef38e7c7" testListId="8c84fa94-04c1-424b-9868-57a2d4851a1d" />
    <TestEntry testId="cf8785e3-514d-8dea-5e12-6140428c94c8" executionId="495034a4-25ef-4d8e-9a50-a7bb057ac9fa" testListId="8c84fa94-04c1-424b-9868-57a2d4851a1d" />
    <TestEntry testId="57a3604a-cdef-fe64-7ee8-fc38cbeacdc4" executionId="3cb5543a-c1f5-4568-82fe-908b186cdf5d" testListId="8c84fa94-04c1-424b-9868-57a2d4851a1d" />
    <TestEntry testId="0b7b51e0-cc89-12c3-1047-6e5048d835c9" executionId="4fc19cef-ba05-4428-a603-fb316149c61d" testListId="8c84fa94-04c1-424b-9868-57a2d4851a1d" />
    <TestEntry testId="87aff5fd-3d66-8fb8-d6ad-1c85228f9012" executionId="34c88bca-12fb-4bf5-9e7c-b6e678a3a60f" testListId="8c84fa94-04c1-424b-9868-57a2d4851a1d" />
    <TestEntry testId="1ab1b195-88a3-0321-d70a-3b31f3751420" executionId="e8976082-8c4e-4d2a-8382-2a20604d4544" testListId="8c84fa94-04c1-424b-9868-57a2d4851a1d" />
    <TestEntry testId="3fcd9612-0f06-7b9c-12d3-2abb9046fbd3" executionId="6a4fc0a6-4730-4ea7-a4c9-3e1bd2f44921" testListId="8c84fa94-04c1-424b-9868-57a2d4851a1d" />
    <TestEntry testId="ca8196de-7878-f17d-bea7-cffcdf83710a" executionId="a8247080-1e53-43ea-9316-3bd4fff6fe88" testListId="8c84fa94-04c1-424b-9868-57a2d4851a1d" />
    <TestEntry testId="963607af-3659-54b4-b8b0-8e932d52b380" executionId="c590d35a-949f-417b-b4be-7a624879b1f4" testListId="8c84fa94-04c1-424b-9868-57a2d4851a1d" />
    <TestEntry testId="029854dc-f0bd-f878-58d8-d92151ec4155" executionId="babb0559-75e1-45bb-adfb-1bbca6ec9052" testListId="8c84fa94-04c1-424b-9868-57a2d4851a1d" />
    <TestEntry testId="963607af-3659-54b4-b8b0-8e932d52b380" executionId="f2a1a4e6-ba17-46e4-af79-0af2d1d8b40a" testListId="8c84fa94-04c1-424b-9868-57a2d4851a1d" />
  </TestEntries>
  <TestLists>
    <TestList name="Results Not in a List" id="8c84fa94-04c1-424b-9868-57a2d4851a1d" />
    <TestList name="All Loaded Results" id="19431567-8539-422a-85d7-44ee4e166bda" />
  </TestLists>
  <ResultSummary outcome="Completed">
    <Counters total="15" executed="15" passed="15" failed="0" error="0" timeout="0" aborted="0" inconclusive="0" passedButRunAborted="0" notRunnable="0" notExecuted="0" disconnected="0" warning="0" completed="0" inProgress="0" pending="0" />
  </ResultSummary>
</TestRun>