<?xml version="1.0" encoding="utf-8"?>
<TestRun id="40d44631-f430-429e-9678-9f2e2dbb3ea3" name="@runnervm3ublj 2025-09-27 02:14:49" xmlns="http://microsoft.com/schemas/VisualStudio/TeamTest/2010">
  <Times creation="2025-09-27T02:14:49.4461825+00:00" queuing="2025-09-27T02:14:49.4461826+00:00" start="2025-09-27T02:14:48.8184147+00:00" finish="2025-09-27T02:14:49.4808304+00:00" />
  <TestSettings name="default" id="c6e5812c-5407-40d7-a8d7-0b85ee7d6277">
    <Deployment runDeploymentRoot="_runnervm3ublj_2025-09-27_02_14_49" />
  </TestSettings>
  <Results>
    <UnitTestResult executionId="b6b524d8-ce46-4bd1-adc8-f33d72fa196b" testId="963607af-3659-54b4-b8b0-8e932d52b380" testName="TestGrid ([(50, 100),(50, 100),(50, 100),(50, 100),(50, 100)],null,2,True,3,2,50,100,100,300)" computerName="runnervm3ublj" duration="00:00:00.0002030" startTime="2025-09-27T02:14:49.3585815+00:00" endTime="2025-09-27T02:14:49.3588706+00:00" testType="13cdc9d9-ddb5-4fa4-a97d-d965ccfc6d4b" outcome="Passed" testListId="8c84fa94-04c1-424b-9868-57a2d4851a1d" relativeResultsDirectory="b6b524d8-ce46-4bd1-adc8-f33d72fa196b" />
    <UnitTestResult executionId="e2e16035-53c9-4f78-a5fb-f181f3a49df9" testId="0b7b51e0-cc89-12c3-1047-6e5048d835c9" testName="TestGrid ([(50, 100),(50, 100),(100, 50)],null,null,True,2,2,50,100,100,200)" computerName="runnervm3ublj" duration="00:00:00.0005494" startTime="2025-09-27T02:14:49.3556165+00:00" endTime="2025-09-27T02:14:49.3566255+00:00" testType="13cdc9d9-ddb5-4fa4-a97d-d965ccfc6d4b" outcome="Passed" testListId="8c84fa94-04c1-424b-9868-57a2d4851a1d" relativeResultsDirectory="e2e16035-53c9-4f78-a5fb-f181f3a49df9" />
    <UnitTestResult executionId="8ea0428c-784a-43b0-b39b-e2096c671e22" testId="029854dc-f0bd-f878-58d8-d92151ec4155" testName="TestGrid ([(50, 100),(50, 100),(50, 100)],null,null,False,2,2,25,50,50,100)" computerName="runnervm3ublj" duration="00:00:00.0003188" startTime="2025-09-27T02:14:49.3571719+00:00" endTime="2025-09-27T02:14:49.3575749+00:00" testType="13cdc9d9-ddb5-4fa4-a97d-d965ccfc6d4b" outcome="Passed" testListId="8c84fa94-04c1-424b-9868-57a2d4851a1d" relativeResultsDirectory="8ea0428c-784a-43b0-b39b-e2096c671e22" />
    <UnitTestResult executionId="6da22690-1fd6-4e19-ae90-728b0bf42609" testId="1ab1b195-88a3-0321-d70a-3b31f3751420" testName="TestInvalidWidth" computerName="runnervm3ublj" duration="00:00:00.0017175" startTime="2025-09-27T02:14:49.3946251+00:00" endTime="2025-09-27T02:14:49.3986387+00:00" testType="13cdc9d9-ddb5-4fa4-a97d-d965ccfc6d4b" outcome="Passed" testListId="8c84fa94-04c1-424b-9868-57a2d4851a1d" relativeResultsDirectory="6da22690-1fd6-4e19-ae90-728b0bf42609" />
    <UnitTestResult executionId="e796d901-6415-4525-a6eb-24cfe862f724" testId="cf8785e3-514d-8dea-5e12-6140428c94c8" testName="TestGrid ([null,null,null,null,(50, 100)],null,null,True,3,3,50,100,150,300)" computerName="runnervm3ublj" duration="00:00:00.0000785" startTime="2025-09-27T02:14:49.3589004+00:00" endTime="2025-09-27T02:14:49.3590506+00:00" testType="13cdc9d9-ddb5-4fa4-a97d-d965ccfc6d4b" outcome="Passed" testListId="8c84fa94-04c1-424b-9868-57a2d4851a1d" relativeResultsDirectory="e796d901-6415-4525-a6eb-24cfe862f724" />
    <UnitTestResult executionId="3c5a469d-eb8d-45a3-877b-647e11b825c8" testId="ca8196de-7878-f17d-bea7-cffcdf83710a" testName="TestGrid ([(50, 100),(50, 100),(50, 100)],null,null,True,2,2,50,100,100,200)" computerName="runnervm3ublj" duration="00:00:00.0800090" startTime="2025-09-27T02:14:49.2568393+00:00" endTime="2025-09-27T02:14:49.3516627+00:00" testType="13cdc9d9-ddb5-4fa4-a97d-d965ccfc6d4b" outcome="Passed" testListId="8c84fa94-04c1-424b-9868-57a2d4851a1d" relativeResultsDirectory="3c5a469d-eb8d-45a3-877b-647e11b825c8" />
    <UnitTestResult executionId="4337da80-f83c-4d5b-8f05-f412ea30844c" testId="93775079-4445-1e3a-7bc9-149b99667e42" testName="TestWidthHeight (5,10,1,2)" computerName="runnervm3ublj" duration="00:00:00.0000147" startTime="2025-09-27T02:14:49.3945038+00:00" endTime="2025-09-27T02:14:49.3945969+00:00" testType="13cdc9d9-ddb5-4fa4-a97d-d965ccfc6d4b" outcome="Passed" testListId="8c84fa94-04c1-424b-9868-57a2d4851a1d" relativeResultsDirectory="4337da80-f83c-4d5b-8f05-f412ea30844c" />
    <UnitTestResult executionId="696e33b8-594b-4abc-bebd-69dc5554232e" testId="c7425364-8484-0570-01de-9423c65e9d48" testName="TestWidthHeight (10,5,2,1)" computerName="runnervm3ublj" duration="00:00:00.0003353" startTime="2025-09-27T02:14:49.3940311+00:00" endTime="2025-09-27T02:14:49.3944690+00:00" testType="13cdc9d9-ddb5-4fa4-a97d-d965ccfc6d4b" outcome="Passed" testListId="8c84fa94-04c1-424b-9868-57a2d4851a1d" relativeResultsDirectory="696e33b8-594b-4abc-bebd-69dc5554232e" />
    <UnitTestResult executionId="a35abed5-b487-4ab2-8422-8221c1a5121f" testId="f05589c3-1c84-a6ae-301a-447e9266e7ec" testName="TestWidthHeight (1,1,1,1)" computerName="runnervm3ublj" duration="00:00:00.0001479" startTime="2025-09-27T02:14:49.3937040+00:00" endTime="2025-09-27T02:14:49.3939972+00:00" testType="13cdc9d9-ddb5-4fa4-a97d-d965ccfc6d4b" outcome="Passed" testListId="8c84fa94-04c1-424b-9868-57a2d4851a1d" relativeResultsDirectory="a35abed5-b487-4ab2-8422-8221c1a5121f" />
    <UnitTestResult executionId="35b585a3-4d02-4cd0-bde7-90d4de009df5" testId="87aff5fd-3d66-8fb8-d6ad-1c85228f9012" testName="TestGrid ([(50, 100),(50, 100),(50, 100),(50, 100),(50, 100)],2,null,True,2,3,50,100,150,200)" computerName="runnervm3ublj" duration="00:00:00.0002418" startTime="2025-09-27T02:14:49.3579320+00:00" endTime="2025-09-27T02:14:49.3582481+00:00" testType="13cdc9d9-ddb5-4fa4-a97d-d965ccfc6d4b" outcome="Passed" testListId="8c84fa94-04c1-424b-9868-57a2d4851a1d" relativeResultsDirectory="35b585a3-4d02-4cd0-bde7-90d4de009df5" />
    <UnitTestResult executionId="5f4612c1-8089-4da2-9e9a-42ae4d3a2565" testId="dfe29475-5c15-fd7c-5326-8c444cf55067" testName="TestInvalidHeight" computerName="runnervm3ublj" duration="00:00:00.0001976" startTime="2025-09-27T02:14:49.3986743+00:00" endTime="2025-09-27T02:14:49.4001327+00:00" testType="13cdc9d9-ddb5-4fa4-a97d-d965ccfc6d4b" outcome="Passed" testListId="8c84fa94-04c1-424b-9868-57a2d4851a1d" relativeResultsDirectory="5f4612c1-8089-4da2-9e9a-42ae4d3a2565" />
    <UnitTestResult executionId="2d0cc5f3-225a-4293-ade8-94519643bdbe" testId="57a3604a-cdef-fe64-7ee8-fc38cbeacdc4" testName="TestGrid ([(50, 100),(50, 100),(50, 100),(50, 100),(50, 100)],null,null,True,3,3,50,100,150,300)" computerName="runnervm3ublj" duration="00:00:00.0002130" startTime="2025-09-27T02:14:49.3576084+00:00" endTime="2025-09-27T02:14:49.3579012+00:00" testType="13cdc9d9-ddb5-4fa4-a97d-d965ccfc6d4b" outcome="Passed" testListId="8c84fa94-04c1-424b-9868-57a2d4851a1d" relativeResultsDirectory="2d0cc5f3-225a-4293-ade8-94519643bdbe" />
    <UnitTestResult executionId="625f8b86-d86d-43a9-9ef4-bc02089b3313" testId="7a356ec5-3a84-9858-a682-b6618b661294" testName="TestGrid ([null,(50, 100),(50, 100)],1,null,True,1,3,50,100,150,100)" computerName="runnervm3ublj" duration="00:00:00.0001840" startTime="2025-09-27T02:14:49.3926915+00:00" endTime="2025-09-27T02:14:49.3936503+00:00" testType="13cdc9d9-ddb5-4fa4-a97d-d965ccfc6d4b" outcome="Passed" testListId="8c84fa94-04c1-424b-9868-57a2d4851a1d" relativeResultsDirectory="625f8b86-d86d-43a9-9ef4-bc02089b3313" />
    <UnitTestResult executionId="ad3ee18d-cec2-4cd2-9b3d-6b422e8409de" testId="3fcd9612-0f06-7b9c-12d3-2abb9046fbd3" testName="TestGrid ([(50, 100),(100, 50),(100, 50)],null,null,True,2,2,100,50,200,100)" computerName="runnervm3ublj" duration="00:00:00.0001766" startTime="2025-09-27T02:14:49.3568719+00:00" endTime="2025-09-27T02:14:49.3571455+00:00" testType="13cdc9d9-ddb5-4fa4-a97d-d965ccfc6d4b" outcome="Passed" testListId="8c84fa94-04c1-424b-9868-57a2d4851a1d" relativeResultsDirectory="ad3ee18d-cec2-4cd2-9b3d-6b422e8409de" />
    <UnitTestResult executionId="67a54a1a-05d0-4fab-83ac-aea7bf2f4fc6" testId="963607af-3659-54b4-b8b0-8e932d52b380" testName="TestGrid ([(50, 100),(50, 100),(50, 100),(50, 100),(50, 100)],null,2,True,3,2,50,100,100,300)" computerName="runnervm3ublj" duration="00:00:00.0001995" startTime="2025-09-27T02:14:49.3582781+00:00" endTime="2025-09-27T02:14:49.3585517+00:00" testType="13cdc9d9-ddb5-4fa4-a97d-d965ccfc6d4b" outcome="Passed" testListId="8c84fa94-04c1-424b-9868-57a2d4851a1d" relativeResultsDirectory="67a54a1a-05d0-4fab-83ac-aea7bf2f4fc6" />
  </Results>
  <TestDefinitions>
    <UnitTest name="TestWidthHeight (5,10,1,2)" storage="/home/runner/work/dotnet-monorepo/dotnet-monorepo/src/artifacts/bin/images.tests/release_linux-x64/images.tests.dll" id="93775079-4445-1e3a-7bc9-149b99667e42">
      <Execution id="4337da80-f83c-4d5b-8f05-f412ea30844c" />
      <TestMethod codeBase="/home/runner/work/dotnet-monorepo/dotnet-monorepo/src/artifacts/bin/Images.Tests/release_linux-x64/Images.Tests.dll" adapterTypeName="executor://mstestadapter/v2" className="Images.Tests.SizeTests" name="TestWidthHeight" />
    </UnitTest>
    <UnitTest name="TestWidthHeight (10,5,2,1)" storage="/home/runner/work/dotnet-monorepo/dotnet-monorepo/src/artifacts/bin/images.tests/release_linux-x64/images.tests.dll" id="c7425364-8484-0570-01de-9423c65e9d48">
      <Execution id="696e33b8-594b-4abc-bebd-69dc5554232e" />
      <TestMethod codeBase="/home/runner/work/dotnet-monorepo/dotnet-monorepo/src/artifacts/bin/Images.Tests/release_linux-x64/Images.Tests.dll" adapterTypeName="executor://mstestadapter/v2" className="Images.Tests.SizeTests" name="TestWidthHeight" />
    </UnitTest>
    <UnitTest name="TestGrid ([(50, 100),(50, 100),(50, 100),(50, 100),(50, 100)],null,null,True,3,3,50,100,150,300)" storage="/home/runner/work/dotnet-monorepo/dotnet-monorepo/src/artifacts/bin/images.tests/release_linux-x64/images.tests.dll" id="57a3604a-cdef-fe64-7ee8-fc38cbeacdc4">
      <Execution id="2d0cc5f3-225a-4293-ade8-94519643bdbe" />
      <TestMethod codeBase="/home/runner/work/dotnet-monorepo/dotnet-monorepo/src/artifacts/bin/Images.Tests/release_linux-x64/Images.Tests.dll" adapterTypeName="executor://mstestadapter/v2" className="Images.Tests.GridTests" name="TestGrid" />
    </UnitTest>
    <UnitTest name="TestGrid ([(50, 100),(100, 50),(100, 50)],null,null,True,2,2,100,50,200,100)" storage="/home/runner/work/dotnet-monorepo/dotnet-monorepo/src/artifacts/bin/images.tests/release_linux-x64/images.tests.dll" id="3fcd9612-0f06-7b9c-12d3-2abb9046fbd3">
      <Execution id="ad3ee18d-cec2-4cd2-9b3d-6b422e8409de" />
      <TestMethod codeBase="/home/runner/work/dotnet-monorepo/dotnet-monorepo/src/artifacts/bin/Images.Tests/release_linux-x64/Images.Tests.dll" adapterTypeName="executor://mstestadapter/v2" className="Images.Tests.GridTests" name="TestGrid" />
    </UnitTest>
    <UnitTest name="TestGrid ([null,null,null,null,(50, 100)],null,null,True,3,3,50,100,150,300)" storage="/home/runner/work/dotnet-monorepo/dotnet-monorepo/src/artifacts/bin/images.tests/release_linux-x64/images.tests.dll" id="cf8785e3-514d-8dea-5e12-6140428c94c8">
      <Execution id="e796d901-6415-4525-a6eb-24cfe862f724" />
      <TestMethod codeBase="/home/runner/work/dotnet-monorepo/dotnet-monorepo/src/artifacts/bin/Images.Tests/release_linux-x64/Images.Tests.dll" adapterTypeName="executor://mstestadapter/v2" className="Images.Tests.GridTests" name="TestGrid" />
    </UnitTest>
    <UnitTest name="TestInvalidWidth" storage="/home/runner/work/dotnet-monorepo/dotnet-monorepo/src/artifacts/bin/images.tests/release_linux-x64/images.tests.dll" id="1ab1b195-88a3-0321-d70a-3b31f3751420">
      <Execution id="6da22690-1fd6-4e19-ae90-728b0bf42609" />
      <TestMethod codeBase="/home/runner/work/dotnet-monorepo/dotnet-monorepo/src/artifacts/bin/Images.Tests/release_linux-x64/Images.Tests.dll" adapterTypeName="executor://mstestadapter/v2" className="Images.Tests.SizeTests" name="TestInvalidWidth" />
    </UnitTest>
    <UnitTest name="TestGrid ([(50, 100),(50, 100),(50, 100)],null,null,True,2,2,50,100,100,200)" storage="/home/runner/work/dotnet-monorepo/dotnet-monorepo/src/artifacts/bin/images.tests/release_linux-x64/images.tests.dll" id="ca8196de-7878-f17d-bea7-cffcdf83710a">
      <Execution id="3c5a469d-eb8d-45a3-877b-647e11b825c8" />
      <TestMethod codeBase="/home/runner/work/dotnet-monorepo/dotnet-monorepo/src/artifacts/bin/Images.Tests/release_linux-x64/Images.Tests.dll" adapterTypeName="executor://mstestadapter/v2" className="Images.Tests.GridTests" name="TestGrid" />
    </UnitTest>
    <UnitTest name="TestGrid ([(50, 100),(50, 100),(50, 100),(50, 100),(50, 100)],null,2,True,3,2,50,100,100,300)" storage="/home/runner/work/dotnet-monorepo/dotnet-monorepo/src/artifacts/bin/images.tests/release_linux-x64/images.tests.dll" id="963607af-3659-54b4-b8b0-8e932d52b380">
      <Execution id="67a54a1a-05d0-4fab-83ac-aea7bf2f4fc6" />
      <TestMethod codeBase="/home/runner/work/dotnet-monorepo/dotnet-monorepo/src/artifacts/bin/Images.Tests/release_linux-x64/Images.Tests.dll" adapterTypeName="executor://mstestadapter/v2" className="Images.Tests.GridTests" name="TestGrid" />
    </UnitTest>
    <UnitTest name="TestInvalidHeight" storage="/home/runner/work/dotnet-monorepo/dotnet-monorepo/src/artifacts/bin/images.tests/release_linux-x64/images.tests.dll" id="dfe29475-5c15-fd7c-5326-8c444cf55067">
      <Execution id="5f4612c1-8089-4da2-9e9a-42ae4d3a2565" />
      <TestMethod codeBase="/home/runner/work/dotnet-monorepo/dotnet-monorepo/src/artifacts/bin/Images.Tests/release_linux-x64/Images.Tests.dll" adapterTypeName="executor://mstestadapter/v2" className="Images.Tests.SizeTests" name="TestInvalidHeight" />
    </UnitTest>
    <UnitTest name="TestWidthHeight (1,1,1,1)" storage="/home/runner/work/dotnet-monorepo/dotnet-monorepo/src/artifacts/bin/images.tests/release_linux-x64/images.tests.dll" id="f05589c3-1c84-a6ae-301a-447e9266e7ec">
      <Execution id="a35abed5-b487-4ab2-8422-8221c1a5121f" />
      <TestMethod codeBase="/home/runner/work/dotnet-monorepo/dotnet-monorepo/src/artifacts/bin/Images.Tests/release_linux-x64/Images.Tests.dll" adapterTypeName="executor://mstestadapter/v2" className="Images.Tests.SizeTests" name="TestWidthHeight" />
    </UnitTest>
    <UnitTest name="TestGrid ([(50, 100),(50, 100),(50, 100),(50, 100),(50, 100)],2,null,True,2,3,50,100,150,200)" storage="/home/runner/work/dotnet-monorepo/dotnet-monorepo/src/artifacts/bin/images.tests/release_linux-x64/images.tests.dll" id="87aff5fd-3d66-8fb8-d6ad-1c85228f9012">
      <Execution id="35b585a3-4d02-4cd0-bde7-90d4de009df5" />
      <TestMethod codeBase="/home/runner/work/dotnet-monorepo/dotnet-monorepo/src/artifacts/bin/Images.Tests/release_linux-x64/Images.Tests.dll" adapterTypeName="executor://mstestadapter/v2" className="Images.Tests.GridTests" name="TestGrid" />
    </UnitTest>
    <UnitTest name="TestGrid ([(50, 100),(50, 100),(50, 100)],null,null,False,2,2,25,50,50,100)" storage="/home/runner/work/dotnet-monorepo/dotnet-monorepo/src/artifacts/bin/images.tests/release_linux-x64/images.tests.dll" id="029854dc-f0bd-f878-58d8-d92151ec4155">
      <Execution id="8ea0428c-784a-43b0-b39b-e2096c671e22" />
      <TestMethod codeBase="/home/runner/work/dotnet-monorepo/dotnet-monorepo/src/artifacts/bin/Images.Tests/release_linux-x64/Images.Tests.dll" adapterTypeName="executor://mstestadapter/v2" className="Images.Tests.GridTests" name="TestGrid" />
    </UnitTest>
    <UnitTest name="TestGrid ([null,(50, 100),(50, 100)],1,null,True,1,3,50,100,150,100)" storage="/home/runner/work/dotnet-monorepo/dotnet-monorepo/src/artifacts/bin/images.tests/release_linux-x64/images.tests.dll" id="7a356ec5-3a84-9858-a682-b6618b661294">
      <Execution id="625f8b86-d86d-43a9-9ef4-bc02089b3313" />
      <TestMethod codeBase="/home/runner/work/dotnet-monorepo/dotnet-monorepo/src/artifacts/bin/Images.Tests/release_linux-x64/Images.Tests.dll" adapterTypeName="executor://mstestadapter/v2" className="Images.Tests.GridTests" name="TestGrid" />
    </UnitTest>
    <UnitTest name="TestGrid ([(50, 100),(50, 100),(100, 50)],null,null,True,2,2,50,100,100,200)" storage="/home/runner/work/dotnet-monorepo/dotnet-monorepo/src/artifacts/bin/images.tests/release_linux-x64/images.tests.dll" id="0b7b51e0-cc89-12c3-1047-6e5048d835c9">
      <Execution id="e2e16035-53c9-4f78-a5fb-f181f3a49df9" />
      <TestMethod codeBase="/home/runner/work/dotnet-monorepo/dotnet-monorepo/src/artifacts/bin/Images.Tests/release_linux-x64/Images.Tests.dll" adapterTypeName="executor://mstestadapter/v2" className="Images.Tests.GridTests" name="TestGrid" />
    </UnitTest>
  </TestDefinitions>
  <TestEntries>
    <TestEntry testId="963607af-3659-54b4-b8b0-8e932d52b380" executionId="b6b524d8-ce46-4bd1-adc8-f33d72fa196b" testListId="8c84fa94-04c1-424b-9868-57a2d4851a1d" />
    <TestEntry testId="0b7b51e0-cc89-12c3-1047-6e5048d835c9" executionId="e2e16035-53c9-4f78-a5fb-f181f3a49df9" testListId="8c84fa94-04c1-424b-9868-57a2d4851a1d" />
    <TestEntry testId="029854dc-f0bd-f878-58d8-d92151ec4155" executionId="8ea0428c-784a-43b0-b39b-e2096c671e22" testListId="8c84fa94-04c1-424b-9868-57a2d4851a1d" />
    <TestEntry testId="1ab1b195-88a3-0321-d70a-3b31f3751420" executionId="6da22690-1fd6-4e19-ae90-728b0bf42609" testListId="8c84fa94-04c1-424b-9868-57a2d4851a1d" />
    <TestEntry testId="cf8785e3-514d-8dea-5e12-6140428c94c8" executionId="e796d901-6415-4525-a6eb-24cfe862f724" testListId="8c84fa94-04c1-424b-9868-57a2d4851a1d" />
    <TestEntry testId="ca8196de-7878-f17d-bea7-cffcdf83710a" executionId="3c5a469d-eb8d-45a3-877b-647e11b825c8" testListId="8c84fa94-04c1-424b-9868-57a2d4851a1d" />
    <TestEntry testId="93775079-4445-1e3a-7bc9-149b99667e42" executionId="4337da80-f83c-4d5b-8f05-f412ea30844c" testListId="8c84fa94-04c1-424b-9868-57a2d4851a1d" />
    <TestEntry testId="c7425364-8484-0570-01de-9423c65e9d48" executionId="696e33b8-594b-4abc-bebd-69dc5554232e" testListId="8c84fa94-04c1-424b-9868-57a2d4851a1d" />
    <TestEntry testId="f05589c3-1c84-a6ae-301a-447e9266e7ec" executionId="a35abed5-b487-4ab2-8422-8221c1a5121f" testListId="8c84fa94-04c1-424b-9868-57a2d4851a1d" />
    <TestEntry testId="87aff5fd-3d66-8fb8-d6ad-1c85228f9012" executionId="35b585a3-4d02-4cd0-bde7-90d4de009df5" testListId="8c84fa94-04c1-424b-9868-57a2d4851a1d" />
    <TestEntry testId="dfe29475-5c15-fd7c-5326-8c444cf55067" executionId="5f4612c1-8089-4da2-9e9a-42ae4d3a2565" testListId="8c84fa94-04c1-424b-9868-57a2d4851a1d" />
    <TestEntry testId="57a3604a-cdef-fe64-7ee8-fc38cbeacdc4" executionId="2d0cc5f3-225a-4293-ade8-94519643bdbe" testListId="8c84fa94-04c1-424b-9868-57a2d4851a1d" />
    <TestEntry testId="7a356ec5-3a84-9858-a682-b6618b661294" executionId="625f8b86-d86d-43a9-9ef4-bc02089b3313" testListId="8c84fa94-04c1-424b-9868-57a2d4851a1d" />
    <TestEntry testId="3fcd9612-0f06-7b9c-12d3-2abb9046fbd3" executionId="ad3ee18d-cec2-4cd2-9b3d-6b422e8409de" testListId="8c84fa94-04c1-424b-9868-57a2d4851a1d" />
    <TestEntry testId="963607af-3659-54b4-b8b0-8e932d52b380" executionId="67a54a1a-05d0-4fab-83ac-aea7bf2f4fc6" testListId="8c84fa94-04c1-424b-9868-57a2d4851a1d" />
  </TestEntries>
  <TestLists>
    <TestList name="Results Not in a List" id="8c84fa94-04c1-424b-9868-57a2d4851a1d" />
    <TestList name="All Loaded Results" id="19431567-8539-422a-85d7-44ee4e166bda" />
  </TestLists>
  <ResultSummary outcome="Completed">
    <Counters total="15" executed="15" passed="15" failed="0" error="0" timeout="0" aborted="0" inconclusive="0" passedButRunAborted="0" notRunnable="0" notExecuted="0" disconnected="0" warning="0" completed="0" inProgress="0" pending="0" />
  </ResultSummary>
</TestRun>