<?xml version="1.0" encoding="utf-8"?>
<TestRun id="23a45c67-fbae-4033-8d75-141981ef1e25" name="@Mac-1758936894240 2025-09-27 02:19:18" xmlns="http://microsoft.com/schemas/VisualStudio/TeamTest/2010">
  <Times creation="2025-09-27T02:19:18.2389780+00:00" queuing="2025-09-27T02:19:18.2389780+00:00" start="2025-09-27T02:19:17.2151090+00:00" finish="2025-09-27T02:19:18.2881340+00:00" />
  <TestSettings name="default" id="cb412d6d-1bc8-42c5-bd33-70c78d5a2dd3">
    <Deployment runDeploymentRoot="_Mac-1758936894240_2025-09-27_02_19_18" />
  </TestSettings>
  <Results>
    <UnitTestResult executionId="02b37172-49b4-45a6-a33f-800a11e91097" testId="dfe29475-5c15-fd7c-5326-8c444cf55067" testName="TestInvalidHeight" computerName="Mac-1758936894240" duration="00:00:00.0002860" startTime="2025-09-27T02:19:18.1791570+00:00" endTime="2025-09-27T02:19:18.1808130+00:00" testType="13cdc9d9-ddb5-4fa4-a97d-d965ccfc6d4b" outcome="Passed" testListId="8c84fa94-04c1-424b-9868-57a2d4851a1d" relativeResultsDirectory="02b37172-49b4-45a6-a33f-800a11e91097" />
    <UnitTestResult executionId="c4a38789-83db-4708-9e91-d6bb87998e7f" testId="87aff5fd-3d66-8fb8-d6ad-1c85228f9012" testName="TestGrid ([(50, 100),(50, 100),(50, 100),(50, 100),(50, 100)],2,null,True,2,3,50,100,150,200)" computerName="Mac-1758936894240" duration="00:00:00.0002292" startTime="2025-09-27T02:19:18.1221570+00:00" endTime="2025-09-27T02:19:18.1224790+00:00" testType="13cdc9d9-ddb5-4fa4-a97d-d965ccfc6d4b" outcome="Passed" testListId="8c84fa94-04c1-424b-9868-57a2d4851a1d" relativeResultsDirectory="c4a38789-83db-4708-9e91-d6bb87998e7f" />
    <UnitTestResult executionId="8bdeb287-a71f-4613-96d8-a7c2b6f8be9a" testId="1ab1b195-88a3-0321-d70a-3b31f3751420" testName="TestInvalidWidth" computerName="Mac-1758936894240" duration="00:00:00.0022131" startTime="2025-09-27T02:19:18.1741680+00:00" endTime="2025-09-27T02:19:18.1790560+00:00" testType="13cdc9d9-ddb5-4fa4-a97d-d965ccfc6d4b" outcome="Passed" testListId="8c84fa94-04c1-424b-9868-57a2d4851a1d" relativeResultsDirectory="8bdeb287-a71f-4613-96d8-a7c2b6f8be9a" />
    <UnitTestResult executionId="3f34c25e-4657-416e-8540-0bcdf798b82c" testId="f05589c3-1c84-a6ae-301a-447e9266e7ec" testName="TestWidthHeight (1,1,1,1)" computerName="Mac-1758936894240" duration="00:00:00.0001966" startTime="2025-09-27T02:19:18.1730400+00:00" endTime="2025-09-27T02:19:18.1733990+00:00" testType="13cdc9d9-ddb5-4fa4-a97d-d965ccfc6d4b" outcome="Passed" testListId="8c84fa94-04c1-424b-9868-57a2d4851a1d" relativeResultsDirectory="3f34c25e-4657-416e-8540-0bcdf798b82c" />
    <UnitTestResult executionId="cc208cfa-4eb6-41cd-8164-2357d632e954" testId="029854dc-f0bd-f878-58d8-d92151ec4155" testName="TestGrid ([(50, 100),(50, 100),(50, 100)],null,null,False,2,2,25,50,50,100)" computerName="Mac-1758936894240" duration="00:00:00.0003733" startTime="2025-09-27T02:19:18.1212810+00:00" endTime="2025-09-27T02:19:18.1217560+00:00" testType="13cdc9d9-ddb5-4fa4-a97d-d965ccfc6d4b" outcome="Passed" testListId="8c84fa94-04c1-424b-9868-57a2d4851a1d" relativeResultsDirectory="cc208cfa-4eb6-41cd-8164-2357d632e954" />
    <UnitTestResult executionId="f1ecae95-43ff-4ca9-9cfd-b6ed60bb9989" testId="7a356ec5-3a84-9858-a682-b6618b661294" testName="TestGrid ([null,(50, 100),(50, 100)],1,null,True,1,3,50,100,150,100)" computerName="Mac-1758936894240" duration="00:00:00.0001819" startTime="2025-09-27T02:19:18.1718700+00:00" endTime="2025-09-27T02:19:18.1729490+00:00" testType="13cdc9d9-ddb5-4fa4-a97d-d965ccfc6d4b" outcome="Passed" testListId="8c84fa94-04c1-424b-9868-57a2d4851a1d" relativeResultsDirectory="f1ecae95-43ff-4ca9-9cfd-b6ed60bb9989" />
    <UnitTestResult executionId="f19da3fe-8626-44dd-83cf-1f0b9ef887e8" testId="0b7b51e0-cc89-12c3-1047-6e5048d835c9" testName="TestGrid ([(50, 100),(50, 100),(100, 50)],null,null,True,2,2,50,100,100,200)" computerName="Mac-1758936894240" duration="00:00:00.0008301" startTime="2025-09-27T02:19:18.1191630+00:00" endTime="2025-09-27T02:19:18.1205940+00:00" testType="13cdc9d9-ddb5-4fa4-a97d-d965ccfc6d4b" outcome="Passed" testListId="8c84fa94-04c1-424b-9868-57a2d4851a1d" relativeResultsDirectory="f19da3fe-8626-44dd-83cf-1f0b9ef887e8" />
    <UnitTestResult executionId="3fe5bb6c-b319-41e6-ab45-2da2609845eb" testId="963607af-3659-54b4-b8b0-8e932d52b380" testName="TestGrid ([(50, 100),(50, 100),(50, 100),(50, 100),(50, 100)],null,2,True,3,2,50,100,100,300)" computerName="Mac-1758936894240" duration="00:00:00.0002250" startTime="2025-09-27T02:19:18.1228530+00:00" endTime="2025-09-27T02:19:18.1231690+00:00" testType="13cdc9d9-ddb5-4fa4-a97d-d965ccfc6d4b" outcome="Passed" testListId="8c84fa94-04c1-424b-9868-57a2d4851a1d" relativeResultsDirectory="3fe5bb6c-b319-41e6-ab45-2da2609845eb" />
    <UnitTestResult executionId="e50371aa-12b6-436a-b6b2-ed13a61fa91e" testId="ca8196de-7878-f17d-bea7-cffcdf83710a" testName="TestGrid ([(50, 100),(50, 100),(50, 100)],null,null,True,2,2,50,100,100,200)" computerName="Mac-1758936894240" duration="00:00:00.1240303" startTime="2025-09-27T02:19:17.9647040+00:00" endTime="2025-09-27T02:19:18.1131530+00:00" testType="13cdc9d9-ddb5-4fa4-a97d-d965ccfc6d4b" outcome="Passed" testListId="8c84fa94-04c1-424b-9868-57a2d4851a1d" relativeResultsDirectory="e50371aa-12b6-436a-b6b2-ed13a61fa91e" />
    <UnitTestResult executionId="453a5bce-07c8-4d25-9871-d500f995d9ac" testId="3fcd9612-0f06-7b9c-12d3-2abb9046fbd3" testName="TestGrid ([(50, 100),(100, 50),(100, 50)],null,null,True,2,2,100,50,200,100)" computerName="Mac-1758936894240" duration="00:00:00.0001601" startTime="2025-09-27T02:19:18.1209830+00:00" endTime="2025-09-27T02:19:18.1212500+00:00" testType="13cdc9d9-ddb5-4fa4-a97d-d965ccfc6d4b" outcome="Passed" testListId="8c84fa94-04c1-424b-9868-57a2d4851a1d" relativeResultsDirectory="453a5bce-07c8-4d25-9871-d500f995d9ac" />
    <UnitTestResult executionId="1ebcd036-29b0-4842-bb48-d4d48cc405df" testId="963607af-3659-54b4-b8b0-8e932d52b380" testName="TestGrid ([(50, 100),(50, 100),(50, 100),(50, 100),(50, 100)],null,2,True,3,2,50,100,100,300)" computerName="Mac-1758936894240" duration="00:00:00.0002253" startTime="2025-09-27T02:19:18.1225080+00:00" endTime="2025-09-27T02:19:18.1228260+00:00" testType="13cdc9d9-ddb5-4fa4-a97d-d965ccfc6d4b" outcome="Passed" testListId="8c84fa94-04c1-424b-9868-57a2d4851a1d" relativeResultsDirectory="1ebcd036-29b0-4842-bb48-d4d48cc405df" />
    <UnitTestResult executionId="67133b1c-7039-420b-8c04-3984d4646570" testId="93775079-4445-1e3a-7bc9-149b99667e42" testName="TestWidthHeight (5,10,1,2)" computerName="Mac-1758936894240" duration="00:00:00.0000064" startTime="2025-09-27T02:19:18.1740530+00:00" endTime="2025-09-27T02:19:18.1741360+00:00" testType="13cdc9d9-ddb5-4fa4-a97d-d965ccfc6d4b" outcome="Passed" testListId="8c84fa94-04c1-424b-9868-57a2d4851a1d" relativeResultsDirectory="67133b1c-7039-420b-8c04-3984d4646570" />
    <UnitTestResult executionId="b91321a4-36ab-4a92-b8bb-83b92afec6c5" testId="57a3604a-cdef-fe64-7ee8-fc38cbeacdc4" testName="TestGrid ([(50, 100),(50, 100),(50, 100),(50, 100),(50, 100)],null,null,True,3,3,50,100,150,300)" computerName="Mac-1758936894240" duration="00:00:00.0002375" startTime="2025-09-27T02:19:18.1217900+00:00" endTime="2025-09-27T02:19:18.1221260+00:00" testType="13cdc9d9-ddb5-4fa4-a97d-d965ccfc6d4b" outcome="Passed" testListId="8c84fa94-04c1-424b-9868-57a2d4851a1d" relativeResultsDirectory="b91321a4-36ab-4a92-b8bb-83b92afec6c5" />
    <UnitTestResult executionId="0951c02d-010e-4f3e-a40e-c7dcea804a08" testId="c7425364-8484-0570-01de-9423c65e9d48" testName="TestWidthHeight (10,5,2,1)" computerName="Mac-1758936894240" duration="00:00:00.0004510" startTime="2025-09-27T02:19:18.1734460+00:00" endTime="2025-09-27T02:19:18.1739930+00:00" testType="13cdc9d9-ddb5-4fa4-a97d-d965ccfc6d4b" outcome="Passed" testListId="8c84fa94-04c1-424b-9868-57a2d4851a1d" relativeResultsDirectory="0951c02d-010e-4f3e-a40e-c7dcea804a08" />
    <UnitTestResult executionId="dd4a178a-8a16-4153-9aff-bb7443c9bb9e" testId="cf8785e3-514d-8dea-5e12-6140428c94c8" testName="TestGrid ([null,null,null,null,(50, 100)],null,null,True,3,3,50,100,150,300)" computerName="Mac-1758936894240" duration="00:00:00.0001083" startTime="2025-09-27T02:19:18.1231980+00:00" endTime="2025-09-27T02:19:18.1233980+00:00" testType="13cdc9d9-ddb5-4fa4-a97d-d965ccfc6d4b" outcome="Passed" testListId="8c84fa94-04c1-424b-9868-57a2d4851a1d" relativeResultsDirectory="dd4a178a-8a16-4153-9aff-bb7443c9bb9e" />
  </Results>
  <TestDefinitions>
    <UnitTest name="TestWidthHeight (5,10,1,2)" storage="/users/runner/work/dotnet-monorepo/dotnet-monorepo/src/artifacts/bin/images.tests/release_osx-x64/images.tests.dll" id="93775079-4445-1e3a-7bc9-149b99667e42">
      <Execution id="67133b1c-7039-420b-8c04-3984d4646570" />
      <TestMethod codeBase="/Users/runner/work/dotnet-monorepo/dotnet-monorepo/src/artifacts/bin/Images.Tests/release_osx-x64/Images.Tests.dll" adapterTypeName="executor://mstestadapter/v2" className="Images.Tests.SizeTests" name="TestWidthHeight" />
    </UnitTest>
    <UnitTest name="TestWidthHeight (10,5,2,1)" storage="/users/runner/work/dotnet-monorepo/dotnet-monorepo/src/artifacts/bin/images.tests/release_osx-x64/images.tests.dll" id="c7425364-8484-0570-01de-9423c65e9d48">
      <Execution id="0951c02d-010e-4f3e-a40e-c7dcea804a08" />
      <TestMethod codeBase="/Users/runner/work/dotnet-monorepo/dotnet-monorepo/src/artifacts/bin/Images.Tests/release_osx-x64/Images.Tests.dll" adapterTypeName="executor://mstestadapter/v2" className="Images.Tests.SizeTests" name="TestWidthHeight" />
    </UnitTest>
    <UnitTest name="TestGrid ([(50, 100),(50, 100),(50, 100),(50, 100),(50, 100)],null,null,True,3,3,50,100,150,300)" storage="/users/runner/work/dotnet-monorepo/dotnet-monorepo/src/artifacts/bin/images.tests/release_osx-x64/images.tests.dll" id="57a3604a-cdef-fe64-7ee8-fc38cbeacdc4">
      <Execution id="b91321a4-36ab-4a92-b8bb-83b92afec6c5" />
      <TestMethod codeBase="/Users/runner/work/dotnet-monorepo/dotnet-monorepo/src/artifacts/bin/Images.Tests/release_osx-x64/Images.Tests.dll" adapterTypeName="executor://mstestadapter/v2" className="Images.Tests.GridTests" name="TestGrid" />
    </UnitTest>
    <UnitTest name="TestGrid ([(50, 100),(100, 50),(100, 50)],null,null,True,2,2,100,50,200,100)" storage="/users/runner/work/dotnet-monorepo/dotnet-monorepo/src/artifacts/bin/images.tests/release_osx-x64/images.tests.dll" id="3fcd9612-0f06-7b9c-12d3-2abb9046fbd3">
      <Execution id="453a5bce-07c8-4d25-9871-d500f995d9ac" />
      <TestMethod codeBase="/Users/runner/work/dotnet-monorepo/dotnet-monorepo/src/artifacts/bin/Images.Tests/release_osx-x64/Images.Tests.dll" adapterTypeName="executor://mstestadapter/v2" className="Images.Tests.GridTests" name="TestGrid" />
    </UnitTest>
    <UnitTest name="TestGrid ([null,null,null,null,(50, 100)],null,null,True,3,3,50,100,150,300)" storage="/users/runner/work/dotnet-monorepo/dotnet-monorepo/src/artifacts/bin/images.tests/release_osx-x64/images.tests.dll" id="cf8785e3-514d-8dea-5e12-6140428c94c8">
      <Execution id="dd4a178a-8a16-4153-9aff-bb7443c9bb9e" />
      <TestMethod codeBase="/Users/runner/work/dotnet-monorepo/dotnet-monorepo/src/artifacts/bin/Images.Tests/release_osx-x64/Images.Tests.dll" adapterTypeName="executor://mstestadapter/v2" className="Images.Tests.GridTests" name="TestGrid" />
    </UnitTest>
    <UnitTest name="TestInvalidWidth" storage="/users/runner/work/dotnet-monorepo/dotnet-monorepo/src/artifacts/bin/images.tests/release_osx-x64/images.tests.dll" id="1ab1b195-88a3-0321-d70a-3b31f3751420">
      <Execution id="8bdeb287-a71f-4613-96d8-a7c2b6f8be9a" />
      <TestMethod codeBase="/Users/runner/work/dotnet-monorepo/dotnet-monorepo/src/artifacts/bin/Images.Tests/release_osx-x64/Images.Tests.dll" adapterTypeName="executor://mstestadapter/v2" className="Images.Tests.SizeTests" name="TestInvalidWidth" />
    </UnitTest>
    <UnitTest name="TestGrid ([(50, 100),(50, 100),(50, 100)],null,null,True,2,2,50,100,100,200)" storage="/users/runner/work/dotnet-monorepo/dotnet-monorepo/src/artifacts/bin/images.tests/release_osx-x64/images.tests.dll" id="ca8196de-7878-f17d-bea7-cffcdf83710a">
      <Execution id="e50371aa-12b6-436a-b6b2-ed13a61fa91e" />
      <TestMethod codeBase="/Users/runner/work/dotnet-monorepo/dotnet-monorepo/src/artifacts/bin/Images.Tests/release_osx-x64/Images.Tests.dll" adapterTypeName="executor://mstestadapter/v2" className="Images.Tests.GridTests" name="TestGrid" />
    </UnitTest>
    <UnitTest name="TestGrid ([(50, 100),(50, 100),(50, 100),(50, 100),(50, 100)],null,2,True,3,2,50,100,100,300)" storage="/users/runner/work/dotnet-monorepo/dotnet-monorepo/src/artifacts/bin/images.tests/release_osx-x64/images.tests.dll" id="963607af-3659-54b4-b8b0-8e932d52b380">
      <Execution id="1ebcd036-29b0-4842-bb48-d4d48cc405df" />
      <TestMethod codeBase="/Users/runner/work/dotnet-monorepo/dotnet-monorepo/src/artifacts/bin/Images.Tests/release_osx-x64/Images.Tests.dll" adapterTypeName="executor://mstestadapter/v2" className="Images.Tests.GridTests" name="TestGrid" />
    </UnitTest>
    <UnitTest name="TestInvalidHeight" storage="/users/runner/work/dotnet-monorepo/dotnet-monorepo/src/artifacts/bin/images.tests/release_osx-x64/images.tests.dll" id="dfe29475-5c15-fd7c-5326-8c444cf55067">
      <Execution id="02b37172-49b4-45a6-a33f-800a11e91097" />
      <TestMethod codeBase="/Users/runner/work/dotnet-monorepo/dotnet-monorepo/src/artifacts/bin/Images.Tests/release_osx-x64/Images.Tests.dll" adapterTypeName="executor://mstestadapter/v2" className="Images.Tests.SizeTests" name="TestInvalidHeight" />
    </UnitTest>
    <UnitTest name="TestWidthHeight (1,1,1,1)" storage="/users/runner/work/dotnet-monorepo/dotnet-monorepo/src/artifacts/bin/images.tests/release_osx-x64/images.tests.dll" id="f05589c3-1c84-a6ae-301a-447e9266e7ec">
      <Execution id="3f34c25e-4657-416e-8540-0bcdf798b82c" />
      <TestMethod codeBase="/Users/runner/work/dotnet-monorepo/dotnet-monorepo/src/artifacts/bin/Images.Tests/release_osx-x64/Images.Tests.dll" adapterTypeName="executor://mstestadapter/v2" className="Images.Tests.SizeTests" name="TestWidthHeight" />
    </UnitTest>
    <UnitTest name="TestGrid ([(50, 100),(50, 100),(50, 100),(50, 100),(50, 100)],2,null,True,2,3,50,100,150,200)" storage="/users/runner/work/dotnet-monorepo/dotnet-monorepo/src/artifacts/bin/images.tests/release_osx-x64/images.tests.dll" id="87aff5fd-3d66-8fb8-d6ad-1c85228f9012">
      <Execution id="c4a38789-83db-4708-9e91-d6bb87998e7f" />
      <TestMethod codeBase="/Users/runner/work/dotnet-monorepo/dotnet-monorepo/src/artifacts/bin/Images.Tests/release_osx-x64/Images.Tests.dll" adapterTypeName="executor://mstestadapter/v2" className="Images.Tests.GridTests" name="TestGrid" />
    </UnitTest>
    <UnitTest name="TestGrid ([(50, 100),(50, 100),(50, 100)],null,null,False,2,2,25,50,50,100)" storage="/users/runner/work/dotnet-monorepo/dotnet-monorepo/src/artifacts/bin/images.tests/release_osx-x64/images.tests.dll" id="029854dc-f0bd-f878-58d8-d92151ec4155">
      <Execution id="cc208cfa-4eb6-41cd-8164-2357d632e954" />
      <TestMethod codeBase="/Users/runner/work/dotnet-monorepo/dotnet-monorepo/src/artifacts/bin/Images.Tests/release_osx-x64/Images.Tests.dll" adapterTypeName="executor://mstestadapter/v2" className="Images.Tests.GridTests" name="TestGrid" />
    </UnitTest>
    <UnitTest name="TestGrid ([null,(50, 100),(50, 100)],1,null,True,1,3,50,100,150,100)" storage="/users/runner/work/dotnet-monorepo/dotnet-monorepo/src/artifacts/bin/images.tests/release_osx-x64/images.tests.dll" id="7a356ec5-3a84-9858-a682-b6618b661294">
      <Execution id="f1ecae95-43ff-4ca9-9cfd-b6ed60bb9989" />
      <TestMethod codeBase="/Users/runner/work/dotnet-monorepo/dotnet-monorepo/src/artifacts/bin/Images.Tests/release_osx-x64/Images.Tests.dll" adapterTypeName="executor://mstestadapter/v2" className="Images.Tests.GridTests" name="TestGrid" />
    </UnitTest>
    <UnitTest name="TestGrid ([(50, 100),(50, 100),(100, 50)],null,null,True,2,2,50,100,100,200)" storage="/users/runner/work/dotnet-monorepo/dotnet-monorepo/src/artifacts/bin/images.tests/release_osx-x64/images.tests.dll" id="0b7b51e0-cc89-12c3-1047-6e5048d835c9">
      <Execution id="f19da3fe-8626-44dd-83cf-1f0b9ef887e8" />
      <TestMethod codeBase="/Users/runner/work/dotnet-monorepo/dotnet-monorepo/src/artifacts/bin/Images.Tests/release_osx-x64/Images.Tests.dll" adapterTypeName="executor://mstestadapter/v2" className="Images.Tests.GridTests" name="TestGrid" />
    </UnitTest>
  </TestDefinitions>
  <TestEntries>
    <TestEntry testId="dfe29475-5c15-fd7c-5326-8c444cf55067" executionId="02b37172-49b4-45a6-a33f-800a11e91097" testListId="8c84fa94-04c1-424b-9868-57a2d4851a1d" />
    <TestEntry testId="87aff5fd-3d66-8fb8-d6ad-1c85228f9012" executionId="c4a38789-83db-4708-9e91-d6bb87998e7f" testListId="8c84fa94-04c1-424b-9868-57a2d4851a1d" />
    <TestEntry testId="1ab1b195-88a3-0321-d70a-3b31f3751420" executionId="8bdeb287-a71f-4613-96d8-a7c2b6f8be9a" testListId="8c84fa94-04c1-424b-9868-57a2d4851a1d" />
    <TestEntry testId="f05589c3-1c84-a6ae-301a-447e9266e7ec" executionId="3f34c25e-4657-416e-8540-0bcdf798b82c" testListId="8c84fa94-04c1-424b-9868-57a2d4851a1d" />
    <TestEntry testId="029854dc-f0bd-f878-58d8-d92151ec4155" executionId="cc208cfa-4eb6-41cd-8164-2357d632e954" testListId="8c84fa94-04c1-424b-9868-57a2d4851a1d" />
    <TestEntry testId="7a356ec5-3a84-9858-a682-b6618b661294" executionId="f1ecae95-43ff-4ca9-9cfd-b6ed60bb9989" testListId="8c84fa94-04c1-424b-9868-57a2d4851a1d" />
    <TestEntry testId="0b7b51e0-cc89-12c3-1047-6e5048d835c9" executionId="f19da3fe-8626-44dd-83cf-1f0b9ef887e8" testListId="8c84fa94-04c1-424b-9868-57a2d4851a1d" />
    <TestEntry testId="963607af-3659-54b4-b8b0-8e932d52b380" executionId="3fe5bb6c-b319-41e6-ab45-2da2609845eb" testListId="8c84fa94-04c1-424b-9868-57a2d4851a1d" />
    <TestEntry testId="ca8196de-7878-f17d-bea7-cffcdf83710a" executionId="e50371aa-12b6-436a-b6b2-ed13a61fa91e" testListId="8c84fa94-04c1-424b-9868-57a2d4851a1d" />
    <TestEntry testId="3fcd9612-0f06-7b9c-12d3-2abb9046fbd3" executionId="453a5bce-07c8-4d25-9871-d500f995d9ac" testListId="8c84fa94-04c1-424b-9868-57a2d4851a1d" />
    <TestEntry testId="963607af-3659-54b4-b8b0-8e932d52b380" executionId="1ebcd036-29b0-4842-bb48-d4d48cc405df" testListId="8c84fa94-04c1-424b-9868-57a2d4851a1d" />
    <TestEntry testId="93775079-4445-1e3a-7bc9-149b99667e42" executionId="67133b1c-7039-420b-8c04-3984d4646570" testListId="8c84fa94-04c1-424b-9868-57a2d4851a1d" />
    <TestEntry testId="57a3604a-cdef-fe64-7ee8-fc38cbeacdc4" executionId="b91321a4-36ab-4a92-b8bb-83b92afec6c5" testListId="8c84fa94-04c1-424b-9868-57a2d4851a1d" />
    <TestEntry testId="c7425364-8484-0570-01de-9423c65e9d48" executionId="0951c02d-010e-4f3e-a40e-c7dcea804a08" testListId="8c84fa94-04c1-424b-9868-57a2d4851a1d" />
    <TestEntry testId="cf8785e3-514d-8dea-5e12-6140428c94c8" executionId="dd4a178a-8a16-4153-9aff-bb7443c9bb9e" testListId="8c84fa94-04c1-424b-9868-57a2d4851a1d" />
  </TestEntries>
  <TestLists>
    <TestList name="Results Not in a List" id="8c84fa94-04c1-424b-9868-57a2d4851a1d" />
    <TestList name="All Loaded Results" id="19431567-8539-422a-85d7-44ee4e166bda" />
  </TestLists>
  <ResultSummary outcome="Completed">
    <Counters total="15" executed="15" passed="15" failed="0" error="0" timeout="0" aborted="0" inconclusive="0" passedButRunAborted="0" notRunnable="0" notExecuted="0" disconnected="0" warning="0" completed="0" inProgress="0" pending="0" />
  </ResultSummary>
</TestRun>