<?xml version="1.0" encoding="utf-8"?>
<TestRun id="64cafd8e-51d7-4ad5-9687-9d2aabc18156" name="runneradmin@runnervm747y6 2025-09-27 02:16:08" runUser="runnervm747y6\runneradmin" xmlns="http://microsoft.com/schemas/VisualStudio/TeamTest/2010">
  <Times creation="2025-09-27T02:16:08.8474603+00:00" queuing="2025-09-27T02:16:08.8474604+00:00" start="2025-09-27T02:16:08.1548661+00:00" finish="2025-09-27T02:16:08.8783815+00:00" />
  <TestSettings name="default" id="46b0fff1-ae08-4fad-a281-97109ed1de7c">
    <Deployment runDeploymentRoot="runneradmin_runnervm747y6_2025-09-27_02_16_08" />
  </TestSettings>
  <Results>
    <UnitTestResult executionId="8f28b901-e26e-41bc-8e13-475b2f32d3e1" testId="0b7b51e0-cc89-12c3-1047-6e5048d835c9" testName="TestGrid ([(50, 100),(50, 100),(100, 50)],null,null,True,2,2,50,100,100,200)" computerName="runnervm747y6" duration="00:00:00.0006174" startTime="2025-09-27T02:16:08.7678016+00:00" endTime="2025-09-27T02:16:08.7687779+00:00" testType="13cdc9d9-ddb5-4fa4-a97d-d965ccfc6d4b" outcome="Passed" testListId="8c84fa94-04c1-424b-9868-57a2d4851a1d" relativeResultsDirectory="8f28b901-e26e-41bc-8e13-475b2f32d3e1" />
    <UnitTestResult executionId="547703ba-8ce5-45a0-bf0a-a4e5e1e4a87b" testId="963607af-3659-54b4-b8b0-8e932d52b380" testName="TestGrid ([(50, 100),(50, 100),(50, 100),(50, 100),(50, 100)],null,2,True,3,2,50,100,100,300)" computerName="runnervm747y6" duration="00:00:00.0001695" startTime="2025-09-27T02:16:08.7704970+00:00" endTime="2025-09-27T02:16:08.7707692+00:00" testType="13cdc9d9-ddb5-4fa4-a97d-d965ccfc6d4b" outcome="Passed" testListId="8c84fa94-04c1-424b-9868-57a2d4851a1d" relativeResultsDirectory="547703ba-8ce5-45a0-bf0a-a4e5e1e4a87b" />
    <UnitTestResult executionId="c3c77b65-5b58-4763-b2c2-6aa1607906f0" testId="029854dc-f0bd-f878-58d8-d92151ec4155" testName="TestGrid ([(50, 100),(50, 100),(50, 100)],null,null,False,2,2,25,50,50,100)" computerName="runnervm747y6" duration="00:00:00.0002640" startTime="2025-09-27T02:16:08.7692702+00:00" endTime="2025-09-27T02:16:08.7696121+00:00" testType="13cdc9d9-ddb5-4fa4-a97d-d965ccfc6d4b" outcome="Passed" testListId="8c84fa94-04c1-424b-9868-57a2d4851a1d" relativeResultsDirectory="c3c77b65-5b58-4763-b2c2-6aa1607906f0" />
    <UnitTestResult executionId="f615d04b-48c5-4ca6-ab18-6dacef644a3b" testId="93775079-4445-1e3a-7bc9-149b99667e42" testName="TestWidthHeight (5,10,1,2)" computerName="runnervm747y6" duration="00:00:00.0000072" startTime="2025-09-27T02:16:08.8041068+00:00" endTime="2025-09-27T02:16:08.8041885+00:00" testType="13cdc9d9-ddb5-4fa4-a97d-d965ccfc6d4b" outcome="Passed" testListId="8c84fa94-04c1-424b-9868-57a2d4851a1d" relativeResultsDirectory="f615d04b-48c5-4ca6-ab18-6dacef644a3b" />
    <UnitTestResult executionId="b54baa52-ab41-4c47-965b-ceaa8d930f8b" testId="dfe29475-5c15-fd7c-5326-8c444cf55067" testName="TestInvalidHeight" computerName="runnervm747y6" duration="00:00:00.0001427" startTime="2025-09-27T02:16:08.8069665+00:00" endTime="2025-09-27T02:16:08.8077662+00:00" testType="13cdc9d9-ddb5-4fa4-a97d-d965ccfc6d4b" outcome="Passed" testListId="8c84fa94-04c1-424b-9868-57a2d4851a1d" relativeResultsDirectory="b54baa52-ab41-4c47-965b-ceaa8d930f8b" />
    <UnitTestResult executionId="681418d9-458c-43ca-8627-7dc4552105bb" testId="3fcd9612-0f06-7b9c-12d3-2abb9046fbd3" testName="TestGrid ([(50, 100),(100, 50),(100, 50)],null,null,True,2,2,100,50,200,100)" computerName="runnervm747y6" duration="00:00:00.0001210" startTime="2025-09-27T02:16:08.7690206+00:00" endTime="2025-09-27T02:16:08.7692461+00:00" testType="13cdc9d9-ddb5-4fa4-a97d-d965ccfc6d4b" outcome="Passed" testListId="8c84fa94-04c1-424b-9868-57a2d4851a1d" relativeResultsDirectory="681418d9-458c-43ca-8627-7dc4552105bb" />
    <UnitTestResult executionId="253e7b38-759a-404f-8c6c-9490543ff69a" testId="7a356ec5-3a84-9858-a682-b6618b661294" testName="TestGrid ([null,(50, 100),(50, 100)],1,null,True,1,3,50,100,150,100)" computerName="runnervm747y6" duration="00:00:00.0001078" startTime="2025-09-27T02:16:08.8027605+00:00" endTime="2025-09-27T02:16:08.8034896+00:00" testType="13cdc9d9-ddb5-4fa4-a97d-d965ccfc6d4b" outcome="Passed" testListId="8c84fa94-04c1-424b-9868-57a2d4851a1d" relativeResultsDirectory="253e7b38-759a-404f-8c6c-9490543ff69a" />
    <UnitTestResult executionId="52c06254-e05c-4698-a3bb-9ad9536c61ad" testId="ca8196de-7878-f17d-bea7-cffcdf83710a" testName="TestGrid ([(50, 100),(50, 100),(50, 100)],null,null,True,2,2,50,100,100,200)" computerName="runnervm747y6" duration="00:00:00.0781292" startTime="2025-09-27T02:16:08.6699159+00:00" endTime="2025-09-27T02:16:08.7638582+00:00" testType="13cdc9d9-ddb5-4fa4-a97d-d965ccfc6d4b" outcome="Passed" testListId="8c84fa94-04c1-424b-9868-57a2d4851a1d" relativeResultsDirectory="52c06254-e05c-4698-a3bb-9ad9536c61ad" />
    <UnitTestResult executionId="5a73910a-8c6c-4f4a-ac2c-3af2a1615af8" testId="57a3604a-cdef-fe64-7ee8-fc38cbeacdc4" testName="TestGrid ([(50, 100),(50, 100),(50, 100),(50, 100),(50, 100)],null,null,True,3,3,50,100,150,300)" computerName="runnervm747y6" duration="00:00:00.0001796" startTime="2025-09-27T02:16:08.7696378+00:00" endTime="2025-09-27T02:16:08.7698976+00:00" testType="13cdc9d9-ddb5-4fa4-a97d-d965ccfc6d4b" outcome="Passed" testListId="8c84fa94-04c1-424b-9868-57a2d4851a1d" relativeResultsDirectory="5a73910a-8c6c-4f4a-ac2c-3af2a1615af8" />
    <UnitTestResult executionId="b9fd45f3-7d16-4dfb-9773-313529fd3257" testId="1ab1b195-88a3-0321-d70a-3b31f3751420" testName="TestInvalidWidth" computerName="runnervm747y6" duration="00:00:00.0011561" startTime="2025-09-27T02:16:08.8042099+00:00" endTime="2025-09-27T02:16:08.8069395+00:00" testType="13cdc9d9-ddb5-4fa4-a97d-d965ccfc6d4b" outcome="Passed" testListId="8c84fa94-04c1-424b-9868-57a2d4851a1d" relativeResultsDirectory="b9fd45f3-7d16-4dfb-9773-313529fd3257" />
    <UnitTestResult executionId="fda4b11c-0053-4861-9a10-4a547f21e6c5" testId="f05589c3-1c84-a6ae-301a-447e9266e7ec" testName="TestWidthHeight (1,1,1,1)" computerName="runnervm747y6" duration="00:00:00.0001017" startTime="2025-09-27T02:16:08.8035262+00:00" endTime="2025-09-27T02:16:08.8037206+00:00" testType="13cdc9d9-ddb5-4fa4-a97d-d965ccfc6d4b" outcome="Passed" testListId="8c84fa94-04c1-424b-9868-57a2d4851a1d" relativeResultsDirectory="fda4b11c-0053-4861-9a10-4a547f21e6c5" />
    <UnitTestResult executionId="e35746ea-9189-4213-97ec-269a5a9bf663" testId="87aff5fd-3d66-8fb8-d6ad-1c85228f9012" testName="TestGrid ([(50, 100),(50, 100),(50, 100),(50, 100),(50, 100)],2,null,True,2,3,50,100,150,200)" computerName="runnervm747y6" duration="00:00:00.0001703" startTime="2025-09-27T02:16:08.7699207+00:00" endTime="2025-09-27T02:16:08.7701666+00:00" testType="13cdc9d9-ddb5-4fa4-a97d-d965ccfc6d4b" outcome="Passed" testListId="8c84fa94-04c1-424b-9868-57a2d4851a1d" relativeResultsDirectory="e35746ea-9189-4213-97ec-269a5a9bf663" />
    <UnitTestResult executionId="2affe5b3-f952-4d0f-a419-0fa3fc29ae9a" testId="c7425364-8484-0570-01de-9423c65e9d48" testName="TestWidthHeight (10,5,2,1)" computerName="runnervm747y6" duration="00:00:00.0002727" startTime="2025-09-27T02:16:08.8037460+00:00" endTime="2025-09-27T02:16:08.8040814+00:00" testType="13cdc9d9-ddb5-4fa4-a97d-d965ccfc6d4b" outcome="Passed" testListId="8c84fa94-04c1-424b-9868-57a2d4851a1d" relativeResultsDirectory="2affe5b3-f952-4d0f-a419-0fa3fc29ae9a" />
    <UnitTestResult executionId="a9d26e59-072e-47bb-bbe5-8c312dbf2f50" testId="963607af-3659-54b4-b8b0-8e932d52b380" testName="TestGrid ([(50, 100),(50, 100),(50, 100),(50, 100),(50, 100)],null,2,True,3,2,50,100,100,300)" computerName="runnervm747y6" duration="00:00:00.0001908" startTime="2025-09-27T02:16:08.7701940+00:00" endTime="2025-09-27T02:16:08.7704735+00:00" testType="13cdc9d9-ddb5-4fa4-a97d-d965ccfc6d4b" outcome="Passed" testListId="8c84fa94-04c1-424b-9868-57a2d4851a1d" relativeResultsDirectory="a9d26e59-072e-47bb-bbe5-8c312dbf2f50" />
    <UnitTestResult executionId="d68041d4-70bb-4da4-adcb-0de53c3eaf7f" testId="cf8785e3-514d-8dea-5e12-6140428c94c8" testName="TestGrid ([null,null,null,null,(50, 100)],null,null,True,3,3,50,100,150,300)" computerName="runnervm747y6" duration="00:00:00.0000564" startTime="2025-09-27T02:16:08.7707918+00:00" endTime="2025-09-27T02:16:08.7709219+00:00" testType="13cdc9d9-ddb5-4fa4-a97d-d965ccfc6d4b" outcome="Passed" testListId="8c84fa94-04c1-424b-9868-57a2d4851a1d" relativeResultsDirectory="d68041d4-70bb-4da4-adcb-0de53c3eaf7f" />
  </Results>
  <TestDefinitions>
    <UnitTest name="TestWidthHeight (5,10,1,2)" storage="d:\a\dotnet-monorepo\dotnet-monorepo\src\artifacts\bin\images.tests\release_win-x64\images.tests.dll" id="93775079-4445-1e3a-7bc9-149b99667e42">
      <Execution id="f615d04b-48c5-4ca6-ab18-6dacef644a3b" />
      <TestMethod codeBase="D:\a\dotnet-monorepo\dotnet-monorepo\src\artifacts\bin\Images.Tests\release_win-x64\Images.Tests.dll" adapterTypeName="executor://mstestadapter/v2" className="Images.Tests.SizeTests" name="TestWidthHeight" />
    </UnitTest>
    <UnitTest name="TestWidthHeight (10,5,2,1)" storage="d:\a\dotnet-monorepo\dotnet-monorepo\src\artifacts\bin\images.tests\release_win-x64\images.tests.dll" id="c7425364-8484-0570-01de-9423c65e9d48">
      <Execution id="2affe5b3-f952-4d0f-a419-0fa3fc29ae9a" />
      <TestMethod codeBase="D:\a\dotnet-monorepo\dotnet-monorepo\src\artifacts\bin\Images.Tests\release_win-x64\Images.Tests.dll" adapterTypeName="executor://mstestadapter/v2" className="Images.Tests.SizeTests" name="TestWidthHeight" />
    </UnitTest>
    <UnitTest name="TestGrid ([(50, 100),(50, 100),(50, 100),(50, 100),(50, 100)],null,null,True,3,3,50,100,150,300)" storage="d:\a\dotnet-monorepo\dotnet-monorepo\src\artifacts\bin\images.tests\release_win-x64\images.tests.dll" id="57a3604a-cdef-fe64-7ee8-fc38cbeacdc4">
      <Execution id="5a73910a-8c6c-4f4a-ac2c-3af2a1615af8" />
      <TestMethod codeBase="D:\a\dotnet-monorepo\dotnet-monorepo\src\artifacts\bin\Images.Tests\release_win-x64\Images.Tests.dll" adapterTypeName="executor://mstestadapter/v2" className="Images.Tests.GridTests" name="TestGrid" />
    </UnitTest>
    <UnitTest name="TestGrid ([(50, 100),(100, 50),(100, 50)],null,null,True,2,2,100,50,200,100)" storage="d:\a\dotnet-monorepo\dotnet-monorepo\src\artifacts\bin\images.tests\release_win-x64\images.tests.dll" id="3fcd9612-0f06-7b9c-12d3-2abb9046fbd3">
      <Execution id="681418d9-458c-43ca-8627-7dc4552105bb" />
      <TestMethod codeBase="D:\a\dotnet-monorepo\dotnet-monorepo\src\artifacts\bin\Images.Tests\release_win-x64\Images.Tests.dll" adapterTypeName="executor://mstestadapter/v2" className="Images.Tests.GridTests" name="TestGrid" />
    </UnitTest>
    <UnitTest name="TestGrid ([null,null,null,null,(50, 100)],null,null,True,3,3,50,100,150,300)" storage="d:\a\dotnet-monorepo\dotnet-monorepo\src\artifacts\bin\images.tests\release_win-x64\images.tests.dll" id="cf8785e3-514d-8dea-5e12-6140428c94c8">
      <Execution id="d68041d4-70bb-4da4-adcb-0de53c3eaf7f" />
      <TestMethod codeBase="D:\a\dotnet-monorepo\dotnet-monorepo\src\artifacts\bin\Images.Tests\release_win-x64\Images.Tests.dll" adapterTypeName="executor://mstestadapter/v2" className="Images.Tests.GridTests" name="TestGrid" />
    </UnitTest>
    <UnitTest name="TestInvalidWidth" storage="d:\a\dotnet-monorepo\dotnet-monorepo\src\artifacts\bin\images.tests\release_win-x64\images.tests.dll" id="1ab1b195-88a3-0321-d70a-3b31f3751420">
      <Execution id="b9fd45f3-7d16-4dfb-9773-313529fd3257" />
      <TestMethod codeBase="D:\a\dotnet-monorepo\dotnet-monorepo\src\artifacts\bin\Images.Tests\release_win-x64\Images.Tests.dll" adapterTypeName="executor://mstestadapter/v2" className="Images.Tests.SizeTests" name="TestInvalidWidth" />
    </UnitTest>
    <UnitTest name="TestGrid ([(50, 100),(50, 100),(50, 100)],null,null,True,2,2,50,100,100,200)" storage="d:\a\dotnet-monorepo\dotnet-monorepo\src\artifacts\bin\images.tests\release_win-x64\images.tests.dll" id="ca8196de-7878-f17d-bea7-cffcdf83710a">
      <Execution id="52c06254-e05c-4698-a3bb-9ad9536c61ad" />
      <TestMethod codeBase="D:\a\dotnet-monorepo\dotnet-monorepo\src\artifacts\bin\Images.Tests\release_win-x64\Images.Tests.dll" adapterTypeName="executor://mstestadapter/v2" className="Images.Tests.GridTests" name="TestGrid" />
    </UnitTest>
    <UnitTest name="TestGrid ([(50, 100),(50, 100),(50, 100),(50, 100),(50, 100)],null,2,True,3,2,50,100,100,300)" storage="d:\a\dotnet-monorepo\dotnet-monorepo\src\artifacts\bin\images.tests\release_win-x64\images.tests.dll" id="963607af-3659-54b4-b8b0-8e932d52b380">
      <Execution id="a9d26e59-072e-47bb-bbe5-8c312dbf2f50" />
      <TestMethod codeBase="D:\a\dotnet-monorepo\dotnet-monorepo\src\artifacts\bin\Images.Tests\release_win-x64\Images.Tests.dll" adapterTypeName="executor://mstestadapter/v2" className="Images.Tests.GridTests" name="TestGrid" />
    </UnitTest>
    <UnitTest name="TestInvalidHeight" storage="d:\a\dotnet-monorepo\dotnet-monorepo\src\artifacts\bin\images.tests\release_win-x64\images.tests.dll" id="dfe29475-5c15-fd7c-5326-8c444cf55067">
      <Execution id="b54baa52-ab41-4c47-965b-ceaa8d930f8b" />
      <TestMethod codeBase="D:\a\dotnet-monorepo\dotnet-monorepo\src\artifacts\bin\Images.Tests\release_win-x64\Images.Tests.dll" adapterTypeName="executor://mstestadapter/v2" className="Images.Tests.SizeTests" name="TestInvalidHeight" />
    </UnitTest>
    <UnitTest name="TestWidthHeight (1,1,1,1)" storage="d:\a\dotnet-monorepo\dotnet-monorepo\src\artifacts\bin\images.tests\release_win-x64\images.tests.dll" id="f05589c3-1c84-a6ae-301a-447e9266e7ec">
      <Execution id="fda4b11c-0053-4861-9a10-4a547f21e6c5" />
      <TestMethod codeBase="D:\a\dotnet-monorepo\dotnet-monorepo\src\artifacts\bin\Images.Tests\release_win-x64\Images.Tests.dll" adapterTypeName="executor://mstestadapter/v2" className="Images.Tests.SizeTests" name="TestWidthHeight" />
    </UnitTest>
    <UnitTest name="TestGrid ([(50, 100),(50, 100),(50, 100),(50, 100),(50, 100)],2,null,True,2,3,50,100,150,200)" storage="d:\a\dotnet-monorepo\dotnet-monorepo\src\artifacts\bin\images.tests\release_win-x64\images.tests.dll" id="87aff5fd-3d66-8fb8-d6ad-1c85228f9012">
      <Execution id="e35746ea-9189-4213-97ec-269a5a9bf663" />
      <TestMethod codeBase="D:\a\dotnet-monorepo\dotnet-monorepo\src\artifacts\bin\Images.Tests\release_win-x64\Images.Tests.dll" adapterTypeName="executor://mstestadapter/v2" className="Images.Tests.GridTests" name="TestGrid" />
    </UnitTest>
    <UnitTest name="TestGrid ([(50, 100),(50, 100),(50, 100)],null,null,False,2,2,25,50,50,100)" storage="d:\a\dotnet-monorepo\dotnet-monorepo\src\artifacts\bin\images.tests\release_win-x64\images.tests.dll" id="029854dc-f0bd-f878-58d8-d92151ec4155">
      <Execution id="c3c77b65-5b58-4763-b2c2-6aa1607906f0" />
      <TestMethod codeBase="D:\a\dotnet-monorepo\dotnet-monorepo\src\artifacts\bin\Images.Tests\release_win-x64\Images.Tests.dll" adapterTypeName="executor://mstestadapter/v2" className="Images.Tests.GridTests" name="TestGrid" />
    </UnitTest>
    <UnitTest name="TestGrid ([null,(50, 100),(50, 100)],1,null,True,1,3,50,100,150,100)" storage="d:\a\dotnet-monorepo\dotnet-monorepo\src\artifacts\bin\images.tests\release_win-x64\images.tests.dll" id="7a356ec5-3a84-9858-a682-b6618b661294">
      <Execution id="253e7b38-759a-404f-8c6c-9490543ff69a" />
      <TestMethod codeBase="D:\a\dotnet-monorepo\dotnet-monorepo\src\artifacts\bin\Images.Tests\release_win-x64\Images.Tests.dll" adapterTypeName="executor://mstestadapter/v2" className="Images.Tests.GridTests" name="TestGrid" />
    </UnitTest>
    <UnitTest name="TestGrid ([(50, 100),(50, 100),(100, 50)],null,null,True,2,2,50,100,100,200)" storage="d:\a\dotnet-monorepo\dotnet-monorepo\src\artifacts\bin\images.tests\release_win-x64\images.tests.dll" id="0b7b51e0-cc89-12c3-1047-6e5048d835c9">
      <Execution id="8f28b901-e26e-41bc-8e13-475b2f32d3e1" />
      <TestMethod codeBase="D:\a\dotnet-monorepo\dotnet-monorepo\src\artifacts\bin\Images.Tests\release_win-x64\Images.Tests.dll" adapterTypeName="executor://mstestadapter/v2" className="Images.Tests.GridTests" name="TestGrid" />
    </UnitTest>
  </TestDefinitions>
  <TestEntries>
    <TestEntry testId="0b7b51e0-cc89-12c3-1047-6e5048d835c9" executionId="8f28b901-e26e-41bc-8e13-475b2f32d3e1" testListId="8c84fa94-04c1-424b-9868-57a2d4851a1d" />
    <TestEntry testId="963607af-3659-54b4-b8b0-8e932d52b380" executionId="547703ba-8ce5-45a0-bf0a-a4e5e1e4a87b" testListId="8c84fa94-04c1-424b-9868-57a2d4851a1d" />
    <TestEntry testId="029854dc-f0bd-f878-58d8-d92151ec4155" executionId="c3c77b65-5b58-4763-b2c2-6aa1607906f0" testListId="8c84fa94-04c1-424b-9868-57a2d4851a1d" />
    <TestEntry testId="93775079-4445-1e3a-7bc9-149b99667e42" executionId="f615d04b-48c5-4ca6-ab18-6dacef644a3b" testListId="8c84fa94-04c1-424b-9868-57a2d4851a1d" />
    <TestEntry testId="dfe29475-5c15-fd7c-5326-8c444cf55067" executionId="b54baa52-ab41-4c47-965b-ceaa8d930f8b" testListId="8c84fa94-04c1-424b-9868-57a2d4851a1d" />
    <TestEntry testId="3fcd9612-0f06-7b9c-12d3-2abb9046fbd3" executionId="681418d9-458c-43ca-8627-7dc4552105bb" testListId="8c84fa94-04c1-424b-9868-57a2d4851a1d" />
    <TestEntry testId="7a356ec5-3a84-9858-a682-b6618b661294" executionId="253e7b38-759a-404f-8c6c-9490543ff69a" testListId="8c84fa94-04c1-424b-9868-57a2d4851a1d" />
    <TestEntry testId="ca8196de-7878-f17d-bea7-cffcdf83710a" executionId="52c06254-e05c-4698-a3bb-9ad9536c61ad" testListId="8c84fa94-04c1-424b-9868-57a2d4851a1d" />
    <TestEntry testId="57a3604a-cdef-fe64-7ee8-fc38cbeacdc4" executionId="5a73910a-8c6c-4f4a-ac2c-3af2a1615af8" testListId="8c84fa94-04c1-424b-9868-57a2d4851a1d" />
    <TestEntry testId="1ab1b195-88a3-0321-d70a-3b31f3751420" executionId="b9fd45f3-7d16-4dfb-9773-313529fd3257" testListId="8c84fa94-04c1-424b-9868-57a2d4851a1d" />
    <TestEntry testId="f05589c3-1c84-a6ae-301a-447e9266e7ec" executionId="fda4b11c-0053-4861-9a10-4a547f21e6c5" testListId="8c84fa94-04c1-424b-9868-57a2d4851a1d" />
    <TestEntry testId="87aff5fd-3d66-8fb8-d6ad-1c85228f9012" executionId="e35746ea-9189-4213-97ec-269a5a9bf663" testListId="8c84fa94-04c1-424b-9868-57a2d4851a1d" />
    <TestEntry testId="c7425364-8484-0570-01de-9423c65e9d48" executionId="2affe5b3-f952-4d0f-a419-0fa3fc29ae9a" testListId="8c84fa94-04c1-424b-9868-57a2d4851a1d" />
    <TestEntry testId="963607af-3659-54b4-b8b0-8e932d52b380" executionId="a9d26e59-072e-47bb-bbe5-8c312dbf2f50" testListId="8c84fa94-04c1-424b-9868-57a2d4851a1d" />
    <TestEntry testId="cf8785e3-514d-8dea-5e12-6140428c94c8" executionId="d68041d4-70bb-4da4-adcb-0de53c3eaf7f" testListId="8c84fa94-04c1-424b-9868-57a2d4851a1d" />
  </TestEntries>
  <TestLists>
    <TestList name="Results Not in a List" id="8c84fa94-04c1-424b-9868-57a2d4851a1d" />
    <TestList name="All Loaded Results" id="19431567-8539-422a-85d7-44ee4e166bda" />
  </TestLists>
  <ResultSummary outcome="Completed">
    <Counters total="15" executed="15" passed="15" failed="0" error="0" timeout="0" aborted="0" inconclusive="0" passedButRunAborted="0" notRunnable="0" notExecuted="0" disconnected="0" warning="0" completed="0" inProgress="0" pending="0" />
  </ResultSummary>
</TestRun>