<?xml version="1.0" encoding="utf-8"?>
<TestRun id="7af95224-9ce9-44e0-85a8-297b7328275c" name="runneradmin@runnervm747y6 2025-09-27 02:16:38" runUser="runnervm747y6\runneradmin" xmlns="http://microsoft.com/schemas/VisualStudio/TeamTest/2010">
  <Times creation="2025-09-27T02:16:38.5083276+00:00" queuing="2025-09-27T02:16:38.5083277+00:00" start="2025-09-27T02:16:37.8591913+00:00" finish="2025-09-27T02:16:38.5135584+00:00" />
  <TestSettings name="default" id="7f062737-eaef-44b7-857a-16c52ab7a4ad">
    <Deployment runDeploymentRoot="runneradmin_runnervm747y6_2025-09-27_02_16_38" />
  </TestSettings>
  <Results>
    <UnitTestResult executionId="b5da9bcc-89a6-4ac6-8072-dbef5e5e61d4" testId="3f55f553-92b2-3b0e-49f6-c92f9af720d3" testName="TestLoadReadingDirection (RTL)" computerName="runnervm747y6" duration="00:00:00.0002156" startTime="2025-09-27T02:16:38.3917210+00:00" endTime="2025-09-27T02:16:38.3931981+00:00" testType="13cdc9d9-ddb5-4fa4-a97d-d965ccfc6d4b" outcome="Passed" testListId="8c84fa94-04c1-424b-9868-57a2d4851a1d" relativeResultsDirectory="b5da9bcc-89a6-4ac6-8072-dbef5e5e61d4" />
    <UnitTestResult executionId="06a31fde-4166-4a64-9092-377d67d91696" testId="4768eb62-46f6-445d-40db-c827365ceab0" testName="TestLoadPageSpreads" computerName="runnervm747y6" duration="00:00:00.0237933" startTime="2025-09-27T02:16:38.3449662+00:00" endTime="2025-09-27T02:16:38.3849730+00:00" testType="13cdc9d9-ddb5-4fa4-a97d-d965ccfc6d4b" outcome="Passed" testListId="8c84fa94-04c1-424b-9868-57a2d4851a1d" relativeResultsDirectory="06a31fde-4166-4a64-9092-377d67d91696" />
    <UnitTestResult executionId="a16dc260-d97d-4fab-82f6-6719a0112541" testId="5b50d00f-c86a-9234-a4d7-09098321d126" testName="TestLoadReadingDirection (LTR)" computerName="runnervm747y6" duration="00:00:00.0009180" startTime="2025-09-27T02:16:38.3889310+00:00" endTime="2025-09-27T02:16:38.3914891+00:00" testType="13cdc9d9-ddb5-4fa4-a97d-d965ccfc6d4b" outcome="Passed" testListId="8c84fa94-04c1-424b-9868-57a2d4851a1d" relativeResultsDirectory="a16dc260-d97d-4fab-82f6-6719a0112541" />
  </Results>
  <TestDefinitions>
    <UnitTest name="TestLoadPageSpreads" storage="d:\a\dotnet-monorepo\dotnet-monorepo\src\artifacts\bin\imgproj.tests\release_win-x64\imgproj.tests.dll" id="4768eb62-46f6-445d-40db-c827365ceab0">
      <Execution id="06a31fde-4166-4a64-9092-377d67d91696" />
      <TestMethod codeBase="D:\a\dotnet-monorepo\dotnet-monorepo\src\artifacts\bin\ImgProj.Tests\release_win-x64\ImgProj.Tests.dll" adapterTypeName="executor://mstestadapter/v2" className="ImgProj.Tests.LoadingTests" name="TestLoadPageSpreads" />
    </UnitTest>
    <UnitTest name="TestLoadReadingDirection (LTR)" storage="d:\a\dotnet-monorepo\dotnet-monorepo\src\artifacts\bin\imgproj.tests\release_win-x64\imgproj.tests.dll" id="5b50d00f-c86a-9234-a4d7-09098321d126">
      <Execution id="a16dc260-d97d-4fab-82f6-6719a0112541" />
      <TestMethod codeBase="D:\a\dotnet-monorepo\dotnet-monorepo\src\artifacts\bin\ImgProj.Tests\release_win-x64\ImgProj.Tests.dll" adapterTypeName="executor://mstestadapter/v2" className="ImgProj.Tests.LoadingTests" name="TestLoadReadingDirection" />
    </UnitTest>
    <UnitTest name="TestLoadReadingDirection (RTL)" storage="d:\a\dotnet-monorepo\dotnet-monorepo\src\artifacts\bin\imgproj.tests\release_win-x64\imgproj.tests.dll" id="3f55f553-92b2-3b0e-49f6-c92f9af720d3">
      <Execution id="b5da9bcc-89a6-4ac6-8072-dbef5e5e61d4" />
      <TestMethod codeBase="D:\a\dotnet-monorepo\dotnet-monorepo\src\artifacts\bin\ImgProj.Tests\release_win-x64\ImgProj.Tests.dll" adapterTypeName="executor://mstestadapter/v2" className="ImgProj.Tests.LoadingTests" name="TestLoadReadingDirection" />
    </UnitTest>
  </TestDefinitions>
  <TestEntries>
    <TestEntry testId="3f55f553-92b2-3b0e-49f6-c92f9af720d3" executionId="b5da9bcc-89a6-4ac6-8072-dbef5e5e61d4" testListId="8c84fa94-04c1-424b-9868-57a2d4851a1d" />
    <TestEntry testId="4768eb62-46f6-445d-40db-c827365ceab0" executionId="06a31fde-4166-4a64-9092-377d67d91696" testListId="8c84fa94-04c1-424b-9868-57a2d4851a1d" />
    <TestEntry testId="5b50d00f-c86a-9234-a4d7-09098321d126" executionId="a16dc260-d97d-4fab-82f6-6719a0112541" testListId="8c84fa94-04c1-424b-9868-57a2d4851a1d" />
  </TestEntries>
  <TestLists>
    <TestList name="Results Not in a List" id="8c84fa94-04c1-424b-9868-57a2d4851a1d" />
    <TestList name="All Loaded Results" id="19431567-8539-422a-85d7-44ee4e166bda" />
  </TestLists>
  <ResultSummary outcome="Completed">
    <Counters total="3" executed="3" passed="3" failed="0" error="0" timeout="0" aborted="0" inconclusive="0" passedButRunAborted="0" notRunnable="0" notExecuted="0" disconnected="0" warning="0" completed="0" inProgress="0" pending="0" />
  </ResultSummary>
</TestRun>