<?xml version="1.0" encoding="utf-8"?>
<TestRun id="9ebbe5d9-d0c5-4692-b08c-be37c325c990" name="@sjc20-bb714-be9a9e78-8985-4d11-aa46-7f7cc3435662-86C6214C293B 2025-09-27 02:15:16" xmlns="http://microsoft.com/schemas/VisualStudio/TeamTest/2010">
  <Times creation="2025-09-27T02:15:16.1421670+00:00" queuing="2025-09-27T02:15:16.1421670+00:00" start="2025-09-27T02:15:15.5394220+00:00" finish="2025-09-27T02:15:16.1451040+00:00" />
  <TestSettings name="default" id="4dde3ace-9054-4dc7-bc23-eec49c174c81">
    <Deployment runDeploymentRoot="_sjc20-bb714-be9a9e78-8985-4d11-aa46-7f7cc3435662-86C6214C293B_2025-09-27_02_15_16" />
  </TestSettings>
  <Results>
    <UnitTestResult executionId="94a08503-a505-47f5-9e4e-bbceb683cf06" testId="3f55f553-92b2-3b0e-49f6-c92f9af720d3" testName="TestLoadReadingDirection (RTL)" computerName="sjc20-bb714-be9a9e78-8985-4d11-aa46-7f7cc3435662-86C6214C293B" duration="00:00:00.0001238" startTime="2025-09-27T02:15:16.0775030+00:00" endTime="2025-09-27T02:15:16.0782430+00:00" testType="13cdc9d9-ddb5-4fa4-a97d-d965ccfc6d4b" outcome="Passed" testListId="8c84fa94-04c1-424b-9868-57a2d4851a1d" relativeResultsDirectory="94a08503-a505-47f5-9e4e-bbceb683cf06" />
    <UnitTestResult executionId="2c35e38f-3bd4-41c8-aacb-fe1a51e25292" testId="4768eb62-46f6-445d-40db-c827365ceab0" testName="TestLoadPageSpreads" computerName="sjc20-bb714-be9a9e78-8985-4d11-aa46-7f7cc3435662-86C6214C293B" duration="00:00:00.0142817" startTime="2025-09-27T02:15:16.0500780+00:00" endTime="2025-09-27T02:15:16.0733120+00:00" testType="13cdc9d9-ddb5-4fa4-a97d-d965ccfc6d4b" outcome="Passed" testListId="8c84fa94-04c1-424b-9868-57a2d4851a1d" relativeResultsDirectory="2c35e38f-3bd4-41c8-aacb-fe1a51e25292" />
    <UnitTestResult executionId="2b424bc3-5ef9-4584-bd27-d1b205ff4639" testId="5b50d00f-c86a-9234-a4d7-09098321d126" testName="TestLoadReadingDirection (LTR)" computerName="sjc20-bb714-be9a9e78-8985-4d11-aa46-7f7cc3435662-86C6214C293B" duration="00:00:00.0005740" startTime="2025-09-27T02:15:16.0757820+00:00" endTime="2025-09-27T02:15:16.0773710+00:00" testType="13cdc9d9-ddb5-4fa4-a97d-d965ccfc6d4b" outcome="Passed" testListId="8c84fa94-04c1-424b-9868-57a2d4851a1d" relativeResultsDirectory="2b424bc3-5ef9-4584-bd27-d1b205ff4639" />
  </Results>
  <TestDefinitions>
    <UnitTest name="TestLoadPageSpreads" storage="/users/runner/work/dotnet-monorepo/dotnet-monorepo/src/artifacts/bin/imgproj.tests/release_osx-arm64/imgproj.tests.dll" id="4768eb62-46f6-445d-40db-c827365ceab0">
      <Execution id="2c35e38f-3bd4-41c8-aacb-fe1a51e25292" />
      <TestMethod codeBase="/Users/runner/work/dotnet-monorepo/dotnet-monorepo/src/artifacts/bin/ImgProj.Tests/release_osx-arm64/ImgProj.Tests.dll" adapterTypeName="executor://mstestadapter/v2" className="ImgProj.Tests.LoadingTests" name="TestLoadPageSpreads" />
    </UnitTest>
    <UnitTest name="TestLoadReadingDirection (LTR)" storage="/users/runner/work/dotnet-monorepo/dotnet-monorepo/src/artifacts/bin/imgproj.tests/release_osx-arm64/imgproj.tests.dll" id="5b50d00f-c86a-9234-a4d7-09098321d126">
      <Execution id="2b424bc3-5ef9-4584-bd27-d1b205ff4639" />
      <TestMethod codeBase="/Users/runner/work/dotnet-monorepo/dotnet-monorepo/src/artifacts/bin/ImgProj.Tests/release_osx-arm64/ImgProj.Tests.dll" adapterTypeName="executor://mstestadapter/v2" className="ImgProj.Tests.LoadingTests" name="TestLoadReadingDirection" />
    </UnitTest>
    <UnitTest name="TestLoadReadingDirection (RTL)" storage="/users/runner/work/dotnet-monorepo/dotnet-monorepo/src/artifacts/bin/imgproj.tests/release_osx-arm64/imgproj.tests.dll" id="3f55f553-92b2-3b0e-49f6-c92f9af720d3">
      <Execution id="94a08503-a505-47f5-9e4e-bbceb683cf06" />
      <TestMethod codeBase="/Users/runner/work/dotnet-monorepo/dotnet-monorepo/src/artifacts/bin/ImgProj.Tests/release_osx-arm64/ImgProj.Tests.dll" adapterTypeName="executor://mstestadapter/v2" className="ImgProj.Tests.LoadingTests" name="TestLoadReadingDirection" />
    </UnitTest>
  </TestDefinitions>
  <TestEntries>
    <TestEntry testId="3f55f553-92b2-3b0e-49f6-c92f9af720d3" executionId="94a08503-a505-47f5-9e4e-bbceb683cf06" testListId="8c84fa94-04c1-424b-9868-57a2d4851a1d" />
    <TestEntry testId="4768eb62-46f6-445d-40db-c827365ceab0" executionId="2c35e38f-3bd4-41c8-aacb-fe1a51e25292" testListId="8c84fa94-04c1-424b-9868-57a2d4851a1d" />
    <TestEntry testId="5b50d00f-c86a-9234-a4d7-09098321d126" executionId="2b424bc3-5ef9-4584-bd27-d1b205ff4639" testListId="8c84fa94-04c1-424b-9868-57a2d4851a1d" />
  </TestEntries>
  <TestLists>
    <TestList name="Results Not in a List" id="8c84fa94-04c1-424b-9868-57a2d4851a1d" />
    <TestList name="All Loaded Results" id="19431567-8539-422a-85d7-44ee4e166bda" />
  </TestLists>
  <ResultSummary outcome="Completed">
    <Counters total="3" executed="3" passed="3" failed="0" error="0" timeout="0" aborted="0" inconclusive="0" passedButRunAborted="0" notRunnable="0" notExecuted="0" disconnected="0" warning="0" completed="0" inProgress="0" pending="0" />
  </ResultSummary>
</TestRun>