<?xml version="1.0" encoding="utf-8"?>
<TestRun id="04e94e9e-ea76-4689-81de-186551196234" name="@runnervm3ublj 2025-09-27 02:14:55" xmlns="http://microsoft.com/schemas/VisualStudio/TeamTest/2010">
  <Times creation="2025-09-27T02:14:55.7836224+00:00" queuing="2025-09-27T02:14:55.7836224+00:00" start="2025-09-27T02:14:55.1881301+00:00" finish="2025-09-27T02:14:55.7890569+00:00" />
  <TestSettings name="default" id="be96b0b7-3dbf-43a8-adca-677f530d055c">
    <Deployment runDeploymentRoot="_runnervm3ublj_2025-09-27_02_14_55" />
  </TestSettings>
  <Results>
    <UnitTestResult executionId="408cccbf-786e-450b-9d9d-2be8859ab8d1" testId="3f55f553-92b2-3b0e-49f6-c92f9af720d3" testName="TestLoadReadingDirection (RTL)" computerName="runnervm3ublj" duration="00:00:00.0002584" startTime="2025-09-27T02:14:55.6694657+00:00" endTime="2025-09-27T02:14:55.6710176+00:00" testType="13cdc9d9-ddb5-4fa4-a97d-d965ccfc6d4b" outcome="Passed" testListId="8c84fa94-04c1-424b-9868-57a2d4851a1d" relativeResultsDirectory="408cccbf-786e-450b-9d9d-2be8859ab8d1" />
    <UnitTestResult executionId="8b80137e-ff9a-4eb2-bea2-81817bcb6104" testId="4768eb62-46f6-445d-40db-c827365ceab0" testName="TestLoadPageSpreads" computerName="runnervm3ublj" duration="00:00:00.0236754" startTime="2025-09-27T02:14:55.6242199+00:00" endTime="2025-09-27T02:14:55.6628060+00:00" testType="13cdc9d9-ddb5-4fa4-a97d-d965ccfc6d4b" outcome="Passed" testListId="8c84fa94-04c1-424b-9868-57a2d4851a1d" relativeResultsDirectory="8b80137e-ff9a-4eb2-bea2-81817bcb6104" />
    <UnitTestResult executionId="3eaa3d99-c459-443d-b42c-2cbf89d4308b" testId="5b50d00f-c86a-9234-a4d7-09098321d126" testName="TestLoadReadingDirection (LTR)" computerName="runnervm3ublj" duration="00:00:00.0009945" startTime="2025-09-27T02:14:55.6665964+00:00" endTime="2025-09-27T02:14:55.6692283+00:00" testType="13cdc9d9-ddb5-4fa4-a97d-d965ccfc6d4b" outcome="Passed" testListId="8c84fa94-04c1-424b-9868-57a2d4851a1d" relativeResultsDirectory="3eaa3d99-c459-443d-b42c-2cbf89d4308b" />
  </Results>
  <TestDefinitions>
    <UnitTest name="TestLoadPageSpreads" storage="/home/runner/work/dotnet-monorepo/dotnet-monorepo/src/artifacts/bin/imgproj.tests/release_linux-x64/imgproj.tests.dll" id="4768eb62-46f6-445d-40db-c827365ceab0">
      <Execution id="8b80137e-ff9a-4eb2-bea2-81817bcb6104" />
      <TestMethod codeBase="/home/runner/work/dotnet-monorepo/dotnet-monorepo/src/artifacts/bin/ImgProj.Tests/release_linux-x64/ImgProj.Tests.dll" adapterTypeName="executor://mstestadapter/v2" className="ImgProj.Tests.LoadingTests" name="TestLoadPageSpreads" />
    </UnitTest>
    <UnitTest name="TestLoadReadingDirection (LTR)" storage="/home/runner/work/dotnet-monorepo/dotnet-monorepo/src/artifacts/bin/imgproj.tests/release_linux-x64/imgproj.tests.dll" id="5b50d00f-c86a-9234-a4d7-09098321d126">
      <Execution id="3eaa3d99-c459-443d-b42c-2cbf89d4308b" />
      <TestMethod codeBase="/home/runner/work/dotnet-monorepo/dotnet-monorepo/src/artifacts/bin/ImgProj.Tests/release_linux-x64/ImgProj.Tests.dll" adapterTypeName="executor://mstestadapter/v2" className="ImgProj.Tests.LoadingTests" name="TestLoadReadingDirection" />
    </UnitTest>
    <UnitTest name="TestLoadReadingDirection (RTL)" storage="/home/runner/work/dotnet-monorepo/dotnet-monorepo/src/artifacts/bin/imgproj.tests/release_linux-x64/imgproj.tests.dll" id="3f55f553-92b2-3b0e-49f6-c92f9af720d3">
      <Execution id="408cccbf-786e-450b-9d9d-2be8859ab8d1" />
      <TestMethod codeBase="/home/runner/work/dotnet-monorepo/dotnet-monorepo/src/artifacts/bin/ImgProj.Tests/release_linux-x64/ImgProj.Tests.dll" adapterTypeName="executor://mstestadapter/v2" className="ImgProj.Tests.LoadingTests" name="TestLoadReadingDirection" />
    </UnitTest>
  </TestDefinitions>
  <TestEntries>
    <TestEntry testId="3f55f553-92b2-3b0e-49f6-c92f9af720d3" executionId="408cccbf-786e-450b-9d9d-2be8859ab8d1" testListId="8c84fa94-04c1-424b-9868-57a2d4851a1d" />
    <TestEntry testId="4768eb62-46f6-445d-40db-c827365ceab0" executionId="8b80137e-ff9a-4eb2-bea2-81817bcb6104" testListId="8c84fa94-04c1-424b-9868-57a2d4851a1d" />
    <TestEntry testId="5b50d00f-c86a-9234-a4d7-09098321d126" executionId="3eaa3d99-c459-443d-b42c-2cbf89d4308b" testListId="8c84fa94-04c1-424b-9868-57a2d4851a1d" />
  </TestEntries>
  <TestLists>
    <TestList name="Results Not in a List" id="8c84fa94-04c1-424b-9868-57a2d4851a1d" />
    <TestList name="All Loaded Results" id="19431567-8539-422a-85d7-44ee4e166bda" />
  </TestLists>
  <ResultSummary outcome="Completed">
    <Counters total="3" executed="3" passed="3" failed="0" error="0" timeout="0" aborted="0" inconclusive="0" passedButRunAborted="0" notRunnable="0" notExecuted="0" disconnected="0" warning="0" completed="0" inProgress="0" pending="0" />
  </ResultSummary>
</TestRun>