<?xml version="1.0" encoding="utf-8"?>
<TestRun id="15c4059e-8da7-4f6e-95aa-f1e9c6e3006b" name="@Mac-1758936894240 2025-09-27 02:19:50" xmlns="http://microsoft.com/schemas/VisualStudio/TeamTest/2010">
  <Times creation="2025-09-27T02:19:50.0195020+00:00" queuing="2025-09-27T02:19:50.0195020+00:00" start="2025-09-27T02:19:48.6787680+00:00" finish="2025-09-27T02:19:50.0342810+00:00" />
  <TestSettings name="default" id="1c7629c0-a3af-4836-8f88-3493cc05e207">
    <Deployment runDeploymentRoot="_Mac-1758936894240_2025-09-27_02_19_50" />
  </TestSettings>
  <Results>
    <UnitTestResult executionId="765612a2-6de5-407d-9868-32318fdb10a3" testId="4768eb62-46f6-445d-40db-c827365ceab0" testName="TestLoadPageSpreads" computerName="Mac-1758936894240" duration="00:00:00.0644154" startTime="2025-09-27T02:19:49.6171990+00:00" endTime="2025-09-27T02:19:49.7170450+00:00" testType="13cdc9d9-ddb5-4fa4-a97d-d965ccfc6d4b" outcome="Passed" testListId="8c84fa94-04c1-424b-9868-57a2d4851a1d" relativeResultsDirectory="765612a2-6de5-407d-9868-32318fdb10a3" />
    <UnitTestResult executionId="b66baf63-ce11-4407-a463-f5e17b475fa3" testId="5b50d00f-c86a-9234-a4d7-09098321d126" testName="TestLoadReadingDirection (LTR)" computerName="Mac-1758936894240" duration="00:00:00.0106695" startTime="2025-09-27T02:19:49.7414170+00:00" endTime="2025-09-27T02:19:49.7589200+00:00" testType="13cdc9d9-ddb5-4fa4-a97d-d965ccfc6d4b" outcome="Passed" testListId="8c84fa94-04c1-424b-9868-57a2d4851a1d" relativeResultsDirectory="b66baf63-ce11-4407-a463-f5e17b475fa3" />
    <UnitTestResult executionId="079949ca-4e4c-46ff-b25e-9ea6f84a9f4d" testId="3f55f553-92b2-3b0e-49f6-c92f9af720d3" testName="TestLoadReadingDirection (RTL)" computerName="Mac-1758936894240" duration="00:00:00.0026189" startTime="2025-09-27T02:19:49.7629580+00:00" endTime="2025-09-27T02:19:49.7711950+00:00" testType="13cdc9d9-ddb5-4fa4-a97d-d965ccfc6d4b" outcome="Passed" testListId="8c84fa94-04c1-424b-9868-57a2d4851a1d" relativeResultsDirectory="079949ca-4e4c-46ff-b25e-9ea6f84a9f4d" />
  </Results>
  <TestDefinitions>
    <UnitTest name="TestLoadPageSpreads" storage="/users/runner/work/dotnet-monorepo/dotnet-monorepo/src/artifacts/bin/imgproj.tests/release_osx-x64/imgproj.tests.dll" id="4768eb62-46f6-445d-40db-c827365ceab0">
      <Execution id="765612a2-6de5-407d-9868-32318fdb10a3" />
      <TestMethod codeBase="/Users/runner/work/dotnet-monorepo/dotnet-monorepo/src/artifacts/bin/ImgProj.Tests/release_osx-x64/ImgProj.Tests.dll" adapterTypeName="executor://mstestadapter/v2" className="ImgProj.Tests.LoadingTests" name="TestLoadPageSpreads" />
    </UnitTest>
    <UnitTest name="TestLoadReadingDirection (LTR)" storage="/users/runner/work/dotnet-monorepo/dotnet-monorepo/src/artifacts/bin/imgproj.tests/release_osx-x64/imgproj.tests.dll" id="5b50d00f-c86a-9234-a4d7-09098321d126">
      <Execution id="b66baf63-ce11-4407-a463-f5e17b475fa3" />
      <TestMethod codeBase="/Users/runner/work/dotnet-monorepo/dotnet-monorepo/src/artifacts/bin/ImgProj.Tests/release_osx-x64/ImgProj.Tests.dll" adapterTypeName="executor://mstestadapter/v2" className="ImgProj.Tests.LoadingTests" name="TestLoadReadingDirection" />
    </UnitTest>
    <UnitTest name="TestLoadReadingDirection (RTL)" storage="/users/runner/work/dotnet-monorepo/dotnet-monorepo/src/artifacts/bin/imgproj.tests/release_osx-x64/imgproj.tests.dll" id="3f55f553-92b2-3b0e-49f6-c92f9af720d3">
      <Execution id="079949ca-4e4c-46ff-b25e-9ea6f84a9f4d" />
      <TestMethod codeBase="/Users/runner/work/dotnet-monorepo/dotnet-monorepo/src/artifacts/bin/ImgProj.Tests/release_osx-x64/ImgProj.Tests.dll" adapterTypeName="executor://mstestadapter/v2" className="ImgProj.Tests.LoadingTests" name="TestLoadReadingDirection" />
    </UnitTest>
  </TestDefinitions>
  <TestEntries>
    <TestEntry testId="4768eb62-46f6-445d-40db-c827365ceab0" executionId="765612a2-6de5-407d-9868-32318fdb10a3" testListId="8c84fa94-04c1-424b-9868-57a2d4851a1d" />
    <TestEntry testId="5b50d00f-c86a-9234-a4d7-09098321d126" executionId="b66baf63-ce11-4407-a463-f5e17b475fa3" testListId="8c84fa94-04c1-424b-9868-57a2d4851a1d" />
    <TestEntry testId="3f55f553-92b2-3b0e-49f6-c92f9af720d3" executionId="079949ca-4e4c-46ff-b25e-9ea6f84a9f4d" testListId="8c84fa94-04c1-424b-9868-57a2d4851a1d" />
  </TestEntries>
  <TestLists>
    <TestList name="Results Not in a List" id="8c84fa94-04c1-424b-9868-57a2d4851a1d" />
    <TestList name="All Loaded Results" id="19431567-8539-422a-85d7-44ee4e166bda" />
  </TestLists>
  <ResultSummary outcome="Completed">
    <Counters total="3" executed="3" passed="3" failed="0" error="0" timeout="0" aborted="0" inconclusive="0" passedButRunAborted="0" notRunnable="0" notExecuted="0" disconnected="0" warning="0" completed="0" inProgress="0" pending="0" />
  </ResultSummary>
</TestRun>