<?xml version="1.0" encoding="utf-8"?>
<TestRun id="0373d7e2-c1a4-4194-a67b-d9ede4fa5ccc" name="@runnervm3ublj 2025-09-27 02:15:00" xmlns="http://microsoft.com/schemas/VisualStudio/TeamTest/2010">
  <Times creation="2025-09-27T02:15:00.8725503+00:00" queuing="2025-09-27T02:15:00.8725503+00:00" start="2025-09-27T02:15:00.4146222+00:00" finish="2025-09-27T02:15:00.8729745+00:00" />
  <TestSettings name="default" id="ce355b69-908b-45e1-a804-1061bb8b601e">
    <Deployment runDeploymentRoot="_runnervm3ublj_2025-09-27_02_15_00" />
  </TestSettings>
  <TestLists>
    <TestList name="Results Not in a List" id="8c84fa94-04c1-424b-9868-57a2d4851a1d" />
    <TestList name="All Loaded Results" id="19431567-8539-422a-85d7-44ee4e166bda" />
  </TestLists>
  <ResultSummary outcome="Completed">
    <Counters total="0" executed="0" passed="0" failed="0" error="0" timeout="0" aborted="0" inconclusive="0" passedButRunAborted="0" notRunnable="0" notExecuted="0" disconnected="0" warning="0" completed="0" inProgress="0" pending="0" />
    <RunInfos>
      <RunInfo computerName="runnervm3ublj" outcome="Warning" timestamp="2025-09-27T02:15:00.8170494+00:00">
        <Text>No test is available in /home/runner/work/dotnet-monorepo/dotnet-monorepo/src/artifacts/bin/Logging.Tests/release_linux-x64/Logging.Tests.dll. Make sure that test discoverer &amp; executors are registered and platform &amp; framework version settings are appropriate and try again.</Text>
      </RunInfo>
    </RunInfos>
  </ResultSummary>
</TestRun>