<?xml version="1.0" encoding="utf-8"?>
<TestRun id="47ab85d3-795b-48dd-888d-d5d4ae85425f" name="runneradmin@runnervm747y6 2025-09-27 02:16:10" runUser="runnervm747y6\runneradmin" xmlns="http://microsoft.com/schemas/VisualStudio/TeamTest/2010">
  <Times creation="2025-09-27T02:16:10.5509138+00:00" queuing="2025-09-27T02:16:10.5509140+00:00" start="2025-09-27T02:16:09.9145079+00:00" finish="2025-09-27T02:16:10.5561751+00:00" />
  <TestSettings name="default" id="85412354-a96c-4d78-9b5b-d01e978fc6dd">
    <Deployment runDeploymentRoot="runneradmin_runnervm747y6_2025-09-27_02_16_10" />
  </TestSettings>
  <Results>
    <UnitTestResult executionId="6efba8f8-bfb0-4e07-bcab-e44e5face617" testId="98bfafe3-2443-202d-87a1-9d2c658ab147" testName="TestNoEmptyArrays" computerName="runnervm747y6" duration="00:00:00.0110304" startTime="2025-09-27T02:16:10.3928067+00:00" endTime="2025-09-27T02:16:10.4196788+00:00" testType="13cdc9d9-ddb5-4fa4-a97d-d965ccfc6d4b" outcome="Passed" testListId="8c84fa94-04c1-424b-9868-57a2d4851a1d" relativeResultsDirectory="6efba8f8-bfb0-4e07-bcab-e44e5face617" />
    <UnitTestResult executionId="61a7efaf-c934-4f8f-a6f4-370acf7e08f9" testId="f271161e-315a-b78c-a2e8-d1fc41692774" testName="TestMultipleFileExtensionsForOneMediaType" computerName="runnervm747y6" duration="00:00:00.0113286" startTime="2025-09-27T02:16:10.4235781+00:00" endTime="2025-09-27T02:16:10.4365912+00:00" testType="13cdc9d9-ddb5-4fa4-a97d-d965ccfc6d4b" outcome="Passed" testListId="8c84fa94-04c1-424b-9868-57a2d4851a1d" relativeResultsDirectory="61a7efaf-c934-4f8f-a6f4-370acf7e08f9" />
  </Results>
  <TestDefinitions>
    <UnitTest name="TestNoEmptyArrays" storage="d:\a\dotnet-monorepo\dotnet-monorepo\src\artifacts\bin\mediatypes.tests\release_win-x64\mediatypes.tests.dll" id="98bfafe3-2443-202d-87a1-9d2c658ab147">
      <Execution id="6efba8f8-bfb0-4e07-bcab-e44e5face617" />
      <TestMethod codeBase="D:\a\dotnet-monorepo\dotnet-monorepo\src\artifacts\bin\MediaTypes.Tests\release_win-x64\MediaTypes.Tests.dll" adapterTypeName="executor://mstestadapter/v2" className="MediaTypes.Tests.MediaTypeFileExtensionsMappingTests" name="TestNoEmptyArrays" />
    </UnitTest>
    <UnitTest name="TestMultipleFileExtensionsForOneMediaType" storage="d:\a\dotnet-monorepo\dotnet-monorepo\src\artifacts\bin\mediatypes.tests\release_win-x64\mediatypes.tests.dll" id="f271161e-315a-b78c-a2e8-d1fc41692774">
      <Execution id="61a7efaf-c934-4f8f-a6f4-370acf7e08f9" />
      <TestMethod codeBase="D:\a\dotnet-monorepo\dotnet-monorepo\src\artifacts\bin\MediaTypes.Tests\release_win-x64\MediaTypes.Tests.dll" adapterTypeName="executor://mstestadapter/v2" className="MediaTypes.Tests.MediaTypeFileExtensionsMappingTests" name="TestMultipleFileExtensionsForOneMediaType" />
    </UnitTest>
  </TestDefinitions>
  <TestEntries>
    <TestEntry testId="98bfafe3-2443-202d-87a1-9d2c658ab147" executionId="6efba8f8-bfb0-4e07-bcab-e44e5face617" testListId="8c84fa94-04c1-424b-9868-57a2d4851a1d" />
    <TestEntry testId="f271161e-315a-b78c-a2e8-d1fc41692774" executionId="61a7efaf-c934-4f8f-a6f4-370acf7e08f9" testListId="8c84fa94-04c1-424b-9868-57a2d4851a1d" />
  </TestEntries>
  <TestLists>
    <TestList name="Results Not in a List" id="8c84fa94-04c1-424b-9868-57a2d4851a1d" />
    <TestList name="All Loaded Results" id="19431567-8539-422a-85d7-44ee4e166bda" />
  </TestLists>
  <ResultSummary outcome="Completed">
    <Counters total="2" executed="2" passed="2" failed="0" error="0" timeout="0" aborted="0" inconclusive="0" passedButRunAborted="0" notRunnable="0" notExecuted="0" disconnected="0" warning="0" completed="0" inProgress="0" pending="0" />
  </ResultSummary>
</TestRun>