<?xml version="1.0" encoding="utf-8"?>
<TestRun id="a5f1e759-d006-45d2-b86c-44a00a2ce221" name="@sjc20-bb714-be9a9e78-8985-4d11-aa46-7f7cc3435662-86C6214C293B 2025-09-27 02:14:56" xmlns="http://microsoft.com/schemas/VisualStudio/TeamTest/2010">
  <Times creation="2025-09-27T02:14:56.4032590+00:00" queuing="2025-09-27T02:14:56.4032590+00:00" start="2025-09-27T02:14:55.6324830+00:00" finish="2025-09-27T02:14:56.4244680+00:00" />
  <TestSettings name="default" id="9344ec70-7778-4099-aca0-16af2dbcc04d">
    <Deployment runDeploymentRoot="_sjc20-bb714-be9a9e78-8985-4d11-aa46-7f7cc3435662-86C6214C293B_2025-09-27_02_14_56" />
  </TestSettings>
  <Results>
    <UnitTestResult executionId="0be9360a-75b9-4e58-9a35-f2f9f5ee302b" testId="98bfafe3-2443-202d-87a1-9d2c658ab147" testName="TestNoEmptyArrays" computerName="sjc20-bb714-be9a9e78-8985-4d11-aa46-7f7cc3435662-86C6214C293B" duration="00:00:00.0106345" startTime="2025-09-27T02:14:56.2496160+00:00" endTime="2025-09-27T02:14:56.2798820+00:00" testType="13cdc9d9-ddb5-4fa4-a97d-d965ccfc6d4b" outcome="Passed" testListId="8c84fa94-04c1-424b-9868-57a2d4851a1d" relativeResultsDirectory="0be9360a-75b9-4e58-9a35-f2f9f5ee302b" />
    <UnitTestResult executionId="a65e8e7a-7484-4062-98ee-c70a07490f6b" testId="f271161e-315a-b78c-a2e8-d1fc41692774" testName="TestMultipleFileExtensionsForOneMediaType" computerName="sjc20-bb714-be9a9e78-8985-4d11-aa46-7f7cc3435662-86C6214C293B" duration="00:00:00.0075627" startTime="2025-09-27T02:14:56.2834270+00:00" endTime="2025-09-27T02:14:56.2921210+00:00" testType="13cdc9d9-ddb5-4fa4-a97d-d965ccfc6d4b" outcome="Passed" testListId="8c84fa94-04c1-424b-9868-57a2d4851a1d" relativeResultsDirectory="a65e8e7a-7484-4062-98ee-c70a07490f6b" />
  </Results>
  <TestDefinitions>
    <UnitTest name="TestNoEmptyArrays" storage="/users/runner/work/dotnet-monorepo/dotnet-monorepo/src/artifacts/bin/mediatypes.tests/release_osx-arm64/mediatypes.tests.dll" id="98bfafe3-2443-202d-87a1-9d2c658ab147">
      <Execution id="0be9360a-75b9-4e58-9a35-f2f9f5ee302b" />
      <TestMethod codeBase="/Users/runner/work/dotnet-monorepo/dotnet-monorepo/src/artifacts/bin/MediaTypes.Tests/release_osx-arm64/MediaTypes.Tests.dll" adapterTypeName="executor://mstestadapter/v2" className="MediaTypes.Tests.MediaTypeFileExtensionsMappingTests" name="TestNoEmptyArrays" />
    </UnitTest>
    <UnitTest name="TestMultipleFileExtensionsForOneMediaType" storage="/users/runner/work/dotnet-monorepo/dotnet-monorepo/src/artifacts/bin/mediatypes.tests/release_osx-arm64/mediatypes.tests.dll" id="f271161e-315a-b78c-a2e8-d1fc41692774">
      <Execution id="a65e8e7a-7484-4062-98ee-c70a07490f6b" />
      <TestMethod codeBase="/Users/runner/work/dotnet-monorepo/dotnet-monorepo/src/artifacts/bin/MediaTypes.Tests/release_osx-arm64/MediaTypes.Tests.dll" adapterTypeName="executor://mstestadapter/v2" className="MediaTypes.Tests.MediaTypeFileExtensionsMappingTests" name="TestMultipleFileExtensionsForOneMediaType" />
    </UnitTest>
  </TestDefinitions>
  <TestEntries>
    <TestEntry testId="98bfafe3-2443-202d-87a1-9d2c658ab147" executionId="0be9360a-75b9-4e58-9a35-f2f9f5ee302b" testListId="8c84fa94-04c1-424b-9868-57a2d4851a1d" />
    <TestEntry testId="f271161e-315a-b78c-a2e8-d1fc41692774" executionId="a65e8e7a-7484-4062-98ee-c70a07490f6b" testListId="8c84fa94-04c1-424b-9868-57a2d4851a1d" />
  </TestEntries>
  <TestLists>
    <TestList name="Results Not in a List" id="8c84fa94-04c1-424b-9868-57a2d4851a1d" />
    <TestList name="All Loaded Results" id="19431567-8539-422a-85d7-44ee4e166bda" />
  </TestLists>
  <ResultSummary outcome="Completed">
    <Counters total="2" executed="2" passed="2" failed="0" error="0" timeout="0" aborted="0" inconclusive="0" passedButRunAborted="0" notRunnable="0" notExecuted="0" disconnected="0" warning="0" completed="0" inProgress="0" pending="0" />
  </ResultSummary>
</TestRun>