<?xml version="1.0" encoding="utf-8"?>
<TestRun id="f18f7a6b-7e4c-421c-8080-4a12bb45b37e" name="@Mac-1758936894240 2025-09-27 02:19:21" xmlns="http://microsoft.com/schemas/VisualStudio/TeamTest/2010">
  <Times creation="2025-09-27T02:19:21.0734010+00:00" queuing="2025-09-27T02:19:21.0734010+00:00" start="2025-09-27T02:19:19.6617260+00:00" finish="2025-09-27T02:19:21.0889160+00:00" />
  <TestSettings name="default" id="ce790bf8-7257-4696-9539-12be6c599711">
    <Deployment runDeploymentRoot="_Mac-1758936894240_2025-09-27_02_19_21" />
  </TestSettings>
  <Results>
    <UnitTestResult executionId="52037deb-72a5-4d18-9cb8-a17e4e57d2d8" testId="98bfafe3-2443-202d-87a1-9d2c658ab147" testName="TestNoEmptyArrays" computerName="Mac-1758936894240" duration="00:00:00.0167364" startTime="2025-09-27T02:19:20.8245500+00:00" endTime="2025-09-27T02:19:20.8665730+00:00" testType="13cdc9d9-ddb5-4fa4-a97d-d965ccfc6d4b" outcome="Passed" testListId="8c84fa94-04c1-424b-9868-57a2d4851a1d" relativeResultsDirectory="52037deb-72a5-4d18-9cb8-a17e4e57d2d8" />
    <UnitTestResult executionId="17087346-b546-4d3e-af54-60d9bca80138" testId="f271161e-315a-b78c-a2e8-d1fc41692774" testName="TestMultipleFileExtensionsForOneMediaType" computerName="Mac-1758936894240" duration="00:00:00.0223085" startTime="2025-09-27T02:19:20.8733680+00:00" endTime="2025-09-27T02:19:20.8996060+00:00" testType="13cdc9d9-ddb5-4fa4-a97d-d965ccfc6d4b" outcome="Passed" testListId="8c84fa94-04c1-424b-9868-57a2d4851a1d" relativeResultsDirectory="17087346-b546-4d3e-af54-60d9bca80138" />
  </Results>
  <TestDefinitions>
    <UnitTest name="TestNoEmptyArrays" storage="/users/runner/work/dotnet-monorepo/dotnet-monorepo/src/artifacts/bin/mediatypes.tests/release_osx-x64/mediatypes.tests.dll" id="98bfafe3-2443-202d-87a1-9d2c658ab147">
      <Execution id="52037deb-72a5-4d18-9cb8-a17e4e57d2d8" />
      <TestMethod codeBase="/Users/runner/work/dotnet-monorepo/dotnet-monorepo/src/artifacts/bin/MediaTypes.Tests/release_osx-x64/MediaTypes.Tests.dll" adapterTypeName="executor://mstestadapter/v2" className="MediaTypes.Tests.MediaTypeFileExtensionsMappingTests" name="TestNoEmptyArrays" />
    </UnitTest>
    <UnitTest name="TestMultipleFileExtensionsForOneMediaType" storage="/users/runner/work/dotnet-monorepo/dotnet-monorepo/src/artifacts/bin/mediatypes.tests/release_osx-x64/mediatypes.tests.dll" id="f271161e-315a-b78c-a2e8-d1fc41692774">
      <Execution id="17087346-b546-4d3e-af54-60d9bca80138" />
      <TestMethod codeBase="/Users/runner/work/dotnet-monorepo/dotnet-monorepo/src/artifacts/bin/MediaTypes.Tests/release_osx-x64/MediaTypes.Tests.dll" adapterTypeName="executor://mstestadapter/v2" className="MediaTypes.Tests.MediaTypeFileExtensionsMappingTests" name="TestMultipleFileExtensionsForOneMediaType" />
    </UnitTest>
  </TestDefinitions>
  <TestEntries>
    <TestEntry testId="98bfafe3-2443-202d-87a1-9d2c658ab147" executionId="52037deb-72a5-4d18-9cb8-a17e4e57d2d8" testListId="8c84fa94-04c1-424b-9868-57a2d4851a1d" />
    <TestEntry testId="f271161e-315a-b78c-a2e8-d1fc41692774" executionId="17087346-b546-4d3e-af54-60d9bca80138" testListId="8c84fa94-04c1-424b-9868-57a2d4851a1d" />
  </TestEntries>
  <TestLists>
    <TestList name="Results Not in a List" id="8c84fa94-04c1-424b-9868-57a2d4851a1d" />
    <TestList name="All Loaded Results" id="19431567-8539-422a-85d7-44ee4e166bda" />
  </TestLists>
  <ResultSummary outcome="Completed">
    <Counters total="2" executed="2" passed="2" failed="0" error="0" timeout="0" aborted="0" inconclusive="0" passedButRunAborted="0" notRunnable="0" notExecuted="0" disconnected="0" warning="0" completed="0" inProgress="0" pending="0" />
  </ResultSummary>
</TestRun>