<?xml version="1.0" encoding="utf-8"?>
<TestRun id="c63b8f42-b6e8-4af3-87bc-a78d711a5eca" name="@Mac-1758936894240 2025-09-27 02:19:52" xmlns="http://microsoft.com/schemas/VisualStudio/TeamTest/2010">
  <Times creation="2025-09-27T02:19:52.5721270+00:00" queuing="2025-09-27T02:19:52.5721270+00:00" start="2025-09-27T02:19:51.6555090+00:00" finish="2025-09-27T02:19:52.5727820+00:00" />
  <TestSettings name="default" id="5bc81099-cd38-46cb-b317-9c36eb671bb0">
    <Deployment runDeploymentRoot="_Mac-1758936894240_2025-09-27_02_19_52" />
  </TestSettings>
  <TestLists>
    <TestList name="Results Not in a List" id="8c84fa94-04c1-424b-9868-57a2d4851a1d" />
    <TestList name="All Loaded Results" id="19431567-8539-422a-85d7-44ee4e166bda" />
  </TestLists>
  <ResultSummary outcome="Completed">
    <Counters total="0" executed="0" passed="0" failed="0" error="0" timeout="0" aborted="0" inconclusive="0" passedButRunAborted="0" notRunnable="0" notExecuted="0" disconnected="0" warning="0" completed="0" inProgress="0" pending="0" />
    <RunInfos>
      <RunInfo computerName="Mac-1758936894240" outcome="Warning" timestamp="2025-09-27T02:19:52.4788930+00:00">
        <Text>No test is available in /Users/runner/work/dotnet-monorepo/dotnet-monorepo/src/artifacts/bin/PdfProj.Tests/release_osx-x64/PdfProj.Tests.dll. Make sure that test discoverer &amp; executors are registered and platform &amp; framework version settings are appropriate and try again.</Text>
      </RunInfo>
    </RunInfos>
  </ResultSummary>
</TestRun>