<?xml version="1.0" encoding="utf-8"?>
<TestRun id="346ffbe8-6a6c-479b-acab-9def4b4dc3ac" name="runneradmin@runnervm747y6 2025-09-27 02:16:14" runUser="runnervm747y6\runneradmin" xmlns="http://microsoft.com/schemas/VisualStudio/TeamTest/2010">
  <Times creation="2025-09-27T02:16:14.0804819+00:00" queuing="2025-09-27T02:16:14.0804820+00:00" start="2025-09-27T02:16:13.0731863+00:00" finish="2025-09-27T02:16:14.0867770+00:00" />
  <TestSettings name="default" id="da73fc74-68e8-428d-82f9-5ca7a570ab2a">
    <Deployment runDeploymentRoot="runneradmin_runnervm747y6_2025-09-27_02_16_14" />
  </TestSettings>
  <Results>
    <UnitTestResult executionId="afb03d36-0689-4d5a-9e0f-aa33c4a47a9d" testId="4fd9a3a3-12a2-8ee7-e246-b332f4fcea97" testName="TestNonZeroExitCode" computerName="runnervm747y6" duration="00:00:00.1950582" startTime="2025-09-27T02:16:13.7527656+00:00" endTime="2025-09-27T02:16:13.9497940+00:00" testType="13cdc9d9-ddb5-4fa4-a97d-d965ccfc6d4b" outcome="Passed" testListId="8c84fa94-04c1-424b-9868-57a2d4851a1d" relativeResultsDirectory="afb03d36-0689-4d5a-9e0f-aa33c4a47a9d" />
    <UnitTestResult executionId="9c50e05b-d0c3-49f6-9de9-69e5bb41af47" testId="a4981429-de39-0147-847c-1e12d2fa3351" testName="TestZeroExitCode" computerName="runnervm747y6" duration="00:00:00.1888899" startTime="2025-09-27T02:16:13.5421716+00:00" endTime="2025-09-27T02:16:13.7486654+00:00" testType="13cdc9d9-ddb5-4fa4-a97d-d965ccfc6d4b" outcome="Passed" testListId="8c84fa94-04c1-424b-9868-57a2d4851a1d" relativeResultsDirectory="9c50e05b-d0c3-49f6-9de9-69e5bb41af47" />
  </Results>
  <TestDefinitions>
    <UnitTest name="TestZeroExitCode" storage="d:\a\dotnet-monorepo\dotnet-monorepo\src\artifacts\bin\subprocesses.tests\release_win-x64\subprocesses.tests.dll" id="a4981429-de39-0147-847c-1e12d2fa3351">
      <Execution id="9c50e05b-d0c3-49f6-9de9-69e5bb41af47" />
      <TestMethod codeBase="D:\a\dotnet-monorepo\dotnet-monorepo\src\artifacts\bin\Subprocesses.Tests\release_win-x64\Subprocesses.Tests.dll" adapterTypeName="executor://mstestadapter/v2" className="Subprocesses.Tests.SubprocessRunnerTests" name="TestZeroExitCode" />
    </UnitTest>
    <UnitTest name="TestNonZeroExitCode" storage="d:\a\dotnet-monorepo\dotnet-monorepo\src\artifacts\bin\subprocesses.tests\release_win-x64\subprocesses.tests.dll" id="4fd9a3a3-12a2-8ee7-e246-b332f4fcea97">
      <Execution id="afb03d36-0689-4d5a-9e0f-aa33c4a47a9d" />
      <TestMethod codeBase="D:\a\dotnet-monorepo\dotnet-monorepo\src\artifacts\bin\Subprocesses.Tests\release_win-x64\Subprocesses.Tests.dll" adapterTypeName="executor://mstestadapter/v2" className="Subprocesses.Tests.SubprocessRunnerTests" name="TestNonZeroExitCode" />
    </UnitTest>
  </TestDefinitions>
  <TestEntries>
    <TestEntry testId="4fd9a3a3-12a2-8ee7-e246-b332f4fcea97" executionId="afb03d36-0689-4d5a-9e0f-aa33c4a47a9d" testListId="8c84fa94-04c1-424b-9868-57a2d4851a1d" />
    <TestEntry testId="a4981429-de39-0147-847c-1e12d2fa3351" executionId="9c50e05b-d0c3-49f6-9de9-69e5bb41af47" testListId="8c84fa94-04c1-424b-9868-57a2d4851a1d" />
  </TestEntries>
  <TestLists>
    <TestList name="Results Not in a List" id="8c84fa94-04c1-424b-9868-57a2d4851a1d" />
    <TestList name="All Loaded Results" id="19431567-8539-422a-85d7-44ee4e166bda" />
  </TestLists>
  <ResultSummary outcome="Completed">
    <Counters total="2" executed="2" passed="2" failed="0" error="0" timeout="0" aborted="0" inconclusive="0" passedButRunAborted="0" notRunnable="0" notExecuted="0" disconnected="0" warning="0" completed="0" inProgress="0" pending="0" />
  </ResultSummary>
</TestRun>