<?xml version="1.0" encoding="utf-8"?>
<TestRun id="61e6e6ae-1b33-45e0-95ff-95483d4b4a9a" name="@sjc20-bb714-be9a9e78-8985-4d11-aa46-7f7cc3435662-86C6214C293B 2025-09-27 02:14:49" xmlns="http://microsoft.com/schemas/VisualStudio/TeamTest/2010">
  <Times creation="2025-09-27T02:14:49.4036720+00:00" queuing="2025-09-27T02:14:49.4036720+00:00" start="2025-09-27T02:14:48.3075930+00:00" finish="2025-09-27T02:14:49.4085670+00:00" />
  <TestSettings name="default" id="6394016c-ac20-4a13-a4fa-fabbb3b49032">
    <Deployment runDeploymentRoot="_sjc20-bb714-be9a9e78-8985-4d11-aa46-7f7cc3435662-86C6214C293B_2025-09-27_02_14_49" />
  </TestSettings>
  <Results>
    <UnitTestResult executionId="0b37a5b3-9954-48d3-9115-70db1b36edad" testId="4fd9a3a3-12a2-8ee7-e246-b332f4fcea97" testName="TestNonZeroExitCode" computerName="sjc20-bb714-be9a9e78-8985-4d11-aa46-7f7cc3435662-86C6214C293B" duration="00:00:00.2202883" startTime="2025-09-27T02:14:49.0795540+00:00" endTime="2025-09-27T02:14:49.3013830+00:00" testType="13cdc9d9-ddb5-4fa4-a97d-d965ccfc6d4b" outcome="Passed" testListId="8c84fa94-04c1-424b-9868-57a2d4851a1d" relativeResultsDirectory="0b37a5b3-9954-48d3-9115-70db1b36edad" />
    <UnitTestResult executionId="7641bfa9-0234-4c6c-8cd9-7d300d51266e" testId="a4981429-de39-0147-847c-1e12d2fa3351" testName="TestZeroExitCode" computerName="sjc20-bb714-be9a9e78-8985-4d11-aa46-7f7cc3435662-86C6214C293B" duration="00:00:00.1508283" startTime="2025-09-27T02:14:48.9142910+00:00" endTime="2025-09-27T02:14:49.0762190+00:00" testType="13cdc9d9-ddb5-4fa4-a97d-d965ccfc6d4b" outcome="Passed" testListId="8c84fa94-04c1-424b-9868-57a2d4851a1d" relativeResultsDirectory="7641bfa9-0234-4c6c-8cd9-7d300d51266e" />
  </Results>
  <TestDefinitions>
    <UnitTest name="TestZeroExitCode" storage="/users/runner/work/dotnet-monorepo/dotnet-monorepo/src/artifacts/bin/subprocesses.tests/release_osx-arm64/subprocesses.tests.dll" id="a4981429-de39-0147-847c-1e12d2fa3351">
      <Execution id="7641bfa9-0234-4c6c-8cd9-7d300d51266e" />
      <TestMethod codeBase="/Users/runner/work/dotnet-monorepo/dotnet-monorepo/src/artifacts/bin/Subprocesses.Tests/release_osx-arm64/Subprocesses.Tests.dll" adapterTypeName="executor://mstestadapter/v2" className="Subprocesses.Tests.SubprocessRunnerTests" name="TestZeroExitCode" />
    </UnitTest>
    <UnitTest name="TestNonZeroExitCode" storage="/users/runner/work/dotnet-monorepo/dotnet-monorepo/src/artifacts/bin/subprocesses.tests/release_osx-arm64/subprocesses.tests.dll" id="4fd9a3a3-12a2-8ee7-e246-b332f4fcea97">
      <Execution id="0b37a5b3-9954-48d3-9115-70db1b36edad" />
      <TestMethod codeBase="/Users/runner/work/dotnet-monorepo/dotnet-monorepo/src/artifacts/bin/Subprocesses.Tests/release_osx-arm64/Subprocesses.Tests.dll" adapterTypeName="executor://mstestadapter/v2" className="Subprocesses.Tests.SubprocessRunnerTests" name="TestNonZeroExitCode" />
    </UnitTest>
  </TestDefinitions>
  <TestEntries>
    <TestEntry testId="4fd9a3a3-12a2-8ee7-e246-b332f4fcea97" executionId="0b37a5b3-9954-48d3-9115-70db1b36edad" testListId="8c84fa94-04c1-424b-9868-57a2d4851a1d" />
    <TestEntry testId="a4981429-de39-0147-847c-1e12d2fa3351" executionId="7641bfa9-0234-4c6c-8cd9-7d300d51266e" testListId="8c84fa94-04c1-424b-9868-57a2d4851a1d" />
  </TestEntries>
  <TestLists>
    <TestList name="Results Not in a List" id="8c84fa94-04c1-424b-9868-57a2d4851a1d" />
    <TestList name="All Loaded Results" id="19431567-8539-422a-85d7-44ee4e166bda" />
  </TestLists>
  <ResultSummary outcome="Completed">
    <Counters total="2" executed="2" passed="2" failed="0" error="0" timeout="0" aborted="0" inconclusive="0" passedButRunAborted="0" notRunnable="0" notExecuted="0" disconnected="0" warning="0" completed="0" inProgress="0" pending="0" />
  </ResultSummary>
</TestRun>