<?xml version="1.0" encoding="utf-8"?>
<TestRun id="a29c1899-3c38-4e53-8754-b5b3d170bd3b" name="@runnervm3ublj 2025-09-27 02:14:16" xmlns="http://microsoft.com/schemas/VisualStudio/TeamTest/2010">
  <Times creation="2025-09-27T02:14:16.4419872+00:00" queuing="2025-09-27T02:14:16.4419873+00:00" start="2025-09-27T02:14:15.5462550+00:00" finish="2025-09-27T02:14:16.4482812+00:00" />
  <TestSettings name="default" id="c7b59ac7-cd11-4583-8c11-a1ad4e68caaf">
    <Deployment runDeploymentRoot="_runnervm3ublj_2025-09-27_02_14_16" />
  </TestSettings>
  <Results>
    <UnitTestResult executionId="0b0b4799-ff53-4f6b-a271-e69fd2b8e7cc" testId="a4981429-de39-0147-847c-1e12d2fa3351" testName="TestZeroExitCode" computerName="runnervm3ublj" duration="00:00:00.1532048" startTime="2025-09-27T02:14:15.9827747+00:00" endTime="2025-09-27T02:14:16.1529755+00:00" testType="13cdc9d9-ddb5-4fa4-a97d-d965ccfc6d4b" outcome="Passed" testListId="8c84fa94-04c1-424b-9868-57a2d4851a1d" relativeResultsDirectory="0b0b4799-ff53-4f6b-a271-e69fd2b8e7cc" />
    <UnitTestResult executionId="af60e067-6554-44ce-8331-7f7f9a7c0e3d" testId="4fd9a3a3-12a2-8ee7-e246-b332f4fcea97" testName="TestNonZeroExitCode" computerName="runnervm3ublj" duration="00:00:00.1579652" startTime="2025-09-27T02:14:16.1570575+00:00" endTime="2025-09-27T02:14:16.3169236+00:00" testType="13cdc9d9-ddb5-4fa4-a97d-d965ccfc6d4b" outcome="Passed" testListId="8c84fa94-04c1-424b-9868-57a2d4851a1d" relativeResultsDirectory="af60e067-6554-44ce-8331-7f7f9a7c0e3d" />
  </Results>
  <TestDefinitions>
    <UnitTest name="TestZeroExitCode" storage="/home/runner/work/dotnet-monorepo/dotnet-monorepo/src/artifacts/bin/subprocesses.tests/release_linux-x64/subprocesses.tests.dll" id="a4981429-de39-0147-847c-1e12d2fa3351">
      <Execution id="0b0b4799-ff53-4f6b-a271-e69fd2b8e7cc" />
      <TestMethod codeBase="/home/runner/work/dotnet-monorepo/dotnet-monorepo/src/artifacts/bin/Subprocesses.Tests/release_linux-x64/Subprocesses.Tests.dll" adapterTypeName="executor://mstestadapter/v2" className="Subprocesses.Tests.SubprocessRunnerTests" name="TestZeroExitCode" />
    </UnitTest>
    <UnitTest name="TestNonZeroExitCode" storage="/home/runner/work/dotnet-monorepo/dotnet-monorepo/src/artifacts/bin/subprocesses.tests/release_linux-x64/subprocesses.tests.dll" id="4fd9a3a3-12a2-8ee7-e246-b332f4fcea97">
      <Execution id="af60e067-6554-44ce-8331-7f7f9a7c0e3d" />
      <TestMethod codeBase="/home/runner/work/dotnet-monorepo/dotnet-monorepo/src/artifacts/bin/Subprocesses.Tests/release_linux-x64/Subprocesses.Tests.dll" adapterTypeName="executor://mstestadapter/v2" className="Subprocesses.Tests.SubprocessRunnerTests" name="TestNonZeroExitCode" />
    </UnitTest>
  </TestDefinitions>
  <TestEntries>
    <TestEntry testId="a4981429-de39-0147-847c-1e12d2fa3351" executionId="0b0b4799-ff53-4f6b-a271-e69fd2b8e7cc" testListId="8c84fa94-04c1-424b-9868-57a2d4851a1d" />
    <TestEntry testId="4fd9a3a3-12a2-8ee7-e246-b332f4fcea97" executionId="af60e067-6554-44ce-8331-7f7f9a7c0e3d" testListId="8c84fa94-04c1-424b-9868-57a2d4851a1d" />
  </TestEntries>
  <TestLists>
    <TestList name="Results Not in a List" id="8c84fa94-04c1-424b-9868-57a2d4851a1d" />
    <TestList name="All Loaded Results" id="19431567-8539-422a-85d7-44ee4e166bda" />
  </TestLists>
  <ResultSummary outcome="Completed">
    <Counters total="2" executed="2" passed="2" failed="0" error="0" timeout="0" aborted="0" inconclusive="0" passedButRunAborted="0" notRunnable="0" notExecuted="0" disconnected="0" warning="0" completed="0" inProgress="0" pending="0" />
  </ResultSummary>
</TestRun>