<?xml version="1.0" encoding="utf-8"?>
<TestRun id="892a4f75-76b2-4b96-9889-e6a553664648" name="@sjc20-bb714-be9a9e78-8985-4d11-aa46-7f7cc3435662-86C6214C293B 2025-09-27 02:14:52" xmlns="http://microsoft.com/schemas/VisualStudio/TeamTest/2010">
  <Times creation="2025-09-27T02:14:52.7211900+00:00" queuing="2025-09-27T02:14:52.7211900+00:00" start="2025-09-27T02:14:51.8866180+00:00" finish="2025-09-27T02:14:52.7248920+00:00" />
  <TestSettings name="default" id="c16aea2a-f5e0-4708-8c5f-87db09d799ed">
    <Deployment runDeploymentRoot="_sjc20-bb714-be9a9e78-8985-4d11-aa46-7f7cc3435662-86C6214C293B_2025-09-27_02_14_52" />
  </TestSettings>
  <Results>
    <UnitTestResult executionId="2fda85c9-0461-4c78-bb4d-cbb4b2395c41" testId="5854bd49-987f-487d-adc7-9cc091022bee" testName="TestTempFile" computerName="sjc20-bb714-be9a9e78-8985-4d11-aa46-7f7cc3435662-86C6214C293B" duration="00:00:00.0059164" startTime="2025-09-27T02:14:52.6003710+00:00" endTime="2025-09-27T02:14:52.6277180+00:00" testType="13cdc9d9-ddb5-4fa4-a97d-d965ccfc6d4b" outcome="Passed" testListId="8c84fa94-04c1-424b-9868-57a2d4851a1d" relativeResultsDirectory="2fda85c9-0461-4c78-bb4d-cbb4b2395c41" />
    <UnitTestResult executionId="9f8a6750-4f90-4fe8-a439-c3d291179a85" testId="23b8f9e4-7b1e-913c-2914-0da9e88313cb" testName="TestTempDirectory" computerName="sjc20-bb714-be9a9e78-8985-4d11-aa46-7f7cc3435662-86C6214C293B" duration="00:00:00.0027172" startTime="2025-09-27T02:14:52.6323070+00:00" endTime="2025-09-27T02:14:52.6367920+00:00" testType="13cdc9d9-ddb5-4fa4-a97d-d965ccfc6d4b" outcome="Passed" testListId="8c84fa94-04c1-424b-9868-57a2d4851a1d" relativeResultsDirectory="9f8a6750-4f90-4fe8-a439-c3d291179a85" />
  </Results>
  <TestDefinitions>
    <UnitTest name="TestTempFile" storage="/users/runner/work/dotnet-monorepo/dotnet-monorepo/src/artifacts/bin/temp.tests/release_osx-arm64/temp.tests.dll" id="5854bd49-987f-487d-adc7-9cc091022bee">
      <Execution id="2fda85c9-0461-4c78-bb4d-cbb4b2395c41" />
      <TestMethod codeBase="/Users/runner/work/dotnet-monorepo/dotnet-monorepo/src/artifacts/bin/Temp.Tests/release_osx-arm64/Temp.Tests.dll" adapterTypeName="executor://mstestadapter/v2" className="Temp.Tests.TempTests" name="TestTempFile" />
    </UnitTest>
    <UnitTest name="TestTempDirectory" storage="/users/runner/work/dotnet-monorepo/dotnet-monorepo/src/artifacts/bin/temp.tests/release_osx-arm64/temp.tests.dll" id="23b8f9e4-7b1e-913c-2914-0da9e88313cb">
      <Execution id="9f8a6750-4f90-4fe8-a439-c3d291179a85" />
      <TestMethod codeBase="/Users/runner/work/dotnet-monorepo/dotnet-monorepo/src/artifacts/bin/Temp.Tests/release_osx-arm64/Temp.Tests.dll" adapterTypeName="executor://mstestadapter/v2" className="Temp.Tests.TempTests" name="TestTempDirectory" />
    </UnitTest>
  </TestDefinitions>
  <TestEntries>
    <TestEntry testId="5854bd49-987f-487d-adc7-9cc091022bee" executionId="2fda85c9-0461-4c78-bb4d-cbb4b2395c41" testListId="8c84fa94-04c1-424b-9868-57a2d4851a1d" />
    <TestEntry testId="23b8f9e4-7b1e-913c-2914-0da9e88313cb" executionId="9f8a6750-4f90-4fe8-a439-c3d291179a85" testListId="8c84fa94-04c1-424b-9868-57a2d4851a1d" />
  </TestEntries>
  <TestLists>
    <TestList name="Results Not in a List" id="8c84fa94-04c1-424b-9868-57a2d4851a1d" />
    <TestList name="All Loaded Results" id="19431567-8539-422a-85d7-44ee4e166bda" />
  </TestLists>
  <ResultSummary outcome="Completed">
    <Counters total="2" executed="2" passed="2" failed="0" error="0" timeout="0" aborted="0" inconclusive="0" passedButRunAborted="0" notRunnable="0" notExecuted="0" disconnected="0" warning="0" completed="0" inProgress="0" pending="0" />
  </ResultSummary>
</TestRun>