<?xml version="1.0" encoding="utf-8"?>
<TestRun id="553db02e-1e0c-4f29-86e1-293e688b64fb" name="@Mac-1758936894240 2025-09-27 02:19:15" xmlns="http://microsoft.com/schemas/VisualStudio/TeamTest/2010">
  <Times creation="2025-09-27T02:19:15.7270180+00:00" queuing="2025-09-27T02:19:15.7270180+00:00" start="2025-09-27T02:19:14.7567520+00:00" finish="2025-09-27T02:19:15.7443940+00:00" />
  <TestSettings name="default" id="e1063556-e9c4-4df1-9b3d-25475efab5af">
    <Deployment runDeploymentRoot="_Mac-1758936894240_2025-09-27_02_19_15" />
  </TestSettings>
  <Results>
    <UnitTestResult executionId="dfdadfdd-fbba-446f-a0b2-fe711eed348d" testId="5854bd49-987f-487d-adc7-9cc091022bee" testName="TestTempFile" computerName="Mac-1758936894240" duration="00:00:00.0093955" startTime="2025-09-27T02:19:15.5157700+00:00" endTime="2025-09-27T02:19:15.5506060+00:00" testType="13cdc9d9-ddb5-4fa4-a97d-d965ccfc6d4b" outcome="Passed" testListId="8c84fa94-04c1-424b-9868-57a2d4851a1d" relativeResultsDirectory="dfdadfdd-fbba-446f-a0b2-fe711eed348d" />
    <UnitTestResult executionId="1e420194-0809-40a9-b9d0-ebf5bf1934e3" testId="23b8f9e4-7b1e-913c-2914-0da9e88313cb" testName="TestTempDirectory" computerName="Mac-1758936894240" duration="00:00:00.0026791" startTime="2025-09-27T02:19:15.5570550+00:00" endTime="2025-09-27T02:19:15.5626990+00:00" testType="13cdc9d9-ddb5-4fa4-a97d-d965ccfc6d4b" outcome="Passed" testListId="8c84fa94-04c1-424b-9868-57a2d4851a1d" relativeResultsDirectory="1e420194-0809-40a9-b9d0-ebf5bf1934e3" />
  </Results>
  <TestDefinitions>
    <UnitTest name="TestTempFile" storage="/users/runner/work/dotnet-monorepo/dotnet-monorepo/src/artifacts/bin/temp.tests/release_osx-x64/temp.tests.dll" id="5854bd49-987f-487d-adc7-9cc091022bee">
      <Execution id="dfdadfdd-fbba-446f-a0b2-fe711eed348d" />
      <TestMethod codeBase="/Users/runner/work/dotnet-monorepo/dotnet-monorepo/src/artifacts/bin/Temp.Tests/release_osx-x64/Temp.Tests.dll" adapterTypeName="executor://mstestadapter/v2" className="Temp.Tests.TempTests" name="TestTempFile" />
    </UnitTest>
    <UnitTest name="TestTempDirectory" storage="/users/runner/work/dotnet-monorepo/dotnet-monorepo/src/artifacts/bin/temp.tests/release_osx-x64/temp.tests.dll" id="23b8f9e4-7b1e-913c-2914-0da9e88313cb">
      <Execution id="1e420194-0809-40a9-b9d0-ebf5bf1934e3" />
      <TestMethod codeBase="/Users/runner/work/dotnet-monorepo/dotnet-monorepo/src/artifacts/bin/Temp.Tests/release_osx-x64/Temp.Tests.dll" adapterTypeName="executor://mstestadapter/v2" className="Temp.Tests.TempTests" name="TestTempDirectory" />
    </UnitTest>
  </TestDefinitions>
  <TestEntries>
    <TestEntry testId="5854bd49-987f-487d-adc7-9cc091022bee" executionId="dfdadfdd-fbba-446f-a0b2-fe711eed348d" testListId="8c84fa94-04c1-424b-9868-57a2d4851a1d" />
    <TestEntry testId="23b8f9e4-7b1e-913c-2914-0da9e88313cb" executionId="1e420194-0809-40a9-b9d0-ebf5bf1934e3" testListId="8c84fa94-04c1-424b-9868-57a2d4851a1d" />
  </TestEntries>
  <TestLists>
    <TestList name="Results Not in a List" id="8c84fa94-04c1-424b-9868-57a2d4851a1d" />
    <TestList name="All Loaded Results" id="19431567-8539-422a-85d7-44ee4e166bda" />
  </TestLists>
  <ResultSummary outcome="Completed">
    <Counters total="2" executed="2" passed="2" failed="0" error="0" timeout="0" aborted="0" inconclusive="0" passedButRunAborted="0" notRunnable="0" notExecuted="0" disconnected="0" warning="0" completed="0" inProgress="0" pending="0" />
  </ResultSummary>
</TestRun>