<?xml version="1.0" encoding="utf-8"?>
<TestRun id="f4f85d26-4858-4687-aa45-32512677a765" name="runneradmin@runnervm747y6 2025-09-27 02:16:25" runUser="runnervm747y6\runneradmin" xmlns="http://microsoft.com/schemas/VisualStudio/TeamTest/2010">
  <Times creation="2025-09-27T02:16:25.6322854+00:00" queuing="2025-09-27T02:16:25.6322856+00:00" start="2025-09-27T02:16:25.0228927+00:00" finish="2025-09-27T02:16:25.6373214+00:00" />
  <TestSettings name="default" id="7949008e-f8f1-4b5f-990d-0316cd9f4153">
    <Deployment runDeploymentRoot="runneradmin_runnervm747y6_2025-09-27_02_16_25" />
  </TestSettings>
  <Results>
    <UnitTestResult executionId="694fbd41-4d7e-4f43-92e4-1ebfafc65180" testId="23b8f9e4-7b1e-913c-2914-0da9e88313cb" testName="TestTempDirectory" computerName="runnervm747y6" duration="00:00:00.0023314" startTime="2025-09-27T02:16:25.5155442+00:00" endTime="2025-09-27T02:16:25.5196263+00:00" testType="13cdc9d9-ddb5-4fa4-a97d-d965ccfc6d4b" outcome="Passed" testListId="8c84fa94-04c1-424b-9868-57a2d4851a1d" relativeResultsDirectory="694fbd41-4d7e-4f43-92e4-1ebfafc65180" />
    <UnitTestResult executionId="a9137179-8386-4917-8233-5cee2716a910" testId="5854bd49-987f-487d-adc7-9cc091022bee" testName="TestTempFile" computerName="runnervm747y6" duration="00:00:00.0065641" startTime="2025-09-27T02:16:25.4891238+00:00" endTime="2025-09-27T02:16:25.5116921+00:00" testType="13cdc9d9-ddb5-4fa4-a97d-d965ccfc6d4b" outcome="Passed" testListId="8c84fa94-04c1-424b-9868-57a2d4851a1d" relativeResultsDirectory="a9137179-8386-4917-8233-5cee2716a910" />
  </Results>
  <TestDefinitions>
    <UnitTest name="TestTempFile" storage="d:\a\dotnet-monorepo\dotnet-monorepo\src\artifacts\bin\temp.tests\release_win-x64\temp.tests.dll" id="5854bd49-987f-487d-adc7-9cc091022bee">
      <Execution id="a9137179-8386-4917-8233-5cee2716a910" />
      <TestMethod codeBase="D:\a\dotnet-monorepo\dotnet-monorepo\src\artifacts\bin\Temp.Tests\release_win-x64\Temp.Tests.dll" adapterTypeName="executor://mstestadapter/v2" className="Temp.Tests.TempTests" name="TestTempFile" />
    </UnitTest>
    <UnitTest name="TestTempDirectory" storage="d:\a\dotnet-monorepo\dotnet-monorepo\src\artifacts\bin\temp.tests\release_win-x64\temp.tests.dll" id="23b8f9e4-7b1e-913c-2914-0da9e88313cb">
      <Execution id="694fbd41-4d7e-4f43-92e4-1ebfafc65180" />
      <TestMethod codeBase="D:\a\dotnet-monorepo\dotnet-monorepo\src\artifacts\bin\Temp.Tests\release_win-x64\Temp.Tests.dll" adapterTypeName="executor://mstestadapter/v2" className="Temp.Tests.TempTests" name="TestTempDirectory" />
    </UnitTest>
  </TestDefinitions>
  <TestEntries>
    <TestEntry testId="23b8f9e4-7b1e-913c-2914-0da9e88313cb" executionId="694fbd41-4d7e-4f43-92e4-1ebfafc65180" testListId="8c84fa94-04c1-424b-9868-57a2d4851a1d" />
    <TestEntry testId="5854bd49-987f-487d-adc7-9cc091022bee" executionId="a9137179-8386-4917-8233-5cee2716a910" testListId="8c84fa94-04c1-424b-9868-57a2d4851a1d" />
  </TestEntries>
  <TestLists>
    <TestList name="Results Not in a List" id="8c84fa94-04c1-424b-9868-57a2d4851a1d" />
    <TestList name="All Loaded Results" id="19431567-8539-422a-85d7-44ee4e166bda" />
  </TestLists>
  <ResultSummary outcome="Completed">
    <Counters total="2" executed="2" passed="2" failed="0" error="0" timeout="0" aborted="0" inconclusive="0" passedButRunAborted="0" notRunnable="0" notExecuted="0" disconnected="0" warning="0" completed="0" inProgress="0" pending="0" />
  </ResultSummary>
</TestRun>