<?xml version="1.0" encoding="utf-8"?>
<TestRun id="a0c96395-dfbb-4912-83d6-23de061d7ac6" name="runneradmin@runnervm747y6 2025-09-27 02:15:53" runUser="runnervm747y6\runneradmin" xmlns="http://microsoft.com/schemas/VisualStudio/TeamTest/2010">
  <Times creation="2025-09-27T02:15:53.5041724+00:00" queuing="2025-09-27T02:15:53.5041727+00:00" start="2025-09-27T02:15:53.0022868+00:00" finish="2025-09-27T02:15:53.5045883+00:00" />
  <TestSettings name="default" id="1aa18dd0-78e4-443f-8377-7495ef8d9de0">
    <Deployment runDeploymentRoot="runneradmin_runnervm747y6_2025-09-27_02_15_53" />
  </TestSettings>
  <TestLists>
    <TestList name="Results Not in a List" id="8c84fa94-04c1-424b-9868-57a2d4851a1d" />
    <TestList name="All Loaded Results" id="19431567-8539-422a-85d7-44ee4e166bda" />
  </TestLists>
  <ResultSummary outcome="Completed">
    <Counters total="0" executed="0" passed="0" failed="0" error="0" timeout="0" aborted="0" inconclusive="0" passedButRunAborted="0" notRunnable="0" notExecuted="0" disconnected="0" warning="0" completed="0" inProgress="0" pending="0" />
    <RunInfos>
      <RunInfo computerName="runnervm747y6" outcome="Warning" timestamp="2025-09-27T02:15:53.4486089+00:00">
        <Text>No test is available in D:\a\dotnet-monorepo\dotnet-monorepo\src\artifacts\bin\umm.Library.Tests\release_win-x64\umm.Library.Tests.dll. Make sure that test discoverer &amp; executors are registered and platform &amp; framework version settings are appropriate and try again.</Text>
      </RunInfo>
    </RunInfos>
  </ResultSummary>
</TestRun>