<?xml version="1.0" encoding="utf-8"?>
<TestRun id="21cd04f2-f535-40b8-bcd1-7b91f4de88e9" name="@runnervm3ublj 2025-09-27 02:14:31" xmlns="http://microsoft.com/schemas/VisualStudio/TeamTest/2010">
  <Times creation="2025-09-27T02:14:31.0772478+00:00" queuing="2025-09-27T02:14:31.0772479+00:00" start="2025-09-27T02:14:30.6255670+00:00" finish="2025-09-27T02:14:31.0776856+00:00" />
  <TestSettings name="default" id="8db58d67-2a7d-4744-9655-aa52963f9ae3">
    <Deployment runDeploymentRoot="_runnervm3ublj_2025-09-27_02_14_31" />
  </TestSettings>
  <TestLists>
    <TestList name="Results Not in a List" id="8c84fa94-04c1-424b-9868-57a2d4851a1d" />
    <TestList name="All Loaded Results" id="19431567-8539-422a-85d7-44ee4e166bda" />
  </TestLists>
  <ResultSummary outcome="Completed">
    <Counters total="0" executed="0" passed="0" failed="0" error="0" timeout="0" aborted="0" inconclusive="0" passedButRunAborted="0" notRunnable="0" notExecuted="0" disconnected="0" warning="0" completed="0" inProgress="0" pending="0" />
    <RunInfos>
      <RunInfo computerName="runnervm3ublj" outcome="Warning" timestamp="2025-09-27T02:14:31.0209720+00:00">
        <Text>No test is available in /home/runner/work/dotnet-monorepo/dotnet-monorepo/src/artifacts/bin/umm.Plugins.Abstractions.Tests/release_linux-x64/umm.Plugins.Abstractions.Tests.dll. Make sure that test discoverer &amp; executors are registered and platform &amp; framework version settings are appropriate and try again.</Text>
      </RunInfo>
    </RunInfos>
  </ResultSummary>
</TestRun>