<?xml version="1.0" encoding="utf-8"?>
<TestRun id="78283e29-615b-4385-80f5-25f52ea9b9d2" name="runneradmin@runnervm747y6 2025-09-27 02:16:04" runUser="runnervm747y6\runneradmin" xmlns="http://microsoft.com/schemas/VisualStudio/TeamTest/2010">
  <Times creation="2025-09-27T02:16:04.1445265+00:00" queuing="2025-09-27T02:16:04.1445267+00:00" start="2025-09-27T02:16:03.6493751+00:00" finish="2025-09-27T02:16:04.1449056+00:00" />
  <TestSettings name="default" id="80f4ee9f-e477-4687-94d9-640fc8a6ed7d">
    <Deployment runDeploymentRoot="runneradmin_runnervm747y6_2025-09-27_02_16_04" />
  </TestSettings>
  <TestLists>
    <TestList name="Results Not in a List" id="8c84fa94-04c1-424b-9868-57a2d4851a1d" />
    <TestList name="All Loaded Results" id="19431567-8539-422a-85d7-44ee4e166bda" />
  </TestLists>
  <ResultSummary outcome="Completed">
    <Counters total="0" executed="0" passed="0" failed="0" error="0" timeout="0" aborted="0" inconclusive="0" passedButRunAborted="0" notRunnable="0" notExecuted="0" disconnected="0" warning="0" completed="0" inProgress="0" pending="0" />
    <RunInfos>
      <RunInfo computerName="runnervm747y6" outcome="Warning" timestamp="2025-09-27T02:16:04.0886496+00:00">
        <Text>No test is available in D:\a\dotnet-monorepo\dotnet-monorepo\src\artifacts\bin\umm.Catalog.Tests\release_win-x64\umm.Catalog.Tests.dll. Make sure that test discoverer &amp; executors are registered and platform &amp; framework version settings are appropriate and try again.</Text>
      </RunInfo>
    </RunInfos>
  </ResultSummary>
</TestRun>