<?xml version="1.0" encoding="utf-8"?>
<TestRun id="00c325e9-a11e-4c5c-9a2a-20238338fc6f" name="runneradmin@runnervm747y6 2025-09-27 02:16:05" runUser="runnervm747y6\runneradmin" xmlns="http://microsoft.com/schemas/VisualStudio/TeamTest/2010">
  <Times creation="2025-09-27T02:16:05.6440623+00:00" queuing="2025-09-27T02:16:05.6440625+00:00" start="2025-09-27T02:16:05.1319414+00:00" finish="2025-09-27T02:16:05.6444614+00:00" />
  <TestSettings name="default" id="9be3ba0d-6764-4ded-a03c-4c1f65166894">
    <Deployment runDeploymentRoot="runneradmin_runnervm747y6_2025-09-27_02_16_05" />
  </TestSettings>
  <TestLists>
    <TestList name="Results Not in a List" id="8c84fa94-04c1-424b-9868-57a2d4851a1d" />
    <TestList name="All Loaded Results" id="19431567-8539-422a-85d7-44ee4e166bda" />
  </TestLists>
  <ResultSummary outcome="Completed">
    <Counters total="0" executed="0" passed="0" failed="0" error="0" timeout="0" aborted="0" inconclusive="0" passedButRunAborted="0" notRunnable="0" notExecuted="0" disconnected="0" warning="0" completed="0" inProgress="0" pending="0" />
    <RunInfos>
      <RunInfo computerName="runnervm747y6" outcome="Warning" timestamp="2025-09-27T02:16:05.5872516+00:00">
        <Text>No test is available in D:\a\dotnet-monorepo\dotnet-monorepo\src\artifacts\bin\umm.Plugins.Abstractions.Tests\release_win-x64\umm.Plugins.Abstractions.Tests.dll. Make sure that test discoverer &amp; executors are registered and platform &amp; framework version settings are appropriate and try again.</Text>
      </RunInfo>
    </RunInfos>
  </ResultSummary>
</TestRun>