<?xml version="1.0" encoding="utf-8"?>
<TestRun id="f220edfb-ad30-4482-9538-96e9fcc0adc3" name="runneradmin@runnervm747y6 2025-09-27 02:16:30" runUser="runnervm747y6\runneradmin" xmlns="http://microsoft.com/schemas/VisualStudio/TeamTest/2010">
  <Times creation="2025-09-27T02:16:30.1432783+00:00" queuing="2025-09-27T02:16:30.1432786+00:00" start="2025-09-27T02:16:29.6496483+00:00" finish="2025-09-27T02:16:30.1436932+00:00" />
  <TestSettings name="default" id="cdf2c64a-c9d8-4e5e-b1cb-d45655d51a07">
    <Deployment runDeploymentRoot="runneradmin_runnervm747y6_2025-09-27_02_16_30" />
  </TestSettings>
  <TestLists>
    <TestList name="Results Not in a List" id="8c84fa94-04c1-424b-9868-57a2d4851a1d" />
    <TestList name="All Loaded Results" id="19431567-8539-422a-85d7-44ee4e166bda" />
  </TestLists>
  <ResultSummary outcome="Completed">
    <Counters total="0" executed="0" passed="0" failed="0" error="0" timeout="0" aborted="0" inconclusive="0" passedButRunAborted="0" notRunnable="0" notExecuted="0" disconnected="0" warning="0" completed="0" inProgress="0" pending="0" />
    <RunInfos>
      <RunInfo computerName="runnervm747y6" outcome="Warning" timestamp="2025-09-27T02:16:30.0880167+00:00">
        <Text>No test is available in D:\a\dotnet-monorepo\dotnet-monorepo\src\artifacts\bin\umm.Vendors.EpubProj.Tests\release_win-x64\umm.Vendors.EpubProj.Tests.dll. Make sure that test discoverer &amp; executors are registered and platform &amp; framework version settings are appropriate and try again.</Text>
      </RunInfo>
    </RunInfos>
  </ResultSummary>
</TestRun>