<?xml version="1.0" encoding="utf-8"?>
<TestRun id="12da700a-521c-4e06-a974-a72da81e420c" name="@runnervm3ublj 2025-09-27 02:14:59" xmlns="http://microsoft.com/schemas/VisualStudio/TeamTest/2010">
  <Times creation="2025-09-27T02:14:59.5919593+00:00" queuing="2025-09-27T02:14:59.5919594+00:00" start="2025-09-27T02:14:59.1406677+00:00" finish="2025-09-27T02:14:59.5924145+00:00" />
  <TestSettings name="default" id="c593b044-5aee-4fb5-bb28-8e70c4b13b87">
    <Deployment runDeploymentRoot="_runnervm3ublj_2025-09-27_02_14_59" />
  </TestSettings>
  <TestLists>
    <TestList name="Results Not in a List" id="8c84fa94-04c1-424b-9868-57a2d4851a1d" />
    <TestList name="All Loaded Results" id="19431567-8539-422a-85d7-44ee4e166bda" />
  </TestLists>
  <ResultSummary outcome="Completed">
    <Counters total="0" executed="0" passed="0" failed="0" error="0" timeout="0" aborted="0" inconclusive="0" passedButRunAborted="0" notRunnable="0" notExecuted="0" disconnected="0" warning="0" completed="0" inProgress="0" pending="0" />
    <RunInfos>
      <RunInfo computerName="runnervm3ublj" outcome="Warning" timestamp="2025-09-27T02:14:59.5367059+00:00">
        <Text>No test is available in /home/runner/work/dotnet-monorepo/dotnet-monorepo/src/artifacts/bin/umm.App.Tests/release_linux-x64/umm.App.Tests.dll. Make sure that test discoverer &amp; executors are registered and platform &amp; framework version settings are appropriate and try again.</Text>
      </RunInfo>
    </RunInfos>
  </ResultSummary>
</TestRun>