<?xml version="1.0" encoding="utf-8"?>
<TestRun id="138cf1d5-cb7e-46fb-bb20-cf7cec52528a" name="@sjc20-bb714-be9a9e78-8985-4d11-aa46-7f7cc3435662-86C6214C293B 2025-09-27 02:15:36" xmlns="http://microsoft.com/schemas/VisualStudio/TeamTest/2010">
  <Times creation="2025-09-27T02:15:36.4128490+00:00" queuing="2025-09-27T02:15:36.4128490+00:00" start="2025-09-27T02:15:35.8407280+00:00" finish="2025-09-27T02:15:36.4131300+00:00" />
  <TestSettings name="default" id="61f21c73-8821-4517-b899-e9c0c60ce2c2">
    <Deployment runDeploymentRoot="_sjc20-bb714-be9a9e78-8985-4d11-aa46-7f7cc3435662-86C6214C293B_2025-09-27_02_15_36" />
  </TestSettings>
  <TestLists>
    <TestList name="Results Not in a List" id="8c84fa94-04c1-424b-9868-57a2d4851a1d" />
    <TestList name="All Loaded Results" id="19431567-8539-422a-85d7-44ee4e166bda" />
  </TestLists>
  <ResultSummary outcome="Completed">
    <Counters total="0" executed="0" passed="0" failed="0" error="0" timeout="0" aborted="0" inconclusive="0" passedButRunAborted="0" notRunnable="0" notExecuted="0" disconnected="0" warning="0" completed="0" inProgress="0" pending="0" />
    <RunInfos>
      <RunInfo computerName="sjc20-bb714-be9a9e78-8985-4d11-aa46-7f7cc3435662-86C6214C293B" outcome="Warning" timestamp="2025-09-27T02:15:36.3655070+00:00">
        <Text>No test is available in /Users/runner/work/dotnet-monorepo/dotnet-monorepo/src/artifacts/bin/umm.Catalog.Tests/release_osx-arm64/umm.Catalog.Tests.dll. Make sure that test discoverer &amp; executors are registered and platform &amp; framework version settings are appropriate and try again.</Text>
      </RunInfo>
    </RunInfos>
  </ResultSummary>
</TestRun>