<?xml version="1.0" encoding="utf-8"?>
<TestRun id="dcc4af05-fee5-4f75-bb4d-0c3c068247f4" name="@runnervm3ublj 2025-09-27 02:14:14" xmlns="http://microsoft.com/schemas/VisualStudio/TeamTest/2010">
  <Times creation="2025-09-27T02:14:14.7380429+00:00" queuing="2025-09-27T02:14:14.7380430+00:00" start="2025-09-27T02:14:14.2887889+00:00" finish="2025-09-27T02:14:14.7384959+00:00" />
  <TestSettings name="default" id="7e5a4ba0-6b48-4336-866a-4a77a5c13caf">
    <Deployment runDeploymentRoot="_runnervm3ublj_2025-09-27_02_14_14" />
  </TestSettings>
  <TestLists>
    <TestList name="Results Not in a List" id="8c84fa94-04c1-424b-9868-57a2d4851a1d" />
    <TestList name="All Loaded Results" id="19431567-8539-422a-85d7-44ee4e166bda" />
  </TestLists>
  <ResultSummary outcome="Completed">
    <Counters total="0" executed="0" passed="0" failed="0" error="0" timeout="0" aborted="0" inconclusive="0" passedButRunAborted="0" notRunnable="0" notExecuted="0" disconnected="0" warning="0" completed="0" inProgress="0" pending="0" />
    <RunInfos>
      <RunInfo computerName="runnervm3ublj" outcome="Warning" timestamp="2025-09-27T02:14:14.6821252+00:00">
        <Text>No test is available in /home/runner/work/dotnet-monorepo/dotnet-monorepo/src/artifacts/bin/umm.Auto.Vendors.Tests/release_linux-x64/umm.Auto.Vendors.Tests.dll. Make sure that test discoverer &amp; executors are registered and platform &amp; framework version settings are appropriate and try again.</Text>
      </RunInfo>
    </RunInfos>
  </ResultSummary>
</TestRun>