<?xml version="1.0" encoding="utf-8"?>
<TestRun id="7e8adb55-54a6-4cbf-84b3-76f0cd2d9806" name="@runnervm3ublj 2025-09-27 02:14:13" xmlns="http://microsoft.com/schemas/VisualStudio/TeamTest/2010">
  <Times creation="2025-09-27T02:14:13.4073723+00:00" queuing="2025-09-27T02:14:13.4073723+00:00" start="2025-09-27T02:14:12.6131050+00:00" finish="2025-09-27T02:14:13.4077915+00:00" />
  <TestSettings name="default" id="5744be10-243c-45d1-afa4-fb8a578ea1f6">
    <Deployment runDeploymentRoot="_runnervm3ublj_2025-09-27_02_14_13" />
  </TestSettings>
  <TestLists>
    <TestList name="Results Not in a List" id="8c84fa94-04c1-424b-9868-57a2d4851a1d" />
    <TestList name="All Loaded Results" id="19431567-8539-422a-85d7-44ee4e166bda" />
  </TestLists>
  <ResultSummary outcome="Completed">
    <Counters total="0" executed="0" passed="0" failed="0" error="0" timeout="0" aborted="0" inconclusive="0" passedButRunAborted="0" notRunnable="0" notExecuted="0" disconnected="0" warning="0" completed="0" inProgress="0" pending="0" />
    <RunInfos>
      <RunInfo computerName="runnervm3ublj" outcome="Warning" timestamp="2025-09-27T02:14:13.3527811+00:00">
        <Text>No test is available in /home/runner/work/dotnet-monorepo/dotnet-monorepo/src/artifacts/bin/umm.Library.Tests/release_linux-x64/umm.Library.Tests.dll. Make sure that test discoverer &amp; executors are registered and platform &amp; framework version settings are appropriate and try again.</Text>
      </RunInfo>
    </RunInfos>
  </ResultSummary>
</TestRun>