<?xml version="1.0" encoding="utf-8"?>
<TestRun id="6c4a5981-d1cc-4512-b712-8251d2a0df23" name="@Mac-1758936894240 2025-09-27 02:20:30" xmlns="http://microsoft.com/schemas/VisualStudio/TeamTest/2010">
  <Times creation="2025-09-27T02:20:30.4701010+00:00" queuing="2025-09-27T02:20:30.4701010+00:00" start="2025-09-27T02:20:29.4463520+00:00" finish="2025-09-27T02:20:30.4707550+00:00" />
  <TestSettings name="default" id="dc0c9ab5-9125-4e27-8761-11a6ab9c42fe">
    <Deployment runDeploymentRoot="_Mac-1758936894240_2025-09-27_02_20_30" />
  </TestSettings>
  <TestLists>
    <TestList name="Results Not in a List" id="8c84fa94-04c1-424b-9868-57a2d4851a1d" />
    <TestList name="All Loaded Results" id="19431567-8539-422a-85d7-44ee4e166bda" />
  </TestLists>
  <ResultSummary outcome="Completed">
    <Counters total="0" executed="0" passed="0" failed="0" error="0" timeout="0" aborted="0" inconclusive="0" passedButRunAborted="0" notRunnable="0" notExecuted="0" disconnected="0" warning="0" completed="0" inProgress="0" pending="0" />
    <RunInfos>
      <RunInfo computerName="Mac-1758936894240" outcome="Warning" timestamp="2025-09-27T02:20:30.3776010+00:00">
        <Text>No test is available in /Users/runner/work/dotnet-monorepo/dotnet-monorepo/src/artifacts/bin/umm.App.Tests/release_osx-x64/umm.App.Tests.dll. Make sure that test discoverer &amp; executors are registered and platform &amp; framework version settings are appropriate and try again.</Text>
      </RunInfo>
    </RunInfos>
  </ResultSummary>
</TestRun>