<?xml version="1.0" encoding="utf-8"?>
<TestRun id="fcad7c6c-a55d-42c8-adf7-9d4e7139e463" name="@runnervm3ublj 2025-09-27 02:14:19" xmlns="http://microsoft.com/schemas/VisualStudio/TeamTest/2010">
  <Times creation="2025-09-27T02:14:19.2600518+00:00" queuing="2025-09-27T02:14:19.2600519+00:00" start="2025-09-27T02:14:18.7246020+00:00" finish="2025-09-27T02:14:19.3014404+00:00" />
  <TestSettings name="default" id="c80bfe82-4cc3-48d3-ae96-05e46f792752">
    <Deployment runDeploymentRoot="_runnervm3ublj_2025-09-27_02_14_19" />
  </TestSettings>
  <Results>
    <UnitTestResult executionId="1250502e-f933-41f7-abe1-4ee716ceaa93" testId="5ecc4d90-ae9e-85a7-c3c1-545bad2e9646" testName="TestIntToPaddedString (1,101,&quot;001&quot;)" computerName="runnervm3ublj" duration="00:00:00.0000053" startTime="2025-09-27T02:14:19.1866942+00:00" endTime="2025-09-27T02:14:19.1867473+00:00" testType="13cdc9d9-ddb5-4fa4-a97d-d965ccfc6d4b" outcome="Passed" testListId="8c84fa94-04c1-424b-9868-57a2d4851a1d" relativeResultsDirectory="1250502e-f933-41f7-abe1-4ee716ceaa93" />
    <UnitTestResult executionId="f754ec1b-d657-4963-bf5d-f929eb26aa14" testId="73c200d4-0179-f23f-e874-5529af9cfb10" testName="TestIntToPaddedString (1,99,&quot;01&quot;)" computerName="runnervm3ublj" duration="00:00:00.0000054" startTime="2025-09-27T02:14:19.1865542+00:00" endTime="2025-09-27T02:14:19.1866052+00:00" testType="13cdc9d9-ddb5-4fa4-a97d-d965ccfc6d4b" outcome="Passed" testListId="8c84fa94-04c1-424b-9868-57a2d4851a1d" relativeResultsDirectory="f754ec1b-d657-4963-bf5d-f929eb26aa14" />
    <UnitTestResult executionId="fba65081-60f4-4951-a5ed-1f8f6f80f45f" testId="d4883779-b459-c157-8b32-167852cf136a" testName="TestSlugify (&quot;!- -a- -!&quot;,&quot;a&quot;)" computerName="runnervm3ublj" duration="00:00:00.0003880" startTime="2025-09-27T02:14:19.2211910+00:00" endTime="2025-09-27T02:14:19.2216914+00:00" testType="13cdc9d9-ddb5-4fa4-a97d-d965ccfc6d4b" outcome="Passed" testListId="8c84fa94-04c1-424b-9868-57a2d4851a1d" relativeResultsDirectory="fba65081-60f4-4951-a5ed-1f8f6f80f45f" />
    <UnitTestResult executionId="33ee04a3-4bec-4b10-aba5-bd0c2516c0f2" testId="6aa4a69f-2d57-5665-03d0-c37478fc9d10" testName="TestIntToPaddedString (-1,101,&quot;-001&quot;)" computerName="runnervm3ublj" duration="00:00:00.0000145" startTime="2025-09-27T02:14:19.2204983+00:00" endTime="2025-09-27T02:14:19.2211596+00:00" testType="13cdc9d9-ddb5-4fa4-a97d-d965ccfc6d4b" outcome="Passed" testListId="8c84fa94-04c1-424b-9868-57a2d4851a1d" relativeResultsDirectory="33ee04a3-4bec-4b10-aba5-bd0c2516c0f2" />
    <UnitTestResult executionId="14cb7f7b-e6bb-4ad3-8a8d-035d06ef7b11" testId="6ebca444-4638-4da3-7776-8faa88983cbd" testName="TestIntToPaddedString (1,11,&quot;01&quot;)" computerName="runnervm3ublj" duration="00:00:00.0000061" startTime="2025-09-27T02:14:19.1864632+00:00" endTime="2025-09-27T02:14:19.1865272+00:00" testType="13cdc9d9-ddb5-4fa4-a97d-d965ccfc6d4b" outcome="Passed" testListId="8c84fa94-04c1-424b-9868-57a2d4851a1d" relativeResultsDirectory="14cb7f7b-e6bb-4ad3-8a8d-035d06ef7b11" />
    <UnitTestResult executionId="c3b76c68-06f4-4f00-b05d-2da145abfb18" testId="b2e71588-0d10-1546-31ef-7b0118d37b0b" testName="TestSlugify (&quot;a_b&quot;,&quot;a-b&quot;)" computerName="runnervm3ublj" duration="00:00:00.0000065" startTime="2025-09-27T02:14:19.2240840+00:00" endTime="2025-09-27T02:14:19.2241574+00:00" testType="13cdc9d9-ddb5-4fa4-a97d-d965ccfc6d4b" outcome="Passed" testListId="8c84fa94-04c1-424b-9868-57a2d4851a1d" relativeResultsDirectory="c3b76c68-06f4-4f00-b05d-2da145abfb18" />
    <UnitTestResult executionId="690890da-c1b3-41bf-a725-8fd71529f633" testId="c6f72b31-e018-3e2f-e31f-2280a965e3b7" testName="TestIntToPaddedString (1,100,&quot;001&quot;)" computerName="runnervm3ublj" duration="00:00:00.0000051" startTime="2025-09-27T02:14:19.1866283+00:00" endTime="2025-09-27T02:14:19.1866764+00:00" testType="13cdc9d9-ddb5-4fa4-a97d-d965ccfc6d4b" outcome="Passed" testListId="8c84fa94-04c1-424b-9868-57a2d4851a1d" relativeResultsDirectory="690890da-c1b3-41bf-a725-8fd71529f633" />
    <UnitTestResult executionId="1f0333ea-3c6a-4d5e-984e-dcc0cba26b57" testId="b7949501-dd00-e42e-08ec-0b01f240879f" testName="TestSlugify (&quot;a - b&quot;,&quot;a-b&quot;)" computerName="runnervm3ublj" duration="00:00:00.0000057" startTime="2025-09-27T02:14:19.2222188+00:00" endTime="2025-09-27T02:14:19.2222941+00:00" testType="13cdc9d9-ddb5-4fa4-a97d-d965ccfc6d4b" outcome="Passed" testListId="8c84fa94-04c1-424b-9868-57a2d4851a1d" relativeResultsDirectory="1f0333ea-3c6a-4d5e-984e-dcc0cba26b57" />
    <UnitTestResult executionId="a3f80fa8-551a-4161-a82a-b859ca807ec0" testId="7c2d3d0c-c860-fb35-079f-8d65ca13e5bd" testName="TestIntToPaddedString (0,100,&quot;000&quot;)" computerName="runnervm3ublj" duration="00:00:00.0049054" startTime="2025-09-27T02:14:19.1617254+00:00" endTime="2025-09-27T02:14:19.1813507+00:00" testType="13cdc9d9-ddb5-4fa4-a97d-d965ccfc6d4b" outcome="Passed" testListId="8c84fa94-04c1-424b-9868-57a2d4851a1d" relativeResultsDirectory="a3f80fa8-551a-4161-a82a-b859ca807ec0" />
    <UnitTestResult executionId="c0ac8825-d999-4b05-8115-25a3f65a408f" testId="05b34ccd-140b-53e1-83ac-3bbcf5f170bb" testName="TestIntToPaddedString (-1,9,&quot;-1&quot;)" computerName="runnervm3ublj" duration="00:00:00.0000080" startTime="2025-09-27T02:14:19.1867647+00:00" endTime="2025-09-27T02:14:19.1868289+00:00" testType="13cdc9d9-ddb5-4fa4-a97d-d965ccfc6d4b" outcome="Passed" testListId="8c84fa94-04c1-424b-9868-57a2d4851a1d" relativeResultsDirectory="c0ac8825-d999-4b05-8115-25a3f65a408f" />
    <UnitTestResult executionId="fce2820a-4b2e-4988-a684-431c08d80e52" testId="73775732-2906-be3f-e115-f3854c907656" testName="TestLongestCommonPrefix (&quot;&quot;,&quot;&quot;,&quot;abc&quot;)" computerName="runnervm3ublj" duration="00:00:00.0000071" startTime="2025-09-27T02:14:19.2272759+00:00" endTime="2025-09-27T02:14:19.2273611+00:00" testType="13cdc9d9-ddb5-4fa4-a97d-d965ccfc6d4b" outcome="Passed" testListId="8c84fa94-04c1-424b-9868-57a2d4851a1d" relativeResultsDirectory="fce2820a-4b2e-4988-a684-431c08d80e52" />
    <UnitTestResult executionId="d008360f-c307-4171-ab9f-89d4847e8cde" testId="4ed356bd-cc22-7262-e29f-62031d221a0c" testName="TestLongestCommonPrefix (&quot;&quot;,&quot;abc&quot;,&quot;&quot;)" computerName="runnervm3ublj" duration="00:00:00.0000066" startTime="2025-09-27T02:14:19.2273908+00:00" endTime="2025-09-27T02:14:19.2281446+00:00" testType="13cdc9d9-ddb5-4fa4-a97d-d965ccfc6d4b" outcome="Passed" testListId="8c84fa94-04c1-424b-9868-57a2d4851a1d" relativeResultsDirectory="d008360f-c307-4171-ab9f-89d4847e8cde" />
    <UnitTestResult executionId="7fa59c27-0112-4a6c-8468-5a0cbac5d33e" testId="59448ffc-e83e-eaf0-ca86-b666b7b086f9" testName="TestIntToPaddedString (1,9,&quot;1&quot;)" computerName="runnervm3ublj" duration="00:00:00.0003486" startTime="2025-09-27T02:14:19.1853886+00:00" endTime="2025-09-27T02:14:19.1860911+00:00" testType="13cdc9d9-ddb5-4fa4-a97d-d965ccfc6d4b" outcome="Passed" testListId="8c84fa94-04c1-424b-9868-57a2d4851a1d" relativeResultsDirectory="7fa59c27-0112-4a6c-8468-5a0cbac5d33e" />
    <UnitTestResult executionId="4ed81b14-5527-4bc9-8637-a3dc95521389" testId="4cbec960-b40c-18f8-d17d-e715be412ea1" testName="TestLongestCommonPrefix (&quot;&quot;)" computerName="runnervm3ublj" duration="00:00:00.0003262" startTime="2025-09-27T02:14:19.2244689+00:00" endTime="2025-09-27T02:14:19.2250044+00:00" testType="13cdc9d9-ddb5-4fa4-a97d-d965ccfc6d4b" outcome="Passed" testListId="8c84fa94-04c1-424b-9868-57a2d4851a1d" relativeResultsDirectory="4ed81b14-5527-4bc9-8637-a3dc95521389" />
    <UnitTestResult executionId="baaa57ad-d188-4407-b4f7-0dea7a39957e" testId="13ef7854-9f0e-6c15-ce2b-2db8e99b280e" testName="TestSlugify (&quot;a!=b&quot;,&quot;ab&quot;)" computerName="runnervm3ublj" duration="00:00:00.0002006" startTime="2025-09-27T02:14:19.2217276+00:00" endTime="2025-09-27T02:14:19.2219988+00:00" testType="13cdc9d9-ddb5-4fa4-a97d-d965ccfc6d4b" outcome="Passed" testListId="8c84fa94-04c1-424b-9868-57a2d4851a1d" relativeResultsDirectory="baaa57ad-d188-4407-b4f7-0dea7a39957e" />
    <UnitTestResult executionId="5a5a94dc-3b41-4b14-af46-9ee23fea140f" testId="87340580-4ff3-84ca-c6f9-646d0df3b112" testName="TestSlugify (&quot;a- -b&quot;,&quot;a-b&quot;)" computerName="runnervm3ublj" duration="00:00:00.0000056" startTime="2025-09-27T02:14:19.2221470+00:00" endTime="2025-09-27T02:14:19.2222004+00:00" testType="13cdc9d9-ddb5-4fa4-a97d-d965ccfc6d4b" outcome="Passed" testListId="8c84fa94-04c1-424b-9868-57a2d4851a1d" relativeResultsDirectory="5a5a94dc-3b41-4b14-af46-9ee23fea140f" />
    <UnitTestResult executionId="ffbba58d-8fa9-4523-9e9a-99a46965c1ca" testId="f3941f59-5a45-f255-ef3e-3423b48052bc" testName="TestSlugify (&quot;ä ö ü&quot;,&quot;a-o-u&quot;)" computerName="runnervm3ublj" duration="00:00:00.0000612" startTime="2025-09-27T02:14:19.2241781+00:00" endTime="2025-09-27T02:14:19.2242857+00:00" testType="13cdc9d9-ddb5-4fa4-a97d-d965ccfc6d4b" outcome="Passed" testListId="8c84fa94-04c1-424b-9868-57a2d4851a1d" relativeResultsDirectory="ffbba58d-8fa9-4523-9e9a-99a46965c1ca" />
    <UnitTestResult executionId="8ef63f78-dccb-4072-9f96-90d7e85af940" testId="0a0f921a-26f1-2b7b-6cef-7448fafaff47" testName="TestSlugify (&quot;Abc-DEF&quot;,&quot;abc-def&quot;)" computerName="runnervm3ublj" duration="00:00:00.0000085" startTime="2025-09-27T02:14:19.2239629+00:00" endTime="2025-09-27T02:14:19.2240413+00:00" testType="13cdc9d9-ddb5-4fa4-a97d-d965ccfc6d4b" outcome="Passed" testListId="8c84fa94-04c1-424b-9868-57a2d4851a1d" relativeResultsDirectory="8ef63f78-dccb-4072-9f96-90d7e85af940" />
    <UnitTestResult executionId="6110b1e5-34a9-4177-bf84-f34e92dd1262" testId="7ed87f6c-038b-3088-c7cc-939417006f1f" testName="TestSlugify (&quot;Ä Ö Ü&quot;,&quot;a-o-u&quot;)" computerName="runnervm3ublj" duration="00:00:00.0000093" startTime="2025-09-27T02:14:19.2243118+00:00" endTime="2025-09-27T02:14:19.2243786+00:00" testType="13cdc9d9-ddb5-4fa4-a97d-d965ccfc6d4b" outcome="Passed" testListId="8c84fa94-04c1-424b-9868-57a2d4851a1d" relativeResultsDirectory="6110b1e5-34a9-4177-bf84-f34e92dd1262" />
    <UnitTestResult executionId="64bd95f5-a802-4f96-86dd-e4200e2c13da" testId="30a7f46c-51eb-0a8e-7b0f-50f68458c4a9" testName="TestSlugify (&quot;a &#x9;&#xA;b&quot;,&quot;a-b&quot;)" computerName="runnervm3ublj" duration="00:00:00.0000073" startTime="2025-09-27T02:14:19.2220262+00:00" endTime="2025-09-27T02:14:19.2221251+00:00" testType="13cdc9d9-ddb5-4fa4-a97d-d965ccfc6d4b" outcome="Passed" testListId="8c84fa94-04c1-424b-9868-57a2d4851a1d" relativeResultsDirectory="64bd95f5-a802-4f96-86dd-e4200e2c13da" />
    <UnitTestResult executionId="873fa7c8-f588-48d4-860b-5b3ea7e9a38d" testId="2e09dfd4-af8f-6090-daa3-9b8e5d3178b8" testName="TestLongestCommonPrefix (&quot;ab&quot;,&quot;ab&quot;,&quot;abc&quot;)" computerName="runnervm3ublj" duration="00:00:00.0000102" startTime="2025-09-27T02:14:19.2258751+00:00" endTime="2025-09-27T02:14:19.2261543+00:00" testType="13cdc9d9-ddb5-4fa4-a97d-d965ccfc6d4b" outcome="Passed" testListId="8c84fa94-04c1-424b-9868-57a2d4851a1d" relativeResultsDirectory="873fa7c8-f588-48d4-860b-5b3ea7e9a38d" />
    <UnitTestResult executionId="f1bad436-00a6-45f1-9e08-ea28753081b1" testId="8a775d92-5427-1749-f100-e7ffbe21f38a" testName="TestLongestCommonPrefix (&quot;a&quot;,&quot;a1&quot;,&quot;a2&quot;,&quot;a3&quot;)" computerName="runnervm3ublj" duration="00:00:00.0003796" startTime="2025-09-27T02:14:19.2250317+00:00" endTime="2025-09-27T02:14:19.2258409+00:00" testType="13cdc9d9-ddb5-4fa4-a97d-d965ccfc6d4b" outcome="Passed" testListId="8c84fa94-04c1-424b-9868-57a2d4851a1d" relativeResultsDirectory="f1bad436-00a6-45f1-9e08-ea28753081b1" />
    <UnitTestResult executionId="00c30ef3-550b-4ae3-9d40-72aa9ddead20" testId="3111426e-7cf2-fc95-7afe-647cdf87edaf" testName="TestSlugify (&quot;a1 b2 c3&quot;,&quot;a1-b2-c3&quot;)" computerName="runnervm3ublj" duration="00:00:00.0000056" startTime="2025-09-27T02:14:19.2243998+00:00" endTime="2025-09-27T02:14:19.2244512+00:00" testType="13cdc9d9-ddb5-4fa4-a97d-d965ccfc6d4b" outcome="Passed" testListId="8c84fa94-04c1-424b-9868-57a2d4851a1d" relativeResultsDirectory="00c30ef3-550b-4ae3-9d40-72aa9ddead20" />
    <UnitTestResult executionId="156632eb-9fdf-4ef2-a843-8e69b9db714b" testId="9f533fdb-624c-49e5-11ee-0c6ebc524a4f" testName="TestIntToPaddedString (1,10,&quot;01&quot;)" computerName="runnervm3ublj" duration="00:00:00.0000085" startTime="2025-09-27T02:14:19.1863621+00:00" endTime="2025-09-27T02:14:19.1864375+00:00" testType="13cdc9d9-ddb5-4fa4-a97d-d965ccfc6d4b" outcome="Passed" testListId="8c84fa94-04c1-424b-9868-57a2d4851a1d" relativeResultsDirectory="156632eb-9fdf-4ef2-a843-8e69b9db714b" />
    <UnitTestResult executionId="edd1aff1-7e76-4677-8dca-3931e253d036" testId="905fa321-00bc-cf78-6872-ee27f66003f2" testName="TestIntToPaddedString (-1,10,&quot;-01&quot;)" computerName="runnervm3ublj" duration="00:00:00.0000054" startTime="2025-09-27T02:14:19.1868484+00:00" endTime="2025-09-27T02:14:19.1869049+00:00" testType="13cdc9d9-ddb5-4fa4-a97d-d965ccfc6d4b" outcome="Passed" testListId="8c84fa94-04c1-424b-9868-57a2d4851a1d" relativeResultsDirectory="edd1aff1-7e76-4677-8dca-3931e253d036" />
    <UnitTestResult executionId="1c2692f0-1c08-43a1-af25-0b11b343073e" testId="0596324c-2695-0dfd-9ae1-97b939dc7f6a" testName="TestIntToPaddedString (-1,99,&quot;-01&quot;)" computerName="runnervm3ublj" duration="00:00:00.0000063" startTime="2025-09-27T02:14:19.2203441+00:00" endTime="2025-09-27T02:14:19.2204034+00:00" testType="13cdc9d9-ddb5-4fa4-a97d-d965ccfc6d4b" outcome="Passed" testListId="8c84fa94-04c1-424b-9868-57a2d4851a1d" relativeResultsDirectory="1c2692f0-1c08-43a1-af25-0b11b343073e" />
    <UnitTestResult executionId="2382f410-42a4-48c6-a7f3-e6fb41e96227" testId="89e9f9e4-a5e1-fcd5-f349-d1d7158fad3c" testName="TestIntToPaddedString (-1,11,&quot;-01&quot;)" computerName="runnervm3ublj" duration="00:00:00.0000139" startTime="2025-09-27T02:14:19.2202102+00:00" endTime="2025-09-27T02:14:19.2203102+00:00" testType="13cdc9d9-ddb5-4fa4-a97d-d965ccfc6d4b" outcome="Passed" testListId="8c84fa94-04c1-424b-9868-57a2d4851a1d" relativeResultsDirectory="2382f410-42a4-48c6-a7f3-e6fb41e96227" />
    <UnitTestResult executionId="25ef5b55-4ba1-4e5e-8151-a1f1919e0312" testId="f1e653ce-75d7-fb40-bd08-81ae5b14ef1b" testName="TestIntToPaddedString (-1,100,&quot;-001&quot;)" computerName="runnervm3ublj" duration="00:00:00.0000061" startTime="2025-09-27T02:14:19.2204241+00:00" endTime="2025-09-27T02:14:19.2204792+00:00" testType="13cdc9d9-ddb5-4fa4-a97d-d965ccfc6d4b" outcome="Passed" testListId="8c84fa94-04c1-424b-9868-57a2d4851a1d" relativeResultsDirectory="25ef5b55-4ba1-4e5e-8151-a1f1919e0312" />
    <UnitTestResult executionId="ba0a857c-bb2f-4f82-85b7-edf564efcb9c" testId="68347d6d-014e-fb96-80e6-9a59909def33" testName="TestLongestCommonPrefix (&quot;ab&quot;,&quot;abc&quot;,&quot;ab&quot;)" computerName="runnervm3ublj" duration="00:00:00.0000078" startTime="2025-09-27T02:14:19.2261865+00:00" endTime="2025-09-27T02:14:19.2262739+00:00" testType="13cdc9d9-ddb5-4fa4-a97d-d965ccfc6d4b" outcome="Passed" testListId="8c84fa94-04c1-424b-9868-57a2d4851a1d" relativeResultsDirectory="ba0a857c-bb2f-4f82-85b7-edf564efcb9c" />
  </Results>
  <TestDefinitions>
    <UnitTest name="TestIntToPaddedString (1,11,&quot;01&quot;)" storage="/home/runner/work/dotnet-monorepo/dotnet-monorepo/src/artifacts/bin/utils.tests/release_linux-x64/utils.tests.dll" id="6ebca444-4638-4da3-7776-8faa88983cbd">
      <Execution id="14cb7f7b-e6bb-4ad3-8a8d-035d06ef7b11" />
      <TestMethod codeBase="/home/runner/work/dotnet-monorepo/dotnet-monorepo/src/artifacts/bin/Utils.Tests/release_linux-x64/Utils.Tests.dll" adapterTypeName="executor://mstestadapter/v2" className="Utils.Tests.ConversionTests" name="TestIntToPaddedString" />
    </UnitTest>
    <UnitTest name="TestSlugify (&quot;a- -b&quot;,&quot;a-b&quot;)" storage="/home/runner/work/dotnet-monorepo/dotnet-monorepo/src/artifacts/bin/utils.tests/release_linux-x64/utils.tests.dll" id="87340580-4ff3-84ca-c6f9-646d0df3b112">
      <Execution id="5a5a94dc-3b41-4b14-af46-9ee23fea140f" />
      <TestMethod codeBase="/home/runner/work/dotnet-monorepo/dotnet-monorepo/src/artifacts/bin/Utils.Tests/release_linux-x64/Utils.Tests.dll" adapterTypeName="executor://mstestadapter/v2" className="Utils.Tests.StringTests" name="TestSlugify" />
    </UnitTest>
    <UnitTest name="TestIntToPaddedString (-1,100,&quot;-001&quot;)" storage="/home/runner/work/dotnet-monorepo/dotnet-monorepo/src/artifacts/bin/utils.tests/release_linux-x64/utils.tests.dll" id="f1e653ce-75d7-fb40-bd08-81ae5b14ef1b">
      <Execution id="25ef5b55-4ba1-4e5e-8151-a1f1919e0312" />
      <TestMethod codeBase="/home/runner/work/dotnet-monorepo/dotnet-monorepo/src/artifacts/bin/Utils.Tests/release_linux-x64/Utils.Tests.dll" adapterTypeName="executor://mstestadapter/v2" className="Utils.Tests.ConversionTests" name="TestIntToPaddedString" />
    </UnitTest>
    <UnitTest name="TestLongestCommonPrefix (&quot;ab&quot;,&quot;abc&quot;,&quot;ab&quot;)" storage="/home/runner/work/dotnet-monorepo/dotnet-monorepo/src/artifacts/bin/utils.tests/release_linux-x64/utils.tests.dll" id="68347d6d-014e-fb96-80e6-9a59909def33">
      <Execution id="ba0a857c-bb2f-4f82-85b7-edf564efcb9c" />
      <TestMethod codeBase="/home/runner/work/dotnet-monorepo/dotnet-monorepo/src/artifacts/bin/Utils.Tests/release_linux-x64/Utils.Tests.dll" adapterTypeName="executor://mstestadapter/v2" className="Utils.Tests.StringTests" name="TestLongestCommonPrefix" />
    </UnitTest>
    <UnitTest name="TestSlugify (&quot;a_b&quot;,&quot;a-b&quot;)" storage="/home/runner/work/dotnet-monorepo/dotnet-monorepo/src/artifacts/bin/utils.tests/release_linux-x64/utils.tests.dll" id="b2e71588-0d10-1546-31ef-7b0118d37b0b">
      <Execution id="c3b76c68-06f4-4f00-b05d-2da145abfb18" />
      <TestMethod codeBase="/home/runner/work/dotnet-monorepo/dotnet-monorepo/src/artifacts/bin/Utils.Tests/release_linux-x64/Utils.Tests.dll" adapterTypeName="executor://mstestadapter/v2" className="Utils.Tests.StringTests" name="TestSlugify" />
    </UnitTest>
    <UnitTest name="TestIntToPaddedString (1,10,&quot;01&quot;)" storage="/home/runner/work/dotnet-monorepo/dotnet-monorepo/src/artifacts/bin/utils.tests/release_linux-x64/utils.tests.dll" id="9f533fdb-624c-49e5-11ee-0c6ebc524a4f">
      <Execution id="156632eb-9fdf-4ef2-a843-8e69b9db714b" />
      <TestMethod codeBase="/home/runner/work/dotnet-monorepo/dotnet-monorepo/src/artifacts/bin/Utils.Tests/release_linux-x64/Utils.Tests.dll" adapterTypeName="executor://mstestadapter/v2" className="Utils.Tests.ConversionTests" name="TestIntToPaddedString" />
    </UnitTest>
    <UnitTest name="TestIntToPaddedString (-1,99,&quot;-01&quot;)" storage="/home/runner/work/dotnet-monorepo/dotnet-monorepo/src/artifacts/bin/utils.tests/release_linux-x64/utils.tests.dll" id="0596324c-2695-0dfd-9ae1-97b939dc7f6a">
      <Execution id="1c2692f0-1c08-43a1-af25-0b11b343073e" />
      <TestMethod codeBase="/home/runner/work/dotnet-monorepo/dotnet-monorepo/src/artifacts/bin/Utils.Tests/release_linux-x64/Utils.Tests.dll" adapterTypeName="executor://mstestadapter/v2" className="Utils.Tests.ConversionTests" name="TestIntToPaddedString" />
    </UnitTest>
    <UnitTest name="TestSlugify (&quot;Abc-DEF&quot;,&quot;abc-def&quot;)" storage="/home/runner/work/dotnet-monorepo/dotnet-monorepo/src/artifacts/bin/utils.tests/release_linux-x64/utils.tests.dll" id="0a0f921a-26f1-2b7b-6cef-7448fafaff47">
      <Execution id="8ef63f78-dccb-4072-9f96-90d7e85af940" />
      <TestMethod codeBase="/home/runner/work/dotnet-monorepo/dotnet-monorepo/src/artifacts/bin/Utils.Tests/release_linux-x64/Utils.Tests.dll" adapterTypeName="executor://mstestadapter/v2" className="Utils.Tests.StringTests" name="TestSlugify" />
    </UnitTest>
    <UnitTest name="TestIntToPaddedString (1,101,&quot;001&quot;)" storage="/home/runner/work/dotnet-monorepo/dotnet-monorepo/src/artifacts/bin/utils.tests/release_linux-x64/utils.tests.dll" id="5ecc4d90-ae9e-85a7-c3c1-545bad2e9646">
      <Execution id="1250502e-f933-41f7-abe1-4ee716ceaa93" />
      <TestMethod codeBase="/home/runner/work/dotnet-monorepo/dotnet-monorepo/src/artifacts/bin/Utils.Tests/release_linux-x64/Utils.Tests.dll" adapterTypeName="executor://mstestadapter/v2" className="Utils.Tests.ConversionTests" name="TestIntToPaddedString" />
    </UnitTest>
    <UnitTest name="TestSlugify (&quot;a - b&quot;,&quot;a-b&quot;)" storage="/home/runner/work/dotnet-monorepo/dotnet-monorepo/src/artifacts/bin/utils.tests/release_linux-x64/utils.tests.dll" id="b7949501-dd00-e42e-08ec-0b01f240879f">
      <Execution id="1f0333ea-3c6a-4d5e-984e-dcc0cba26b57" />
      <TestMethod codeBase="/home/runner/work/dotnet-monorepo/dotnet-monorepo/src/artifacts/bin/Utils.Tests/release_linux-x64/Utils.Tests.dll" adapterTypeName="executor://mstestadapter/v2" className="Utils.Tests.StringTests" name="TestSlugify" />
    </UnitTest>
    <UnitTest name="TestSlugify (&quot;a!=b&quot;,&quot;ab&quot;)" storage="/home/runner/work/dotnet-monorepo/dotnet-monorepo/src/artifacts/bin/utils.tests/release_linux-x64/utils.tests.dll" id="13ef7854-9f0e-6c15-ce2b-2db8e99b280e">
      <Execution id="baaa57ad-d188-4407-b4f7-0dea7a39957e" />
      <TestMethod codeBase="/home/runner/work/dotnet-monorepo/dotnet-monorepo/src/artifacts/bin/Utils.Tests/release_linux-x64/Utils.Tests.dll" adapterTypeName="executor://mstestadapter/v2" className="Utils.Tests.StringTests" name="TestSlugify" />
    </UnitTest>
    <UnitTest name="TestLongestCommonPrefix (&quot;a&quot;,&quot;a1&quot;,&quot;a2&quot;,&quot;a3&quot;)" storage="/home/runner/work/dotnet-monorepo/dotnet-monorepo/src/artifacts/bin/utils.tests/release_linux-x64/utils.tests.dll" id="8a775d92-5427-1749-f100-e7ffbe21f38a">
      <Execution id="f1bad436-00a6-45f1-9e08-ea28753081b1" />
      <TestMethod codeBase="/home/runner/work/dotnet-monorepo/dotnet-monorepo/src/artifacts/bin/Utils.Tests/release_linux-x64/Utils.Tests.dll" adapterTypeName="executor://mstestadapter/v2" className="Utils.Tests.StringTests" name="TestLongestCommonPrefix" />
    </UnitTest>
    <UnitTest name="TestIntToPaddedString (0,100,&quot;000&quot;)" storage="/home/runner/work/dotnet-monorepo/dotnet-monorepo/src/artifacts/bin/utils.tests/release_linux-x64/utils.tests.dll" id="7c2d3d0c-c860-fb35-079f-8d65ca13e5bd">
      <Execution id="a3f80fa8-551a-4161-a82a-b859ca807ec0" />
      <TestMethod codeBase="/home/runner/work/dotnet-monorepo/dotnet-monorepo/src/artifacts/bin/Utils.Tests/release_linux-x64/Utils.Tests.dll" adapterTypeName="executor://mstestadapter/v2" className="Utils.Tests.ConversionTests" name="TestIntToPaddedString" />
    </UnitTest>
    <UnitTest name="TestLongestCommonPrefix (&quot;&quot;)" storage="/home/runner/work/dotnet-monorepo/dotnet-monorepo/src/artifacts/bin/utils.tests/release_linux-x64/utils.tests.dll" id="4cbec960-b40c-18f8-d17d-e715be412ea1">
      <Execution id="4ed81b14-5527-4bc9-8637-a3dc95521389" />
      <TestMethod codeBase="/home/runner/work/dotnet-monorepo/dotnet-monorepo/src/artifacts/bin/Utils.Tests/release_linux-x64/Utils.Tests.dll" adapterTypeName="executor://mstestadapter/v2" className="Utils.Tests.StringTests" name="TestLongestCommonPrefix" />
    </UnitTest>
    <UnitTest name="TestIntToPaddedString (-1,101,&quot;-001&quot;)" storage="/home/runner/work/dotnet-monorepo/dotnet-monorepo/src/artifacts/bin/utils.tests/release_linux-x64/utils.tests.dll" id="6aa4a69f-2d57-5665-03d0-c37478fc9d10">
      <Execution id="33ee04a3-4bec-4b10-aba5-bd0c2516c0f2" />
      <TestMethod codeBase="/home/runner/work/dotnet-monorepo/dotnet-monorepo/src/artifacts/bin/Utils.Tests/release_linux-x64/Utils.Tests.dll" adapterTypeName="executor://mstestadapter/v2" className="Utils.Tests.ConversionTests" name="TestIntToPaddedString" />
    </UnitTest>
    <UnitTest name="TestIntToPaddedString (1,100,&quot;001&quot;)" storage="/home/runner/work/dotnet-monorepo/dotnet-monorepo/src/artifacts/bin/utils.tests/release_linux-x64/utils.tests.dll" id="c6f72b31-e018-3e2f-e31f-2280a965e3b7">
      <Execution id="690890da-c1b3-41bf-a725-8fd71529f633" />
      <TestMethod codeBase="/home/runner/work/dotnet-monorepo/dotnet-monorepo/src/artifacts/bin/Utils.Tests/release_linux-x64/Utils.Tests.dll" adapterTypeName="executor://mstestadapter/v2" className="Utils.Tests.ConversionTests" name="TestIntToPaddedString" />
    </UnitTest>
    <UnitTest name="TestSlugify (&quot;Ä Ö Ü&quot;,&quot;a-o-u&quot;)" storage="/home/runner/work/dotnet-monorepo/dotnet-monorepo/src/artifacts/bin/utils.tests/release_linux-x64/utils.tests.dll" id="7ed87f6c-038b-3088-c7cc-939417006f1f">
      <Execution id="6110b1e5-34a9-4177-bf84-f34e92dd1262" />
      <TestMethod codeBase="/home/runner/work/dotnet-monorepo/dotnet-monorepo/src/artifacts/bin/Utils.Tests/release_linux-x64/Utils.Tests.dll" adapterTypeName="executor://mstestadapter/v2" className="Utils.Tests.StringTests" name="TestSlugify" />
    </UnitTest>
    <UnitTest name="TestIntToPaddedString (1,9,&quot;1&quot;)" storage="/home/runner/work/dotnet-monorepo/dotnet-monorepo/src/artifacts/bin/utils.tests/release_linux-x64/utils.tests.dll" id="59448ffc-e83e-eaf0-ca86-b666b7b086f9">
      <Execution id="7fa59c27-0112-4a6c-8468-5a0cbac5d33e" />
      <TestMethod codeBase="/home/runner/work/dotnet-monorepo/dotnet-monorepo/src/artifacts/bin/Utils.Tests/release_linux-x64/Utils.Tests.dll" adapterTypeName="executor://mstestadapter/v2" className="Utils.Tests.ConversionTests" name="TestIntToPaddedString" />
    </UnitTest>
    <UnitTest name="TestIntToPaddedString (-1,11,&quot;-01&quot;)" storage="/home/runner/work/dotnet-monorepo/dotnet-monorepo/src/artifacts/bin/utils.tests/release_linux-x64/utils.tests.dll" id="89e9f9e4-a5e1-fcd5-f349-d1d7158fad3c">
      <Execution id="2382f410-42a4-48c6-a7f3-e6fb41e96227" />
      <TestMethod codeBase="/home/runner/work/dotnet-monorepo/dotnet-monorepo/src/artifacts/bin/Utils.Tests/release_linux-x64/Utils.Tests.dll" adapterTypeName="executor://mstestadapter/v2" className="Utils.Tests.ConversionTests" name="TestIntToPaddedString" />
    </UnitTest>
    <UnitTest name="TestLongestCommonPrefix (&quot;&quot;,&quot;&quot;,&quot;abc&quot;)" storage="/home/runner/work/dotnet-monorepo/dotnet-monorepo/src/artifacts/bin/utils.tests/release_linux-x64/utils.tests.dll" id="73775732-2906-be3f-e115-f3854c907656">
      <Execution id="fce2820a-4b2e-4988-a684-431c08d80e52" />
      <TestMethod codeBase="/home/runner/work/dotnet-monorepo/dotnet-monorepo/src/artifacts/bin/Utils.Tests/release_linux-x64/Utils.Tests.dll" adapterTypeName="executor://mstestadapter/v2" className="Utils.Tests.StringTests" name="TestLongestCommonPrefix" />
    </UnitTest>
    <UnitTest name="TestLongestCommonPrefix (&quot;ab&quot;,&quot;ab&quot;,&quot;abc&quot;)" storage="/home/runner/work/dotnet-monorepo/dotnet-monorepo/src/artifacts/bin/utils.tests/release_linux-x64/utils.tests.dll" id="2e09dfd4-af8f-6090-daa3-9b8e5d3178b8">
      <Execution id="873fa7c8-f588-48d4-860b-5b3ea7e9a38d" />
      <TestMethod codeBase="/home/runner/work/dotnet-monorepo/dotnet-monorepo/src/artifacts/bin/Utils.Tests/release_linux-x64/Utils.Tests.dll" adapterTypeName="executor://mstestadapter/v2" className="Utils.Tests.StringTests" name="TestLongestCommonPrefix" />
    </UnitTest>
    <UnitTest name="TestLongestCommonPrefix (&quot;&quot;,&quot;abc&quot;,&quot;&quot;)" storage="/home/runner/work/dotnet-monorepo/dotnet-monorepo/src/artifacts/bin/utils.tests/release_linux-x64/utils.tests.dll" id="4ed356bd-cc22-7262-e29f-62031d221a0c">
      <Execution id="d008360f-c307-4171-ab9f-89d4847e8cde" />
      <TestMethod codeBase="/home/runner/work/dotnet-monorepo/dotnet-monorepo/src/artifacts/bin/Utils.Tests/release_linux-x64/Utils.Tests.dll" adapterTypeName="executor://mstestadapter/v2" className="Utils.Tests.StringTests" name="TestLongestCommonPrefix" />
    </UnitTest>
    <UnitTest name="TestSlugify (&quot;a1 b2 c3&quot;,&quot;a1-b2-c3&quot;)" storage="/home/runner/work/dotnet-monorepo/dotnet-monorepo/src/artifacts/bin/utils.tests/release_linux-x64/utils.tests.dll" id="3111426e-7cf2-fc95-7afe-647cdf87edaf">
      <Execution id="00c30ef3-550b-4ae3-9d40-72aa9ddead20" />
      <TestMethod codeBase="/home/runner/work/dotnet-monorepo/dotnet-monorepo/src/artifacts/bin/Utils.Tests/release_linux-x64/Utils.Tests.dll" adapterTypeName="executor://mstestadapter/v2" className="Utils.Tests.StringTests" name="TestSlugify" />
    </UnitTest>
    <UnitTest name="TestSlugify (&quot;ä ö ü&quot;,&quot;a-o-u&quot;)" storage="/home/runner/work/dotnet-monorepo/dotnet-monorepo/src/artifacts/bin/utils.tests/release_linux-x64/utils.tests.dll" id="f3941f59-5a45-f255-ef3e-3423b48052bc">
      <Execution id="ffbba58d-8fa9-4523-9e9a-99a46965c1ca" />
      <TestMethod codeBase="/home/runner/work/dotnet-monorepo/dotnet-monorepo/src/artifacts/bin/Utils.Tests/release_linux-x64/Utils.Tests.dll" adapterTypeName="executor://mstestadapter/v2" className="Utils.Tests.StringTests" name="TestSlugify" />
    </UnitTest>
    <UnitTest name="TestSlugify (&quot;!- -a- -!&quot;,&quot;a&quot;)" storage="/home/runner/work/dotnet-monorepo/dotnet-monorepo/src/artifacts/bin/utils.tests/release_linux-x64/utils.tests.dll" id="d4883779-b459-c157-8b32-167852cf136a">
      <Execution id="fba65081-60f4-4951-a5ed-1f8f6f80f45f" />
      <TestMethod codeBase="/home/runner/work/dotnet-monorepo/dotnet-monorepo/src/artifacts/bin/Utils.Tests/release_linux-x64/Utils.Tests.dll" adapterTypeName="executor://mstestadapter/v2" className="Utils.Tests.StringTests" name="TestSlugify" />
    </UnitTest>
    <UnitTest name="TestSlugify (&quot;a &#x9;&#xA;b&quot;,&quot;a-b&quot;)" storage="/home/runner/work/dotnet-monorepo/dotnet-monorepo/src/artifacts/bin/utils.tests/release_linux-x64/utils.tests.dll" id="30a7f46c-51eb-0a8e-7b0f-50f68458c4a9">
      <Execution id="64bd95f5-a802-4f96-86dd-e4200e2c13da" />
      <TestMethod codeBase="/home/runner/work/dotnet-monorepo/dotnet-monorepo/src/artifacts/bin/Utils.Tests/release_linux-x64/Utils.Tests.dll" adapterTypeName="executor://mstestadapter/v2" className="Utils.Tests.StringTests" name="TestSlugify" />
    </UnitTest>
    <UnitTest name="TestIntToPaddedString (1,99,&quot;01&quot;)" storage="/home/runner/work/dotnet-monorepo/dotnet-monorepo/src/artifacts/bin/utils.tests/release_linux-x64/utils.tests.dll" id="73c200d4-0179-f23f-e874-5529af9cfb10">
      <Execution id="f754ec1b-d657-4963-bf5d-f929eb26aa14" />
      <TestMethod codeBase="/home/runner/work/dotnet-monorepo/dotnet-monorepo/src/artifacts/bin/Utils.Tests/release_linux-x64/Utils.Tests.dll" adapterTypeName="executor://mstestadapter/v2" className="Utils.Tests.ConversionTests" name="TestIntToPaddedString" />
    </UnitTest>
    <UnitTest name="TestIntToPaddedString (-1,9,&quot;-1&quot;)" storage="/home/runner/work/dotnet-monorepo/dotnet-monorepo/src/artifacts/bin/utils.tests/release_linux-x64/utils.tests.dll" id="05b34ccd-140b-53e1-83ac-3bbcf5f170bb">
      <Execution id="c0ac8825-d999-4b05-8115-25a3f65a408f" />
      <TestMethod codeBase="/home/runner/work/dotnet-monorepo/dotnet-monorepo/src/artifacts/bin/Utils.Tests/release_linux-x64/Utils.Tests.dll" adapterTypeName="executor://mstestadapter/v2" className="Utils.Tests.ConversionTests" name="TestIntToPaddedString" />
    </UnitTest>
    <UnitTest name="TestIntToPaddedString (-1,10,&quot;-01&quot;)" storage="/home/runner/work/dotnet-monorepo/dotnet-monorepo/src/artifacts/bin/utils.tests/release_linux-x64/utils.tests.dll" id="905fa321-00bc-cf78-6872-ee27f66003f2">
      <Execution id="edd1aff1-7e76-4677-8dca-3931e253d036" />
      <TestMethod codeBase="/home/runner/work/dotnet-monorepo/dotnet-monorepo/src/artifacts/bin/Utils.Tests/release_linux-x64/Utils.Tests.dll" adapterTypeName="executor://mstestadapter/v2" className="Utils.Tests.ConversionTests" name="TestIntToPaddedString" />
    </UnitTest>
  </TestDefinitions>
  <TestEntries>
    <TestEntry testId="5ecc4d90-ae9e-85a7-c3c1-545bad2e9646" executionId="1250502e-f933-41f7-abe1-4ee716ceaa93" testListId="8c84fa94-04c1-424b-9868-57a2d4851a1d" />
    <TestEntry testId="73c200d4-0179-f23f-e874-5529af9cfb10" executionId="f754ec1b-d657-4963-bf5d-f929eb26aa14" testListId="8c84fa94-04c1-424b-9868-57a2d4851a1d" />
    <TestEntry testId="d4883779-b459-c157-8b32-167852cf136a" executionId="fba65081-60f4-4951-a5ed-1f8f6f80f45f" testListId="8c84fa94-04c1-424b-9868-57a2d4851a1d" />
    <TestEntry testId="6aa4a69f-2d57-5665-03d0-c37478fc9d10" executionId="33ee04a3-4bec-4b10-aba5-bd0c2516c0f2" testListId="8c84fa94-04c1-424b-9868-57a2d4851a1d" />
    <TestEntry testId="6ebca444-4638-4da3-7776-8faa88983cbd" executionId="14cb7f7b-e6bb-4ad3-8a8d-035d06ef7b11" testListId="8c84fa94-04c1-424b-9868-57a2d4851a1d" />
    <TestEntry testId="b2e71588-0d10-1546-31ef-7b0118d37b0b" executionId="c3b76c68-06f4-4f00-b05d-2da145abfb18" testListId="8c84fa94-04c1-424b-9868-57a2d4851a1d" />
    <TestEntry testId="c6f72b31-e018-3e2f-e31f-2280a965e3b7" executionId="690890da-c1b3-41bf-a725-8fd71529f633" testListId="8c84fa94-04c1-424b-9868-57a2d4851a1d" />
    <TestEntry testId="b7949501-dd00-e42e-08ec-0b01f240879f" executionId="1f0333ea-3c6a-4d5e-984e-dcc0cba26b57" testListId="8c84fa94-04c1-424b-9868-57a2d4851a1d" />
    <TestEntry testId="7c2d3d0c-c860-fb35-079f-8d65ca13e5bd" executionId="a3f80fa8-551a-4161-a82a-b859ca807ec0" testListId="8c84fa94-04c1-424b-9868-57a2d4851a1d" />
    <TestEntry testId="05b34ccd-140b-53e1-83ac-3bbcf5f170bb" executionId="c0ac8825-d999-4b05-8115-25a3f65a408f" testListId="8c84fa94-04c1-424b-9868-57a2d4851a1d" />
    <TestEntry testId="73775732-2906-be3f-e115-f3854c907656" executionId="fce2820a-4b2e-4988-a684-431c08d80e52" testListId="8c84fa94-04c1-424b-9868-57a2d4851a1d" />
    <TestEntry testId="4ed356bd-cc22-7262-e29f-62031d221a0c" executionId="d008360f-c307-4171-ab9f-89d4847e8cde" testListId="8c84fa94-04c1-424b-9868-57a2d4851a1d" />
    <TestEntry testId="59448ffc-e83e-eaf0-ca86-b666b7b086f9" executionId="7fa59c27-0112-4a6c-8468-5a0cbac5d33e" testListId="8c84fa94-04c1-424b-9868-57a2d4851a1d" />
    <TestEntry testId="4cbec960-b40c-18f8-d17d-e715be412ea1" executionId="4ed81b14-5527-4bc9-8637-a3dc95521389" testListId="8c84fa94-04c1-424b-9868-57a2d4851a1d" />
    <TestEntry testId="13ef7854-9f0e-6c15-ce2b-2db8e99b280e" executionId="baaa57ad-d188-4407-b4f7-0dea7a39957e" testListId="8c84fa94-04c1-424b-9868-57a2d4851a1d" />
    <TestEntry testId="87340580-4ff3-84ca-c6f9-646d0df3b112" executionId="5a5a94dc-3b41-4b14-af46-9ee23fea140f" testListId="8c84fa94-04c1-424b-9868-57a2d4851a1d" />
    <TestEntry testId="f3941f59-5a45-f255-ef3e-3423b48052bc" executionId="ffbba58d-8fa9-4523-9e9a-99a46965c1ca" testListId="8c84fa94-04c1-424b-9868-57a2d4851a1d" />
    <TestEntry testId="0a0f921a-26f1-2b7b-6cef-7448fafaff47" executionId="8ef63f78-dccb-4072-9f96-90d7e85af940" testListId="8c84fa94-04c1-424b-9868-57a2d4851a1d" />
    <TestEntry testId="7ed87f6c-038b-3088-c7cc-939417006f1f" executionId="6110b1e5-34a9-4177-bf84-f34e92dd1262" testListId="8c84fa94-04c1-424b-9868-57a2d4851a1d" />
    <TestEntry testId="30a7f46c-51eb-0a8e-7b0f-50f68458c4a9" executionId="64bd95f5-a802-4f96-86dd-e4200e2c13da" testListId="8c84fa94-04c1-424b-9868-57a2d4851a1d" />
    <TestEntry testId="2e09dfd4-af8f-6090-daa3-9b8e5d3178b8" executionId="873fa7c8-f588-48d4-860b-5b3ea7e9a38d" testListId="8c84fa94-04c1-424b-9868-57a2d4851a1d" />
    <TestEntry testId="8a775d92-5427-1749-f100-e7ffbe21f38a" executionId="f1bad436-00a6-45f1-9e08-ea28753081b1" testListId="8c84fa94-04c1-424b-9868-57a2d4851a1d" />
    <TestEntry testId="3111426e-7cf2-fc95-7afe-647cdf87edaf" executionId="00c30ef3-550b-4ae3-9d40-72aa9ddead20" testListId="8c84fa94-04c1-424b-9868-57a2d4851a1d" />
    <TestEntry testId="9f533fdb-624c-49e5-11ee-0c6ebc524a4f" executionId="156632eb-9fdf-4ef2-a843-8e69b9db714b" testListId="8c84fa94-04c1-424b-9868-57a2d4851a1d" />
    <TestEntry testId="905fa321-00bc-cf78-6872-ee27f66003f2" executionId="edd1aff1-7e76-4677-8dca-3931e253d036" testListId="8c84fa94-04c1-424b-9868-57a2d4851a1d" />
    <TestEntry testId="0596324c-2695-0dfd-9ae1-97b939dc7f6a" executionId="1c2692f0-1c08-43a1-af25-0b11b343073e" testListId="8c84fa94-04c1-424b-9868-57a2d4851a1d" />
    <TestEntry testId="89e9f9e4-a5e1-fcd5-f349-d1d7158fad3c" executionId="2382f410-42a4-48c6-a7f3-e6fb41e96227" testListId="8c84fa94-04c1-424b-9868-57a2d4851a1d" />
    <TestEntry testId="f1e653ce-75d7-fb40-bd08-81ae5b14ef1b" executionId="25ef5b55-4ba1-4e5e-8151-a1f1919e0312" testListId="8c84fa94-04c1-424b-9868-57a2d4851a1d" />
    <TestEntry testId="68347d6d-014e-fb96-80e6-9a59909def33" executionId="ba0a857c-bb2f-4f82-85b7-edf564efcb9c" testListId="8c84fa94-04c1-424b-9868-57a2d4851a1d" />
  </TestEntries>
  <TestLists>
    <TestList name="Results Not in a List" id="8c84fa94-04c1-424b-9868-57a2d4851a1d" />
    <TestList name="All Loaded Results" id="19431567-8539-422a-85d7-44ee4e166bda" />
  </TestLists>
  <ResultSummary outcome="Completed">
    <Counters total="29" executed="29" passed="29" failed="0" error="0" timeout="0" aborted="0" inconclusive="0" passedButRunAborted="0" notRunnable="0" notExecuted="0" disconnected="0" warning="0" completed="0" inProgress="0" pending="0" />
  </ResultSummary>
</TestRun>